[ 2017-06-06T05:24:38+08:00 ] 113.108.0.27 /
INFO: [ app_begin ] --START--
INFO: Run Behavior\ReadHtmlCache [ RunTime:0.000790s ]
INFO: [ app_begin ] --END-- [ RunTime:0.001310s ]
INFO: [ app_end ] --START--
INFO: Run Behavior\ShowPageTrace [ RunTime:0.000967s ]
INFO: [ app_end ] --END-- [ RunTime:0.001033s ]

[ 2017-06-06T06:20:22+08:00 ] 60.191.38.77 /
INFO: [ app_begin ] --START--
INFO: Run Behavior\ReadHtmlCache [ RunTime:0.000076s ]
INFO: [ app_begin ] --END-- [ RunTime:0.000206s ]
INFO: [ app_end ] --START--
INFO: Run Behavior\ShowPageTrace [ RunTime:0.000070s ]
INFO: [ app_end ] --END-- [ RunTime:0.000124s ]

[ 2017-06-06T07:01:32+08:00 ] 125.39.207.33 /
INFO: [ app_begin ] --START--
INFO: Run Behavior\ReadHtmlCache [ RunTime:0.000105s ]
INFO: [ app_begin ] --END-- [ RunTime:0.000253s ]
INFO: [ app_end ] --START--
INFO: Run Behavior\ShowPageTrace [ RunTime:0.000083s ]
INFO: [ app_end ] --END-- [ RunTime:0.000145s ]

[ 2017-06-06T08:42:02+08:00 ] 139.162.106.181 /
INFO: [ app_begin ] --START--
INFO: Run Behavior\ReadHtmlCache [ RunTime:0.000065s ]
INFO: [ app_begin ] --END-- [ RunTime:0.000172s ]
INFO: [ app_end ] --START--
INFO: Run Behavior\ShowPageTrace [ RunTime:0.000061s ]
INFO: [ app_end ] --END-- [ RunTime:0.000116s ]

[ 2017-06-06T10:42:13+08:00 ] 40.77.167.102 /
INFO: [ app_begin ] --START--
INFO: Run Behavior\ReadHtmlCache [ RunTime:0.000080s ]
INFO: [ app_begin ] --END-- [ RunTime:0.000197s ]
INFO: [ app_end ] --START--
INFO: Run Behavior\ShowPageTrace [ RunTime:0.000061s ]
INFO: [ app_end ] --END-- [ RunTime:0.000112s ]

[ 2017-06-06T17:26:24+08:00 ] 74.82.47.5 /
INFO: [ app_begin ] --START--
INFO: Run Behavior\ReadHtmlCache [ RunTime:0.000091s ]
INFO: [ app_begin ] --END-- [ RunTime:0.000241s ]
INFO: [ app_end ] --START--
INFO: Run Behavior\ShowPageTrace [ RunTime:0.000101s ]
INFO: [ app_end ] --END-- [ RunTime:0.000160s ]

[ 2017-06-06T21:15:19+08:00 ] 101.37.84.41 /
INFO: [ app_begin ] --START--
INFO: Run Behavior\ReadHtmlCache [ RunTime:0.000106s ]
INFO: [ app_begin ] --END-- [ RunTime:0.000247s ]
INFO: [ app_end ] --START--
INFO: Run Behavior\ShowPageTrace [ RunTime:0.000067s ]
INFO: [ app_end ] --END-- [ RunTime:0.000122s ]

