[ 2017-06-29T01:40:35+08:00 ] 139.162.113.204 /
INFO: [ app_begin ] --START--
INFO: Run Behavior\ReadHtmlCache [ RunTime:0.000088s ]
INFO: [ app_begin ] --END-- [ RunTime:0.000475s ]
INFO: [ app_end ] --START--
INFO: Run Behavior\ShowPageTrace [ RunTime:0.000083s ]
INFO: [ app_end ] --END-- [ RunTime:0.000138s ]

[ 2017-06-29T03:23:21+08:00 ] 180.163.8.254 /
INFO: [ app_begin ] --START--
INFO: Run Behavior\ReadHtmlCache [ RunTime:0.000077s ]
INFO: [ app_begin ] --END-- [ RunTime:0.000179s ]
INFO: [ app_end ] --START--
INFO: Run Behavior\ShowPageTrace [ RunTime:0.000063s ]
INFO: [ app_end ] --END-- [ RunTime:0.000107s ]

[ 2017-06-29T04:52:13+08:00 ] 207.46.13.120 /
INFO: [ app_begin ] --START--
INFO: Run Behavior\ReadHtmlCache [ RunTime:0.000570s ]
INFO: [ app_begin ] --END-- [ RunTime:0.001000s ]
INFO: [ app_end ] --START--
INFO: Run Behavior\ShowPageTrace [ RunTime:0.000726s ]
INFO: [ app_end ] --END-- [ RunTime:0.000771s ]

[ 2017-06-29T05:23:33+08:00 ] 125.39.207.34 /
INFO: [ app_begin ] --START--
INFO: Run Behavior\ReadHtmlCache [ RunTime:0.000090s ]
INFO: [ app_begin ] --END-- [ RunTime:0.000289s ]
INFO: [ app_end ] --START--
INFO: Run Behavior\ShowPageTrace [ RunTime:0.000077s ]
INFO: [ app_end ] --END-- [ RunTime:0.000142s ]

[ 2017-06-29T07:26:17+08:00 ] 125.39.207.33 /
INFO: [ app_begin ] --START--
INFO: Run Behavior\ReadHtmlCache [ RunTime:0.000090s ]
INFO: [ app_begin ] --END-- [ RunTime:0.000330s ]
INFO: [ app_end ] --START--
INFO: Run Behavior\ShowPageTrace [ RunTime:0.000091s ]
INFO: [ app_end ] --END-- [ RunTime:0.000150s ]

[ 2017-06-29T11:45:56+08:00 ] 119.23.154.193 /
INFO: [ app_begin ] --START--
INFO: Run Behavior\ReadHtmlCache [ RunTime:0.000649s ]
INFO: [ app_begin ] --END-- [ RunTime:0.001822s ]
INFO: [ app_end ] --START--
INFO: Run Behavior\ShowPageTrace [ RunTime:0.001094s ]
INFO: [ app_end ] --END-- [ RunTime:0.001567s ]

[ 2017-06-29T17:20:22+08:00 ] 74.82.47.4 /
INFO: [ app_begin ] --START--
INFO: Run Behavior\ReadHtmlCache [ RunTime:0.000101s ]
INFO: [ app_begin ] --END-- [ RunTime:0.000534s ]
INFO: [ app_end ] --START--
INFO: Run Behavior\ShowPageTrace [ RunTime:0.000136s ]
INFO: [ app_end ] --END-- [ RunTime:0.000232s ]

[ 2017-06-29T17:21:39+08:00 ] 207.46.13.75 /
INFO: [ app_begin ] --START--
INFO: Run Behavior\ReadHtmlCache [ RunTime:0.000059s ]
INFO: [ app_begin ] --END-- [ RunTime:0.000161s ]
INFO: [ app_end ] --START--
INFO: Run Behavior\ShowPageTrace [ RunTime:0.000071s ]
INFO: [ app_end ] --END-- [ RunTime:0.000118s ]

[ 2017-06-29T22:05:18+08:00 ] 185.35.63.54 /
INFO: [ app_begin ] --START--
INFO: Run Behavior\ReadHtmlCache [ RunTime:0.000074s ]
INFO: [ app_begin ] --END-- [ RunTime:0.000193s ]
INFO: [ app_end ] --START--
INFO: Run Behavior\ShowPageTrace [ RunTime:0.000064s ]
INFO: [ app_end ] --END-- [ RunTime:0.000113s ]

