[ 2017-05-26T01:16:42+08:00 ] 180.97.35.36 /
INFO: [ app_begin ] --START--
INFO: Run Behavior\ReadHtmlCache [ RunTime:0.000084s ]
INFO: [ app_begin ] --END-- [ RunTime:0.000276s ]
INFO: [ app_end ] --START--
INFO: Run Behavior\ShowPageTrace [ RunTime:0.000073s ]
INFO: [ app_end ] --END-- [ RunTime:0.000125s ]

[ 2017-05-26T01:17:05+08:00 ] 180.97.35.91 /
INFO: [ app_begin ] --START--
INFO: Run Behavior\ReadHtmlCache [ RunTime:0.000076s ]
INFO: [ app_begin ] --END-- [ RunTime:0.000201s ]
INFO: [ app_end ] --START--
INFO: Run Behavior\ShowPageTrace [ RunTime:0.000055s ]
INFO: [ app_end ] --END-- [ RunTime:0.000099s ]

[ 2017-05-26T03:00:09+08:00 ] 207.46.13.119 /
INFO: [ app_begin ] --START--
INFO: Run Behavior\ReadHtmlCache [ RunTime:0.000085s ]
INFO: [ app_begin ] --END-- [ RunTime:0.000208s ]
INFO: [ app_end ] --START--
INFO: Run Behavior\ShowPageTrace [ RunTime:0.000082s ]
INFO: [ app_end ] --END-- [ RunTime:0.000138s ]

[ 2017-05-26T05:51:56+08:00 ] 202.108.211.56 /
INFO: [ app_begin ] --START--
INFO: Run Behavior\ReadHtmlCache [ RunTime:0.000632s ]
INFO: [ app_begin ] --END-- [ RunTime:0.001157s ]
INFO: [ app_end ] --START--
INFO: Run Behavior\ShowPageTrace [ RunTime:0.000782s ]
INFO: [ app_end ] --END-- [ RunTime:0.000842s ]

[ 2017-05-26T07:14:00+08:00 ] 125.39.207.33 /
INFO: [ app_begin ] --START--
INFO: Run Behavior\ReadHtmlCache [ RunTime:0.000120s ]
INFO: [ app_begin ] --END-- [ RunTime:0.000268s ]
INFO: [ app_end ] --START--
INFO: Run Behavior\ShowPageTrace [ RunTime:0.000098s ]
INFO: [ app_end ] --END-- [ RunTime:0.000155s ]

[ 2017-05-26T10:05:16+08:00 ] 196.52.43.55 /
INFO: [ app_begin ] --START--
INFO: Run Behavior\ReadHtmlCache [ RunTime:0.000105s ]
INFO: [ app_begin ] --END-- [ RunTime:0.000542s ]
INFO: [ app_end ] --START--
INFO: Run Behavior\ShowPageTrace [ RunTime:0.000093s ]
INFO: [ app_end ] --END-- [ RunTime:0.000148s ]

[ 2017-05-26T12:56:48+08:00 ] 71.6.202.204 /
INFO: [ app_begin ] --START--
INFO: Run Behavior\ReadHtmlCache [ RunTime:0.000079s ]
INFO: [ app_begin ] --END-- [ RunTime:0.000472s ]
INFO: [ app_end ] --START--
INFO: Run Behavior\ShowPageTrace [ RunTime:0.000835s ]
INFO: [ app_end ] --END-- [ RunTime:0.000897s ]

[ 2017-05-26T15:14:21+08:00 ] 207.46.13.119 /
INFO: [ app_begin ] --START--
INFO: Run Behavior\ReadHtmlCache [ RunTime:0.000070s ]
INFO: [ app_begin ] --END-- [ RunTime:0.000174s ]
INFO: [ app_end ] --START--
INFO: Run Behavior\ShowPageTrace [ RunTime:0.000060s ]
INFO: [ app_end ] --END-- [ RunTime:0.000167s ]

[ 2017-05-26T15:15:37+08:00 ] 106.14.60.20 /
INFO: [ app_begin ] --START--
INFO: Run Behavior\ReadHtmlCache [ RunTime:0.000102s ]
INFO: [ app_begin ] --END-- [ RunTime:0.000638s ]
INFO: [ app_end ] --START--
INFO: Run Behavior\ShowPageTrace [ RunTime:0.000095s ]
INFO: [ app_end ] --END-- [ RunTime:0.000155s ]

[ 2017-05-26T15:29:01+08:00 ] 182.97.87.74 /api/user/login
INFO: [ app_begin ] --START--
INFO: Run Behavior\ReadHtmlCache [ RunTime:0.000072s ]
INFO: [ app_begin ] --END-- [ RunTime:0.000209s ]
SQL: SHOW COLUMNS FROM `xcx_user` [ RunTime:0.000650s ]
SQL: SELECT `id`,`avatarUrl`,`city`,`gender`,`nickName`,`province`,`county`,`phone`,`vehicle`,`name` FROM `xcx_user` WHERE ( id = "o0Jv50H2UUMf7oasVnbtZtBAwZ-U" or openid ="o0Jv50H2UUMf7oasVnbtZtBAwZ-U" ) LIMIT 1   [ RunTime:0.000378s ]
SQL: SELECT `id`,`avatarUrl`,`city`,`gender`,`nickName`,`province`,`county`,`phone`,`vehicle`,`name` FROM `xcx_user` WHERE ( id = "o0Jv50H2UUMf7oasVnbtZtBAwZ-U" or openid ="o0Jv50H2UUMf7oasVnbtZtBAwZ-U" ) LIMIT 1   [ RunTime:0.000256s ]

[ 2017-05-26T15:29:01+08:00 ] 182.97.87.74 /api/info/lists
INFO: [ app_begin ] --START--
INFO: Run Behavior\ReadHtmlCache [ RunTime:0.000080s ]
INFO: [ app_begin ] --END-- [ RunTime:0.000246s ]
SQL: SHOW COLUMNS FROM `xcx_info` [ RunTime:0.000711s ]
SQL: SHOW COLUMNS FROM `xcx_info` [ RunTime:0.000688s ]
SQL: SELECT info.*,user.avatarUrl FROM xcx_info info LEFT JOIN xcx_user user ON user.id = info.uid  WHERE ( info.status = 1 and info.time >= "1495783741" and info.date <= "2017-06-02" and info.departure like "%深圳市%" ) ORDER BY time asc LIMIT 0,20   [ RunTime:0.000483s ]

[ 2017-05-26T15:29:01+08:00 ] 182.97.87.74 /api/info/lists
INFO: [ app_begin ] --START--
INFO: Run Behavior\ReadHtmlCache [ RunTime:0.000082s ]
INFO: [ app_begin ] --END-- [ RunTime:0.000249s ]
SQL: SHOW COLUMNS FROM `xcx_info` [ RunTime:0.000833s ]
SQL: SHOW COLUMNS FROM `xcx_info` [ RunTime:0.000523s ]
SQL: SELECT info.*,user.avatarUrl FROM xcx_info info LEFT JOIN xcx_user user ON user.id = info.uid  WHERE ( info.status = 1 and info.time >= "1495783741" and info.date <= "2017-06-02" and info.departure like "%深圳市%" ) ORDER BY time asc LIMIT 0,20   [ RunTime:0.000090s ]

[ 2017-05-26T15:29:01+08:00 ] 182.97.87.74 /api/dynamic/getlist
INFO: [ app_begin ] --START--
INFO: Run Behavior\ReadHtmlCache [ RunTime:0.000062s ]
INFO: [ app_begin ] --END-- [ RunTime:0.001442s ]
SQL: SHOW COLUMNS FROM `xcx_dynamic` [ RunTime:0.000590s ]
SQL: SHOW COLUMNS FROM `xcx_dynamic` [ RunTime:0.000415s ]
SQL: SELECT dynamic.*,user.avatarUrl,user.nickName FROM xcx_dynamic dynamic LEFT JOIN xcx_user user ON user.id = dynamic.uid  WHERE ( 1=1 ) ORDER BY dynamic.time desc LIMIT 0,20   [ RunTime:0.000062s ]
SQL: SHOW COLUMNS FROM `xcx_comment` [ RunTime:0.000310s ]
SQL: SHOW COLUMNS FROM `xcx_comment` [ RunTime:0.000686s ]
SQL: SELECT comment.id,comment.iid,comment.reply,comment.content,user.nickName FROM xcx_comment comment LEFT JOIN xcx_user user ON user.id = comment.uid  WHERE ( iid in (7,6,5,3,4,2,1) and type = "dynamic" ) ORDER BY comment.time desc  [ RunTime:0.000062s ]
NOTIC: [8] Undefined offset: 6 /data/wwwroot/xcx.codems.cn/Apps/Api/Controller/DynamicController.class.php 第 71 行.
NOTIC: [8] Undefined offset: 5 /data/wwwroot/xcx.codems.cn/Apps/Api/Controller/DynamicController.class.php 第 71 行.
NOTIC: [2] json_encode(): Invalid UTF-8 sequence in argument /data/wwwroot/xcx.codems.cn/Apps/Api/Controller/DynamicController.class.php 第 76 行.

[ 2017-05-26T15:29:03+08:00 ] 182.97.87.74 /api/msg/getall
INFO: [ app_begin ] --START--
INFO: Run Behavior\ReadHtmlCache [ RunTime:0.000056s ]
INFO: [ app_begin ] --END-- [ RunTime:0.000170s ]
NOTIC: [2048] Declaration of Api\Controller\MsgController::get() should be compatible with Think\Controller::get($name = '') /data/wwwroot/xcx.codems.cn/Apps/Api/Controller/MsgController.class.php 第 0 行.
SQL: SHOW COLUMNS FROM `xcx_user` [ RunTime:0.000499s ]
SQL: SELECT `id`,`avatarUrl`,`city`,`gender`,`nickName`,`province`,`county`,`phone`,`vehicle`,`name` FROM `xcx_user` WHERE ( id = "o0Jv50H2UUMf7oasVnbtZtBAwZ-U" or openid ="o0Jv50H2UUMf7oasVnbtZtBAwZ-U" ) LIMIT 1   [ RunTime:0.000286s ]
SQL: SHOW COLUMNS FROM `xcx_msg` [ RunTime:0.000451s ]
SQL: SELECT `type`,count(*) as count FROM `xcx_msg` WHERE ( `uid` = 10001 ) AND ( `see` = 0 ) GROUP BY type  [ RunTime:0.000271s ]

[ 2017-05-26T15:29:05+08:00 ] 182.97.87.74 /api/info/mycount
INFO: [ app_begin ] --START--
INFO: Run Behavior\ReadHtmlCache [ RunTime:0.000109s ]
INFO: [ app_begin ] --END-- [ RunTime:0.000238s ]
SQL: SHOW COLUMNS FROM `xcx_user` [ RunTime:0.000541s ]
SQL: SELECT `id`,`avatarUrl`,`city`,`gender`,`nickName`,`province`,`county`,`phone`,`vehicle`,`name` FROM `xcx_user` WHERE ( id = "o0Jv50H2UUMf7oasVnbtZtBAwZ-U" or openid ="o0Jv50H2UUMf7oasVnbtZtBAwZ-U" ) LIMIT 1   [ RunTime:0.000332s ]
SQL: SHOW COLUMNS FROM `xcx_info` [ RunTime:0.000404s ]
SQL: SELECT COUNT(*) AS tp_count FROM `xcx_info` WHERE ( `uid` = 10001 ) LIMIT 1   [ RunTime:0.000225s ]

[ 2017-05-26T15:29:05+08:00 ] 182.97.87.74 /api/appointment/mycount
INFO: [ app_begin ] --START--
INFO: Run Behavior\ReadHtmlCache [ RunTime:0.000070s ]
INFO: [ app_begin ] --END-- [ RunTime:0.000206s ]
SQL: SHOW COLUMNS FROM `xcx_user` [ RunTime:0.000522s ]
SQL: SELECT `id`,`avatarUrl`,`city`,`gender`,`nickName`,`province`,`county`,`phone`,`vehicle`,`name` FROM `xcx_user` WHERE ( id = "o0Jv50H2UUMf7oasVnbtZtBAwZ-U" or openid ="o0Jv50H2UUMf7oasVnbtZtBAwZ-U" ) LIMIT 1   [ RunTime:0.000306s ]
SQL: SHOW COLUMNS FROM `xcx_info` [ RunTime:0.000496s ]
SQL: SHOW COLUMNS FROM `xcx_info` [ RunTime:0.000522s ]
SQL: SELECT COUNT(*) AS tp_count FROM xcx_info info RIGHT JOIN xcx_appointment appointment on info.id=appointment.iid  WHERE ( info.uid = "10001" and appointment.status = 0 ) LIMIT 1   [ RunTime:0.000311s ]

[ 2017-05-26T17:26:23+08:00 ] 139.162.78.135 /
INFO: [ app_begin ] --START--
INFO: Run Behavior\ReadHtmlCache [ RunTime:0.000061s ]
INFO: [ app_begin ] --END-- [ RunTime:0.000189s ]
INFO: [ app_end ] --START--
INFO: Run Behavior\ShowPageTrace [ RunTime:0.000053s ]
INFO: [ app_end ] --END-- [ RunTime:0.000094s ]

