[ 2017-07-08T00:22:06+08:00 ] 168.1.128.37 /
INFO: [ app_begin ] --START--
INFO: Run Behavior\ReadHtmlCache [ RunTime:0.000062s ]
INFO: [ app_begin ] --END-- [ RunTime:0.000173s ]
INFO: [ app_end ] --START--
INFO: Run Behavior\ShowPageTrace [ RunTime:0.000077s ]
INFO: [ app_end ] --END-- [ RunTime:0.000152s ]

[ 2017-07-08T04:11:19+08:00 ] 114.215.71.23 /
INFO: [ app_begin ] --START--
INFO: Run Behavior\ReadHtmlCache [ RunTime:0.000559s ]
INFO: [ app_begin ] --END-- [ RunTime:0.001063s ]
INFO: [ app_end ] --START--
INFO: Run Behavior\ShowPageTrace [ RunTime:0.000585s ]
INFO: [ app_end ] --END-- [ RunTime:0.000632s ]

[ 2017-07-08T08:05:52+08:00 ] 182.48.105.210 /?id=1'+union+select+user+from+mysql.user+where+user='<script></script>
INFO: [ app_begin ] --START--
INFO: Run Behavior\ReadHtmlCache [ RunTime:0.012363s ]
INFO: [ app_begin ] --END-- [ RunTime:0.012514s ]
INFO: [ app_end ] --START--
INFO: Run Behavior\ShowPageTrace [ RunTime:0.001685s ]
INFO: [ app_end ] --END-- [ RunTime:0.001877s ]

[ 2017-07-08T12:46:08+08:00 ] 157.55.39.170 /
INFO: [ app_begin ] --START--
INFO: Run Behavior\ReadHtmlCache [ RunTime:0.000085s ]
INFO: [ app_begin ] --END-- [ RunTime:0.000234s ]
INFO: [ app_end ] --START--
INFO: Run Behavior\ShowPageTrace [ RunTime:0.000082s ]
INFO: [ app_end ] --END-- [ RunTime:0.000137s ]

[ 2017-07-08T13:08:33+08:00 ] 60.191.38.77 /
INFO: [ app_begin ] --START--
INFO: Run Behavior\ReadHtmlCache [ RunTime:0.000056s ]
INFO: [ app_begin ] --END-- [ RunTime:0.000171s ]
INFO: [ app_end ] --START--
INFO: Run Behavior\ShowPageTrace [ RunTime:0.000063s ]
INFO: [ app_end ] --END-- [ RunTime:0.000108s ]

[ 2017-07-08T13:22:00+08:00 ] 139.162.113.204 /
INFO: [ app_begin ] --START--
INFO: Run Behavior\ReadHtmlCache [ RunTime:0.000071s ]
INFO: [ app_begin ] --END-- [ RunTime:0.000199s ]
INFO: [ app_end ] --START--
INFO: Run Behavior\ShowPageTrace [ RunTime:0.000086s ]
INFO: [ app_end ] --END-- [ RunTime:0.000126s ]

[ 2017-07-08T13:50:04+08:00 ] 45.55.248.39 /
INFO: [ app_begin ] --START--
INFO: Run Behavior\ReadHtmlCache [ RunTime:0.000095s ]
INFO: [ app_begin ] --END-- [ RunTime:0.000230s ]
INFO: [ app_end ] --START--
INFO: Run Behavior\ShowPageTrace [ RunTime:0.000056s ]
INFO: [ app_end ] --END-- [ RunTime:0.000114s ]

[ 2017-07-08T16:02:41+08:00 ] 216.218.206.68 /
INFO: [ app_begin ] --START--
INFO: Run Behavior\ReadHtmlCache [ RunTime:0.000091s ]
INFO: [ app_begin ] --END-- [ RunTime:0.000266s ]
INFO: [ app_end ] --START--
INFO: Run Behavior\ShowPageTrace [ RunTime:0.000090s ]
INFO: [ app_end ] --END-- [ RunTime:0.000157s ]

[ 2017-07-08T20:17:59+08:00 ] 47.88.76.4 /
INFO: [ app_begin ] --START--
INFO: Run Behavior\ReadHtmlCache [ RunTime:0.000065s ]
INFO: [ app_begin ] --END-- [ RunTime:0.000158s ]
INFO: [ app_end ] --START--
INFO: Run Behavior\ShowPageTrace [ RunTime:0.000074s ]
INFO: [ app_end ] --END-- [ RunTime:0.000122s ]

[ 2017-07-08T23:23:07+08:00 ] 180.163.8.254 /
INFO: [ app_begin ] --START--
INFO: Run Behavior\ReadHtmlCache [ RunTime:0.000084s ]
INFO: [ app_begin ] --END-- [ RunTime:0.000451s ]
INFO: [ app_end ] --START--
INFO: Run Behavior\ShowPageTrace [ RunTime:0.000074s ]
INFO: [ app_end ] --END-- [ RunTime:0.000197s ]

