[ 2017-08-22T17:21:48+08:00 ] 60.217.213.52 /api/appointment/mycount
INFO: [ app_begin ] --START--
INFO: Run Behavior\ReadHtmlCache [ RunTime:0.001124s ]
INFO: [ app_begin ] --END-- [ RunTime:0.001390s ]
SQL: SHOW COLUMNS FROM `xcx_user` [ RunTime:0.001731s ]

[ 2017-08-22T17:21:48+08:00 ] 60.217.213.52 /api/info/mycount
INFO: [ app_begin ] --START--
INFO: Run Behavior\ReadHtmlCache [ RunTime:0.000299s ]
INFO: [ app_begin ] --END-- [ RunTime:0.000942s ]
SQL: SHOW COLUMNS FROM `xcx_user` [ RunTime:0.001423s ]

[ 2017-08-22T17:24:03+08:00 ] 60.217.213.52 /api/dynamic/getlist
INFO: [ app_begin ] --START--
INFO: Run Behavior\ReadHtmlCache [ RunTime:0.000400s ]
INFO: [ app_begin ] --END-- [ RunTime:0.000733s ]
SQL: SHOW COLUMNS FROM `xcx_dynamic` [ RunTime:0.001042s ]
SQL: SHOW COLUMNS FROM `xcx_dynamic` [ RunTime:0.000302s ]
SQL: SELECT dynamic.*,user.avatarUrl,user.nickName FROM xcx_dynamic dynamic LEFT JOIN xcx_user user ON user.id = dynamic.uid  WHERE ( 1=1 ) ORDER BY dynamic.time desc LIMIT 0,20   [ RunTime:0.004864s ]
SQL: SHOW COLUMNS FROM `xcx_comment` [ RunTime:0.000350s ]
SQL: SHOW COLUMNS FROM `xcx_comment` [ RunTime:0.000298s ]
SQL: SELECT comment.id,comment.iid,comment.reply,comment.content,user.nickName FROM xcx_comment comment LEFT JOIN xcx_user user ON user.id = comment.uid  WHERE ( iid in (12,10,9,7,6,3,4,2) and type = "dynamic" ) ORDER BY comment.time desc  [ RunTime:0.001481s ]
NOTIC: [8] Undefined offset: 6 /data/wwwroot/xcx.codems.cn/Apps/Api/Controller/DynamicController.class.php 第 71 行.
NOTIC: [2] json_encode(): Invalid UTF-8 sequence in argument /data/wwwroot/xcx.codems.cn/Apps/Api/Controller/DynamicController.class.php 第 76 行.

[ 2017-08-22T17:24:03+08:00 ] 60.217.213.52 /api/info/mycount
INFO: [ app_begin ] --START--
INFO: Run Behavior\ReadHtmlCache [ RunTime:0.000283s ]
INFO: [ app_begin ] --END-- [ RunTime:0.000537s ]
SQL: SHOW COLUMNS FROM `xcx_user` [ RunTime:0.000475s ]

[ 2017-08-22T17:24:03+08:00 ] 60.217.213.52 /api/appointment/mycount
INFO: [ app_begin ] --START--
INFO: Run Behavior\ReadHtmlCache [ RunTime:0.001568s ]
INFO: [ app_begin ] --END-- [ RunTime:0.001810s ]
SQL: SHOW COLUMNS FROM `xcx_user` [ RunTime:0.000460s ]

[ 2017-08-22T17:24:05+08:00 ] 60.217.213.52 /api/msg/getall
INFO: [ app_begin ] --START--
INFO: Run Behavior\ReadHtmlCache [ RunTime:0.000288s ]
INFO: [ app_begin ] --END-- [ RunTime:0.000546s ]
NOTIC: [2048] Declaration of Api\Controller\MsgController::get() should be compatible with Think\Controller::get($name = '') /data/wwwroot/xcx.codems.cn/Apps/Api/Controller/MsgController.class.php 第 38 行.
SQL: SHOW COLUMNS FROM `xcx_user` [ RunTime:0.000490s ]

[ 2017-08-22T17:24:05+08:00 ] 60.217.213.52 /api/dynamic/getlist
INFO: [ app_begin ] --START--
INFO: Run Behavior\ReadHtmlCache [ RunTime:0.001357s ]
INFO: [ app_begin ] --END-- [ RunTime:0.001629s ]
SQL: SHOW COLUMNS FROM `xcx_dynamic` [ RunTime:0.000629s ]
SQL: SHOW COLUMNS FROM `xcx_dynamic` [ RunTime:0.000428s ]
SQL: SELECT dynamic.*,user.avatarUrl,user.nickName FROM xcx_dynamic dynamic LEFT JOIN xcx_user user ON user.id = dynamic.uid  WHERE ( 1=1 ) ORDER BY dynamic.time desc LIMIT 0,20   [ RunTime:0.000661s ]
SQL: SHOW COLUMNS FROM `xcx_comment` [ RunTime:0.000508s ]
SQL: SHOW COLUMNS FROM `xcx_comment` [ RunTime:0.000791s ]
SQL: SELECT comment.id,comment.iid,comment.reply,comment.content,user.nickName FROM xcx_comment comment LEFT JOIN xcx_user user ON user.id = comment.uid  WHERE ( iid in (12,10,9,7,6,3,4,2) and type = "dynamic" ) ORDER BY comment.time desc  [ RunTime:0.000788s ]
NOTIC: [8] Undefined offset: 6 /data/wwwroot/xcx.codems.cn/Apps/Api/Controller/DynamicController.class.php 第 71 行.
NOTIC: [2] json_encode(): Invalid UTF-8 sequence in argument /data/wwwroot/xcx.codems.cn/Apps/Api/Controller/DynamicController.class.php 第 76 行.

[ 2017-08-22T17:37:46+08:00 ] 60.217.213.52 /api/dynamic/getlist
INFO: [ app_begin ] --START--
INFO: Run Behavior\ReadHtmlCache [ RunTime:0.000829s ]
INFO: [ app_begin ] --END-- [ RunTime:0.001317s ]
SQL: SHOW COLUMNS FROM `xcx_dynamic` [ RunTime:0.000654s ]
SQL: SHOW COLUMNS FROM `xcx_dynamic` [ RunTime:0.000318s ]
SQL: SELECT dynamic.*,user.avatarUrl,user.nickName FROM xcx_dynamic dynamic LEFT JOIN xcx_user user ON user.id = dynamic.uid  WHERE ( 1=1 ) ORDER BY dynamic.time desc LIMIT 0,20   [ RunTime:0.000854s ]
SQL: SHOW COLUMNS FROM `xcx_comment` [ RunTime:0.000333s ]
SQL: SHOW COLUMNS FROM `xcx_comment` [ RunTime:0.000299s ]
SQL: SELECT comment.id,comment.iid,comment.reply,comment.content,user.nickName FROM xcx_comment comment LEFT JOIN xcx_user user ON user.id = comment.uid  WHERE ( iid in (12,10,9,7,6,3,4,2) and type = "dynamic" ) ORDER BY comment.time desc  [ RunTime:0.000314s ]
NOTIC: [8] Undefined offset: 6 /data/wwwroot/xcx.codems.cn/Apps/Api/Controller/DynamicController.class.php 第 71 行.
NOTIC: [2] json_encode(): Invalid UTF-8 sequence in argument /data/wwwroot/xcx.codems.cn/Apps/Api/Controller/DynamicController.class.php 第 76 行.

[ 2017-08-22T17:37:47+08:00 ] 60.217.213.52 /api/msg/getall
INFO: [ app_begin ] --START--
INFO: Run Behavior\ReadHtmlCache [ RunTime:0.000344s ]
INFO: [ app_begin ] --END-- [ RunTime:0.000610s ]
NOTIC: [2048] Declaration of Api\Controller\MsgController::get() should be compatible with Think\Controller::get($name = '') /data/wwwroot/xcx.codems.cn/Apps/Api/Controller/MsgController.class.php 第 38 行.
SQL: SHOW COLUMNS FROM `xcx_user` [ RunTime:0.000487s ]

[ 2017-08-22T17:37:47+08:00 ] 60.217.213.52 /api/info/mycount
INFO: [ app_begin ] --START--
INFO: Run Behavior\ReadHtmlCache [ RunTime:0.000644s ]
INFO: [ app_begin ] --END-- [ RunTime:0.001011s ]
SQL: SHOW COLUMNS FROM `xcx_user` [ RunTime:0.000641s ]

[ 2017-08-22T17:37:47+08:00 ] 60.217.213.52 /api/appointment/mycount
INFO: [ app_begin ] --START--
INFO: Run Behavior\ReadHtmlCache [ RunTime:0.000429s ]
INFO: [ app_begin ] --END-- [ RunTime:0.000766s ]
SQL: SHOW COLUMNS FROM `xcx_user` [ RunTime:0.000675s ]

[ 2017-08-22T17:37:49+08:00 ] 60.217.213.52 /api/info/lists
INFO: [ app_begin ] --START--
INFO: Run Behavior\ReadHtmlCache [ RunTime:0.000283s ]
INFO: [ app_begin ] --END-- [ RunTime:0.000530s ]
SQL: SHOW COLUMNS FROM `xcx_info` [ RunTime:0.000884s ]
SQL: SHOW COLUMNS FROM `xcx_info` [ RunTime:0.000401s ]
SQL: SELECT info.*,user.avatarUrl FROM xcx_info info LEFT JOIN xcx_user user ON user.id = info.uid  WHERE ( info.status = 1 and info.time >= "1503394669" and info.date <= "2017-08-29" and info.departure like "%济南市%" ) ORDER BY time asc LIMIT 0,20   [ RunTime:0.001329s ]

[ 2017-08-22T18:15:36+08:00 ] 120.41.4.227 /api/user/login
INFO: [ app_begin ] --START--
INFO: Run Behavior\ReadHtmlCache [ RunTime:0.000438s ]
INFO: [ app_begin ] --END-- [ RunTime:0.000811s ]
NOTIC: [2] file_get_contents(https://api.weixin.qq.com/sns/jscode2session?appid=wx0aa456241abc9e8e&amp;secret=58ec56f0d3f37e4dcee7a75220bc6766&amp;js_code=the code is a mock one&amp;grant_type=authorization_code): failed to open stream: HTTP request failed! code 200 OK
 /data/wwwroot/xcx.codems.cn/Apps/Api/Controller/UserController.class.php 第 60 行.
SQL: SHOW COLUMNS FROM `xcx_user` [ RunTime:0.003885s ]
SQL: SELECT `id`,`avatarUrl`,`city`,`gender`,`nickName`,`province`,`county`,`phone`,`vehicle`,`name` FROM `xcx_user` WHERE ( id = "" or openid ="" ) LIMIT 1   [ RunTime:0.000385s ]
NOTIC: [8] Undefined index: encryptedData /data/wwwroot/xcx.codems.cn/Apps/Api/Controller/UserController.class.php 第 14 行.
NOTIC: [8] Undefined index: iv /data/wwwroot/xcx.codems.cn/Apps/Api/Controller/UserController.class.php 第 14 行.
SQL: SELECT `id`,`avatarUrl`,`city`,`gender`,`nickName`,`province`,`county`,`phone`,`vehicle`,`name` FROM `xcx_user` WHERE ( id = "" or openid ="" ) LIMIT 1   [ RunTime:0.000057s ]
NOTIC: [2] unlink(/data/wwwroot/xcx.codems.cn/cache/Temp/4c96d562c72fdd49db3bf9d8a14ccd58.php): No such file or directory /data/wwwroot/xcx.codems.cn/include/ThinkPHP/Library/Think/Cache/Driver/File.class.php 第 157 行.

[ 2017-08-22T18:15:37+08:00 ] 120.41.4.227 /api/info/lists
INFO: [ app_begin ] --START--
INFO: Run Behavior\ReadHtmlCache [ RunTime:0.000292s ]
INFO: [ app_begin ] --END-- [ RunTime:0.000549s ]
SQL: SHOW COLUMNS FROM `xcx_info` [ RunTime:0.000862s ]
SQL: SHOW COLUMNS FROM `xcx_info` [ RunTime:0.000350s ]
SQL: SELECT info.*,user.avatarUrl FROM xcx_info info LEFT JOIN xcx_user user ON user.id = info.uid  WHERE ( info.status = 1 and info.time >= "1503396937" and info.date <= "2017-08-29" and info.departure like "%福州市%" ) ORDER BY time asc LIMIT 0,20   [ RunTime:0.002132s ]

[ 2017-08-22T18:15:40+08:00 ] 120.41.4.227 /api/info/lists
INFO: [ app_begin ] --START--
INFO: Run Behavior\ReadHtmlCache [ RunTime:0.000312s ]
INFO: [ app_begin ] --END-- [ RunTime:0.000611s ]
SQL: SHOW COLUMNS FROM `xcx_info` [ RunTime:0.000532s ]
SQL: SHOW COLUMNS FROM `xcx_info` [ RunTime:0.000368s ]
SQL: SELECT info.*,user.avatarUrl FROM xcx_info info LEFT JOIN xcx_user user ON user.id = info.uid  WHERE ( info.status = 1 and info.time >= "1503396940" and info.date <= "2017-08-29" and info.departure like "%福州市%" ) ORDER BY time asc LIMIT 0,20   [ RunTime:0.000345s ]

[ 2017-08-22T18:15:41+08:00 ] 120.41.4.227 /api/info/mycount
INFO: [ app_begin ] --START--
INFO: Run Behavior\ReadHtmlCache [ RunTime:0.000323s ]
INFO: [ app_begin ] --END-- [ RunTime:0.000570s ]
SQL: SHOW COLUMNS FROM `xcx_user` [ RunTime:0.000507s ]

[ 2017-08-22T18:15:41+08:00 ] 120.41.4.227 /api/appointment/mycount
INFO: [ app_begin ] --START--
INFO: Run Behavior\ReadHtmlCache [ RunTime:0.000313s ]
INFO: [ app_begin ] --END-- [ RunTime:0.000633s ]
SQL: SHOW COLUMNS FROM `xcx_user` [ RunTime:0.000491s ]

[ 2017-08-22T18:15:49+08:00 ] 120.41.4.227 /api/dynamic/getlist
INFO: [ app_begin ] --START--
INFO: Run Behavior\ReadHtmlCache [ RunTime:0.000326s ]
INFO: [ app_begin ] --END-- [ RunTime:0.000582s ]
SQL: SHOW COLUMNS FROM `xcx_dynamic` [ RunTime:0.000449s ]
SQL: SHOW COLUMNS FROM `xcx_dynamic` [ RunTime:0.000284s ]
SQL: SELECT dynamic.*,user.avatarUrl,user.nickName FROM xcx_dynamic dynamic LEFT JOIN xcx_user user ON user.id = dynamic.uid  WHERE ( 1=1 ) ORDER BY dynamic.time desc LIMIT 0,20   [ RunTime:0.002031s ]
SQL: SHOW COLUMNS FROM `xcx_comment` [ RunTime:0.000320s ]
SQL: SHOW COLUMNS FROM `xcx_comment` [ RunTime:0.000341s ]
SQL: SELECT comment.id,comment.iid,comment.reply,comment.content,user.nickName FROM xcx_comment comment LEFT JOIN xcx_user user ON user.id = comment.uid  WHERE ( iid in (12,10,9,7,6,3,4,2) and type = "dynamic" ) ORDER BY comment.time desc  [ RunTime:0.000293s ]
NOTIC: [8] Undefined offset: 6 /data/wwwroot/xcx.codems.cn/Apps/Api/Controller/DynamicController.class.php 第 71 行.
NOTIC: [2] json_encode(): Invalid UTF-8 sequence in argument /data/wwwroot/xcx.codems.cn/Apps/Api/Controller/DynamicController.class.php 第 76 行.

[ 2017-08-22T18:15:50+08:00 ] 120.41.4.227 /api/msg/getall
INFO: [ app_begin ] --START--
INFO: Run Behavior\ReadHtmlCache [ RunTime:0.000278s ]
INFO: [ app_begin ] --END-- [ RunTime:0.000515s ]
NOTIC: [2048] Declaration of Api\Controller\MsgController::get() should be compatible with Think\Controller::get($name = '') /data/wwwroot/xcx.codems.cn/Apps/Api/Controller/MsgController.class.php 第 38 行.
SQL: SHOW COLUMNS FROM `xcx_user` [ RunTime:0.000482s ]

[ 2017-08-22T18:15:54+08:00 ] 120.41.4.227 /api/info/mycount
INFO: [ app_begin ] --START--
INFO: Run Behavior\ReadHtmlCache [ RunTime:0.000307s ]
INFO: [ app_begin ] --END-- [ RunTime:0.000536s ]
SQL: SHOW COLUMNS FROM `xcx_user` [ RunTime:0.000452s ]

[ 2017-08-22T18:15:54+08:00 ] 120.41.4.227 /api/appointment/mycount
INFO: [ app_begin ] --START--
INFO: Run Behavior\ReadHtmlCache [ RunTime:0.000443s ]
INFO: [ app_begin ] --END-- [ RunTime:0.000816s ]
SQL: SHOW COLUMNS FROM `xcx_user` [ RunTime:0.000450s ]

[ 2017-08-22T18:15:56+08:00 ] 120.41.4.227 /api/msg/getall
INFO: [ app_begin ] --START--
INFO: Run Behavior\ReadHtmlCache [ RunTime:0.000289s ]
INFO: [ app_begin ] --END-- [ RunTime:0.000557s ]
NOTIC: [2048] Declaration of Api\Controller\MsgController::get() should be compatible with Think\Controller::get($name = '') /data/wwwroot/xcx.codems.cn/Apps/Api/Controller/MsgController.class.php 第 38 行.
SQL: SHOW COLUMNS FROM `xcx_user` [ RunTime:0.000527s ]

[ 2017-08-22T18:15:57+08:00 ] 120.41.4.227 /api/dynamic/getlist
INFO: [ app_begin ] --START--
INFO: Run Behavior\ReadHtmlCache [ RunTime:0.000300s ]
INFO: [ app_begin ] --END-- [ RunTime:0.000545s ]
SQL: SHOW COLUMNS FROM `xcx_dynamic` [ RunTime:0.000458s ]
SQL: SHOW COLUMNS FROM `xcx_dynamic` [ RunTime:0.000377s ]
SQL: SELECT dynamic.*,user.avatarUrl,user.nickName FROM xcx_dynamic dynamic LEFT JOIN xcx_user user ON user.id = dynamic.uid  WHERE ( 1=1 ) ORDER BY dynamic.time desc LIMIT 0,20   [ RunTime:0.000059s ]
SQL: SHOW COLUMNS FROM `xcx_comment` [ RunTime:0.000312s ]
SQL: SHOW COLUMNS FROM `xcx_comment` [ RunTime:0.000284s ]
SQL: SELECT comment.id,comment.iid,comment.reply,comment.content,user.nickName FROM xcx_comment comment LEFT JOIN xcx_user user ON user.id = comment.uid  WHERE ( iid in (12,10,9,7,6,3,4,2) and type = "dynamic" ) ORDER BY comment.time desc  [ RunTime:0.000049s ]
NOTIC: [8] Undefined offset: 6 /data/wwwroot/xcx.codems.cn/Apps/Api/Controller/DynamicController.class.php 第 71 行.
NOTIC: [2] json_encode(): Invalid UTF-8 sequence in argument /data/wwwroot/xcx.codems.cn/Apps/Api/Controller/DynamicController.class.php 第 76 行.

[ 2017-08-22T18:16:56+08:00 ] 120.41.4.227 /api/msg/getall
INFO: [ app_begin ] --START--
INFO: Run Behavior\ReadHtmlCache [ RunTime:0.000417s ]
INFO: [ app_begin ] --END-- [ RunTime:0.000765s ]
NOTIC: [2048] Declaration of Api\Controller\MsgController::get() should be compatible with Think\Controller::get($name = '') /data/wwwroot/xcx.codems.cn/Apps/Api/Controller/MsgController.class.php 第 38 行.
SQL: SHOW COLUMNS FROM `xcx_user` [ RunTime:0.001170s ]

[ 2017-08-22T18:17:00+08:00 ] 120.41.4.227 /api/dynamic/getlist
INFO: [ app_begin ] --START--
INFO: Run Behavior\ReadHtmlCache [ RunTime:0.000315s ]
INFO: [ app_begin ] --END-- [ RunTime:0.000591s ]
SQL: SHOW COLUMNS FROM `xcx_dynamic` [ RunTime:0.000454s ]
SQL: SHOW COLUMNS FROM `xcx_dynamic` [ RunTime:0.000292s ]
SQL: SELECT dynamic.*,user.avatarUrl,user.nickName FROM xcx_dynamic dynamic LEFT JOIN xcx_user user ON user.id = dynamic.uid  WHERE ( 1=1 ) ORDER BY dynamic.time desc LIMIT 0,20   [ RunTime:0.000650s ]
SQL: SHOW COLUMNS FROM `xcx_comment` [ RunTime:0.000329s ]
SQL: SHOW COLUMNS FROM `xcx_comment` [ RunTime:0.000297s ]
SQL: SELECT comment.id,comment.iid,comment.reply,comment.content,user.nickName FROM xcx_comment comment LEFT JOIN xcx_user user ON user.id = comment.uid  WHERE ( iid in (12,10,9,7,6,3,4,2) and type = "dynamic" ) ORDER BY comment.time desc  [ RunTime:0.000330s ]
NOTIC: [8] Undefined offset: 6 /data/wwwroot/xcx.codems.cn/Apps/Api/Controller/DynamicController.class.php 第 71 行.
NOTIC: [2] json_encode(): Invalid UTF-8 sequence in argument /data/wwwroot/xcx.codems.cn/Apps/Api/Controller/DynamicController.class.php 第 76 行.

[ 2017-08-22T18:17:01+08:00 ] 120.41.4.227 /api/msg/getall
INFO: [ app_begin ] --START--
INFO: Run Behavior\ReadHtmlCache [ RunTime:0.000291s ]
INFO: [ app_begin ] --END-- [ RunTime:0.000546s ]
NOTIC: [2048] Declaration of Api\Controller\MsgController::get() should be compatible with Think\Controller::get($name = '') /data/wwwroot/xcx.codems.cn/Apps/Api/Controller/MsgController.class.php 第 38 行.
SQL: SHOW COLUMNS FROM `xcx_user` [ RunTime:0.000467s ]

[ 2017-08-22T18:19:29+08:00 ] 120.41.4.227 /api/dynamic/getlist
INFO: [ app_begin ] --START--
INFO: Run Behavior\ReadHtmlCache [ RunTime:0.000297s ]
INFO: [ app_begin ] --END-- [ RunTime:0.000571s ]
SQL: SHOW COLUMNS FROM `xcx_dynamic` [ RunTime:0.000941s ]
SQL: SHOW COLUMNS FROM `xcx_dynamic` [ RunTime:0.000331s ]
SQL: SELECT dynamic.*,user.avatarUrl,user.nickName FROM xcx_dynamic dynamic LEFT JOIN xcx_user user ON user.id = dynamic.uid  WHERE ( 1=1 ) ORDER BY dynamic.time desc LIMIT 0,20   [ RunTime:0.000065s ]
SQL: SHOW COLUMNS FROM `xcx_comment` [ RunTime:0.000310s ]
SQL: SHOW COLUMNS FROM `xcx_comment` [ RunTime:0.000304s ]
SQL: SELECT comment.id,comment.iid,comment.reply,comment.content,user.nickName FROM xcx_comment comment LEFT JOIN xcx_user user ON user.id = comment.uid  WHERE ( iid in (12,10,9,7,6,3,4,2) and type = "dynamic" ) ORDER BY comment.time desc  [ RunTime:0.000053s ]
NOTIC: [8] Undefined offset: 6 /data/wwwroot/xcx.codems.cn/Apps/Api/Controller/DynamicController.class.php 第 71 行.
NOTIC: [2] json_encode(): Invalid UTF-8 sequence in argument /data/wwwroot/xcx.codems.cn/Apps/Api/Controller/DynamicController.class.php 第 76 行.

[ 2017-08-22T18:20:03+08:00 ] 115.34.92.3 /api/user/login
INFO: [ app_begin ] --START--
INFO: Run Behavior\ReadHtmlCache [ RunTime:0.000308s ]
INFO: [ app_begin ] --END-- [ RunTime:0.001279s ]
NOTIC: [2] file_get_contents(https://api.weixin.qq.com/sns/jscode2session?appid=wx0aa456241abc9e8e&amp;secret=58ec56f0d3f37e4dcee7a75220bc6766&amp;js_code=the code is a mock one&amp;grant_type=authorization_code): failed to open stream: HTTP request failed! code 200 OK
 /data/wwwroot/xcx.codems.cn/Apps/Api/Controller/UserController.class.php 第 60 行.
SQL: SHOW COLUMNS FROM `xcx_user` [ RunTime:0.000640s ]
SQL: SELECT `id`,`avatarUrl`,`city`,`gender`,`nickName`,`province`,`county`,`phone`,`vehicle`,`name` FROM `xcx_user` WHERE ( id = "" or openid ="" ) LIMIT 1   [ RunTime:0.000336s ]
NOTIC: [8] Undefined index: encryptedData /data/wwwroot/xcx.codems.cn/Apps/Api/Controller/UserController.class.php 第 14 行.
NOTIC: [8] Undefined index: iv /data/wwwroot/xcx.codems.cn/Apps/Api/Controller/UserController.class.php 第 14 行.
SQL: SELECT `id`,`avatarUrl`,`city`,`gender`,`nickName`,`province`,`county`,`phone`,`vehicle`,`name` FROM `xcx_user` WHERE ( id = "" or openid ="" ) LIMIT 1   [ RunTime:0.000069s ]
NOTIC: [2] unlink(/data/wwwroot/xcx.codems.cn/cache/Temp/b2b794600a98d37b8fd79fc9c9f8f3c9.php): No such file or directory /data/wwwroot/xcx.codems.cn/include/ThinkPHP/Library/Think/Cache/Driver/File.class.php 第 157 行.

[ 2017-08-22T18:20:04+08:00 ] 115.34.92.3 /api/info/lists
INFO: [ app_begin ] --START--
INFO: Run Behavior\ReadHtmlCache [ RunTime:0.000358s ]
INFO: [ app_begin ] --END-- [ RunTime:0.000667s ]
SQL: SHOW COLUMNS FROM `xcx_info` [ RunTime:0.000529s ]
SQL: SHOW COLUMNS FROM `xcx_info` [ RunTime:0.000330s ]
SQL: SELECT info.*,user.avatarUrl FROM xcx_info info LEFT JOIN xcx_user user ON user.id = info.uid  WHERE ( info.status = 1 and info.time >= "1503397204" and info.date <= "2017-08-29" and info.departure like "%北京市%" ) ORDER BY time asc LIMIT 0,20   [ RunTime:0.001522s ]

[ 2017-08-22T18:20:05+08:00 ] 115.34.92.3 /api/info/mycount
INFO: [ app_begin ] --START--
INFO: Run Behavior\ReadHtmlCache [ RunTime:0.000352s ]
INFO: [ app_begin ] --END-- [ RunTime:0.005632s ]
SQL: SHOW COLUMNS FROM `xcx_user` [ RunTime:0.000477s ]

[ 2017-08-22T18:20:05+08:00 ] 115.34.92.3 /api/appointment/mycount
INFO: [ app_begin ] --START--
INFO: Run Behavior\ReadHtmlCache [ RunTime:0.001336s ]
INFO: [ app_begin ] --END-- [ RunTime:0.001582s ]
SQL: SHOW COLUMNS FROM `xcx_user` [ RunTime:0.000527s ]

[ 2017-08-22T18:20:07+08:00 ] 115.34.92.3 /api/info/mylist
INFO: [ app_begin ] --START--
INFO: Run Behavior\ReadHtmlCache [ RunTime:0.000298s ]
INFO: [ app_begin ] --END-- [ RunTime:0.000557s ]
SQL: SHOW COLUMNS FROM `xcx_user` [ RunTime:0.000577s ]

[ 2017-08-22T18:21:59+08:00 ] 120.41.4.227 /api/info/lists
INFO: [ app_begin ] --START--
INFO: Run Behavior\ReadHtmlCache [ RunTime:0.000496s ]
INFO: [ app_begin ] --END-- [ RunTime:0.000919s ]
SQL: SHOW COLUMNS FROM `xcx_info` [ RunTime:0.001163s ]
SQL: SHOW COLUMNS FROM `xcx_info` [ RunTime:0.000375s ]
SQL: SELECT info.*,user.avatarUrl FROM xcx_info info LEFT JOIN xcx_user user ON user.id = info.uid  WHERE ( info.status = 1 and info.time >= "1503397319" and info.date <= "2017-08-29" and info.departure like "%福州市%" ) ORDER BY time asc LIMIT 0,20   [ RunTime:0.000367s ]

[ 2017-08-22T20:59:42+08:00 ] 115.34.92.3 /api/user/login
INFO: [ app_begin ] --START--
INFO: Run Behavior\ReadHtmlCache [ RunTime:0.000412s ]
INFO: [ app_begin ] --END-- [ RunTime:0.000727s ]
NOTIC: [2] file_get_contents(https://api.weixin.qq.com/sns/jscode2session?appid=wx0aa456241abc9e8e&amp;secret=58ec56f0d3f37e4dcee7a75220bc6766&amp;js_code=the code is a mock one&amp;grant_type=authorization_code): failed to open stream: HTTP request failed! code 200 OK
 /data/wwwroot/xcx.codems.cn/Apps/Api/Controller/UserController.class.php 第 60 行.
SQL: SHOW COLUMNS FROM `xcx_user` [ RunTime:0.003592s ]
SQL: SELECT `id`,`avatarUrl`,`city`,`gender`,`nickName`,`province`,`county`,`phone`,`vehicle`,`name` FROM `xcx_user` WHERE ( id = "" or openid ="" ) LIMIT 1   [ RunTime:0.000379s ]
NOTIC: [8] Undefined index: encryptedData /data/wwwroot/xcx.codems.cn/Apps/Api/Controller/UserController.class.php 第 14 行.
NOTIC: [8] Undefined index: iv /data/wwwroot/xcx.codems.cn/Apps/Api/Controller/UserController.class.php 第 14 行.
SQL: SELECT `id`,`avatarUrl`,`city`,`gender`,`nickName`,`province`,`county`,`phone`,`vehicle`,`name` FROM `xcx_user` WHERE ( id = "" or openid ="" ) LIMIT 1   [ RunTime:0.000070s ]
NOTIC: [2] unlink(/data/wwwroot/xcx.codems.cn/cache/Temp/348ca368722b851663a97ab70da41e14.php): No such file or directory /data/wwwroot/xcx.codems.cn/include/ThinkPHP/Library/Think/Cache/Driver/File.class.php 第 157 行.

[ 2017-08-22T20:59:42+08:00 ] 115.34.92.3 /api/info/lists
INFO: [ app_begin ] --START--
INFO: Run Behavior\ReadHtmlCache [ RunTime:0.000318s ]
INFO: [ app_begin ] --END-- [ RunTime:0.000556s ]
SQL: SHOW COLUMNS FROM `xcx_info` [ RunTime:0.000804s ]
SQL: SHOW COLUMNS FROM `xcx_info` [ RunTime:0.000340s ]
SQL: SELECT info.*,user.avatarUrl FROM xcx_info info LEFT JOIN xcx_user user ON user.id = info.uid  WHERE ( info.status = 1 and info.time >= "1503406782" and info.date <= "2017-08-29" and info.departure like "%北京市%" ) ORDER BY time asc LIMIT 0,20   [ RunTime:0.003397s ]

[ 2017-08-22T20:59:45+08:00 ] 115.34.92.3 /api/info/lists
INFO: [ app_begin ] --START--
INFO: Run Behavior\ReadHtmlCache [ RunTime:0.000354s ]
INFO: [ app_begin ] --END-- [ RunTime:0.000621s ]
SQL: SHOW COLUMNS FROM `xcx_info` [ RunTime:0.000517s ]
SQL: SHOW COLUMNS FROM `xcx_info` [ RunTime:0.000343s ]
SQL: SELECT info.*,user.avatarUrl FROM xcx_info info LEFT JOIN xcx_user user ON user.id = info.uid  WHERE ( info.status = 1 and info.time >= "1503406785" and info.date <= "2017-08-29" and info.departure like "%北京市%" ) ORDER BY time asc LIMIT 0,20   [ RunTime:0.000347s ]

[ 2017-08-22T20:59:46+08:00 ] 115.34.92.3 /api/info/mycount
INFO: [ app_begin ] --START--
INFO: Run Behavior\ReadHtmlCache [ RunTime:0.000316s ]
INFO: [ app_begin ] --END-- [ RunTime:0.000551s ]
SQL: SHOW COLUMNS FROM `xcx_user` [ RunTime:0.000464s ]

[ 2017-08-22T20:59:47+08:00 ] 115.34.92.3 /api/appointment/mycount
INFO: [ app_begin ] --START--
INFO: Run Behavior\ReadHtmlCache [ RunTime:0.000296s ]
INFO: [ app_begin ] --END-- [ RunTime:0.000556s ]
SQL: SHOW COLUMNS FROM `xcx_user` [ RunTime:0.000569s ]

[ 2017-08-22T20:59:50+08:00 ] 115.34.92.3 /api/msg/getall
INFO: [ app_begin ] --START--
INFO: Run Behavior\ReadHtmlCache [ RunTime:0.000312s ]
INFO: [ app_begin ] --END-- [ RunTime:0.000547s ]
NOTIC: [2048] Declaration of Api\Controller\MsgController::get() should be compatible with Think\Controller::get($name = '') /data/wwwroot/xcx.codems.cn/Apps/Api/Controller/MsgController.class.php 第 38 行.
SQL: SHOW COLUMNS FROM `xcx_user` [ RunTime:0.000453s ]

[ 2017-08-22T20:59:54+08:00 ] 115.34.92.3 /api/dynamic/getlist
INFO: [ app_begin ] --START--
INFO: Run Behavior\ReadHtmlCache [ RunTime:0.000283s ]
INFO: [ app_begin ] --END-- [ RunTime:0.000549s ]
SQL: SHOW COLUMNS FROM `xcx_dynamic` [ RunTime:0.000464s ]
SQL: SHOW COLUMNS FROM `xcx_dynamic` [ RunTime:0.000291s ]
SQL: SELECT dynamic.*,user.avatarUrl,user.nickName FROM xcx_dynamic dynamic LEFT JOIN xcx_user user ON user.id = dynamic.uid  WHERE ( 1=1 ) ORDER BY dynamic.time desc LIMIT 0,20   [ RunTime:0.001171s ]
SQL: SHOW COLUMNS FROM `xcx_comment` [ RunTime:0.000309s ]
SQL: SHOW COLUMNS FROM `xcx_comment` [ RunTime:0.000327s ]
SQL: SELECT comment.id,comment.iid,comment.reply,comment.content,user.nickName FROM xcx_comment comment LEFT JOIN xcx_user user ON user.id = comment.uid  WHERE ( iid in (12,10,9,7,6,3,4,2) and type = "dynamic" ) ORDER BY comment.time desc  [ RunTime:0.000296s ]
NOTIC: [8] Undefined offset: 6 /data/wwwroot/xcx.codems.cn/Apps/Api/Controller/DynamicController.class.php 第 71 行.
NOTIC: [2] json_encode(): Invalid UTF-8 sequence in argument /data/wwwroot/xcx.codems.cn/Apps/Api/Controller/DynamicController.class.php 第 76 行.

[ 2017-08-22T23:45:46+08:00 ] 101.94.167.48 /api/user/login
INFO: [ app_begin ] --START--
INFO: Run Behavior\ReadHtmlCache [ RunTime:0.000422s ]
INFO: [ app_begin ] --END-- [ RunTime:0.000835s ]
NOTIC: [2] file_get_contents(https://api.weixin.qq.com/sns/jscode2session?appid=wx0aa456241abc9e8e&amp;secret=58ec56f0d3f37e4dcee7a75220bc6766&amp;js_code=the code is a mock one&amp;grant_type=authorization_code): failed to open stream: HTTP request failed! code 200 OK
 /data/wwwroot/xcx.codems.cn/Apps/Api/Controller/UserController.class.php 第 60 行.
SQL: SHOW COLUMNS FROM `xcx_user` [ RunTime:0.003924s ]
SQL: SELECT `id`,`avatarUrl`,`city`,`gender`,`nickName`,`province`,`county`,`phone`,`vehicle`,`name` FROM `xcx_user` WHERE ( id = "" or openid ="" ) LIMIT 1   [ RunTime:0.000421s ]
NOTIC: [8] Undefined index: encryptedData /data/wwwroot/xcx.codems.cn/Apps/Api/Controller/UserController.class.php 第 14 行.
NOTIC: [8] Undefined index: iv /data/wwwroot/xcx.codems.cn/Apps/Api/Controller/UserController.class.php 第 14 行.
SQL: SELECT `id`,`avatarUrl`,`city`,`gender`,`nickName`,`province`,`county`,`phone`,`vehicle`,`name` FROM `xcx_user` WHERE ( id = "" or openid ="" ) LIMIT 1   [ RunTime:0.000057s ]
NOTIC: [2] unlink(/data/wwwroot/xcx.codems.cn/cache/Temp/058b6ad2f8810b7b24603e3aeb0dfb5a.php): No such file or directory /data/wwwroot/xcx.codems.cn/include/ThinkPHP/Library/Think/Cache/Driver/File.class.php 第 157 行.

[ 2017-08-22T23:45:48+08:00 ] 101.94.167.48 /api/info/lists
INFO: [ app_begin ] --START--
INFO: Run Behavior\ReadHtmlCache [ RunTime:0.000300s ]
INFO: [ app_begin ] --END-- [ RunTime:0.000567s ]
SQL: SHOW COLUMNS FROM `xcx_info` [ RunTime:0.000812s ]
SQL: SHOW COLUMNS FROM `xcx_info` [ RunTime:0.000334s ]
SQL: SELECT info.*,user.avatarUrl FROM xcx_info info LEFT JOIN xcx_user user ON user.id = info.uid  WHERE ( info.status = 1 and info.time >= "1503416748" and info.date <= "2017-08-29" and info.departure like "%上海市%" ) ORDER BY time asc LIMIT 0,20   [ RunTime:0.001759s ]

[ 2017-08-22T23:45:52+08:00 ] 101.94.167.48 /api/dynamic/getlist
INFO: [ app_begin ] --START--
INFO: Run Behavior\ReadHtmlCache [ RunTime:0.000306s ]
INFO: [ app_begin ] --END-- [ RunTime:0.000565s ]
SQL: SHOW COLUMNS FROM `xcx_dynamic` [ RunTime:0.000449s ]
SQL: SHOW COLUMNS FROM `xcx_dynamic` [ RunTime:0.000306s ]
SQL: SELECT dynamic.*,user.avatarUrl,user.nickName FROM xcx_dynamic dynamic LEFT JOIN xcx_user user ON user.id = dynamic.uid  WHERE ( 1=1 ) ORDER BY dynamic.time desc LIMIT 0,20   [ RunTime:0.001219s ]
SQL: SHOW COLUMNS FROM `xcx_comment` [ RunTime:0.000351s ]
SQL: SHOW COLUMNS FROM `xcx_comment` [ RunTime:0.000296s ]
SQL: SELECT comment.id,comment.iid,comment.reply,comment.content,user.nickName FROM xcx_comment comment LEFT JOIN xcx_user user ON user.id = comment.uid  WHERE ( iid in (12,10,9,7,6,3,4,2) and type = "dynamic" ) ORDER BY comment.time desc  [ RunTime:0.000313s ]
NOTIC: [8] Undefined offset: 6 /data/wwwroot/xcx.codems.cn/Apps/Api/Controller/DynamicController.class.php 第 71 行.
NOTIC: [2] json_encode(): Invalid UTF-8 sequence in argument /data/wwwroot/xcx.codems.cn/Apps/Api/Controller/DynamicController.class.php 第 76 行.

[ 2017-08-22T23:45:55+08:00 ] 101.94.167.48 /api/dynamic/getlist
INFO: [ app_begin ] --START--
INFO: Run Behavior\ReadHtmlCache [ RunTime:0.000426s ]
INFO: [ app_begin ] --END-- [ RunTime:0.000755s ]
SQL: SHOW COLUMNS FROM `xcx_dynamic` [ RunTime:0.000668s ]
SQL: SHOW COLUMNS FROM `xcx_dynamic` [ RunTime:0.000359s ]
SQL: SELECT dynamic.*,user.avatarUrl,user.nickName FROM xcx_dynamic dynamic LEFT JOIN xcx_user user ON user.id = dynamic.uid  WHERE ( 1=1 ) ORDER BY dynamic.time desc LIMIT 20,20   [ RunTime:0.000413s ]
NOTIC: [2] Invalid argument supplied for foreach() /data/wwwroot/xcx.codems.cn/Apps/Api/Controller/DynamicController.class.php 第 57 行.
NOTIC: [8] Undefined variable: arr /data/wwwroot/xcx.codems.cn/Apps/Api/Controller/DynamicController.class.php 第 60 行.
NOTIC: [2] implode(): Invalid arguments passed /data/wwwroot/xcx.codems.cn/Apps/Api/Controller/DynamicController.class.php 第 60 行.
SQL: SHOW COLUMNS FROM `xcx_comment` [ RunTime:0.000425s ]
SQL: SHOW COLUMNS FROM `xcx_comment` [ RunTime:0.000392s ]
SQL: SELECT comment.id,comment.iid,comment.reply,comment.content,user.nickName FROM xcx_comment comment LEFT JOIN xcx_user user ON user.id = comment.uid  WHERE ( iid in () and type = "dynamic" ) ORDER BY comment.time desc  [ RunTime:0.000095s ]
ERR: 1064:You have an error in your SQL syntax; check the manual that corresponds to your MySQL server version for the right syntax to use near ') and type = "dynamic" ) ORDER BY comment.time desc' at line 1
 [ SQL语句 ] : SELECT comment.id,comment.iid,comment.reply,comment.content,user.nickName FROM xcx_comment comment LEFT JOIN xcx_user user ON user.id = comment.uid  WHERE ( iid in () and type = "dynamic" ) ORDER BY comment.time desc 
NOTIC: [2] Invalid argument supplied for foreach() /data/wwwroot/xcx.codems.cn/Apps/Api/Controller/DynamicController.class.php 第 67 行.
NOTIC: [2] Invalid argument supplied for foreach() /data/wwwroot/xcx.codems.cn/Apps/Api/Controller/DynamicController.class.php 第 70 行.
NOTIC: [2] json_encode(): Invalid UTF-8 sequence in argument /data/wwwroot/xcx.codems.cn/Apps/Api/Controller/DynamicController.class.php 第 76 行.

[ 2017-08-22T23:45:58+08:00 ] 101.94.167.48 /api/msg/getall
INFO: [ app_begin ] --START--
INFO: Run Behavior\ReadHtmlCache [ RunTime:0.000417s ]
INFO: [ app_begin ] --END-- [ RunTime:0.000773s ]
NOTIC: [2048] Declaration of Api\Controller\MsgController::get() should be compatible with Think\Controller::get($name = '') /data/wwwroot/xcx.codems.cn/Apps/Api/Controller/MsgController.class.php 第 38 行.
SQL: SHOW COLUMNS FROM `xcx_user` [ RunTime:0.000646s ]

[ 2017-08-22T23:46:01+08:00 ] 101.94.167.48 /api/info/mycount
INFO: [ app_begin ] --START--
INFO: Run Behavior\ReadHtmlCache [ RunTime:0.000405s ]
INFO: [ app_begin ] --END-- [ RunTime:0.008819s ]
SQL: SHOW COLUMNS FROM `xcx_user` [ RunTime:0.000471s ]

[ 2017-08-22T23:46:01+08:00 ] 101.94.167.48 /api/appointment/mycount
INFO: [ app_begin ] --START--
INFO: Run Behavior\ReadHtmlCache [ RunTime:0.003356s ]
INFO: [ app_begin ] --END-- [ RunTime:0.003627s ]
SQL: SHOW COLUMNS FROM `xcx_user` [ RunTime:0.000475s ]

[ 2017-08-22T23:46:05+08:00 ] 101.94.167.48 /api/info/lists
INFO: [ app_begin ] --START--
INFO: Run Behavior\ReadHtmlCache [ RunTime:0.000286s ]
INFO: [ app_begin ] --END-- [ RunTime:0.000530s ]
SQL: SHOW COLUMNS FROM `xcx_info` [ RunTime:0.000537s ]
SQL: SHOW COLUMNS FROM `xcx_info` [ RunTime:0.000356s ]
SQL: SELECT info.*,user.avatarUrl FROM xcx_info info LEFT JOIN xcx_user user ON user.id = info.uid  WHERE ( info.status = 1 and info.time >= "1503416765" and info.date <= "2017-08-29" and info.departure like "%上海市%" ) ORDER BY time asc LIMIT 0,20   [ RunTime:0.000334s ]

[ 2017-08-22T23:46:09+08:00 ] 101.94.167.48 /api/dynamic/getlist
INFO: [ app_begin ] --START--
INFO: Run Behavior\ReadHtmlCache [ RunTime:0.000396s ]
INFO: [ app_begin ] --END-- [ RunTime:0.000673s ]
SQL: SHOW COLUMNS FROM `xcx_dynamic` [ RunTime:0.000494s ]
SQL: SHOW COLUMNS FROM `xcx_dynamic` [ RunTime:0.000443s ]
SQL: SELECT dynamic.*,user.avatarUrl,user.nickName FROM xcx_dynamic dynamic LEFT JOIN xcx_user user ON user.id = dynamic.uid  WHERE ( 1=1 ) ORDER BY dynamic.time desc LIMIT 20,20   [ RunTime:0.000071s ]
NOTIC: [2] Invalid argument supplied for foreach() /data/wwwroot/xcx.codems.cn/Apps/Api/Controller/DynamicController.class.php 第 57 行.
NOTIC: [8] Undefined variable: arr /data/wwwroot/xcx.codems.cn/Apps/Api/Controller/DynamicController.class.php 第 60 行.
NOTIC: [2] implode(): Invalid arguments passed /data/wwwroot/xcx.codems.cn/Apps/Api/Controller/DynamicController.class.php 第 60 行.
SQL: SHOW COLUMNS FROM `xcx_comment` [ RunTime:0.000388s ]
SQL: SHOW COLUMNS FROM `xcx_comment` [ RunTime:0.000341s ]
SQL: SELECT comment.id,comment.iid,comment.reply,comment.content,user.nickName FROM xcx_comment comment LEFT JOIN xcx_user user ON user.id = comment.uid  WHERE ( iid in () and type = "dynamic" ) ORDER BY comment.time desc  [ RunTime:0.000091s ]
ERR: 1064:You have an error in your SQL syntax; check the manual that corresponds to your MySQL server version for the right syntax to use near ') and type = "dynamic" ) ORDER BY comment.time desc' at line 1
 [ SQL语句 ] : SELECT comment.id,comment.iid,comment.reply,comment.content,user.nickName FROM xcx_comment comment LEFT JOIN xcx_user user ON user.id = comment.uid  WHERE ( iid in () and type = "dynamic" ) ORDER BY comment.time desc 
NOTIC: [2] Invalid argument supplied for foreach() /data/wwwroot/xcx.codems.cn/Apps/Api/Controller/DynamicController.class.php 第 67 行.
NOTIC: [2] Invalid argument supplied for foreach() /data/wwwroot/xcx.codems.cn/Apps/Api/Controller/DynamicController.class.php 第 70 行.
NOTIC: [2] json_encode(): Invalid UTF-8 sequence in argument /data/wwwroot/xcx.codems.cn/Apps/Api/Controller/DynamicController.class.php 第 76 行.

[ 2017-08-22T23:46:22+08:00 ] 101.94.167.48 /api/comment/add
INFO: [ app_begin ] --START--
INFO: Run Behavior\ReadHtmlCache [ RunTime:0.000310s ]
INFO: [ app_begin ] --END-- [ RunTime:0.000555s ]
NOTIC: [2048] Declaration of Api\Controller\CommentController::get() should be compatible with Think\Controller::get($name = '') /data/wwwroot/xcx.codems.cn/Apps/Api/Controller/CommentController.class.php 第 96 行.
SQL: SHOW COLUMNS FROM `xcx_user` [ RunTime:0.000473s ]

[ 2017-08-22T23:46:23+08:00 ] 101.94.167.48 /api/dynamic/getlist
INFO: [ app_begin ] --START--
INFO: Run Behavior\ReadHtmlCache [ RunTime:0.000288s ]
INFO: [ app_begin ] --END-- [ RunTime:0.000545s ]
SQL: SHOW COLUMNS FROM `xcx_dynamic` [ RunTime:0.000425s ]
SQL: SHOW COLUMNS FROM `xcx_dynamic` [ RunTime:0.000330s ]
SQL: SELECT dynamic.*,user.avatarUrl,user.nickName FROM xcx_dynamic dynamic LEFT JOIN xcx_user user ON user.id = dynamic.uid  WHERE ( 1=1 ) ORDER BY dynamic.time desc LIMIT 40,20   [ RunTime:0.000309s ]
NOTIC: [2] Invalid argument supplied for foreach() /data/wwwroot/xcx.codems.cn/Apps/Api/Controller/DynamicController.class.php 第 57 行.
NOTIC: [8] Undefined variable: arr /data/wwwroot/xcx.codems.cn/Apps/Api/Controller/DynamicController.class.php 第 60 行.
NOTIC: [2] implode(): Invalid arguments passed /data/wwwroot/xcx.codems.cn/Apps/Api/Controller/DynamicController.class.php 第 60 行.
SQL: SHOW COLUMNS FROM `xcx_comment` [ RunTime:0.000355s ]
SQL: SHOW COLUMNS FROM `xcx_comment` [ RunTime:0.000282s ]
SQL: SELECT comment.id,comment.iid,comment.reply,comment.content,user.nickName FROM xcx_comment comment LEFT JOIN xcx_user user ON user.id = comment.uid  WHERE ( iid in () and type = "dynamic" ) ORDER BY comment.time desc  [ RunTime:0.000070s ]
ERR: 1064:You have an error in your SQL syntax; check the manual that corresponds to your MySQL server version for the right syntax to use near ') and type = "dynamic" ) ORDER BY comment.time desc' at line 1
 [ SQL语句 ] : SELECT comment.id,comment.iid,comment.reply,comment.content,user.nickName FROM xcx_comment comment LEFT JOIN xcx_user user ON user.id = comment.uid  WHERE ( iid in () and type = "dynamic" ) ORDER BY comment.time desc 
NOTIC: [2] Invalid argument supplied for foreach() /data/wwwroot/xcx.codems.cn/Apps/Api/Controller/DynamicController.class.php 第 67 行.
NOTIC: [2] Invalid argument supplied for foreach() /data/wwwroot/xcx.codems.cn/Apps/Api/Controller/DynamicController.class.php 第 70 行.
NOTIC: [2] json_encode(): Invalid UTF-8 sequence in argument /data/wwwroot/xcx.codems.cn/Apps/Api/Controller/DynamicController.class.php 第 76 行.

[ 2017-08-22T23:46:28+08:00 ] 101.94.167.48 /api/info/lists
INFO: [ app_begin ] --START--
INFO: Run Behavior\ReadHtmlCache [ RunTime:0.000292s ]
INFO: [ app_begin ] --END-- [ RunTime:0.000557s ]
SQL: SHOW COLUMNS FROM `xcx_info` [ RunTime:0.000520s ]
SQL: SHOW COLUMNS FROM `xcx_info` [ RunTime:0.000334s ]
SQL: SELECT info.*,user.avatarUrl FROM xcx_info info LEFT JOIN xcx_user user ON user.id = info.uid  WHERE ( info.status = 1 and info.time >= "1503416788" and info.date <= "2017-08-29" and info.departure like "%上海市%" ) ORDER BY time asc LIMIT 0,20   [ RunTime:0.000341s ]

[ 2017-08-22T23:51:26+08:00 ] 171.114.253.100 /
INFO: [ app_begin ] --START--
INFO: Run Behavior\ReadHtmlCache [ RunTime:0.000326s ]
INFO: [ app_begin ] --END-- [ RunTime:0.000628s ]
INFO: [ app_end ] --START--
INFO: Run Behavior\ShowPageTrace [ RunTime:0.007646s ]
INFO: [ app_end ] --END-- [ RunTime:0.007703s ]

[ 2017-08-22T23:51:26+08:00 ] 171.114.253.100 /
INFO: [ app_begin ] --START--
INFO: Run Behavior\ReadHtmlCache [ RunTime:0.000294s ]
INFO: [ app_begin ] --END-- [ RunTime:0.000550s ]
INFO: [ app_end ] --START--
INFO: Run Behavior\ShowPageTrace [ RunTime:0.000300s ]
INFO: [ app_end ] --END-- [ RunTime:0.000365s ]

[ 2017-08-22T23:51:34+08:00 ] 171.114.253.100 /
INFO: [ app_begin ] --START--
INFO: Run Behavior\ReadHtmlCache [ RunTime:0.000318s ]
INFO: [ app_begin ] --END-- [ RunTime:0.000563s ]
INFO: [ app_end ] --START--
INFO: Run Behavior\ShowPageTrace [ RunTime:0.000313s ]
INFO: [ app_end ] --END-- [ RunTime:0.000357s ]

[ 2017-08-22T23:51:35+08:00 ] 171.114.253.100 /
INFO: [ app_begin ] --START--
INFO: Run Behavior\ReadHtmlCache [ RunTime:0.000318s ]
INFO: [ app_begin ] --END-- [ RunTime:0.000556s ]
INFO: [ app_end ] --START--
INFO: Run Behavior\ShowPageTrace [ RunTime:0.000314s ]
INFO: [ app_end ] --END-- [ RunTime:0.000359s ]

[ 2017-08-22T23:52:07+08:00 ] 171.114.253.100 /
INFO: [ app_begin ] --START--
INFO: Run Behavior\ReadHtmlCache [ RunTime:0.000412s ]
INFO: [ app_begin ] --END-- [ RunTime:0.008722s ]
INFO: [ app_end ] --START--
INFO: Run Behavior\ShowPageTrace [ RunTime:0.000361s ]
INFO: [ app_end ] --END-- [ RunTime:0.000430s ]

