[ 2017-05-15T01:34:55+08:00 ] 139.129.222.146 /
INFO: [ app_begin ] --START--
INFO: Run Behavior\ReadHtmlCache [ RunTime:0.000082s ]
INFO: [ app_begin ] --END-- [ RunTime:0.000217s ]
INFO: [ app_end ] --START--
INFO: Run Behavior\ShowPageTrace [ RunTime:0.000076s ]
INFO: [ app_end ] --END-- [ RunTime:0.000128s ]

[ 2017-05-15T03:31:39+08:00 ] 139.162.116.133 /
INFO: [ app_begin ] --START--
INFO: Run Behavior\ReadHtmlCache [ RunTime:0.000083s ]
INFO: [ app_begin ] --END-- [ RunTime:0.000243s ]
INFO: [ app_end ] --START--
INFO: Run Behavior\ShowPageTrace [ RunTime:0.000074s ]
INFO: [ app_end ] --END-- [ RunTime:0.000239s ]

[ 2017-05-15T03:50:34+08:00 ] 207.46.13.142 /
INFO: [ app_begin ] --START--
INFO: Run Behavior\ReadHtmlCache [ RunTime:0.000961s ]
INFO: [ app_begin ] --END-- [ RunTime:0.001892s ]
INFO: [ app_end ] --START--
INFO: Run Behavior\ShowPageTrace [ RunTime:0.000837s ]
INFO: [ app_end ] --END-- [ RunTime:0.000897s ]

[ 2017-05-15T07:31:43+08:00 ] 139.162.78.135 /
INFO: [ app_begin ] --START--
INFO: Run Behavior\ReadHtmlCache [ RunTime:0.000082s ]
INFO: [ app_begin ] --END-- [ RunTime:0.000263s ]
INFO: [ app_end ] --START--
INFO: Run Behavior\ShowPageTrace [ RunTime:0.000069s ]
INFO: [ app_end ] --END-- [ RunTime:0.000117s ]

[ 2017-05-15T08:41:59+08:00 ] 45.55.212.224 /
INFO: [ app_begin ] --START--
INFO: Run Behavior\ReadHtmlCache [ RunTime:0.000081s ]
INFO: [ app_begin ] --END-- [ RunTime:0.000222s ]
INFO: [ app_end ] --START--
INFO: Run Behavior\ShowPageTrace [ RunTime:0.000080s ]
INFO: [ app_end ] --END-- [ RunTime:0.000134s ]

[ 2017-05-15T10:41:35+08:00 ] 182.97.188.119 /api/user/login
INFO: [ app_begin ] --START--
INFO: Run Behavior\ReadHtmlCache [ RunTime:0.000089s ]
INFO: [ app_begin ] --END-- [ RunTime:0.000471s ]
SQL: SHOW COLUMNS FROM `xcx_user` [ RunTime:0.000649s ]
SQL: SELECT `id`,`avatarUrl`,`city`,`gender`,`nickName`,`province`,`county`,`phone`,`vehicle`,`name` FROM `xcx_user` WHERE ( id = "o0Jv50H2UUMf7oasVnbtZtBAwZ-U" or openid ="o0Jv50H2UUMf7oasVnbtZtBAwZ-U" ) LIMIT 1   [ RunTime:0.000301s ]
SQL: SELECT `id`,`avatarUrl`,`city`,`gender`,`nickName`,`province`,`county`,`phone`,`vehicle`,`name` FROM `xcx_user` WHERE ( id = "o0Jv50H2UUMf7oasVnbtZtBAwZ-U" or openid ="o0Jv50H2UUMf7oasVnbtZtBAwZ-U" ) LIMIT 1   [ RunTime:0.000232s ]

[ 2017-05-15T10:41:35+08:00 ] 182.97.188.119 /api/info/lists
INFO: [ app_begin ] --START--
INFO: Run Behavior\ReadHtmlCache [ RunTime:0.000081s ]
INFO: [ app_begin ] --END-- [ RunTime:0.000308s ]
SQL: SHOW COLUMNS FROM `xcx_info` [ RunTime:0.002969s ]
SQL: SHOW COLUMNS FROM `xcx_info` [ RunTime:0.006592s ]
SQL: SELECT info.*,user.avatarUrl FROM xcx_info info LEFT JOIN xcx_user user ON user.id = info.uid  WHERE ( info.status = 1 and info.time >= "1494816095" and info.date <= "2017-05-22" and info.departure like "%南昌市%" ) ORDER BY time asc LIMIT 20,20   [ RunTime:0.000619s ]

[ 2017-05-15T10:41:35+08:00 ] 182.97.188.119 /api/info/lists
INFO: [ app_begin ] --START--
INFO: Run Behavior\ReadHtmlCache [ RunTime:0.000087s ]
INFO: [ app_begin ] --END-- [ RunTime:0.000293s ]
SQL: SHOW COLUMNS FROM `xcx_info` [ RunTime:0.000666s ]
SQL: SHOW COLUMNS FROM `xcx_info` [ RunTime:0.000729s ]
SQL: SELECT info.*,user.avatarUrl FROM xcx_info info LEFT JOIN xcx_user user ON user.id = info.uid  WHERE ( info.status = 1 and info.time >= "1494816095" and info.date <= "2017-05-22" and info.departure like "%南昌市%" ) ORDER BY time asc LIMIT 0,20   [ RunTime:0.000495s ]

[ 2017-05-15T10:41:35+08:00 ] 182.97.188.119 /api/info/lists
INFO: [ app_begin ] --START--
INFO: Run Behavior\ReadHtmlCache [ RunTime:0.000095s ]
INFO: [ app_begin ] --END-- [ RunTime:0.000212s ]
SQL: SHOW COLUMNS FROM `xcx_info` [ RunTime:0.000662s ]
SQL: SHOW COLUMNS FROM `xcx_info` [ RunTime:0.000484s ]
SQL: SELECT info.*,user.avatarUrl FROM xcx_info info LEFT JOIN xcx_user user ON user.id = info.uid  WHERE ( info.status = 1 and info.time >= "1494816095" and info.date <= "2017-05-22" and info.departure like "%南昌市%" ) ORDER BY time asc LIMIT 0,20   [ RunTime:0.000086s ]

[ 2017-05-15T10:41:35+08:00 ] 182.97.188.119 /api/info/lists
INFO: [ app_begin ] --START--
INFO: Run Behavior\ReadHtmlCache [ RunTime:0.000065s ]
INFO: [ app_begin ] --END-- [ RunTime:0.000189s ]
SQL: SHOW COLUMNS FROM `xcx_info` [ RunTime:0.000674s ]
SQL: SHOW COLUMNS FROM `xcx_info` [ RunTime:0.002998s ]
SQL: SELECT info.*,user.avatarUrl FROM xcx_info info LEFT JOIN xcx_user user ON user.id = info.uid  WHERE ( info.status = 1 and info.time >= "1494816095" and info.date <= "2017-05-22" and info.departure like "%南昌市%" ) ORDER BY time asc LIMIT 0,20   [ RunTime:0.000096s ]

[ 2017-05-15T10:41:36+08:00 ] 182.97.188.119 /api/info/index
INFO: [ app_begin ] --START--
INFO: Run Behavior\ReadHtmlCache [ RunTime:0.000055s ]
INFO: [ app_begin ] --END-- [ RunTime:0.000177s ]
SQL: SHOW COLUMNS FROM `xcx_info` [ RunTime:0.000874s ]
SQL: UPDATE `xcx_info` SET `see`=see+1 WHERE ( id = "8" ) [ RunTime:0.000493s ]
SQL: SHOW COLUMNS FROM `xcx_info` [ RunTime:0.000560s ]
SQL: SELECT info.*,user.nickName,user.avatarUrl FROM xcx_info info,xcx_user user WHERE ( info.uid=user.id and info.id = "8" ) LIMIT 1   [ RunTime:0.000369s ]

[ 2017-05-15T10:41:36+08:00 ] 182.97.188.119 /api/comment/get_count
INFO: [ app_begin ] --START--
INFO: Run Behavior\ReadHtmlCache [ RunTime:0.000056s ]
INFO: [ app_begin ] --END-- [ RunTime:0.000176s ]
NOTIC: [2048] Declaration of Api\Controller\CommentController::get() should be compatible with Think\Controller::get($name = '') /data/wwwroot/xcx.codems.cn/Apps/Api/Controller/CommentController.class.php 第 0 行.
SQL: SHOW COLUMNS FROM `xcx_comment` [ RunTime:0.000613s ]
SQL: SELECT COUNT(*) AS tp_count FROM `xcx_comment` WHERE ( `iid` = 8 ) AND ( `type` = 'info' ) LIMIT 1   [ RunTime:0.000337s ]

[ 2017-05-15T10:41:36+08:00 ] 182.97.188.119 /api/comment/get
INFO: [ app_begin ] --START--
INFO: Run Behavior\ReadHtmlCache [ RunTime:0.004458s ]
INFO: [ app_begin ] --END-- [ RunTime:0.004576s ]
NOTIC: [2048] Declaration of Api\Controller\CommentController::get() should be compatible with Think\Controller::get($name = '') /data/wwwroot/xcx.codems.cn/Apps/Api/Controller/CommentController.class.php 第 0 行.
SQL: SHOW COLUMNS FROM `xcx_comment` [ RunTime:0.000695s ]
SQL: SHOW COLUMNS FROM `xcx_comment` [ RunTime:0.000470s ]
SQL: SELECT comment.*,user.nickName,user.avatarUrl FROM xcx_comment comment LEFT JOIN xcx_user user ON user.id = comment.uid  WHERE ( `iid` = '8' ) AND ( `type` = 'info' ) ORDER BY comment.time desc LIMIT 100000   [ RunTime:0.000096s ]

[ 2017-05-15T10:41:36+08:00 ] 182.97.188.119 /api/fav/isfav
INFO: [ app_begin ] --START--
INFO: Run Behavior\ReadHtmlCache [ RunTime:0.000066s ]
INFO: [ app_begin ] --END-- [ RunTime:0.000207s ]
SQL: SHOW COLUMNS FROM `xcx_user` [ RunTime:0.000630s ]
SQL: SELECT `id`,`avatarUrl`,`city`,`gender`,`nickName`,`province`,`county`,`phone`,`vehicle`,`name` FROM `xcx_user` WHERE ( id = "o0Jv50H2UUMf7oasVnbtZtBAwZ-U" or openid ="o0Jv50H2UUMf7oasVnbtZtBAwZ-U" ) LIMIT 1   [ RunTime:0.000343s ]
SQL: SHOW COLUMNS FROM `xcx_fav` [ RunTime:0.000458s ]
SQL: SELECT * FROM `xcx_fav` WHERE ( `uid` = 10001 ) AND ( `iid` = 8 ) LIMIT 1   [ RunTime:0.000064s ]

[ 2017-05-15T11:54:26+08:00 ] 182.97.188.119 /api/user/vaild_sk
INFO: [ app_begin ] --START--
INFO: Run Behavior\ReadHtmlCache [ RunTime:0.000062s ]
INFO: [ app_begin ] --END-- [ RunTime:0.000184s ]

[ 2017-05-15T11:54:26+08:00 ] 182.97.188.119 /api/info/lists
INFO: [ app_begin ] --START--
INFO: Run Behavior\ReadHtmlCache [ RunTime:0.000054s ]
INFO: [ app_begin ] --END-- [ RunTime:0.000167s ]
SQL: SHOW COLUMNS FROM `xcx_info` [ RunTime:0.000646s ]
SQL: SHOW COLUMNS FROM `xcx_info` [ RunTime:0.000463s ]
SQL: SELECT info.*,user.avatarUrl FROM xcx_info info LEFT JOIN xcx_user user ON user.id = info.uid  WHERE ( info.status = 1 and info.time >= "1494820466" and info.date <= "2017-05-22" and info.departure like "%南昌市%" ) ORDER BY time asc LIMIT 0,20   [ RunTime:0.001104s ]

[ 2017-05-15T11:54:27+08:00 ] 182.97.188.119 /api/info/lists
INFO: [ app_begin ] --START--
INFO: Run Behavior\ReadHtmlCache [ RunTime:0.000087s ]
INFO: [ app_begin ] --END-- [ RunTime:0.000255s ]
SQL: SHOW COLUMNS FROM `xcx_info` [ RunTime:0.001515s ]
SQL: SHOW COLUMNS FROM `xcx_info` [ RunTime:0.001797s ]
SQL: SELECT info.*,user.avatarUrl FROM xcx_info info LEFT JOIN xcx_user user ON user.id = info.uid  WHERE ( info.status = 1 and info.time >= "1494820467" and info.date <= "2017-05-22" and info.departure like "%南昌市%" ) ORDER BY time asc LIMIT 20,20   [ RunTime:0.001281s ]

[ 2017-05-15T11:54:27+08:00 ] 182.97.188.119 /api/info/lists
INFO: [ app_begin ] --START--
INFO: Run Behavior\ReadHtmlCache [ RunTime:0.000080s ]
INFO: [ app_begin ] --END-- [ RunTime:0.000223s ]
SQL: SHOW COLUMNS FROM `xcx_info` [ RunTime:0.000819s ]
SQL: SHOW COLUMNS FROM `xcx_info` [ RunTime:0.000512s ]
SQL: SELECT info.*,user.avatarUrl FROM xcx_info info LEFT JOIN xcx_user user ON user.id = info.uid  WHERE ( info.status = 1 and info.time >= "1494820467" and info.date <= "2017-05-22" and info.departure like "%南昌市%" ) ORDER BY time asc LIMIT 0,20   [ RunTime:0.000457s ]

[ 2017-05-15T11:54:29+08:00 ] 182.97.188.119 /api/dynamic/getlist
INFO: [ app_begin ] --START--
INFO: Run Behavior\ReadHtmlCache [ RunTime:0.000095s ]
INFO: [ app_begin ] --END-- [ RunTime:0.000970s ]
SQL: SHOW COLUMNS FROM `xcx_dynamic` [ RunTime:0.000831s ]
SQL: SHOW COLUMNS FROM `xcx_dynamic` [ RunTime:0.000432s ]
SQL: SELECT dynamic.*,user.avatarUrl,user.nickName FROM xcx_dynamic dynamic LEFT JOIN xcx_user user ON user.id = dynamic.uid  WHERE ( 1=1 ) ORDER BY dynamic.time desc LIMIT 0,20   [ RunTime:0.000363s ]
SQL: SHOW COLUMNS FROM `xcx_comment` [ RunTime:0.000687s ]
SQL: SHOW COLUMNS FROM `xcx_comment` [ RunTime:0.000792s ]
SQL: SELECT comment.id,comment.iid,comment.reply,comment.content,user.nickName FROM xcx_comment comment LEFT JOIN xcx_user user ON user.id = comment.uid  WHERE ( iid in (7,6,5,3,4,2,1) and type = "dynamic" ) ORDER BY comment.time desc  [ RunTime:0.000667s ]
NOTIC: [8] Undefined offset: 6 /data/wwwroot/xcx.codems.cn/Apps/Api/Controller/DynamicController.class.php 第 71 行.
NOTIC: [8] Undefined offset: 5 /data/wwwroot/xcx.codems.cn/Apps/Api/Controller/DynamicController.class.php 第 71 行.
NOTIC: [2] json_encode(): Invalid UTF-8 sequence in argument /data/wwwroot/xcx.codems.cn/Apps/Api/Controller/DynamicController.class.php 第 76 行.

[ 2017-05-15T15:06:33+08:00 ] 222.204.1.5 /api/user/login
INFO: [ app_begin ] --START--
INFO: Run Behavior\ReadHtmlCache [ RunTime:0.000067s ]
INFO: [ app_begin ] --END-- [ RunTime:0.000217s ]
SQL: SHOW COLUMNS FROM `xcx_user` [ RunTime:0.000544s ]
SQL: SELECT `id`,`avatarUrl`,`city`,`gender`,`nickName`,`province`,`county`,`phone`,`vehicle`,`name` FROM `xcx_user` WHERE ( id = "o0Jv50H2UUMf7oasVnbtZtBAwZ-U" or openid ="o0Jv50H2UUMf7oasVnbtZtBAwZ-U" ) LIMIT 1   [ RunTime:0.000823s ]
SQL: SELECT `id`,`avatarUrl`,`city`,`gender`,`nickName`,`province`,`county`,`phone`,`vehicle`,`name` FROM `xcx_user` WHERE ( id = "o0Jv50H2UUMf7oasVnbtZtBAwZ-U" or openid ="o0Jv50H2UUMf7oasVnbtZtBAwZ-U" ) LIMIT 1   [ RunTime:0.000319s ]

[ 2017-05-15T15:06:33+08:00 ] 222.204.1.5 /api/info/lists
INFO: [ app_begin ] --START--
INFO: Run Behavior\ReadHtmlCache [ RunTime:0.000073s ]
INFO: [ app_begin ] --END-- [ RunTime:0.000380s ]
SQL: SHOW COLUMNS FROM `xcx_info` [ RunTime:0.000799s ]
SQL: SHOW COLUMNS FROM `xcx_info` [ RunTime:0.000551s ]
SQL: SELECT info.*,user.avatarUrl FROM xcx_info info LEFT JOIN xcx_user user ON user.id = info.uid  WHERE ( info.status = 1 and info.time >= "1494831993" and info.date <= "2017-05-22" and info.departure like "%南昌市%" ) ORDER BY time asc LIMIT 0,20   [ RunTime:0.000507s ]

[ 2017-05-15T15:06:34+08:00 ] 222.204.1.5 /api/info/lists
INFO: [ app_begin ] --START--
INFO: Run Behavior\ReadHtmlCache [ RunTime:0.000062s ]
INFO: [ app_begin ] --END-- [ RunTime:0.000190s ]
SQL: SHOW COLUMNS FROM `xcx_info` [ RunTime:0.000694s ]
SQL: SHOW COLUMNS FROM `xcx_info` [ RunTime:0.000553s ]
SQL: SELECT info.*,user.avatarUrl FROM xcx_info info LEFT JOIN xcx_user user ON user.id = info.uid  WHERE ( info.status = 1 and info.time >= "1494831994" and info.date <= "2017-05-22" and info.departure like "%南昌市%" ) ORDER BY time asc LIMIT 20,20   [ RunTime:0.000503s ]

[ 2017-05-15T15:06:34+08:00 ] 222.204.1.5 /api/info/lists
INFO: [ app_begin ] --START--
INFO: Run Behavior\ReadHtmlCache [ RunTime:0.000061s ]
INFO: [ app_begin ] --END-- [ RunTime:0.000193s ]
SQL: SHOW COLUMNS FROM `xcx_info` [ RunTime:0.000638s ]
SQL: SHOW COLUMNS FROM `xcx_info` [ RunTime:0.001176s ]
SQL: SELECT info.*,user.avatarUrl FROM xcx_info info LEFT JOIN xcx_user user ON user.id = info.uid  WHERE ( info.status = 1 and info.time >= "1494831994" and info.date <= "2017-05-22" and info.departure like "%南昌市%" ) ORDER BY time asc LIMIT 0,20   [ RunTime:0.000506s ]

[ 2017-05-15T15:06:35+08:00 ] 222.204.1.5 /api/info/lists
INFO: [ app_begin ] --START--
INFO: Run Behavior\ReadHtmlCache [ RunTime:0.000053s ]
INFO: [ app_begin ] --END-- [ RunTime:0.000190s ]
SQL: SHOW COLUMNS FROM `xcx_info` [ RunTime:0.000647s ]
SQL: SHOW COLUMNS FROM `xcx_info` [ RunTime:0.000543s ]
SQL: SELECT info.*,user.avatarUrl FROM xcx_info info LEFT JOIN xcx_user user ON user.id = info.uid  WHERE ( info.status = 1 and info.time >= "1494831995" and info.date <= "2017-05-22" and info.departure like "%南昌市%" ) ORDER BY time asc LIMIT 0,20   [ RunTime:0.000454s ]

[ 2017-05-15T15:07:07+08:00 ] 222.204.1.5 /api/info/lists
INFO: [ app_begin ] --START--
INFO: Run Behavior\ReadHtmlCache [ RunTime:0.000105s ]
INFO: [ app_begin ] --END-- [ RunTime:0.000820s ]
SQL: SHOW COLUMNS FROM `xcx_info` [ RunTime:0.001734s ]
SQL: SHOW COLUMNS FROM `xcx_info` [ RunTime:0.000994s ]
SQL: SELECT info.*,user.avatarUrl FROM xcx_info info LEFT JOIN xcx_user user ON user.id = info.uid  WHERE ( info.status = 1 and info.time >= "1494832027" and info.date <= "2017-05-22" and info.departure like "%南昌市%" ) ORDER BY time asc LIMIT 0,20   [ RunTime:0.000856s ]

[ 2017-05-15T15:07:10+08:00 ] 222.204.1.5 /api/info/lists
INFO: [ app_begin ] --START--
INFO: Run Behavior\ReadHtmlCache [ RunTime:0.000099s ]
INFO: [ app_begin ] --END-- [ RunTime:0.000227s ]
SQL: SHOW COLUMNS FROM `xcx_info` [ RunTime:0.000688s ]
SQL: SHOW COLUMNS FROM `xcx_info` [ RunTime:0.000529s ]
SQL: SELECT info.*,user.avatarUrl FROM xcx_info info LEFT JOIN xcx_user user ON user.id = info.uid  WHERE ( info.status = 1 and info.time >= "1494832030" and info.date <= "2017-05-22" and info.departure like "%南昌市%" ) ORDER BY time asc LIMIT 0,20   [ RunTime:0.000462s ]

[ 2017-05-15T15:42:35+08:00 ] 222.204.1.5 /api/user/vaild_sk
INFO: [ app_begin ] --START--
INFO: Run Behavior\ReadHtmlCache [ RunTime:0.000059s ]
INFO: [ app_begin ] --END-- [ RunTime:0.000170s ]

[ 2017-05-15T15:42:35+08:00 ] 222.204.1.5 /api/info/lists
INFO: [ app_begin ] --START--
INFO: Run Behavior\ReadHtmlCache [ RunTime:0.000264s ]
INFO: [ app_begin ] --END-- [ RunTime:0.000418s ]
SQL: SHOW COLUMNS FROM `xcx_info` [ RunTime:0.001718s ]
SQL: SHOW COLUMNS FROM `xcx_info` [ RunTime:0.001164s ]
SQL: SELECT info.*,user.avatarUrl FROM xcx_info info LEFT JOIN xcx_user user ON user.id = info.uid  WHERE ( info.status = 1 and info.time >= "1494834155" and info.date <= "2017-05-22" and info.departure like "%南昌市%" ) ORDER BY time asc LIMIT 0,20   [ RunTime:0.000686s ]

[ 2017-05-15T15:42:36+08:00 ] 222.204.1.5 /api/info/lists
INFO: [ app_begin ] --START--
INFO: Run Behavior\ReadHtmlCache [ RunTime:0.000061s ]
INFO: [ app_begin ] --END-- [ RunTime:0.000190s ]
SQL: SHOW COLUMNS FROM `xcx_info` [ RunTime:0.000611s ]
SQL: SHOW COLUMNS FROM `xcx_info` [ RunTime:0.000642s ]
SQL: SELECT info.*,user.avatarUrl FROM xcx_info info LEFT JOIN xcx_user user ON user.id = info.uid  WHERE ( info.status = 1 and info.time >= "1494834156" and info.date <= "2017-05-22" and info.departure like "%南昌市%" ) ORDER BY time asc LIMIT 0,20   [ RunTime:0.000837s ]

[ 2017-05-15T15:42:36+08:00 ] 222.204.1.5 /api/info/lists
INFO: [ app_begin ] --START--
INFO: Run Behavior\ReadHtmlCache [ RunTime:0.000080s ]
INFO: [ app_begin ] --END-- [ RunTime:0.000295s ]
SQL: SHOW COLUMNS FROM `xcx_info` [ RunTime:0.000845s ]
SQL: SHOW COLUMNS FROM `xcx_info` [ RunTime:0.000796s ]
SQL: SELECT info.*,user.avatarUrl FROM xcx_info info LEFT JOIN xcx_user user ON user.id = info.uid  WHERE ( info.status = 1 and info.time >= "1494834156" and info.date <= "2017-05-22" and info.departure like "%南昌市%" ) ORDER BY time asc LIMIT 20,20   [ RunTime:0.000663s ]

[ 2017-05-15T15:42:39+08:00 ] 222.204.1.5 /api/info/lists
INFO: [ app_begin ] --START--
INFO: Run Behavior\ReadHtmlCache [ RunTime:0.000067s ]
INFO: [ app_begin ] --END-- [ RunTime:0.000193s ]
SQL: SHOW COLUMNS FROM `xcx_info` [ RunTime:0.001402s ]
SQL: SHOW COLUMNS FROM `xcx_info` [ RunTime:0.000628s ]
SQL: SELECT info.*,user.avatarUrl FROM xcx_info info LEFT JOIN xcx_user user ON user.id = info.uid  WHERE ( info.status = 1 and info.time >= "1494834159" and info.date <= "2017-05-22" and info.departure like "%南昌市%" ) ORDER BY time asc LIMIT 0,20   [ RunTime:0.001574s ]

[ 2017-05-15T15:42:40+08:00 ] 222.204.1.5 /api/dynamic/getlist
INFO: [ app_begin ] --START--
INFO: Run Behavior\ReadHtmlCache [ RunTime:0.000064s ]
INFO: [ app_begin ] --END-- [ RunTime:0.000197s ]
SQL: SHOW COLUMNS FROM `xcx_dynamic` [ RunTime:0.000605s ]
SQL: SHOW COLUMNS FROM `xcx_dynamic` [ RunTime:0.000813s ]
SQL: SELECT dynamic.*,user.avatarUrl,user.nickName FROM xcx_dynamic dynamic LEFT JOIN xcx_user user ON user.id = dynamic.uid  WHERE ( 1=1 ) ORDER BY dynamic.time desc LIMIT 0,20   [ RunTime:0.000156s ]
SQL: SHOW COLUMNS FROM `xcx_comment` [ RunTime:0.000441s ]
SQL: SHOW COLUMNS FROM `xcx_comment` [ RunTime:0.000595s ]
SQL: SELECT comment.id,comment.iid,comment.reply,comment.content,user.nickName FROM xcx_comment comment LEFT JOIN xcx_user user ON user.id = comment.uid  WHERE ( iid in (7,6,5,3,4,2,1) and type = "dynamic" ) ORDER BY comment.time desc  [ RunTime:0.000069s ]
NOTIC: [8] Undefined offset: 6 /data/wwwroot/xcx.codems.cn/Apps/Api/Controller/DynamicController.class.php 第 71 行.
NOTIC: [8] Undefined offset: 5 /data/wwwroot/xcx.codems.cn/Apps/Api/Controller/DynamicController.class.php 第 71 行.
NOTIC: [2] json_encode(): Invalid UTF-8 sequence in argument /data/wwwroot/xcx.codems.cn/Apps/Api/Controller/DynamicController.class.php 第 76 行.

[ 2017-05-15T15:42:41+08:00 ] 222.204.1.5 /api/msg/getall
INFO: [ app_begin ] --START--
INFO: Run Behavior\ReadHtmlCache [ RunTime:0.000082s ]
INFO: [ app_begin ] --END-- [ RunTime:0.000228s ]
NOTIC: [2048] Declaration of Api\Controller\MsgController::get() should be compatible with Think\Controller::get($name = '') /data/wwwroot/xcx.codems.cn/Apps/Api/Controller/MsgController.class.php 第 0 行.
SQL: SHOW COLUMNS FROM `xcx_user` [ RunTime:0.001199s ]
SQL: SELECT `id`,`avatarUrl`,`city`,`gender`,`nickName`,`province`,`county`,`phone`,`vehicle`,`name` FROM `xcx_user` WHERE ( id = "o0Jv50H2UUMf7oasVnbtZtBAwZ-U" or openid ="o0Jv50H2UUMf7oasVnbtZtBAwZ-U" ) LIMIT 1   [ RunTime:0.000377s ]
SQL: SHOW COLUMNS FROM `xcx_msg` [ RunTime:0.000504s ]
SQL: SELECT `type`,count(*) as count FROM `xcx_msg` WHERE ( `uid` = 10001 ) AND ( `see` = 0 ) GROUP BY type  [ RunTime:0.000065s ]

[ 2017-05-15T15:42:42+08:00 ] 222.204.1.5 /api/dynamic/getlist
INFO: [ app_begin ] --START--
INFO: Run Behavior\ReadHtmlCache [ RunTime:0.000064s ]
INFO: [ app_begin ] --END-- [ RunTime:0.000207s ]
SQL: SHOW COLUMNS FROM `xcx_dynamic` [ RunTime:0.000555s ]
SQL: SHOW COLUMNS FROM `xcx_dynamic` [ RunTime:0.000392s ]
SQL: SELECT dynamic.*,user.avatarUrl,user.nickName FROM xcx_dynamic dynamic LEFT JOIN xcx_user user ON user.id = dynamic.uid  WHERE ( 1=1 ) ORDER BY dynamic.time desc LIMIT 0,20   [ RunTime:0.000068s ]
SQL: SHOW COLUMNS FROM `xcx_comment` [ RunTime:0.000417s ]
SQL: SHOW COLUMNS FROM `xcx_comment` [ RunTime:0.000329s ]
SQL: SELECT comment.id,comment.iid,comment.reply,comment.content,user.nickName FROM xcx_comment comment LEFT JOIN xcx_user user ON user.id = comment.uid  WHERE ( iid in (7,6,5,3,4,2,1) and type = "dynamic" ) ORDER BY comment.time desc  [ RunTime:0.000074s ]
NOTIC: [8] Undefined offset: 6 /data/wwwroot/xcx.codems.cn/Apps/Api/Controller/DynamicController.class.php 第 71 行.
NOTIC: [8] Undefined offset: 5 /data/wwwroot/xcx.codems.cn/Apps/Api/Controller/DynamicController.class.php 第 71 行.
NOTIC: [2] json_encode(): Invalid UTF-8 sequence in argument /data/wwwroot/xcx.codems.cn/Apps/Api/Controller/DynamicController.class.php 第 76 行.

[ 2017-05-15T19:12:50+08:00 ] 183.60.88.4 /api/info/lists
INFO: [ app_begin ] --START--
INFO: Run Behavior\ReadHtmlCache [ RunTime:0.000072s ]
INFO: [ app_begin ] --END-- [ RunTime:0.000205s ]
SQL: SHOW COLUMNS FROM `xcx_info` [ RunTime:0.000820s ]
SQL: SHOW COLUMNS FROM `xcx_info` [ RunTime:0.000807s ]
SQL: SELECT info.*,user.avatarUrl FROM xcx_info info LEFT JOIN xcx_user user ON user.id = info.uid  WHERE ( info.status = 1 and info.time >= "1494846770" and info.date <= "2017-05-22" and info.departure like "%广州市%" ) ORDER BY time asc LIMIT 0,20   [ RunTime:0.001391s ]

[ 2017-05-15T19:12:54+08:00 ] 183.60.88.4 /api/user/login
INFO: [ app_begin ] --START--
INFO: Run Behavior\ReadHtmlCache [ RunTime:0.000080s ]
INFO: [ app_begin ] --END-- [ RunTime:0.000188s ]
SQL: SHOW COLUMNS FROM `xcx_user` [ RunTime:0.000564s ]
SQL: SELECT `id`,`avatarUrl`,`city`,`gender`,`nickName`,`province`,`county`,`phone`,`vehicle`,`name` FROM `xcx_user` WHERE ( id = "o0Jv50DhBUx24a32SogcI7NX7dd8" or openid ="o0Jv50DhBUx24a32SogcI7NX7dd8" ) LIMIT 1   [ RunTime:0.000249s ]
SQL: INSERT INTO `xcx_user` (`openId`,`nickName`,`gender`,`language`,`city`,`province`,`country`,`avatarUrl`) VALUES ('o0Jv50DhBUx24a32SogcI7NX7dd8','82583',0,'zh_CN','','','CN','http://wx.qlogo.cn/mmopen/vi_32/Q0j4TwGTfTJ6LgCSHxadcZLV8RKetX3yB5ibyFLTZYVyXib4HAkqCAGLJBMhOXcpiaYkAWRNfZnQKR3KgmdsBVrPA/0') [ RunTime:0.000469s ]
SQL: SELECT `id`,`avatarUrl`,`city`,`gender`,`nickName`,`province`,`county`,`phone`,`vehicle`,`name` FROM `xcx_user` WHERE ( id = "o0Jv50DhBUx24a32SogcI7NX7dd8" or openid ="o0Jv50DhBUx24a32SogcI7NX7dd8" ) LIMIT 1   [ RunTime:0.000313s ]

[ 2017-05-15T19:34:59+08:00 ] 207.46.13.142 /
INFO: [ app_begin ] --START--
INFO: Run Behavior\ReadHtmlCache [ RunTime:0.000121s ]
INFO: [ app_begin ] --END-- [ RunTime:0.000279s ]
INFO: [ app_end ] --START--
INFO: Run Behavior\ShowPageTrace [ RunTime:0.000092s ]
INFO: [ app_end ] --END-- [ RunTime:0.000164s ]

