[ 2017-06-03T08:50:28+08:00 ] 101.44.253.59 /
INFO: [ app_begin ] --START--
INFO: Run Behavior\ReadHtmlCache [ RunTime:0.001651s ]
INFO: [ app_begin ] --END-- [ RunTime:0.002914s ]
INFO: [ app_end ] --START--
INFO: Run Behavior\ShowPageTrace [ RunTime:0.001578s ]
INFO: [ app_end ] --END-- [ RunTime:0.001669s ]

[ 2017-06-03T09:04:39+08:00 ] 119.23.150.148 /
INFO: [ app_begin ] --START--
INFO: Run Behavior\ReadHtmlCache [ RunTime:0.000062s ]
INFO: [ app_begin ] --END-- [ RunTime:0.000169s ]
INFO: [ app_end ] --START--
INFO: Run Behavior\ShowPageTrace [ RunTime:0.000075s ]
INFO: [ app_end ] --END-- [ RunTime:0.000129s ]

[ 2017-06-03T12:12:49+08:00 ] 169.229.3.91 /
INFO: [ app_begin ] --START--
INFO: Run Behavior\ReadHtmlCache [ RunTime:0.000079s ]
INFO: [ app_begin ] --END-- [ RunTime:0.000227s ]
INFO: [ app_end ] --START--
INFO: Run Behavior\ShowPageTrace [ RunTime:0.000086s ]
INFO: [ app_end ] --END-- [ RunTime:0.000141s ]

[ 2017-06-03T18:54:22+08:00 ] 184.105.247.196 /
INFO: [ app_begin ] --START--
INFO: Run Behavior\ReadHtmlCache [ RunTime:0.000356s ]
INFO: [ app_begin ] --END-- [ RunTime:0.000530s ]
INFO: [ app_end ] --START--
INFO: Run Behavior\ShowPageTrace [ RunTime:0.000097s ]
INFO: [ app_end ] --END-- [ RunTime:0.000159s ]

