[ 2017-04-27T12:05:01+08:00 ] 59.53.29.213 /api/user/login
INFO: [ app_begin ] --START--
INFO: Run Behavior\ReadHtmlCache [ RunTime:0.000064s ]
INFO: [ app_begin ] --END-- [ RunTime:0.000195s ]

[ 2017-04-27T12:05:02+08:00 ] 59.53.29.213 /api/user/login
INFO: [ app_begin ] --START--
INFO: Run Behavior\ReadHtmlCache [ RunTime:0.000097s ]
INFO: [ app_begin ] --END-- [ RunTime:0.000232s ]

[ 2017-04-27T12:05:02+08:00 ] 59.53.29.213 /api/user/login
INFO: [ app_begin ] --START--
INFO: Run Behavior\ReadHtmlCache [ RunTime:0.000066s ]
INFO: [ app_begin ] --END-- [ RunTime:0.000190s ]

[ 2017-04-27T12:05:03+08:00 ] 59.53.29.213 /api/user/login
INFO: [ app_begin ] --START--
INFO: Run Behavior\ReadHtmlCache [ RunTime:0.000064s ]
INFO: [ app_begin ] --END-- [ RunTime:0.000182s ]

[ 2017-04-27T12:05:19+08:00 ] 59.53.29.213 /api/user/login
INFO: [ app_begin ] --START--
INFO: Run Behavior\ReadHtmlCache [ RunTime:0.000394s ]
INFO: [ app_begin ] --END-- [ RunTime:0.000577s ]

[ 2017-04-27T12:05:20+08:00 ] 59.53.29.213 /api/user/login
INFO: [ app_begin ] --START--
INFO: Run Behavior\ReadHtmlCache [ RunTime:0.000075s ]
INFO: [ app_begin ] --END-- [ RunTime:0.000212s ]

[ 2017-04-27T13:31:52+08:00 ] 59.53.29.213 /api/user/login
INFO: [ app_begin ] --START--
INFO: Run Behavior\ReadHtmlCache [ RunTime:0.000086s ]
INFO: [ app_begin ] --END-- [ RunTime:0.000276s ]
INFO: [ app_end ] --START--
INFO: Run Behavior\ShowPageTrace [ RunTime:0.000194s ]
INFO: [ app_end ] --END-- [ RunTime:0.000335s ]

[ 2017-04-27T13:35:14+08:00 ] 59.53.29.213 /api/user/login
INFO: [ app_begin ] --START--
INFO: Run Behavior\ReadHtmlCache [ RunTime:0.000062s ]
INFO: [ app_begin ] --END-- [ RunTime:0.000178s ]
INFO: [ app_end ] --START--
INFO: Run Behavior\ShowPageTrace [ RunTime:0.000095s ]
INFO: [ app_end ] --END-- [ RunTime:0.000181s ]

[ 2017-04-27T14:32:18+08:00 ] 59.53.29.213 /api/user/login
INFO: [ app_begin ] --START--
INFO: Run Behavior\ReadHtmlCache [ RunTime:0.000070s ]
INFO: [ app_begin ] --END-- [ RunTime:0.000183s ]
NOTIC: [8] Undefined index: openId /data/wwwroot/xcx.codems.cn/Apps/Api/Controller/UserController.class.php 第 10 行.
SQL: SHOW COLUMNS FROM `xcx_user` [ RunTime:0.000613s ]
SQL: SELECT * FROM `xcx_user` WHERE ( `openId` = null ) LIMIT 1   [ RunTime:0.000191s ]
SQL: INSERT INTO `xcx_user` (`openId`,`nickName`,`gender`,`language`,`city`,`province`,`country`,`avatarUrl`) VALUES ('o0Jv50H2UUMf7oasVnbtZtBAwZ-U','H。',1,'zh_CN','Jian','Jiangxi','CN','http://wx.qlogo.cn/mmopen/vi_32/DYAIOgq83erzRibxmbXZib375iceEdszYuicvhxYNxC495YzNhlEQtGyNCbrL67K5ibqWMhxicg8t97SiaFiaceicdCYLiag/0') [ RunTime:0.000216s ]
SQL: SELECT * FROM `xcx_user` WHERE ( `openId` = null ) LIMIT 1   [ RunTime:0.000148s ]
NOTIC: [8] Undefined index: openId /data/wwwroot/xcx.codems.cn/Apps/Api/Controller/UserController.class.php 第 20 行.

[ 2017-04-27T14:32:34+08:00 ] 59.53.29.213 /api/user/login
INFO: [ app_begin ] --START--
INFO: Run Behavior\ReadHtmlCache [ RunTime:0.000086s ]
INFO: [ app_begin ] --END-- [ RunTime:0.000263s ]
NOTIC: [8] Undefined index: openId /data/wwwroot/xcx.codems.cn/Apps/Api/Controller/UserController.class.php 第 10 行.
SQL: SHOW COLUMNS FROM `xcx_user` [ RunTime:0.000857s ]
SQL: SELECT * FROM `xcx_user` WHERE ( `openId` = null ) LIMIT 1   [ RunTime:0.000072s ]
SQL: INSERT INTO `xcx_user` (`openId`,`nickName`,`gender`,`language`,`city`,`province`,`country`,`avatarUrl`) VALUES ('o0Jv50H2UUMf7oasVnbtZtBAwZ-U','H。',1,'zh_CN','Jian','Jiangxi','CN','http://wx.qlogo.cn/mmopen/vi_32/DYAIOgq83erzRibxmbXZib375iceEdszYuicvhxYNxC495YzNhlEQtGyNCbrL67K5ibqWMhxicg8t97SiaFiaceicdCYLiag/0') [ RunTime:0.000590s ]
SQL: SELECT * FROM `xcx_user` WHERE ( `openId` = null ) LIMIT 1   [ RunTime:0.000235s ]
NOTIC: [8] Undefined index: openId /data/wwwroot/xcx.codems.cn/Apps/Api/Controller/UserController.class.php 第 20 行.

[ 2017-04-27T14:32:38+08:00 ] 59.53.29.213 /api/user/login
INFO: [ app_begin ] --START--
INFO: Run Behavior\ReadHtmlCache [ RunTime:0.000069s ]
INFO: [ app_begin ] --END-- [ RunTime:0.000185s ]
NOTIC: [8] Undefined index: openId /data/wwwroot/xcx.codems.cn/Apps/Api/Controller/UserController.class.php 第 10 行.
SQL: SHOW COLUMNS FROM `xcx_user` [ RunTime:0.000550s ]
SQL: SELECT * FROM `xcx_user` WHERE ( `openId` = null ) LIMIT 1   [ RunTime:0.000072s ]
SQL: INSERT INTO `xcx_user` (`openId`,`nickName`,`gender`,`language`,`city`,`province`,`country`,`avatarUrl`) VALUES ('o0Jv50H2UUMf7oasVnbtZtBAwZ-U','H。',1,'zh_CN','Jian','Jiangxi','CN','http://wx.qlogo.cn/mmopen/vi_32/DYAIOgq83erzRibxmbXZib375iceEdszYuicvhxYNxC495YzNhlEQtGyNCbrL67K5ibqWMhxicg8t97SiaFiaceicdCYLiag/0') [ RunTime:0.000174s ]
SQL: SELECT * FROM `xcx_user` WHERE ( `openId` = null ) LIMIT 1   [ RunTime:0.000168s ]
NOTIC: [8] Undefined index: openId /data/wwwroot/xcx.codems.cn/Apps/Api/Controller/UserController.class.php 第 20 行.

[ 2017-04-27T14:39:39+08:00 ] 59.53.29.213 /api/user/login
INFO: [ app_begin ] --START--
INFO: Run Behavior\ReadHtmlCache [ RunTime:0.000112s ]
INFO: [ app_begin ] --END-- [ RunTime:0.000267s ]
NOTIC: [8] Undefined index: openId /data/wwwroot/xcx.codems.cn/Apps/Api/Controller/UserController.class.php 第 10 行.
SQL: SHOW COLUMNS FROM `xcx_user` [ RunTime:0.000463s ]
SQL: SELECT * FROM `xcx_user` WHERE ( `openId` = null ) LIMIT 1   [ RunTime:0.000068s ]

[ 2017-04-27T14:40:02+08:00 ] 59.53.29.213 /api/user/login
INFO: [ app_begin ] --START--
INFO: Run Behavior\ReadHtmlCache [ RunTime:0.000074s ]
INFO: [ app_begin ] --END-- [ RunTime:0.000235s ]
NOTIC: [8] Undefined index: openId /data/wwwroot/xcx.codems.cn/Apps/Api/Controller/UserController.class.php 第 10 行.
SQL: SHOW COLUMNS FROM `xcx_user` [ RunTime:0.000587s ]
SQL: SELECT * FROM `xcx_user` WHERE ( `openId` = null ) LIMIT 1   [ RunTime:0.000071s ]

[ 2017-04-27T14:40:26+08:00 ] 59.53.29.213 /api/user/login
INFO: [ app_begin ] --START--
INFO: Run Behavior\ReadHtmlCache [ RunTime:0.000062s ]
INFO: [ app_begin ] --END-- [ RunTime:0.000163s ]
NOTIC: [8] Undefined index: openId /data/wwwroot/xcx.codems.cn/Apps/Api/Controller/UserController.class.php 第 10 行.
SQL: SHOW COLUMNS FROM `xcx_user` [ RunTime:0.000561s ]
SQL: SELECT * FROM `xcx_user` WHERE ( `openId` = null ) LIMIT 1   [ RunTime:0.000069s ]

[ 2017-04-27T14:40:46+08:00 ] 59.53.29.213 /api/user/login
INFO: [ app_begin ] --START--
INFO: Run Behavior\ReadHtmlCache [ RunTime:0.000087s ]
INFO: [ app_begin ] --END-- [ RunTime:0.000307s ]
NOTIC: [8] Undefined index: openId /data/wwwroot/xcx.codems.cn/Apps/Api/Controller/UserController.class.php 第 10 行.
SQL: SHOW COLUMNS FROM `xcx_user` [ RunTime:0.000639s ]
SQL: SELECT * FROM `xcx_user` WHERE ( `openId` = null ) LIMIT 1   [ RunTime:0.000154s ]

[ 2017-04-27T14:41:58+08:00 ] 59.53.29.213 /api/user/login
INFO: [ app_begin ] --START--
INFO: Run Behavior\ReadHtmlCache [ RunTime:0.000083s ]
INFO: [ app_begin ] --END-- [ RunTime:0.000228s ]
NOTIC: [8] Undefined index: openId /data/wwwroot/xcx.codems.cn/Apps/Api/Controller/UserController.class.php 第 10 行.
SQL: SHOW COLUMNS FROM `xcx_user` [ RunTime:0.000817s ]
SQL: SELECT * FROM `xcx_user` WHERE ( `openId` = null ) LIMIT 1   [ RunTime:0.000125s ]

[ 2017-04-27T14:43:14+08:00 ] 59.53.29.213 /api/user/login
INFO: [ app_begin ] --START--
INFO: Run Behavior\ReadHtmlCache [ RunTime:0.000093s ]
INFO: [ app_begin ] --END-- [ RunTime:0.000470s ]
SQL: SHOW COLUMNS FROM `xcx_user` [ RunTime:0.000764s ]
SQL: SELECT * FROM `xcx_user` WHERE ( `openId` = 'o0Jv50H2UUMf7oasVnbtZtBAwZ-U' ) LIMIT 1   [ RunTime:0.000188s ]
SQL: INSERT INTO `xcx_user` (`openId`,`nickName`,`gender`,`language`,`city`,`province`,`country`,`avatarUrl`) VALUES ('o0Jv50H2UUMf7oasVnbtZtBAwZ-U','H。',1,'zh_CN','Jian','Jiangxi','CN','http://wx.qlogo.cn/mmopen/vi_32/DYAIOgq83erzRibxmbXZib375iceEdszYuicvhxYNxC495YzNhlEQtGyNCbrL67K5ibqWMhxicg8t97SiaFiaceicdCYLiag/0') [ RunTime:0.000291s ]
SQL: SELECT * FROM `xcx_user` WHERE ( `openId` = 'o0Jv50H2UUMf7oasVnbtZtBAwZ-U' ) LIMIT 1   [ RunTime:0.002972s ]

[ 2017-04-27T14:47:06+08:00 ] 59.53.29.213 /api/user/login
INFO: [ app_begin ] --START--
INFO: Run Behavior\ReadHtmlCache [ RunTime:0.000086s ]
INFO: [ app_begin ] --END-- [ RunTime:0.001681s ]
SQL: SHOW COLUMNS FROM `xcx_user` [ RunTime:0.000506s ]
SQL: SELECT * FROM `xcx_user` WHERE ( `openId` = 'o0Jv50H2UUMf7oasVnbtZtBAwZ-U' ) LIMIT 1   [ RunTime:0.000461s ]
SQL: INSERT INTO `xcx_user` (`openId`,`nickName`,`gender`,`language`,`city`,`province`,`country`,`avatarUrl`) VALUES ('o0Jv50H2UUMf7oasVnbtZtBAwZ-U','H。',1,'zh_CN','Jian','Jiangxi','CN','http://wx.qlogo.cn/mmopen/vi_32/DYAIOgq83erzRibxmbXZib375iceEdszYuicvhxYNxC495YzNhlEQtGyNCbrL67K5ibqWMhxicg8t97SiaFiaceicdCYLiag/0') [ RunTime:0.000205s ]
SQL: SELECT * FROM `xcx_user` WHERE ( `openId` = 'o0Jv50H2UUMf7oasVnbtZtBAwZ-U' ) LIMIT 1   [ RunTime:0.000134s ]

[ 2017-04-27T14:47:22+08:00 ] 59.53.29.213 /api/user/login
INFO: [ app_begin ] --START--
INFO: Run Behavior\ReadHtmlCache [ RunTime:0.000123s ]
INFO: [ app_begin ] --END-- [ RunTime:0.002907s ]
SQL: SHOW COLUMNS FROM `xcx_user` [ RunTime:0.000850s ]
SQL: SELECT * FROM `xcx_user` WHERE ( `openId` = 'o0Jv50H2UUMf7oasVnbtZtBAwZ-U' ) LIMIT 1   [ RunTime:0.000089s ]
SQL: SELECT * FROM `xcx_user` WHERE ( `openId` = 'o0Jv50H2UUMf7oasVnbtZtBAwZ-U' ) LIMIT 1   [ RunTime:0.000466s ]

[ 2017-04-27T14:47:31+08:00 ] 59.53.29.213 /api/user/login
INFO: [ app_begin ] --START--
INFO: Run Behavior\ReadHtmlCache [ RunTime:0.000077s ]
INFO: [ app_begin ] --END-- [ RunTime:0.000236s ]
SQL: SHOW COLUMNS FROM `xcx_user` [ RunTime:0.000566s ]
SQL: SELECT * FROM `xcx_user` WHERE ( `openId` = 'o0Jv50H2UUMf7oasVnbtZtBAwZ-U' ) LIMIT 1   [ RunTime:0.000077s ]
SQL: SELECT * FROM `xcx_user` WHERE ( `openId` = 'o0Jv50H2UUMf7oasVnbtZtBAwZ-U' ) LIMIT 1   [ RunTime:0.000063s ]

[ 2017-04-27T14:48:41+08:00 ] 59.53.29.213 /api/user/login
INFO: [ app_begin ] --START--
INFO: Run Behavior\ReadHtmlCache [ RunTime:0.000106s ]
INFO: [ app_begin ] --END-- [ RunTime:0.000398s ]
SQL: SHOW COLUMNS FROM `xcx_user` [ RunTime:0.001081s ]
SQL: SELECT * FROM `xcx_user` WHERE ( `openId` = 'o0Jv50H2UUMf7oasVnbtZtBAwZ-U' ) LIMIT 1   [ RunTime:0.000099s ]
SQL: SELECT * FROM `xcx_user` WHERE ( `openId` = 'o0Jv50H2UUMf7oasVnbtZtBAwZ-U' ) LIMIT 1   [ RunTime:0.000188s ]

[ 2017-04-27T15:02:08+08:00 ] 59.53.29.213 /api/user/login
INFO: [ app_begin ] --START--
INFO: Run Behavior\ReadHtmlCache [ RunTime:0.005731s ]
INFO: [ app_begin ] --END-- [ RunTime:0.005944s ]
SQL: SHOW COLUMNS FROM `xcx_user` [ RunTime:0.000566s ]
SQL: SELECT * FROM `xcx_user` WHERE ( `openId` = 'o0Jv50H2UUMf7oasVnbtZtBAwZ-U' ) LIMIT 1   [ RunTime:0.000082s ]
SQL: SELECT * FROM `xcx_user` WHERE ( `openId` = 'o0Jv50H2UUMf7oasVnbtZtBAwZ-U' ) LIMIT 1   [ RunTime:0.000067s ]

[ 2017-04-27T15:25:56+08:00 ] 180.97.106.37 /
INFO: [ app_begin ] --START--
INFO: Run Behavior\ReadHtmlCache [ RunTime:0.000070s ]
INFO: [ app_begin ] --END-- [ RunTime:0.000193s ]
INFO: [ app_end ] --START--
INFO: Run Behavior\ShowPageTrace [ RunTime:0.000084s ]
INFO: [ app_end ] --END-- [ RunTime:0.000164s ]

[ 2017-04-27T15:26:18+08:00 ] 180.97.106.37 /
INFO: [ app_begin ] --START--
INFO: Run Behavior\ReadHtmlCache [ RunTime:0.000127s ]
INFO: [ app_begin ] --END-- [ RunTime:0.000257s ]
INFO: [ app_end ] --START--
INFO: Run Behavior\ShowPageTrace [ RunTime:0.000104s ]
INFO: [ app_end ] --END-- [ RunTime:0.000172s ]

[ 2017-04-27T16:45:51+08:00 ] 59.53.29.213 /api/upload
INFO: [ app_begin ] --START--
INFO: Run Behavior\ReadHtmlCache [ RunTime:0.000096s ]
INFO: [ app_begin ] --END-- [ RunTime:0.000295s ]
INFO: [ app_end ] --START--
INFO: Run Behavior\ShowPageTrace [ RunTime:0.000087s ]
INFO: [ app_end ] --END-- [ RunTime:0.000148s ]

[ 2017-04-27T16:48:55+08:00 ] 59.53.29.213 /api/user/login
INFO: [ app_begin ] --START--
INFO: Run Behavior\ReadHtmlCache [ RunTime:0.000080s ]
INFO: [ app_begin ] --END-- [ RunTime:0.000257s ]
SQL: SHOW COLUMNS FROM `xcx_user` [ RunTime:0.000709s ]
SQL: SELECT * FROM `xcx_user` WHERE ( `openId` = 'o0Jv50H2UUMf7oasVnbtZtBAwZ-U' ) LIMIT 1   [ RunTime:0.000102s ]
SQL: SELECT * FROM `xcx_user` WHERE ( `openId` = 'o0Jv50H2UUMf7oasVnbtZtBAwZ-U' ) LIMIT 1   [ RunTime:0.000062s ]

[ 2017-04-27T16:49:04+08:00 ] 59.53.29.213 /api/upload
INFO: [ app_begin ] --START--
INFO: Run Behavior\ReadHtmlCache [ RunTime:0.000081s ]
INFO: [ app_begin ] --END-- [ RunTime:0.000249s ]
INFO: [ app_end ] --START--
INFO: Run Behavior\ShowPageTrace [ RunTime:0.000080s ]
INFO: [ app_end ] --END-- [ RunTime:0.000132s ]

[ 2017-04-27T16:49:13+08:00 ] 59.53.29.213 /api/upload
INFO: [ app_begin ] --START--
INFO: Run Behavior\ReadHtmlCache [ RunTime:0.000113s ]
INFO: [ app_begin ] --END-- [ RunTime:0.000285s ]
INFO: [ app_end ] --START--
INFO: Run Behavior\ShowPageTrace [ RunTime:0.000094s ]
INFO: [ app_end ] --END-- [ RunTime:0.000176s ]

[ 2017-04-27T16:54:08+08:00 ] 59.53.29.213 /api/upload
INFO: [ app_begin ] --START--
INFO: Run Behavior\ReadHtmlCache [ RunTime:0.000075s ]
INFO: [ app_begin ] --END-- [ RunTime:0.000221s ]
INFO: [ app_end ] --START--
INFO: Run Behavior\ShowPageTrace [ RunTime:0.000090s ]
INFO: [ app_end ] --END-- [ RunTime:0.000171s ]

[ 2017-04-27T16:54:32+08:00 ] 59.53.29.213 /api/upload
INFO: [ app_begin ] --START--
INFO: Run Behavior\ReadHtmlCache [ RunTime:0.000053s ]
INFO: [ app_begin ] --END-- [ RunTime:0.000216s ]
INFO: [ app_end ] --START--
INFO: Run Behavior\ShowPageTrace [ RunTime:0.000057s ]
INFO: [ app_end ] --END-- [ RunTime:0.000103s ]

[ 2017-04-27T16:55:25+08:00 ] 59.53.29.213 /api/upload
INFO: [ app_begin ] --START--
INFO: Run Behavior\ReadHtmlCache [ RunTime:0.000087s ]
INFO: [ app_begin ] --END-- [ RunTime:0.000233s ]
INFO: [ app_end ] --START--
INFO: Run Behavior\ShowPageTrace [ RunTime:0.000099s ]
INFO: [ app_end ] --END-- [ RunTime:0.000157s ]

[ 2017-04-27T16:56:30+08:00 ] 59.53.29.213 /api/upload
INFO: [ app_begin ] --START--
INFO: Run Behavior\ReadHtmlCache [ RunTime:0.000074s ]
INFO: [ app_begin ] --END-- [ RunTime:0.000269s ]
INFO: [ app_end ] --START--
INFO: Run Behavior\ShowPageTrace [ RunTime:0.000086s ]
INFO: [ app_end ] --END-- [ RunTime:0.000141s ]

[ 2017-04-27T16:57:31+08:00 ] 59.53.29.213 /api/upload
INFO: [ app_begin ] --START--
INFO: Run Behavior\ReadHtmlCache [ RunTime:0.000084s ]
INFO: [ app_begin ] --END-- [ RunTime:0.000191s ]
INFO: [ app_end ] --START--
INFO: Run Behavior\ShowPageTrace [ RunTime:0.000065s ]
INFO: [ app_end ] --END-- [ RunTime:0.000105s ]

[ 2017-04-27T16:58:48+08:00 ] 59.53.29.213 /api/upload
INFO: [ app_begin ] --START--
INFO: Run Behavior\ReadHtmlCache [ RunTime:0.000103s ]
INFO: [ app_begin ] --END-- [ RunTime:0.000263s ]
INFO: [ app_end ] --START--
INFO: Run Behavior\ShowPageTrace [ RunTime:0.000111s ]
INFO: [ app_end ] --END-- [ RunTime:0.000180s ]

[ 2017-04-27T16:58:48+08:00 ] 59.53.29.213 /api/upload
INFO: [ app_begin ] --START--
INFO: Run Behavior\ReadHtmlCache [ RunTime:0.000080s ]
INFO: [ app_begin ] --END-- [ RunTime:0.000229s ]
INFO: [ app_end ] --START--
INFO: Run Behavior\ShowPageTrace [ RunTime:0.000072s ]
INFO: [ app_end ] --END-- [ RunTime:0.000134s ]

[ 2017-04-27T16:59:00+08:00 ] 59.53.29.213 /api/upload
INFO: [ app_begin ] --START--
INFO: Run Behavior\ReadHtmlCache [ RunTime:0.000091s ]
INFO: [ app_begin ] --END-- [ RunTime:0.000221s ]
INFO: [ app_end ] --START--
INFO: Run Behavior\ShowPageTrace [ RunTime:0.000065s ]
INFO: [ app_end ] --END-- [ RunTime:0.000121s ]

[ 2017-04-27T17:00:09+08:00 ] 59.53.29.213 /api/upload
INFO: [ app_begin ] --START--
INFO: Run Behavior\ReadHtmlCache [ RunTime:0.000462s ]
INFO: [ app_begin ] --END-- [ RunTime:0.000638s ]
INFO: [ app_end ] --START--
INFO: Run Behavior\ShowPageTrace [ RunTime:0.000117s ]
INFO: [ app_end ] --END-- [ RunTime:0.000424s ]

[ 2017-04-27T17:02:22+08:00 ] 59.53.29.213 /api/user/login
INFO: [ app_begin ] --START--
INFO: Run Behavior\ReadHtmlCache [ RunTime:0.000061s ]
INFO: [ app_begin ] --END-- [ RunTime:0.000181s ]
SQL: SHOW COLUMNS FROM `xcx_user` [ RunTime:0.000504s ]
SQL: SELECT * FROM `xcx_user` WHERE ( `openId` = 'o0Jv50H2UUMf7oasVnbtZtBAwZ-U' ) LIMIT 1   [ RunTime:0.000077s ]
SQL: SELECT * FROM `xcx_user` WHERE ( `openId` = 'o0Jv50H2UUMf7oasVnbtZtBAwZ-U' ) LIMIT 1   [ RunTime:0.000077s ]

[ 2017-04-27T17:03:30+08:00 ] 59.53.29.213 /api/user/login
INFO: [ app_begin ] --START--
INFO: Run Behavior\ReadHtmlCache [ RunTime:0.000085s ]
INFO: [ app_begin ] --END-- [ RunTime:0.000228s ]
SQL: SHOW COLUMNS FROM `xcx_user` [ RunTime:0.000599s ]
SQL: SELECT * FROM `xcx_user` WHERE ( `openId` = 'o0Jv50H2UUMf7oasVnbtZtBAwZ-U' ) LIMIT 1   [ RunTime:0.000200s ]
SQL: SELECT * FROM `xcx_user` WHERE ( `openId` = 'o0Jv50H2UUMf7oasVnbtZtBAwZ-U' ) LIMIT 1   [ RunTime:0.000067s ]

[ 2017-04-27T17:03:53+08:00 ] 59.53.29.213 /api/upload
INFO: [ app_begin ] --START--
INFO: Run Behavior\ReadHtmlCache [ RunTime:0.000068s ]
INFO: [ app_begin ] --END-- [ RunTime:0.000201s ]
INFO: [ app_end ] --START--
INFO: Run Behavior\ShowPageTrace [ RunTime:0.000076s ]
INFO: [ app_end ] --END-- [ RunTime:0.000129s ]

[ 2017-04-27T17:09:10+08:00 ] 59.53.29.213 /api/upload
INFO: [ app_begin ] --START--
INFO: Run Behavior\ReadHtmlCache [ RunTime:0.000080s ]
INFO: [ app_begin ] --END-- [ RunTime:0.000243s ]
NOTIC: [8] Undefined variable: _FILE /data/wwwroot/xcx.codems.cn/Apps/Api/Controller/UploadController.class.php 第 8 行.
INFO: [ app_end ] --START--
INFO: Run Behavior\ShowPageTrace [ RunTime:0.000091s ]
INFO: [ app_end ] --END-- [ RunTime:0.000153s ]

[ 2017-04-27T17:09:37+08:00 ] 59.53.29.213 /api/upload
INFO: [ app_begin ] --START--
INFO: Run Behavior\ReadHtmlCache [ RunTime:0.000071s ]
INFO: [ app_begin ] --END-- [ RunTime:0.000207s ]
NOTIC: [8] Undefined variable: _FILE /data/wwwroot/xcx.codems.cn/Apps/Api/Controller/UploadController.class.php 第 8 行.
INFO: [ app_end ] --START--
INFO: Run Behavior\ShowPageTrace [ RunTime:0.000070s ]
INFO: [ app_end ] --END-- [ RunTime:0.000143s ]

[ 2017-04-27T17:09:54+08:00 ] 59.53.29.213 /api/upload
INFO: [ app_begin ] --START--
INFO: Run Behavior\ReadHtmlCache [ RunTime:0.000058s ]
INFO: [ app_begin ] --END-- [ RunTime:0.000155s ]
NOTIC: [8] Undefined variable: _FILE /data/wwwroot/xcx.codems.cn/Apps/Api/Controller/UploadController.class.php 第 8 行.
INFO: [ app_end ] --START--
INFO: Run Behavior\ShowPageTrace [ RunTime:0.000096s ]
INFO: [ app_end ] --END-- [ RunTime:0.000136s ]

[ 2017-04-27T17:09:55+08:00 ] 59.53.29.213 /api/upload
INFO: [ app_begin ] --START--
INFO: Run Behavior\ReadHtmlCache [ RunTime:0.000064s ]
INFO: [ app_begin ] --END-- [ RunTime:0.000180s ]
NOTIC: [8] Undefined variable: _FILE /data/wwwroot/xcx.codems.cn/Apps/Api/Controller/UploadController.class.php 第 8 行.
INFO: [ app_end ] --START--
INFO: Run Behavior\ShowPageTrace [ RunTime:0.000082s ]
INFO: [ app_end ] --END-- [ RunTime:0.000130s ]

[ 2017-04-27T17:09:56+08:00 ] 59.53.29.213 /api/upload
INFO: [ app_begin ] --START--
INFO: Run Behavior\ReadHtmlCache [ RunTime:0.000074s ]
INFO: [ app_begin ] --END-- [ RunTime:0.000218s ]
NOTIC: [8] Undefined variable: _FILE /data/wwwroot/xcx.codems.cn/Apps/Api/Controller/UploadController.class.php 第 8 行.
INFO: [ app_end ] --START--
INFO: Run Behavior\ShowPageTrace [ RunTime:0.000074s ]
INFO: [ app_end ] --END-- [ RunTime:0.000134s ]

[ 2017-04-27T17:09:57+08:00 ] 59.53.29.213 /api/upload
INFO: [ app_begin ] --START--
INFO: Run Behavior\ReadHtmlCache [ RunTime:0.000086s ]
INFO: [ app_begin ] --END-- [ RunTime:0.000310s ]
NOTIC: [8] Undefined variable: _FILE /data/wwwroot/xcx.codems.cn/Apps/Api/Controller/UploadController.class.php 第 8 行.
INFO: [ app_end ] --START--
INFO: Run Behavior\ShowPageTrace [ RunTime:0.000070s ]
INFO: [ app_end ] --END-- [ RunTime:0.000118s ]

[ 2017-04-27T17:10:06+08:00 ] 59.53.29.213 /api/upload
INFO: [ app_begin ] --START--
INFO: Run Behavior\ReadHtmlCache [ RunTime:0.000056s ]
INFO: [ app_begin ] --END-- [ RunTime:0.000172s ]
NOTIC: [8] Undefined variable: _FILE /data/wwwroot/xcx.codems.cn/Apps/Api/Controller/UploadController.class.php 第 8 行.
INFO: [ app_end ] --START--
INFO: Run Behavior\ShowPageTrace [ RunTime:0.000061s ]
INFO: [ app_end ] --END-- [ RunTime:0.000106s ]

[ 2017-04-27T17:10:34+08:00 ] 59.53.29.213 /api/upload
INFO: [ app_begin ] --START--
INFO: Run Behavior\ReadHtmlCache [ RunTime:0.000057s ]
INFO: [ app_begin ] --END-- [ RunTime:0.000203s ]
NOTIC: [2] call_user_func() expects parameter 1 to be a valid callback, no array or string given /data/wwwroot/xcx.codems.cn/include/ThinkPHP/Library/Think/Upload.class.php 第 167 行.
NOTIC: [8] Array to string conversion /data/wwwroot/xcx.codems.cn/Apps/Api/Controller/UploadController.class.php 第 18 行.

[ 2017-04-27T17:11:02+08:00 ] 59.53.29.213 /api/upload
INFO: [ app_begin ] --START--
INFO: Run Behavior\ReadHtmlCache [ RunTime:0.000079s ]
INFO: [ app_begin ] --END-- [ RunTime:0.000228s ]

[ 2017-04-27T17:11:03+08:00 ] 59.53.29.213 /api/upload
INFO: [ app_begin ] --START--
INFO: Run Behavior\ReadHtmlCache [ RunTime:0.000072s ]
INFO: [ app_begin ] --END-- [ RunTime:0.000206s ]

[ 2017-04-27T17:11:15+08:00 ] 59.53.29.213 /api/upload
INFO: [ app_begin ] --START--
INFO: Run Behavior\ReadHtmlCache [ RunTime:0.000070s ]
INFO: [ app_begin ] --END-- [ RunTime:0.000206s ]
NOTIC: [2] call_user_func() expects parameter 1 to be a valid callback, no array or string given /data/wwwroot/xcx.codems.cn/include/ThinkPHP/Library/Think/Upload.class.php 第 167 行.
NOTIC: [8] Array to string conversion /data/wwwroot/xcx.codems.cn/Apps/Api/Controller/UploadController.class.php 第 18 行.

[ 2017-04-27T17:11:31+08:00 ] 59.53.29.213 /api/upload
INFO: [ app_begin ] --START--
INFO: Run Behavior\ReadHtmlCache [ RunTime:0.000046s ]
INFO: [ app_begin ] --END-- [ RunTime:0.000143s ]
NOTIC: [2] call_user_func() expects parameter 1 to be a valid callback, no array or string given /data/wwwroot/xcx.codems.cn/include/ThinkPHP/Library/Think/Upload.class.php 第 167 行.
NOTIC: [8] Array to string conversion /data/wwwroot/xcx.codems.cn/Apps/Api/Controller/UploadController.class.php 第 18 行.

[ 2017-04-27T17:12:05+08:00 ] 59.53.29.213 /api/upload
INFO: [ app_begin ] --START--
INFO: Run Behavior\ReadHtmlCache [ RunTime:0.000098s ]
INFO: [ app_begin ] --END-- [ RunTime:0.000619s ]
NOTIC: [2] call_user_func() expects parameter 1 to be a valid callback, no array or string given /data/wwwroot/xcx.codems.cn/include/ThinkPHP/Library/Think/Upload.class.php 第 167 行.
INFO: [ app_end ] --START--
INFO: Run Behavior\ShowPageTrace [ RunTime:0.000083s ]
INFO: [ app_end ] --END-- [ RunTime:0.000149s ]

[ 2017-04-27T17:13:37+08:00 ] 59.53.29.213 /api/upload
INFO: [ app_begin ] --START--
INFO: Run Behavior\ReadHtmlCache [ RunTime:0.000075s ]
INFO: [ app_begin ] --END-- [ RunTime:0.000219s ]
INFO: [ app_end ] --START--
INFO: Run Behavior\ShowPageTrace [ RunTime:0.000083s ]
INFO: [ app_end ] --END-- [ RunTime:0.000155s ]

[ 2017-04-27T17:16:41+08:00 ] 59.53.29.213 /api/upload
INFO: [ app_begin ] --START--
INFO: Run Behavior\ReadHtmlCache [ RunTime:0.000071s ]
INFO: [ app_begin ] --END-- [ RunTime:0.000203s ]
NOTIC: [2] call_user_func() expects parameter 1 to be a valid callback, no array or string given /data/wwwroot/xcx.codems.cn/include/ThinkPHP/Library/Think/Upload.class.php 第 167 行.
NOTIC: [8] Undefined index: savepath /data/wwwroot/xcx.codems.cn/Apps/Api/Controller/UploadController.class.php 第 21 行.
NOTIC: [8] Undefined index: savename /data/wwwroot/xcx.codems.cn/Apps/Api/Controller/UploadController.class.php 第 21 行.

[ 2017-04-27T17:17:15+08:00 ] 59.53.29.213 /api/upload
INFO: [ app_begin ] --START--
INFO: Run Behavior\ReadHtmlCache [ RunTime:0.000080s ]
INFO: [ app_begin ] --END-- [ RunTime:0.000245s ]
NOTIC: [2] call_user_func() expects parameter 1 to be a valid callback, no array or string given /data/wwwroot/xcx.codems.cn/include/ThinkPHP/Library/Think/Upload.class.php 第 167 行.
NOTIC: [8] Undefined index: savepath /data/wwwroot/xcx.codems.cn/Apps/Api/Controller/UploadController.class.php 第 21 行.
NOTIC: [8] Undefined index: savename /data/wwwroot/xcx.codems.cn/Apps/Api/Controller/UploadController.class.php 第 21 行.

[ 2017-04-27T17:17:31+08:00 ] 59.53.29.213 /api/upload
INFO: [ app_begin ] --START--
INFO: Run Behavior\ReadHtmlCache [ RunTime:0.000077s ]
INFO: [ app_begin ] --END-- [ RunTime:0.000238s ]

[ 2017-04-27T17:17:33+08:00 ] 59.53.29.213 /api/upload
INFO: [ app_begin ] --START--
INFO: Run Behavior\ReadHtmlCache [ RunTime:0.000079s ]
INFO: [ app_begin ] --END-- [ RunTime:0.000241s ]

[ 2017-04-27T17:17:39+08:00 ] 59.53.29.213 /api/upload
INFO: [ app_begin ] --START--
INFO: Run Behavior\ReadHtmlCache [ RunTime:0.000078s ]
INFO: [ app_begin ] --END-- [ RunTime:0.000242s ]
NOTIC: [2] call_user_func() expects parameter 1 to be a valid callback, no array or string given /data/wwwroot/xcx.codems.cn/include/ThinkPHP/Library/Think/Upload.class.php 第 167 行.
NOTIC: [8] Undefined index: savepath /data/wwwroot/xcx.codems.cn/Apps/Api/Controller/UploadController.class.php 第 21 行.
NOTIC: [8] Undefined index: savename /data/wwwroot/xcx.codems.cn/Apps/Api/Controller/UploadController.class.php 第 21 行.

[ 2017-04-27T17:19:24+08:00 ] 59.53.29.213 /api/upload
INFO: [ app_begin ] --START--
INFO: Run Behavior\ReadHtmlCache [ RunTime:0.000074s ]
INFO: [ app_begin ] --END-- [ RunTime:0.000216s ]
NOTIC: [2] call_user_func() expects parameter 1 to be a valid callback, no array or string given /data/wwwroot/xcx.codems.cn/include/ThinkPHP/Library/Think/Upload.class.php 第 167 行.

[ 2017-04-27T17:20:06+08:00 ] 59.53.29.213 /api/upload
INFO: [ app_begin ] --START--
INFO: Run Behavior\ReadHtmlCache [ RunTime:0.000075s ]
INFO: [ app_begin ] --END-- [ RunTime:0.000199s ]
NOTIC: [2] call_user_func() expects parameter 1 to be a valid callback, no array or string given /data/wwwroot/xcx.codems.cn/include/ThinkPHP/Library/Think/Upload.class.php 第 167 行.

[ 2017-04-27T17:23:48+08:00 ] 59.53.29.213 /api/upload
INFO: [ app_begin ] --START--
INFO: Run Behavior\ReadHtmlCache [ RunTime:0.000069s ]
INFO: [ app_begin ] --END-- [ RunTime:0.000202s ]

[ 2017-04-27T17:26:13+08:00 ] 59.53.29.213 /api/upload
INFO: [ app_begin ] --START--
INFO: Run Behavior\ReadHtmlCache [ RunTime:0.000078s ]
INFO: [ app_begin ] --END-- [ RunTime:0.000216s ]

[ 2017-04-27T17:28:27+08:00 ] 59.53.29.213 /api/upload
INFO: [ app_begin ] --START--
INFO: Run Behavior\ReadHtmlCache [ RunTime:0.000077s ]
INFO: [ app_begin ] --END-- [ RunTime:0.000217s ]

[ 2017-04-27T17:35:15+08:00 ] 59.53.29.213 /api/upload
INFO: [ app_begin ] --START--
INFO: Run Behavior\ReadHtmlCache [ RunTime:0.000097s ]
INFO: [ app_begin ] --END-- [ RunTime:0.000320s ]

[ 2017-04-27T17:36:24+08:00 ] 59.53.29.213 /api/upload
INFO: [ app_begin ] --START--
INFO: Run Behavior\ReadHtmlCache [ RunTime:0.000181s ]
INFO: [ app_begin ] --END-- [ RunTime:0.000298s ]

[ 2017-04-27T17:37:19+08:00 ] 59.53.29.213 /api/upload
INFO: [ app_begin ] --START--
INFO: Run Behavior\ReadHtmlCache [ RunTime:0.000101s ]
INFO: [ app_begin ] --END-- [ RunTime:0.000263s ]

[ 2017-04-27T17:37:54+08:00 ] 59.53.29.213 /api/upload
INFO: [ app_begin ] --START--
INFO: Run Behavior\ReadHtmlCache [ RunTime:0.000083s ]
INFO: [ app_begin ] --END-- [ RunTime:0.000217s ]

[ 2017-04-27T17:38:48+08:00 ] 59.53.29.213 /api/upload
INFO: [ app_begin ] --START--
INFO: Run Behavior\ReadHtmlCache [ RunTime:0.000075s ]
INFO: [ app_begin ] --END-- [ RunTime:0.000241s ]

[ 2017-04-27T17:40:44+08:00 ] 59.53.29.213 /api/upload
INFO: [ app_begin ] --START--
INFO: Run Behavior\ReadHtmlCache [ RunTime:0.000098s ]
INFO: [ app_begin ] --END-- [ RunTime:0.000283s ]

[ 2017-04-27T17:44:02+08:00 ] 59.53.29.213 /api/upload
INFO: [ app_begin ] --START--
INFO: Run Behavior\ReadHtmlCache [ RunTime:0.000113s ]
INFO: [ app_begin ] --END-- [ RunTime:0.000244s ]

[ 2017-04-27T17:48:16+08:00 ] 59.53.29.213 /api/upload
INFO: [ app_begin ] --START--
INFO: Run Behavior\ReadHtmlCache [ RunTime:0.000054s ]
INFO: [ app_begin ] --END-- [ RunTime:0.000165s ]

[ 2017-04-27T17:48:33+08:00 ] 59.53.29.213 /api/upload
INFO: [ app_begin ] --START--
INFO: Run Behavior\ReadHtmlCache [ RunTime:0.000064s ]
INFO: [ app_begin ] --END-- [ RunTime:0.001303s ]

[ 2017-04-27T17:49:02+08:00 ] 59.53.29.213 /api/upload
INFO: [ app_begin ] --START--
INFO: Run Behavior\ReadHtmlCache [ RunTime:0.000045s ]
INFO: [ app_begin ] --END-- [ RunTime:0.000140s ]

[ 2017-04-27T17:49:58+08:00 ] 59.53.29.213 /api/upload
INFO: [ app_begin ] --START--
INFO: Run Behavior\ReadHtmlCache [ RunTime:0.000065s ]
INFO: [ app_begin ] --END-- [ RunTime:0.000192s ]

[ 2017-04-27T17:50:07+08:00 ] 59.53.29.213 /api/upload
INFO: [ app_begin ] --START--
INFO: Run Behavior\ReadHtmlCache [ RunTime:0.000087s ]
INFO: [ app_begin ] --END-- [ RunTime:0.000247s ]

[ 2017-04-27T17:50:14+08:00 ] 59.53.29.213 /api/upload
INFO: [ app_begin ] --START--
INFO: Run Behavior\ReadHtmlCache [ RunTime:0.000063s ]
INFO: [ app_begin ] --END-- [ RunTime:0.000196s ]
NOTIC: [2] call_user_func() expects parameter 1 to be a valid callback, no array or string given /data/wwwroot/xcx.codems.cn/include/ThinkPHP/Library/Think/Upload.class.php 第 167 行.

[ 2017-04-27T17:52:34+08:00 ] 59.53.29.213 /api/upload
INFO: [ app_begin ] --START--
INFO: Run Behavior\ReadHtmlCache [ RunTime:0.000072s ]
INFO: [ app_begin ] --END-- [ RunTime:0.000238s ]
NOTIC: [2] call_user_func() expects parameter 1 to be a valid callback, no array or string given /data/wwwroot/xcx.codems.cn/include/ThinkPHP/Library/Think/Upload.class.php 第 167 行.

[ 2017-04-27T17:55:00+08:00 ] 59.53.29.213 /api/upload
INFO: [ app_begin ] --START--
INFO: Run Behavior\ReadHtmlCache [ RunTime:0.000104s ]
INFO: [ app_begin ] --END-- [ RunTime:0.000264s ]
NOTIC: [2] call_user_func() expects parameter 1 to be a valid callback, no array or string given /data/wwwroot/xcx.codems.cn/include/ThinkPHP/Library/Think/Upload.class.php 第 167 行.

[ 2017-04-27T17:55:21+08:00 ] 59.53.29.213 /api/upload
INFO: [ app_begin ] --START--
INFO: Run Behavior\ReadHtmlCache [ RunTime:0.000066s ]
INFO: [ app_begin ] --END-- [ RunTime:0.000189s ]
NOTIC: [2] call_user_func() expects parameter 1 to be a valid callback, no array or string given /data/wwwroot/xcx.codems.cn/include/ThinkPHP/Library/Think/Upload.class.php 第 167 行.

[ 2017-04-27T18:00:21+08:00 ] 59.53.29.213 /api/upload
INFO: [ app_begin ] --START--
INFO: Run Behavior\ReadHtmlCache [ RunTime:0.000093s ]
INFO: [ app_begin ] --END-- [ RunTime:0.000283s ]
NOTIC: [2] call_user_func() expects parameter 1 to be a valid callback, no array or string given /data/wwwroot/xcx.codems.cn/include/ThinkPHP/Library/Think/Upload.class.php 第 167 行.

[ 2017-04-27T18:01:50+08:00 ] 59.53.29.213 /api/upload
INFO: [ app_begin ] --START--
INFO: Run Behavior\ReadHtmlCache [ RunTime:0.000079s ]
INFO: [ app_begin ] --END-- [ RunTime:0.000221s ]
NOTIC: [2] call_user_func() expects parameter 1 to be a valid callback, no array or string given /data/wwwroot/xcx.codems.cn/include/ThinkPHP/Library/Think/Upload.class.php 第 167 行.

[ 2017-04-27T18:02:45+08:00 ] 59.53.29.213 /api/upload
INFO: [ app_begin ] --START--
INFO: Run Behavior\ReadHtmlCache [ RunTime:0.000076s ]
INFO: [ app_begin ] --END-- [ RunTime:0.000225s ]
NOTIC: [2] call_user_func() expects parameter 1 to be a valid callback, no array or string given /data/wwwroot/xcx.codems.cn/include/ThinkPHP/Library/Think/Upload.class.php 第 167 行.

[ 2017-04-27T18:43:16+08:00 ] 182.97.53.20 /api/upload
INFO: [ app_begin ] --START--
INFO: Run Behavior\ReadHtmlCache [ RunTime:0.000077s ]
INFO: [ app_begin ] --END-- [ RunTime:0.000215s ]
NOTIC: [2] call_user_func() expects parameter 1 to be a valid callback, no array or string given /data/wwwroot/xcx.codems.cn/include/ThinkPHP/Library/Think/Upload.class.php 第 167 行.

[ 2017-04-27T22:32:07+08:00 ] 182.100.29.208 /api/upload
INFO: [ app_begin ] --START--
INFO: Run Behavior\ReadHtmlCache [ RunTime:0.000071s ]
INFO: [ app_begin ] --END-- [ RunTime:0.000203s ]
NOTIC: [2] call_user_func() expects parameter 1 to be a valid callback, no array or string given /data/wwwroot/xcx.codems.cn/include/ThinkPHP/Library/Think/Upload.class.php 第 167 行.

