[ 2017-05-20T07:49:55+08:00 ] 71.6.202.204 /
INFO: [ app_begin ] --START--
INFO: Run Behavior\ReadHtmlCache [ RunTime:0.001916s ]
INFO: [ app_begin ] --END-- [ RunTime:0.002068s ]
INFO: [ app_end ] --START--
INFO: Run Behavior\ShowPageTrace [ RunTime:0.001134s ]
INFO: [ app_end ] --END-- [ RunTime:0.001210s ]

[ 2017-05-20T10:14:34+08:00 ] 39.159.6.71 /api/user/vaild_sk
INFO: [ app_begin ] --START--
INFO: Run Behavior\ReadHtmlCache [ RunTime:0.000092s ]
INFO: [ app_begin ] --END-- [ RunTime:0.000278s ]

[ 2017-05-20T10:14:34+08:00 ] 39.159.6.71 /api/info/lists
INFO: [ app_begin ] --START--
INFO: Run Behavior\ReadHtmlCache [ RunTime:0.000090s ]
INFO: [ app_begin ] --END-- [ RunTime:0.000550s ]
SQL: SHOW COLUMNS FROM `xcx_info` [ RunTime:0.000825s ]
SQL: SHOW COLUMNS FROM `xcx_info` [ RunTime:0.000508s ]
SQL: SELECT info.*,user.avatarUrl FROM xcx_info info LEFT JOIN xcx_user user ON user.id = info.uid  WHERE ( info.status = 1 and info.time >= "1495246474" and info.date <= "2017-05-27" and info.departure like "%吉安市%" ) ORDER BY time asc LIMIT 0,20   [ RunTime:0.000800s ]

[ 2017-05-20T10:14:35+08:00 ] 39.159.6.71 /api/info/lists
INFO: [ app_begin ] --START--
INFO: Run Behavior\ReadHtmlCache [ RunTime:0.000066s ]
INFO: [ app_begin ] --END-- [ RunTime:0.000163s ]
SQL: SHOW COLUMNS FROM `xcx_info` [ RunTime:0.000522s ]
SQL: SHOW COLUMNS FROM `xcx_info` [ RunTime:0.000374s ]
SQL: SELECT info.*,user.avatarUrl FROM xcx_info info LEFT JOIN xcx_user user ON user.id = info.uid  WHERE ( info.status = 1 and info.time >= "1495246475" and info.date <= "2017-05-27" and info.departure like "%吉安市%" ) ORDER BY time asc LIMIT 0,20   [ RunTime:0.000343s ]

[ 2017-05-20T10:14:36+08:00 ] 39.159.6.71 /api/dynamic/getlist
INFO: [ app_begin ] --START--
INFO: Run Behavior\ReadHtmlCache [ RunTime:0.000065s ]
INFO: [ app_begin ] --END-- [ RunTime:0.000192s ]
SQL: SHOW COLUMNS FROM `xcx_dynamic` [ RunTime:0.000632s ]
SQL: SHOW COLUMNS FROM `xcx_dynamic` [ RunTime:0.000377s ]
SQL: SELECT dynamic.*,user.avatarUrl,user.nickName FROM xcx_dynamic dynamic LEFT JOIN xcx_user user ON user.id = dynamic.uid  WHERE ( 1=1 ) ORDER BY dynamic.time desc LIMIT 0,20   [ RunTime:0.000080s ]
SQL: SHOW COLUMNS FROM `xcx_comment` [ RunTime:0.000421s ]
SQL: SHOW COLUMNS FROM `xcx_comment` [ RunTime:0.000520s ]
SQL: SELECT comment.id,comment.iid,comment.reply,comment.content,user.nickName FROM xcx_comment comment LEFT JOIN xcx_user user ON user.id = comment.uid  WHERE ( iid in (7,6,5,3,4,2,1) and type = "dynamic" ) ORDER BY comment.time desc  [ RunTime:0.000111s ]
NOTIC: [8] Undefined offset: 6 /data/wwwroot/xcx.codems.cn/Apps/Api/Controller/DynamicController.class.php 第 71 行.
NOTIC: [8] Undefined offset: 5 /data/wwwroot/xcx.codems.cn/Apps/Api/Controller/DynamicController.class.php 第 71 行.
NOTIC: [2] json_encode(): Invalid UTF-8 sequence in argument /data/wwwroot/xcx.codems.cn/Apps/Api/Controller/DynamicController.class.php 第 76 行.

[ 2017-05-20T10:14:38+08:00 ] 39.159.6.71 /api/msg/getall
INFO: [ app_begin ] --START--
INFO: Run Behavior\ReadHtmlCache [ RunTime:0.000213s ]
INFO: [ app_begin ] --END-- [ RunTime:0.000393s ]
NOTIC: [2048] Declaration of Api\Controller\MsgController::get() should be compatible with Think\Controller::get($name = '') /data/wwwroot/xcx.codems.cn/Apps/Api/Controller/MsgController.class.php 第 0 行.
SQL: SHOW COLUMNS FROM `xcx_user` [ RunTime:0.000655s ]
SQL: SELECT `id`,`avatarUrl`,`city`,`gender`,`nickName`,`province`,`county`,`phone`,`vehicle`,`name` FROM `xcx_user` WHERE ( id = "o0Jv50H2UUMf7oasVnbtZtBAwZ-U" or openid ="o0Jv50H2UUMf7oasVnbtZtBAwZ-U" ) LIMIT 1   [ RunTime:0.000312s ]
SQL: SHOW COLUMNS FROM `xcx_msg` [ RunTime:0.000484s ]
SQL: SELECT `type`,count(*) as count FROM `xcx_msg` WHERE ( `uid` = 10001 ) AND ( `see` = 0 ) GROUP BY type  [ RunTime:0.000063s ]

[ 2017-05-20T17:28:26+08:00 ] 139.162.113.204 /
INFO: [ app_begin ] --START--
INFO: Run Behavior\ReadHtmlCache [ RunTime:0.000083s ]
INFO: [ app_begin ] --END-- [ RunTime:0.000199s ]
INFO: [ app_end ] --START--
INFO: Run Behavior\ShowPageTrace [ RunTime:0.000055s ]
INFO: [ app_end ] --END-- [ RunTime:0.000094s ]

