[ 2017-05-21T18:54:56+08:00 ] 106.75.85.103 /
INFO: [ app_begin ] --START--
INFO: Run Behavior\ReadHtmlCache [ RunTime:0.001235s ]
INFO: [ app_begin ] --END-- [ RunTime:0.001405s ]
INFO: [ app_end ] --START--
INFO: Run Behavior\ShowPageTrace [ RunTime:0.001057s ]
INFO: [ app_end ] --END-- [ RunTime:0.001123s ]

[ 2017-05-21T22:45:57+08:00 ] 43.241.230.43 /
INFO: [ app_begin ] --START--
INFO: Run Behavior\ReadHtmlCache [ RunTime:0.000076s ]
INFO: [ app_begin ] --END-- [ RunTime:0.000229s ]
INFO: [ app_end ] --START--
INFO: Run Behavior\ShowPageTrace [ RunTime:0.000082s ]
INFO: [ app_end ] --END-- [ RunTime:0.000162s ]

[ 2017-05-21T22:45:58+08:00 ] 43.241.230.43 /
INFO: [ app_begin ] --START--
INFO: Run Behavior\ReadHtmlCache [ RunTime:0.000080s ]
INFO: [ app_begin ] --END-- [ RunTime:0.000218s ]
INFO: [ app_end ] --START--
INFO: Run Behavior\ShowPageTrace [ RunTime:0.000076s ]
INFO: [ app_end ] --END-- [ RunTime:0.000134s ]

[ 2017-05-21T22:45:58+08:00 ] 43.241.230.43 /
INFO: [ app_begin ] --START--
INFO: Run Behavior\ReadHtmlCache [ RunTime:0.000059s ]
INFO: [ app_begin ] --END-- [ RunTime:0.000171s ]
INFO: [ app_end ] --START--
INFO: Run Behavior\ShowPageTrace [ RunTime:0.000092s ]
INFO: [ app_end ] --END-- [ RunTime:0.000147s ]

