[ 2017-06-23T02:02:55+08:00 ] 169.54.233.124 /
INFO: [ app_begin ] --START--
INFO: Run Behavior\ReadHtmlCache [ RunTime:0.000079s ]
INFO: [ app_begin ] --END-- [ RunTime:0.000200s ]
INFO: [ app_end ] --START--
INFO: Run Behavior\ShowPageTrace [ RunTime:0.000080s ]
INFO: [ app_end ] --END-- [ RunTime:0.000126s ]

[ 2017-06-23T06:18:22+08:00 ] 180.163.8.254 /
INFO: [ app_begin ] --START--
INFO: Run Behavior\ReadHtmlCache [ RunTime:0.000556s ]
INFO: [ app_begin ] --END-- [ RunTime:0.000981s ]
INFO: [ app_end ] --START--
INFO: Run Behavior\ShowPageTrace [ RunTime:0.000636s ]
INFO: [ app_end ] --END-- [ RunTime:0.000679s ]

[ 2017-06-23T06:47:29+08:00 ] 207.46.13.112 /
INFO: [ app_begin ] --START--
INFO: Run Behavior\ReadHtmlCache [ RunTime:0.000056s ]
INFO: [ app_begin ] --END-- [ RunTime:0.000153s ]
INFO: [ app_end ] --START--
INFO: Run Behavior\ShowPageTrace [ RunTime:0.000082s ]
INFO: [ app_end ] --END-- [ RunTime:0.000146s ]

[ 2017-06-23T10:10:12+08:00 ] 71.6.202.204 /
INFO: [ app_begin ] --START--
INFO: Run Behavior\ReadHtmlCache [ RunTime:0.000089s ]
INFO: [ app_begin ] --END-- [ RunTime:0.000224s ]
INFO: [ app_end ] --START--
INFO: Run Behavior\ShowPageTrace [ RunTime:0.000105s ]
INFO: [ app_end ] --END-- [ RunTime:0.000174s ]

[ 2017-06-23T13:08:43+08:00 ] 60.191.38.77 /
INFO: [ app_begin ] --START--
INFO: Run Behavior\ReadHtmlCache [ RunTime:0.000099s ]
INFO: [ app_begin ] --END-- [ RunTime:0.000244s ]
INFO: [ app_end ] --START--
INFO: Run Behavior\ShowPageTrace [ RunTime:0.000083s ]
INFO: [ app_end ] --END-- [ RunTime:0.000144s ]

[ 2017-06-23T18:56:39+08:00 ] 74.82.47.4 /
INFO: [ app_begin ] --START--
INFO: Run Behavior\ReadHtmlCache [ RunTime:0.000074s ]
INFO: [ app_begin ] --END-- [ RunTime:0.000182s ]
INFO: [ app_end ] --START--
INFO: Run Behavior\ShowPageTrace [ RunTime:0.000065s ]
INFO: [ app_end ] --END-- [ RunTime:0.000108s ]

[ 2017-06-23T20:06:03+08:00 ] 207.46.13.112 /
INFO: [ app_begin ] --START--
INFO: Run Behavior\ReadHtmlCache [ RunTime:0.000093s ]
INFO: [ app_begin ] --END-- [ RunTime:0.000222s ]
INFO: [ app_end ] --START--
INFO: Run Behavior\ShowPageTrace [ RunTime:0.000094s ]
INFO: [ app_end ] --END-- [ RunTime:0.000171s ]

[ 2017-06-23T20:13:10+08:00 ] 118.190.88.57 /
INFO: [ app_begin ] --START--
INFO: Run Behavior\ReadHtmlCache [ RunTime:0.000086s ]
INFO: [ app_begin ] --END-- [ RunTime:0.000235s ]
INFO: [ app_end ] --START--
INFO: Run Behavior\ShowPageTrace [ RunTime:0.000080s ]
INFO: [ app_end ] --END-- [ RunTime:0.000133s ]

