[ 2017-07-04T03:06:32+08:00 ] 40.77.167.9 /
INFO: [ app_begin ] --START--
INFO: Run Behavior\ReadHtmlCache [ RunTime:0.000071s ]
INFO: [ app_begin ] --END-- [ RunTime:0.000328s ]
INFO: [ app_end ] --START--
INFO: Run Behavior\ShowPageTrace [ RunTime:0.000056s ]
INFO: [ app_end ] --END-- [ RunTime:0.000094s ]

[ 2017-07-04T03:10:20+08:00 ] 139.162.113.204 /
INFO: [ app_begin ] --START--
INFO: Run Behavior\ReadHtmlCache [ RunTime:0.000826s ]
INFO: [ app_begin ] --END-- [ RunTime:0.001489s ]
INFO: [ app_end ] --START--
INFO: Run Behavior\ShowPageTrace [ RunTime:0.000901s ]
INFO: [ app_end ] --END-- [ RunTime:0.000967s ]

[ 2017-07-04T04:36:19+08:00 ] 183.60.15.115 /
INFO: [ app_begin ] --START--
INFO: Run Behavior\ReadHtmlCache [ RunTime:0.000100s ]
INFO: [ app_begin ] --END-- [ RunTime:0.000234s ]
INFO: [ app_end ] --START--
INFO: Run Behavior\ShowPageTrace [ RunTime:0.000078s ]
INFO: [ app_end ] --END-- [ RunTime:0.000145s ]

[ 2017-07-04T07:04:06+08:00 ] 125.39.207.33 /
INFO: [ app_begin ] --START--
INFO: Run Behavior\ReadHtmlCache [ RunTime:0.000080s ]
INFO: [ app_begin ] --END-- [ RunTime:0.000213s ]
INFO: [ app_end ] --START--
INFO: Run Behavior\ShowPageTrace [ RunTime:0.000085s ]
INFO: [ app_end ] --END-- [ RunTime:0.000147s ]

[ 2017-07-04T07:57:58+08:00 ] 168.1.128.50 /
INFO: [ app_begin ] --START--
INFO: Run Behavior\ReadHtmlCache [ RunTime:0.000104s ]
INFO: [ app_begin ] --END-- [ RunTime:0.000469s ]
INFO: [ app_end ] --START--
INFO: Run Behavior\ShowPageTrace [ RunTime:0.000085s ]
INFO: [ app_end ] --END-- [ RunTime:0.000143s ]

[ 2017-07-04T07:59:28+08:00 ] 168.1.128.50 /
INFO: [ app_begin ] --START--
INFO: Run Behavior\ReadHtmlCache [ RunTime:0.000076s ]
INFO: [ app_begin ] --END-- [ RunTime:0.000182s ]
INFO: [ app_end ] --START--
INFO: Run Behavior\ShowPageTrace [ RunTime:0.000091s ]
INFO: [ app_end ] --END-- [ RunTime:0.000136s ]

[ 2017-07-04T10:29:24+08:00 ] 180.163.8.254 /
INFO: [ app_begin ] --START--
INFO: Run Behavior\ReadHtmlCache [ RunTime:0.000105s ]
INFO: [ app_begin ] --END-- [ RunTime:0.000262s ]
INFO: [ app_end ] --START--
INFO: Run Behavior\ShowPageTrace [ RunTime:0.000085s ]
INFO: [ app_end ] --END-- [ RunTime:0.000149s ]

[ 2017-07-04T10:33:45+08:00 ] 183.57.53.197 /
INFO: [ app_begin ] --START--
INFO: Run Behavior\ReadHtmlCache [ RunTime:0.000107s ]
INFO: [ app_begin ] --END-- [ RunTime:0.000271s ]
INFO: [ app_end ] --START--
INFO: Run Behavior\ShowPageTrace [ RunTime:0.000080s ]
INFO: [ app_end ] --END-- [ RunTime:0.000137s ]

[ 2017-07-04T12:10:51+08:00 ] 47.52.37.40 /
INFO: [ app_begin ] --START--
INFO: Run Behavior\ReadHtmlCache [ RunTime:0.000067s ]
INFO: [ app_begin ] --END-- [ RunTime:0.000200s ]
INFO: [ app_end ] --START--
INFO: Run Behavior\ShowPageTrace [ RunTime:0.000067s ]
INFO: [ app_end ] --END-- [ RunTime:0.000106s ]

[ 2017-07-04T15:43:03+08:00 ] 82.221.105.6 /
INFO: [ app_begin ] --START--
INFO: Run Behavior\ReadHtmlCache [ RunTime:0.000080s ]
INFO: [ app_begin ] --END-- [ RunTime:0.000190s ]
INFO: [ app_end ] --START--
INFO: Run Behavior\ShowPageTrace [ RunTime:0.000048s ]
INFO: [ app_end ] --END-- [ RunTime:0.000084s ]

[ 2017-07-04T16:02:09+08:00 ] 169.53.184.5 /
INFO: [ app_begin ] --START--
INFO: Run Behavior\ReadHtmlCache [ RunTime:0.000059s ]
INFO: [ app_begin ] --END-- [ RunTime:0.000196s ]
INFO: [ app_end ] --START--
INFO: Run Behavior\ShowPageTrace [ RunTime:0.000055s ]
INFO: [ app_end ] --END-- [ RunTime:0.000092s ]

[ 2017-07-04T17:38:49+08:00 ] 216.218.206.66 /
INFO: [ app_begin ] --START--
INFO: Run Behavior\ReadHtmlCache [ RunTime:0.000056s ]
INFO: [ app_begin ] --END-- [ RunTime:0.000167s ]
INFO: [ app_end ] --START--
INFO: Run Behavior\ShowPageTrace [ RunTime:0.000050s ]
INFO: [ app_end ] --END-- [ RunTime:0.000085s ]

