[ 2017-08-30T09:55:02+08:00 ] 111.205.187.18 /api/info/lists
INFO: [ app_begin ] --START--
INFO: Run Behavior\ReadHtmlCache [ RunTime:0.000335s ]
INFO: [ app_begin ] --END-- [ RunTime:0.000593s ]
SQL: SHOW COLUMNS FROM `xcx_info` [ RunTime:0.324232s ]
SQL: SHOW COLUMNS FROM `xcx_info` [ RunTime:0.000452s ]
SQL: SELECT info.*,user.avatarUrl FROM xcx_info info LEFT JOIN xcx_user user ON user.id = info.uid  WHERE ( info.status = 1 and info.time >= "1504058102" and info.date <= "2017-09-06" and info.departure like "%北京市%" ) ORDER BY time asc LIMIT 0,20   [ RunTime:0.075454s ]

[ 2017-08-30T09:55:03+08:00 ] 111.205.187.18 /api/user/login
INFO: [ app_begin ] --START--
INFO: Run Behavior\ReadHtmlCache [ RunTime:0.017292s ]
INFO: [ app_begin ] --END-- [ RunTime:0.099882s ]
NOTIC: [2] file_get_contents(https://api.weixin.qq.com/sns/jscode2session?appid=wx0aa456241abc9e8e&amp;secret=58ec56f0d3f37e4dcee7a75220bc6766&amp;js_code=the code is a mock one&amp;grant_type=authorization_code): failed to open stream: HTTP request failed! code 200 OK
 /data/wwwroot/xcx.codems.cn/Apps/Api/Controller/UserController.class.php 第 60 行.
SQL: SHOW COLUMNS FROM `xcx_user` [ RunTime:0.200379s ]
SQL: SELECT `id`,`avatarUrl`,`city`,`gender`,`nickName`,`province`,`county`,`phone`,`vehicle`,`name` FROM `xcx_user` WHERE ( id = "" or openid ="" ) LIMIT 1   [ RunTime:0.023507s ]
NOTIC: [8] Undefined index: encryptedData /data/wwwroot/xcx.codems.cn/Apps/Api/Controller/UserController.class.php 第 14 行.
NOTIC: [8] Undefined index: iv /data/wwwroot/xcx.codems.cn/Apps/Api/Controller/UserController.class.php 第 14 行.
SQL: SELECT `id`,`avatarUrl`,`city`,`gender`,`nickName`,`province`,`county`,`phone`,`vehicle`,`name` FROM `xcx_user` WHERE ( id = "" or openid ="" ) LIMIT 1   [ RunTime:0.000114s ]
NOTIC: [2] unlink(/data/wwwroot/xcx.codems.cn/cache/Temp/e264f8b571089a36b68e299162b19451.php): No such file or directory /data/wwwroot/xcx.codems.cn/include/ThinkPHP/Library/Think/Cache/Driver/File.class.php 第 157 行.

[ 2017-08-30T10:06:29+08:00 ] 171.212.115.203 /api/user/login
INFO: [ app_begin ] --START--
INFO: Run Behavior\ReadHtmlCache [ RunTime:0.000551s ]
INFO: [ app_begin ] --END-- [ RunTime:0.001091s ]
NOTIC: [2] file_get_contents(https://api.weixin.qq.com/sns/jscode2session?appid=wx0aa456241abc9e8e&amp;secret=58ec56f0d3f37e4dcee7a75220bc6766&amp;js_code=the code is a mock one&amp;grant_type=authorization_code): failed to open stream: HTTP request failed! code 200 OK
 /data/wwwroot/xcx.codems.cn/Apps/Api/Controller/UserController.class.php 第 60 行.
SQL: SHOW COLUMNS FROM `xcx_user` [ RunTime:0.004667s ]
SQL: SELECT `id`,`avatarUrl`,`city`,`gender`,`nickName`,`province`,`county`,`phone`,`vehicle`,`name` FROM `xcx_user` WHERE ( id = "" or openid ="" ) LIMIT 1   [ RunTime:0.000422s ]
NOTIC: [8] Undefined index: encryptedData /data/wwwroot/xcx.codems.cn/Apps/Api/Controller/UserController.class.php 第 14 行.
NOTIC: [8] Undefined index: iv /data/wwwroot/xcx.codems.cn/Apps/Api/Controller/UserController.class.php 第 14 行.
SQL: SELECT `id`,`avatarUrl`,`city`,`gender`,`nickName`,`province`,`county`,`phone`,`vehicle`,`name` FROM `xcx_user` WHERE ( id = "" or openid ="" ) LIMIT 1   [ RunTime:0.000056s ]
NOTIC: [2] unlink(/data/wwwroot/xcx.codems.cn/cache/Temp/6cae47e989a75b16362ad56e74723d9a.php): No such file or directory /data/wwwroot/xcx.codems.cn/include/ThinkPHP/Library/Think/Cache/Driver/File.class.php 第 157 行.

[ 2017-08-30T10:06:29+08:00 ] 171.212.115.203 /api/info/lists
INFO: [ app_begin ] --START--
INFO: Run Behavior\ReadHtmlCache [ RunTime:0.000300s ]
INFO: [ app_begin ] --END-- [ RunTime:0.000561s ]
SQL: SHOW COLUMNS FROM `xcx_info` [ RunTime:0.000889s ]
SQL: SHOW COLUMNS FROM `xcx_info` [ RunTime:0.000480s ]
SQL: SELECT info.*,user.avatarUrl FROM xcx_info info LEFT JOIN xcx_user user ON user.id = info.uid  WHERE ( info.status = 1 and info.time >= "1504058789" and info.date <= "2017-09-06" and info.departure like "%成都市%" ) ORDER BY time asc LIMIT 0,20   [ RunTime:0.091186s ]

[ 2017-08-30T10:06:37+08:00 ] 171.212.115.203 /api/dynamic/getlist
INFO: [ app_begin ] --START--
INFO: Run Behavior\ReadHtmlCache [ RunTime:0.000315s ]
INFO: [ app_begin ] --END-- [ RunTime:0.000573s ]
SQL: SHOW COLUMNS FROM `xcx_dynamic` [ RunTime:0.162823s ]
SQL: SHOW COLUMNS FROM `xcx_dynamic` [ RunTime:0.000458s ]
SQL: SELECT dynamic.*,user.avatarUrl,user.nickName FROM xcx_dynamic dynamic LEFT JOIN xcx_user user ON user.id = dynamic.uid  WHERE ( 1=1 ) ORDER BY dynamic.time desc LIMIT 0,20   [ RunTime:0.000496s ]
SQL: SHOW COLUMNS FROM `xcx_comment` [ RunTime:0.176167s ]
SQL: SHOW COLUMNS FROM `xcx_comment` [ RunTime:0.000572s ]
SQL: SELECT comment.id,comment.iid,comment.reply,comment.content,user.nickName FROM xcx_comment comment LEFT JOIN xcx_user user ON user.id = comment.uid  WHERE ( iid in (12,10,9,7,6,3,4,2) and type = "dynamic" ) ORDER BY comment.time desc  [ RunTime:0.000525s ]
NOTIC: [8] Undefined offset: 6 /data/wwwroot/xcx.codems.cn/Apps/Api/Controller/DynamicController.class.php 第 71 行.
NOTIC: [2] json_encode(): Invalid UTF-8 sequence in argument /data/wwwroot/xcx.codems.cn/Apps/Api/Controller/DynamicController.class.php 第 76 行.

[ 2017-08-30T10:06:39+08:00 ] 171.212.115.203 /api/msg/getall
INFO: [ app_begin ] --START--
INFO: Run Behavior\ReadHtmlCache [ RunTime:0.003245s ]
INFO: [ app_begin ] --END-- [ RunTime:0.003539s ]
NOTIC: [2048] Declaration of Api\Controller\MsgController::get() should be compatible with Think\Controller::get($name = '') /data/wwwroot/xcx.codems.cn/Apps/Api/Controller/MsgController.class.php 第 38 行.
SQL: SHOW COLUMNS FROM `xcx_user` [ RunTime:0.000597s ]

[ 2017-08-30T10:06:42+08:00 ] 171.212.115.203 /api/info/mycount
INFO: [ app_begin ] --START--
INFO: Run Behavior\ReadHtmlCache [ RunTime:0.000319s ]
INFO: [ app_begin ] --END-- [ RunTime:0.000559s ]
SQL: SHOW COLUMNS FROM `xcx_user` [ RunTime:0.000592s ]

[ 2017-08-30T10:06:42+08:00 ] 171.212.115.203 /api/appointment/mycount
INFO: [ app_begin ] --START--
INFO: Run Behavior\ReadHtmlCache [ RunTime:0.000282s ]
INFO: [ app_begin ] --END-- [ RunTime:0.000562s ]
SQL: SHOW COLUMNS FROM `xcx_user` [ RunTime:0.000497s ]

[ 2017-08-30T10:06:51+08:00 ] 171.212.115.203 /api/info/lists
INFO: [ app_begin ] --START--
INFO: Run Behavior\ReadHtmlCache [ RunTime:0.000307s ]
INFO: [ app_begin ] --END-- [ RunTime:0.001618s ]
SQL: SHOW COLUMNS FROM `xcx_info` [ RunTime:0.000698s ]
SQL: SHOW COLUMNS FROM `xcx_info` [ RunTime:0.000838s ]
SQL: SELECT info.*,user.avatarUrl FROM xcx_info info LEFT JOIN xcx_user user ON user.id = info.uid  WHERE ( info.status = 1 and info.time >= "1504058811" and info.date <= "2017-09-06" and info.departure like "%成都市%" ) ORDER BY time asc LIMIT 0,20   [ RunTime:0.000633s ]

[ 2017-08-30T10:07:05+08:00 ] 171.212.115.203 /api/info/lists
INFO: [ app_begin ] --START--
INFO: Run Behavior\ReadHtmlCache [ RunTime:0.000467s ]
INFO: [ app_begin ] --END-- [ RunTime:0.000910s ]
SQL: SHOW COLUMNS FROM `xcx_info` [ RunTime:0.000678s ]
SQL: SHOW COLUMNS FROM `xcx_info` [ RunTime:0.000494s ]
SQL: SELECT info.*,user.avatarUrl FROM xcx_info info LEFT JOIN xcx_user user ON user.id = info.uid  WHERE ( info.status = 1 and info.time >= "1504058825" and info.date <= "2017-09-06" and info.departure like "%成都市%" ) ORDER BY time asc LIMIT 0,20   [ RunTime:0.000442s ]

[ 2017-08-30T10:07:06+08:00 ] 171.212.115.203 /api/info/lists
INFO: [ app_begin ] --START--
INFO: Run Behavior\ReadHtmlCache [ RunTime:0.000294s ]
INFO: [ app_begin ] --END-- [ RunTime:0.000541s ]
SQL: SHOW COLUMNS FROM `xcx_info` [ RunTime:0.000578s ]
SQL: SHOW COLUMNS FROM `xcx_info` [ RunTime:0.000436s ]
SQL: SELECT info.*,user.avatarUrl FROM xcx_info info LEFT JOIN xcx_user user ON user.id = info.uid  WHERE ( info.status = 1 and info.time >= "1504058826" and info.date <= "2017-09-06" and info.departure like "%成都市%" ) ORDER BY time asc LIMIT 0,20   [ RunTime:0.000402s ]

[ 2017-08-30T10:07:45+08:00 ] 171.212.115.203 /api/info/lists
INFO: [ app_begin ] --START--
INFO: Run Behavior\ReadHtmlCache [ RunTime:0.000533s ]
INFO: [ app_begin ] --END-- [ RunTime:0.001063s ]
SQL: SHOW COLUMNS FROM `xcx_info` [ RunTime:0.000598s ]
SQL: SHOW COLUMNS FROM `xcx_info` [ RunTime:0.000369s ]
SQL: SELECT info.*,user.avatarUrl FROM xcx_info info LEFT JOIN xcx_user user ON user.id = info.uid  WHERE ( info.status = 1 and info.time >= "1504058865" and info.date <= "2017-09-06" and info.departure like "%成都市%" ) ORDER BY time asc LIMIT 0,20   [ RunTime:0.000407s ]

[ 2017-08-30T10:07:59+08:00 ] 171.212.115.203 /api/info/lists
INFO: [ app_begin ] --START--
INFO: Run Behavior\ReadHtmlCache [ RunTime:0.000711s ]
INFO: [ app_begin ] --END-- [ RunTime:0.001025s ]
SQL: SHOW COLUMNS FROM `xcx_info` [ RunTime:0.000499s ]
SQL: SHOW COLUMNS FROM `xcx_info` [ RunTime:0.000361s ]
SQL: SELECT info.*,user.avatarUrl FROM xcx_info info LEFT JOIN xcx_user user ON user.id = info.uid  WHERE ( info.status = 1 and info.time >= "1504058879" and info.date <= "2017-09-06" and info.departure like "%成都市%" ) ORDER BY time asc LIMIT 0,20   [ RunTime:0.001282s ]

[ 2017-08-30T10:07:59+08:00 ] 171.212.115.203 /api/info/lists
INFO: [ app_begin ] --START--
INFO: Run Behavior\ReadHtmlCache [ RunTime:0.000330s ]
INFO: [ app_begin ] --END-- [ RunTime:0.000577s ]
SQL: SHOW COLUMNS FROM `xcx_info` [ RunTime:0.000565s ]
SQL: SHOW COLUMNS FROM `xcx_info` [ RunTime:0.000370s ]
SQL: SELECT info.*,user.avatarUrl FROM xcx_info info LEFT JOIN xcx_user user ON user.id = info.uid  WHERE ( info.status = 1 and info.time >= "1504058879" and info.date <= "2017-09-06" and info.departure like "%成都市%" ) ORDER BY time asc LIMIT 0,20   [ RunTime:0.000060s ]

[ 2017-08-30T10:08:07+08:00 ] 171.212.115.203 /api/info/lists
INFO: [ app_begin ] --START--
INFO: Run Behavior\ReadHtmlCache [ RunTime:0.000370s ]
INFO: [ app_begin ] --END-- [ RunTime:0.000629s ]
SQL: SHOW COLUMNS FROM `xcx_info` [ RunTime:0.000770s ]
SQL: SHOW COLUMNS FROM `xcx_info` [ RunTime:0.000588s ]
SQL: SELECT info.*,user.avatarUrl FROM xcx_info info LEFT JOIN xcx_user user ON user.id = info.uid  WHERE ( info.status = 1 and info.time >= "1504058887" and info.date <= "2017-09-06" and info.departure like "%成都市%" ) ORDER BY time asc LIMIT 0,20   [ RunTime:0.000537s ]

[ 2017-08-30T10:08:08+08:00 ] 171.212.115.203 /api/info/lists
INFO: [ app_begin ] --START--
INFO: Run Behavior\ReadHtmlCache [ RunTime:0.000309s ]
INFO: [ app_begin ] --END-- [ RunTime:0.000571s ]
SQL: SHOW COLUMNS FROM `xcx_info` [ RunTime:0.000580s ]
SQL: SHOW COLUMNS FROM `xcx_info` [ RunTime:0.000444s ]
SQL: SELECT info.*,user.avatarUrl FROM xcx_info info LEFT JOIN xcx_user user ON user.id = info.uid  WHERE ( info.status = 1 and info.time >= "1504058888" and info.date <= "2017-09-06" and info.departure like "%成都市%" ) ORDER BY time asc LIMIT 0,20   [ RunTime:0.000462s ]

[ 2017-08-30T10:08:08+08:00 ] 171.212.115.203 /api/info/lists
INFO: [ app_begin ] --START--
INFO: Run Behavior\ReadHtmlCache [ RunTime:0.000392s ]
INFO: [ app_begin ] --END-- [ RunTime:0.000661s ]
SQL: SHOW COLUMNS FROM `xcx_info` [ RunTime:0.000513s ]
SQL: SHOW COLUMNS FROM `xcx_info` [ RunTime:0.000375s ]
SQL: SELECT info.*,user.avatarUrl FROM xcx_info info LEFT JOIN xcx_user user ON user.id = info.uid  WHERE ( info.status = 1 and info.time >= "1504058888" and info.date <= "2017-09-06" and info.departure like "%成都市%" ) ORDER BY time asc LIMIT 0,20   [ RunTime:0.000066s ]

[ 2017-08-30T10:08:10+08:00 ] 171.212.115.203 /api/info/lists
INFO: [ app_begin ] --START--
INFO: Run Behavior\ReadHtmlCache [ RunTime:0.000334s ]
INFO: [ app_begin ] --END-- [ RunTime:0.000585s ]
SQL: SHOW COLUMNS FROM `xcx_info` [ RunTime:0.000532s ]
SQL: SHOW COLUMNS FROM `xcx_info` [ RunTime:0.000484s ]
SQL: SELECT info.*,user.avatarUrl FROM xcx_info info LEFT JOIN xcx_user user ON user.id = info.uid  WHERE ( info.status = 1 and info.time >= "1504058890" and info.date <= "2017-09-06" and info.departure like "%成都市%" ) ORDER BY time asc LIMIT 0,20   [ RunTime:0.000492s ]

[ 2017-08-30T10:08:13+08:00 ] 171.212.115.203 /api/dynamic/getlist
INFO: [ app_begin ] --START--
INFO: Run Behavior\ReadHtmlCache [ RunTime:0.000284s ]
INFO: [ app_begin ] --END-- [ RunTime:0.000531s ]
SQL: SHOW COLUMNS FROM `xcx_dynamic` [ RunTime:0.000513s ]
SQL: SHOW COLUMNS FROM `xcx_dynamic` [ RunTime:0.000399s ]
SQL: SELECT dynamic.*,user.avatarUrl,user.nickName FROM xcx_dynamic dynamic LEFT JOIN xcx_user user ON user.id = dynamic.uid  WHERE ( 1=1 ) ORDER BY dynamic.time desc LIMIT 0,20   [ RunTime:0.002408s ]
SQL: SHOW COLUMNS FROM `xcx_comment` [ RunTime:0.000375s ]
SQL: SHOW COLUMNS FROM `xcx_comment` [ RunTime:0.000336s ]
SQL: SELECT comment.id,comment.iid,comment.reply,comment.content,user.nickName FROM xcx_comment comment LEFT JOIN xcx_user user ON user.id = comment.uid  WHERE ( iid in (12,10,9,7,6,3,4,2) and type = "dynamic" ) ORDER BY comment.time desc  [ RunTime:0.001166s ]
NOTIC: [8] Undefined offset: 6 /data/wwwroot/xcx.codems.cn/Apps/Api/Controller/DynamicController.class.php 第 71 行.
NOTIC: [2] json_encode(): Invalid UTF-8 sequence in argument /data/wwwroot/xcx.codems.cn/Apps/Api/Controller/DynamicController.class.php 第 76 行.

[ 2017-08-30T10:08:15+08:00 ] 171.212.115.203 /api/msg/getall
INFO: [ app_begin ] --START--
INFO: Run Behavior\ReadHtmlCache [ RunTime:0.000295s ]
INFO: [ app_begin ] --END-- [ RunTime:0.000530s ]
NOTIC: [2048] Declaration of Api\Controller\MsgController::get() should be compatible with Think\Controller::get($name = '') /data/wwwroot/xcx.codems.cn/Apps/Api/Controller/MsgController.class.php 第 38 行.
SQL: SHOW COLUMNS FROM `xcx_user` [ RunTime:0.001269s ]

[ 2017-08-30T10:08:17+08:00 ] 171.212.115.203 /api/info/mycount
INFO: [ app_begin ] --START--
INFO: Run Behavior\ReadHtmlCache [ RunTime:0.000304s ]
INFO: [ app_begin ] --END-- [ RunTime:0.000551s ]
SQL: SHOW COLUMNS FROM `xcx_user` [ RunTime:0.000538s ]

[ 2017-08-30T10:08:17+08:00 ] 171.212.115.203 /api/appointment/mycount
INFO: [ app_begin ] --START--
INFO: Run Behavior\ReadHtmlCache [ RunTime:0.000301s ]
INFO: [ app_begin ] --END-- [ RunTime:0.001597s ]
SQL: SHOW COLUMNS FROM `xcx_user` [ RunTime:0.000463s ]

[ 2017-08-30T10:08:19+08:00 ] 171.212.115.203 /api/appointment/getPassenger
INFO: [ app_begin ] --START--
INFO: Run Behavior\ReadHtmlCache [ RunTime:0.000310s ]
INFO: [ app_begin ] --END-- [ RunTime:0.001329s ]
SQL: SHOW COLUMNS FROM `xcx_user` [ RunTime:0.000455s ]

[ 2017-08-30T10:08:19+08:00 ] 171.212.115.203 /api/appointment/my
INFO: [ app_begin ] --START--
INFO: Run Behavior\ReadHtmlCache [ RunTime:0.000304s ]
INFO: [ app_begin ] --END-- [ RunTime:0.001583s ]
SQL: SHOW COLUMNS FROM `xcx_user` [ RunTime:0.000465s ]

[ 2017-08-30T10:08:23+08:00 ] 171.212.115.203 /api/info/mycount
INFO: [ app_begin ] --START--
INFO: Run Behavior\ReadHtmlCache [ RunTime:0.000316s ]
INFO: [ app_begin ] --END-- [ RunTime:0.000589s ]
SQL: SHOW COLUMNS FROM `xcx_user` [ RunTime:0.000441s ]

[ 2017-08-30T10:08:23+08:00 ] 171.212.115.203 /api/appointment/mycount
INFO: [ app_begin ] --START--
INFO: Run Behavior\ReadHtmlCache [ RunTime:0.002780s ]
INFO: [ app_begin ] --END-- [ RunTime:0.003090s ]
SQL: SHOW COLUMNS FROM `xcx_user` [ RunTime:0.000440s ]

[ 2017-08-30T10:09:29+08:00 ] 171.212.115.203 /api/info/lists
INFO: [ app_begin ] --START--
INFO: Run Behavior\ReadHtmlCache [ RunTime:0.000479s ]
INFO: [ app_begin ] --END-- [ RunTime:0.000750s ]
SQL: SHOW COLUMNS FROM `xcx_info` [ RunTime:0.000850s ]
SQL: SHOW COLUMNS FROM `xcx_info` [ RunTime:0.000345s ]
SQL: SELECT info.*,user.avatarUrl FROM xcx_info info LEFT JOIN xcx_user user ON user.id = info.uid  WHERE ( info.status = 1 and info.time >= "1504058969" and info.date <= "2017-09-06" and info.departure like "%成都市%" ) ORDER BY time asc LIMIT 0,20   [ RunTime:0.000362s ]

[ 2017-08-30T10:16:54+08:00 ] 111.205.187.18 /api/info/lists
INFO: [ app_begin ] --START--
INFO: Run Behavior\ReadHtmlCache [ RunTime:0.000633s ]
INFO: [ app_begin ] --END-- [ RunTime:0.001324s ]
SQL: SHOW COLUMNS FROM `xcx_info` [ RunTime:0.093045s ]
SQL: SHOW COLUMNS FROM `xcx_info` [ RunTime:0.000595s ]
SQL: SELECT info.*,user.avatarUrl FROM xcx_info info LEFT JOIN xcx_user user ON user.id = info.uid  WHERE ( info.status = 1 and info.time >= "1504059414" and info.date <= "2017-09-06" and info.departure like "%北京市%" ) ORDER BY time asc LIMIT 0,20   [ RunTime:0.009062s ]

[ 2017-08-30T11:18:42+08:00 ] 115.197.171.23 /api/user/login
INFO: [ app_begin ] --START--
INFO: Run Behavior\ReadHtmlCache [ RunTime:0.000563s ]
INFO: [ app_begin ] --END-- [ RunTime:0.000993s ]
NOTIC: [2] file_get_contents(https://api.weixin.qq.com/sns/jscode2session?appid=wx0aa456241abc9e8e&amp;secret=58ec56f0d3f37e4dcee7a75220bc6766&amp;js_code=the code is a mock one&amp;grant_type=authorization_code): failed to open stream: HTTP request failed! code 200 OK
 /data/wwwroot/xcx.codems.cn/Apps/Api/Controller/UserController.class.php 第 60 行.
SQL: SHOW COLUMNS FROM `xcx_user` [ RunTime:0.000488s ]
SQL: SELECT `id`,`avatarUrl`,`city`,`gender`,`nickName`,`province`,`county`,`phone`,`vehicle`,`name` FROM `xcx_user` WHERE ( id = "" or openid ="" ) LIMIT 1   [ RunTime:0.000492s ]
NOTIC: [8] Undefined index: encryptedData /data/wwwroot/xcx.codems.cn/Apps/Api/Controller/UserController.class.php 第 14 行.
NOTIC: [8] Undefined index: iv /data/wwwroot/xcx.codems.cn/Apps/Api/Controller/UserController.class.php 第 14 行.
SQL: SELECT `id`,`avatarUrl`,`city`,`gender`,`nickName`,`province`,`county`,`phone`,`vehicle`,`name` FROM `xcx_user` WHERE ( id = "" or openid ="" ) LIMIT 1   [ RunTime:0.000055s ]
NOTIC: [2] unlink(/data/wwwroot/xcx.codems.cn/cache/Temp/165bc81e125011029edfd5250b1c29ab.php): No such file or directory /data/wwwroot/xcx.codems.cn/include/ThinkPHP/Library/Think/Cache/Driver/File.class.php 第 157 行.

[ 2017-08-30T11:18:43+08:00 ] 115.197.171.23 /api/info/lists
INFO: [ app_begin ] --START--
INFO: Run Behavior\ReadHtmlCache [ RunTime:0.000285s ]
INFO: [ app_begin ] --END-- [ RunTime:0.000542s ]
SQL: SHOW COLUMNS FROM `xcx_info` [ RunTime:0.000519s ]
SQL: SHOW COLUMNS FROM `xcx_info` [ RunTime:0.000332s ]
SQL: SELECT info.*,user.avatarUrl FROM xcx_info info LEFT JOIN xcx_user user ON user.id = info.uid  WHERE ( info.status = 1 and info.time >= "1504063123" and info.date <= "2017-09-06" and info.departure like "%杭州市%" ) ORDER BY time asc LIMIT 0,20   [ RunTime:0.001159s ]

[ 2017-08-30T11:18:44+08:00 ] 115.197.171.23 /api/info/mycount
INFO: [ app_begin ] --START--
INFO: Run Behavior\ReadHtmlCache [ RunTime:0.000353s ]
INFO: [ app_begin ] --END-- [ RunTime:0.000624s ]
SQL: SHOW COLUMNS FROM `xcx_user` [ RunTime:0.000488s ]

[ 2017-08-30T11:18:45+08:00 ] 115.197.171.23 /api/appointment/mycount
INFO: [ app_begin ] --START--
INFO: Run Behavior\ReadHtmlCache [ RunTime:0.000293s ]
INFO: [ app_begin ] --END-- [ RunTime:0.000539s ]
SQL: SHOW COLUMNS FROM `xcx_user` [ RunTime:0.000458s ]

[ 2017-08-30T11:19:17+08:00 ] 115.197.171.23 /api/dynamic/getlist
INFO: [ app_begin ] --START--
INFO: Run Behavior\ReadHtmlCache [ RunTime:0.000293s ]
INFO: [ app_begin ] --END-- [ RunTime:0.000588s ]
SQL: SHOW COLUMNS FROM `xcx_dynamic` [ RunTime:0.000468s ]
SQL: SHOW COLUMNS FROM `xcx_dynamic` [ RunTime:0.000303s ]
SQL: SELECT dynamic.*,user.avatarUrl,user.nickName FROM xcx_dynamic dynamic LEFT JOIN xcx_user user ON user.id = dynamic.uid  WHERE ( 1=1 ) ORDER BY dynamic.time desc LIMIT 0,20   [ RunTime:0.000827s ]
SQL: SHOW COLUMNS FROM `xcx_comment` [ RunTime:0.000330s ]
SQL: SHOW COLUMNS FROM `xcx_comment` [ RunTime:0.000301s ]
SQL: SELECT comment.id,comment.iid,comment.reply,comment.content,user.nickName FROM xcx_comment comment LEFT JOIN xcx_user user ON user.id = comment.uid  WHERE ( iid in (12,10,9,7,6,3,4,2) and type = "dynamic" ) ORDER BY comment.time desc  [ RunTime:0.000304s ]
NOTIC: [8] Undefined offset: 6 /data/wwwroot/xcx.codems.cn/Apps/Api/Controller/DynamicController.class.php 第 71 行.
NOTIC: [2] json_encode(): Invalid UTF-8 sequence in argument /data/wwwroot/xcx.codems.cn/Apps/Api/Controller/DynamicController.class.php 第 76 行.

[ 2017-08-30T11:19:19+08:00 ] 115.197.171.23 /api/info/mycount
INFO: [ app_begin ] --START--
INFO: Run Behavior\ReadHtmlCache [ RunTime:0.000295s ]
INFO: [ app_begin ] --END-- [ RunTime:0.000526s ]
SQL: SHOW COLUMNS FROM `xcx_user` [ RunTime:0.000463s ]

[ 2017-08-30T11:19:19+08:00 ] 115.197.171.23 /api/appointment/mycount
INFO: [ app_begin ] --START--
INFO: Run Behavior\ReadHtmlCache [ RunTime:0.000270s ]
INFO: [ app_begin ] --END-- [ RunTime:0.000492s ]
SQL: SHOW COLUMNS FROM `xcx_user` [ RunTime:0.000351s ]

[ 2017-08-30T11:19:27+08:00 ] 115.197.171.23 /api/info/lists
INFO: [ app_begin ] --START--
INFO: Run Behavior\ReadHtmlCache [ RunTime:0.000323s ]
INFO: [ app_begin ] --END-- [ RunTime:0.000652s ]
SQL: SHOW COLUMNS FROM `xcx_info` [ RunTime:0.000496s ]
SQL: SHOW COLUMNS FROM `xcx_info` [ RunTime:0.000348s ]
SQL: SELECT info.*,user.avatarUrl FROM xcx_info info LEFT JOIN xcx_user user ON user.id = info.uid  WHERE ( info.status = 1 and info.time >= "1504063167" and info.date <= "2017-09-06" and info.departure like "%杭州市%" ) ORDER BY time asc LIMIT 0,20   [ RunTime:0.000743s ]

[ 2017-08-30T11:19:28+08:00 ] 115.197.171.23 /api/info/lists
INFO: [ app_begin ] --START--
INFO: Run Behavior\ReadHtmlCache [ RunTime:0.001364s ]
INFO: [ app_begin ] --END-- [ RunTime:0.001622s ]
SQL: SHOW COLUMNS FROM `xcx_info` [ RunTime:0.000509s ]
SQL: SHOW COLUMNS FROM `xcx_info` [ RunTime:0.000459s ]
SQL: SELECT info.*,user.avatarUrl FROM xcx_info info LEFT JOIN xcx_user user ON user.id = info.uid  WHERE ( info.status = 1 and info.time >= "1504063168" and info.date <= "2017-09-06" and info.departure like "%杭州市%" ) ORDER BY time asc LIMIT 0,20   [ RunTime:0.000408s ]

[ 2017-08-30T11:19:29+08:00 ] 115.197.171.23 /api/info/lists
INFO: [ app_begin ] --START--
INFO: Run Behavior\ReadHtmlCache [ RunTime:0.000301s ]
INFO: [ app_begin ] --END-- [ RunTime:0.000535s ]
SQL: SHOW COLUMNS FROM `xcx_info` [ RunTime:0.000522s ]
SQL: SHOW COLUMNS FROM `xcx_info` [ RunTime:0.000360s ]
SQL: SELECT info.*,user.avatarUrl FROM xcx_info info LEFT JOIN xcx_user user ON user.id = info.uid  WHERE ( info.status = 1 and info.time >= "1504063169" and info.date <= "2017-09-06" and info.departure like "%杭州市%" ) ORDER BY time asc LIMIT 0,20   [ RunTime:0.000325s ]

[ 2017-08-30T11:19:33+08:00 ] 115.197.171.23 /api/info/lists
INFO: [ app_begin ] --START--
INFO: Run Behavior\ReadHtmlCache [ RunTime:0.000297s ]
INFO: [ app_begin ] --END-- [ RunTime:0.000579s ]
SQL: SHOW COLUMNS FROM `xcx_info` [ RunTime:0.000549s ]
SQL: SHOW COLUMNS FROM `xcx_info` [ RunTime:0.000368s ]
SQL: SELECT info.*,user.avatarUrl FROM xcx_info info LEFT JOIN xcx_user user ON user.id = info.uid  WHERE ( info.status = 1 and info.time >= "1504063173" and info.date <= "2017-09-06" and info.departure like "%杭州市%" ) ORDER BY time asc LIMIT 0,20   [ RunTime:0.000349s ]

[ 2017-08-30T11:19:33+08:00 ] 115.197.171.23 /api/dynamic/getlist
INFO: [ app_begin ] --START--
INFO: Run Behavior\ReadHtmlCache [ RunTime:0.000309s ]
INFO: [ app_begin ] --END-- [ RunTime:0.000540s ]
SQL: SHOW COLUMNS FROM `xcx_dynamic` [ RunTime:0.000431s ]
SQL: SHOW COLUMNS FROM `xcx_dynamic` [ RunTime:0.000310s ]
SQL: SELECT dynamic.*,user.avatarUrl,user.nickName FROM xcx_dynamic dynamic LEFT JOIN xcx_user user ON user.id = dynamic.uid  WHERE ( 1=1 ) ORDER BY dynamic.time desc LIMIT 0,20   [ RunTime:0.000060s ]
SQL: SHOW COLUMNS FROM `xcx_comment` [ RunTime:0.000326s ]
SQL: SHOW COLUMNS FROM `xcx_comment` [ RunTime:0.000289s ]
SQL: SELECT comment.id,comment.iid,comment.reply,comment.content,user.nickName FROM xcx_comment comment LEFT JOIN xcx_user user ON user.id = comment.uid  WHERE ( iid in (12,10,9,7,6,3,4,2) and type = "dynamic" ) ORDER BY comment.time desc  [ RunTime:0.000050s ]
NOTIC: [8] Undefined offset: 6 /data/wwwroot/xcx.codems.cn/Apps/Api/Controller/DynamicController.class.php 第 71 行.
NOTIC: [2] json_encode(): Invalid UTF-8 sequence in argument /data/wwwroot/xcx.codems.cn/Apps/Api/Controller/DynamicController.class.php 第 76 行.

[ 2017-08-30T11:19:40+08:00 ] 115.197.171.23 /api/msg/getall
INFO: [ app_begin ] --START--
INFO: Run Behavior\ReadHtmlCache [ RunTime:0.000327s ]
INFO: [ app_begin ] --END-- [ RunTime:0.000571s ]
NOTIC: [2048] Declaration of Api\Controller\MsgController::get() should be compatible with Think\Controller::get($name = '') /data/wwwroot/xcx.codems.cn/Apps/Api/Controller/MsgController.class.php 第 38 行.
SQL: SHOW COLUMNS FROM `xcx_user` [ RunTime:0.000469s ]

[ 2017-08-30T11:19:43+08:00 ] 115.197.171.23 /api/msg/get
INFO: [ app_begin ] --START--
INFO: Run Behavior\ReadHtmlCache [ RunTime:0.000334s ]
INFO: [ app_begin ] --END-- [ RunTime:0.000619s ]
NOTIC: [2048] Declaration of Api\Controller\MsgController::get() should be compatible with Think\Controller::get($name = '') /data/wwwroot/xcx.codems.cn/Apps/Api/Controller/MsgController.class.php 第 38 行.
SQL: SHOW COLUMNS FROM `xcx_user` [ RunTime:0.000623s ]

[ 2017-08-30T11:19:44+08:00 ] 115.197.171.23 /api/msg/getall
INFO: [ app_begin ] --START--
INFO: Run Behavior\ReadHtmlCache [ RunTime:0.000316s ]
INFO: [ app_begin ] --END-- [ RunTime:0.000551s ]
NOTIC: [2048] Declaration of Api\Controller\MsgController::get() should be compatible with Think\Controller::get($name = '') /data/wwwroot/xcx.codems.cn/Apps/Api/Controller/MsgController.class.php 第 38 行.
SQL: SHOW COLUMNS FROM `xcx_user` [ RunTime:0.000462s ]

[ 2017-08-30T11:19:46+08:00 ] 115.197.171.23 /api/info/mycount
INFO: [ app_begin ] --START--
INFO: Run Behavior\ReadHtmlCache [ RunTime:0.000285s ]
INFO: [ app_begin ] --END-- [ RunTime:0.000549s ]
SQL: SHOW COLUMNS FROM `xcx_user` [ RunTime:0.000458s ]

[ 2017-08-30T11:19:46+08:00 ] 115.197.171.23 /api/appointment/mycount
INFO: [ app_begin ] --START--
INFO: Run Behavior\ReadHtmlCache [ RunTime:0.000306s ]
INFO: [ app_begin ] --END-- [ RunTime:0.000541s ]
SQL: SHOW COLUMNS FROM `xcx_user` [ RunTime:0.000445s ]

[ 2017-08-30T11:19:55+08:00 ] 115.197.171.23 /api/info/mylist
INFO: [ app_begin ] --START--
INFO: Run Behavior\ReadHtmlCache [ RunTime:0.000456s ]
INFO: [ app_begin ] --END-- [ RunTime:0.000809s ]
SQL: SHOW COLUMNS FROM `xcx_user` [ RunTime:0.000671s ]

[ 2017-08-30T11:19:57+08:00 ] 115.197.171.23 /api/info/mycount
INFO: [ app_begin ] --START--
INFO: Run Behavior\ReadHtmlCache [ RunTime:0.000315s ]
INFO: [ app_begin ] --END-- [ RunTime:0.000557s ]
SQL: SHOW COLUMNS FROM `xcx_user` [ RunTime:0.000454s ]

[ 2017-08-30T11:19:57+08:00 ] 115.197.171.23 /api/appointment/mycount
INFO: [ app_begin ] --START--
INFO: Run Behavior\ReadHtmlCache [ RunTime:0.000277s ]
INFO: [ app_begin ] --END-- [ RunTime:0.000529s ]
SQL: SHOW COLUMNS FROM `xcx_user` [ RunTime:0.000460s ]

[ 2017-08-30T11:20:01+08:00 ] 115.197.171.23 /api/appointment/getPassenger
INFO: [ app_begin ] --START--
INFO: Run Behavior\ReadHtmlCache [ RunTime:0.000280s ]
INFO: [ app_begin ] --END-- [ RunTime:0.000547s ]
SQL: SHOW COLUMNS FROM `xcx_user` [ RunTime:0.000450s ]

[ 2017-08-30T11:20:01+08:00 ] 115.197.171.23 /api/appointment/my
INFO: [ app_begin ] --START--
INFO: Run Behavior\ReadHtmlCache [ RunTime:0.000311s ]
INFO: [ app_begin ] --END-- [ RunTime:0.000547s ]
SQL: SHOW COLUMNS FROM `xcx_user` [ RunTime:0.000621s ]

[ 2017-08-30T11:20:05+08:00 ] 115.197.171.23 /api/info/mycount
INFO: [ app_begin ] --START--
INFO: Run Behavior\ReadHtmlCache [ RunTime:0.000284s ]
INFO: [ app_begin ] --END-- [ RunTime:0.001546s ]
SQL: SHOW COLUMNS FROM `xcx_user` [ RunTime:0.000465s ]

[ 2017-08-30T11:20:05+08:00 ] 115.197.171.23 /api/appointment/mycount
INFO: [ app_begin ] --START--
INFO: Run Behavior\ReadHtmlCache [ RunTime:0.000289s ]
INFO: [ app_begin ] --END-- [ RunTime:0.000539s ]
SQL: SHOW COLUMNS FROM `xcx_user` [ RunTime:0.000453s ]

[ 2017-08-30T11:20:07+08:00 ] 115.197.171.23 /api/dynamic/getList
INFO: [ app_begin ] --START--
INFO: Run Behavior\ReadHtmlCache [ RunTime:0.000286s ]
INFO: [ app_begin ] --END-- [ RunTime:0.000528s ]
SQL: SHOW COLUMNS FROM `xcx_dynamic` [ RunTime:0.000387s ]
SQL: SHOW COLUMNS FROM `xcx_user` [ RunTime:0.000339s ]

[ 2017-08-30T11:20:09+08:00 ] 115.197.171.23 /api/info/mycount
INFO: [ app_begin ] --START--
INFO: Run Behavior\ReadHtmlCache [ RunTime:0.000363s ]
INFO: [ app_begin ] --END-- [ RunTime:0.000606s ]
SQL: SHOW COLUMNS FROM `xcx_user` [ RunTime:0.000418s ]

[ 2017-08-30T11:20:09+08:00 ] 115.197.171.23 /api/appointment/mycount
INFO: [ app_begin ] --START--
INFO: Run Behavior\ReadHtmlCache [ RunTime:0.000301s ]
INFO: [ app_begin ] --END-- [ RunTime:0.000586s ]
SQL: SHOW COLUMNS FROM `xcx_user` [ RunTime:0.000507s ]

[ 2017-08-30T11:21:18+08:00 ] 115.197.171.23 /api/user/editUser
INFO: [ app_begin ] --START--
INFO: Run Behavior\ReadHtmlCache [ RunTime:0.000292s ]
INFO: [ app_begin ] --END-- [ RunTime:0.000580s ]
SQL: SHOW COLUMNS FROM `xcx_user` [ RunTime:0.000504s ]

[ 2017-08-30T11:21:25+08:00 ] 115.197.171.23 /api/user/editUser
INFO: [ app_begin ] --START--
INFO: Run Behavior\ReadHtmlCache [ RunTime:0.000300s ]
INFO: [ app_begin ] --END-- [ RunTime:0.000551s ]
SQL: SHOW COLUMNS FROM `xcx_user` [ RunTime:0.000470s ]

[ 2017-08-30T11:21:25+08:00 ] 115.197.171.23 /api/user/editUser
INFO: [ app_begin ] --START--
INFO: Run Behavior\ReadHtmlCache [ RunTime:0.000283s ]
INFO: [ app_begin ] --END-- [ RunTime:0.000604s ]
SQL: SHOW COLUMNS FROM `xcx_user` [ RunTime:0.000460s ]

[ 2017-08-30T11:21:26+08:00 ] 115.197.171.23 /api/user/editUser
INFO: [ app_begin ] --START--
INFO: Run Behavior\ReadHtmlCache [ RunTime:0.000287s ]
INFO: [ app_begin ] --END-- [ RunTime:0.000561s ]
SQL: SHOW COLUMNS FROM `xcx_user` [ RunTime:0.000518s ]

[ 2017-08-30T11:21:26+08:00 ] 115.197.171.23 /api/user/editUser
INFO: [ app_begin ] --START--
INFO: Run Behavior\ReadHtmlCache [ RunTime:0.000298s ]
INFO: [ app_begin ] --END-- [ RunTime:0.000540s ]
SQL: SHOW COLUMNS FROM `xcx_user` [ RunTime:0.000479s ]

[ 2017-08-30T11:21:28+08:00 ] 115.197.171.23 /api/user/editUser
INFO: [ app_begin ] --START--
INFO: Run Behavior\ReadHtmlCache [ RunTime:0.000328s ]
INFO: [ app_begin ] --END-- [ RunTime:0.000574s ]
SQL: SHOW COLUMNS FROM `xcx_user` [ RunTime:0.000490s ]

[ 2017-08-30T11:21:28+08:00 ] 115.197.171.23 /api/user/editUser
INFO: [ app_begin ] --START--
INFO: Run Behavior\ReadHtmlCache [ RunTime:0.000333s ]
INFO: [ app_begin ] --END-- [ RunTime:0.000628s ]
SQL: SHOW COLUMNS FROM `xcx_user` [ RunTime:0.000539s ]

[ 2017-08-30T11:21:28+08:00 ] 115.197.171.23 /api/user/editUser
INFO: [ app_begin ] --START--
INFO: Run Behavior\ReadHtmlCache [ RunTime:0.000289s ]
INFO: [ app_begin ] --END-- [ RunTime:0.000580s ]
SQL: SHOW COLUMNS FROM `xcx_user` [ RunTime:0.000464s ]

[ 2017-08-30T11:21:37+08:00 ] 115.197.171.23 /api/info/mycount
INFO: [ app_begin ] --START--
INFO: Run Behavior\ReadHtmlCache [ RunTime:0.000303s ]
INFO: [ app_begin ] --END-- [ RunTime:0.001590s ]
SQL: SHOW COLUMNS FROM `xcx_user` [ RunTime:0.000558s ]

[ 2017-08-30T11:21:37+08:00 ] 115.197.171.23 /api/appointment/mycount
INFO: [ app_begin ] --START--
INFO: Run Behavior\ReadHtmlCache [ RunTime:0.000292s ]
INFO: [ app_begin ] --END-- [ RunTime:0.001576s ]
SQL: SHOW COLUMNS FROM `xcx_user` [ RunTime:0.000332s ]

[ 2017-08-30T11:21:40+08:00 ] 115.197.171.23 /api/info/mycount
INFO: [ app_begin ] --START--
INFO: Run Behavior\ReadHtmlCache [ RunTime:0.000328s ]
INFO: [ app_begin ] --END-- [ RunTime:0.000578s ]
SQL: SHOW COLUMNS FROM `xcx_user` [ RunTime:0.000484s ]

[ 2017-08-30T11:21:40+08:00 ] 115.197.171.23 /api/appointment/mycount
INFO: [ app_begin ] --START--
INFO: Run Behavior\ReadHtmlCache [ RunTime:0.000321s ]
INFO: [ app_begin ] --END-- [ RunTime:0.000559s ]
SQL: SHOW COLUMNS FROM `xcx_user` [ RunTime:0.000464s ]

[ 2017-08-30T11:21:42+08:00 ] 115.197.171.23 /api/dynamic/getList
INFO: [ app_begin ] --START--
INFO: Run Behavior\ReadHtmlCache [ RunTime:0.000297s ]
INFO: [ app_begin ] --END-- [ RunTime:0.000555s ]
SQL: SHOW COLUMNS FROM `xcx_dynamic` [ RunTime:0.000418s ]
SQL: SHOW COLUMNS FROM `xcx_user` [ RunTime:0.000321s ]

[ 2017-08-30T11:21:43+08:00 ] 115.197.171.23 /api/appointment/mycount
INFO: [ app_begin ] --START--
INFO: Run Behavior\ReadHtmlCache [ RunTime:0.000306s ]
INFO: [ app_begin ] --END-- [ RunTime:0.001572s ]
SQL: SHOW COLUMNS FROM `xcx_user` [ RunTime:0.000994s ]

[ 2017-08-30T11:21:43+08:00 ] 115.197.171.23 /api/info/mycount
INFO: [ app_begin ] --START--
INFO: Run Behavior\ReadHtmlCache [ RunTime:0.000292s ]
INFO: [ app_begin ] --END-- [ RunTime:0.000595s ]
SQL: SHOW COLUMNS FROM `xcx_user` [ RunTime:0.000806s ]

[ 2017-08-30T11:21:45+08:00 ] 115.197.171.23 /api/fav/myFav
INFO: [ app_begin ] --START--
INFO: Run Behavior\ReadHtmlCache [ RunTime:0.000331s ]
INFO: [ app_begin ] --END-- [ RunTime:0.000638s ]
SQL: SHOW COLUMNS FROM `xcx_user` [ RunTime:0.000523s ]

[ 2017-08-30T11:21:46+08:00 ] 115.197.171.23 /api/info/mycount
INFO: [ app_begin ] --START--
INFO: Run Behavior\ReadHtmlCache [ RunTime:0.000333s ]
INFO: [ app_begin ] --END-- [ RunTime:0.000587s ]
SQL: SHOW COLUMNS FROM `xcx_user` [ RunTime:0.000482s ]

[ 2017-08-30T11:21:46+08:00 ] 115.197.171.23 /api/appointment/mycount
INFO: [ app_begin ] --START--
INFO: Run Behavior\ReadHtmlCache [ RunTime:0.000876s ]
INFO: [ app_begin ] --END-- [ RunTime:0.001165s ]
SQL: SHOW COLUMNS FROM `xcx_user` [ RunTime:0.000349s ]

[ 2017-08-30T11:21:51+08:00 ] 115.197.171.23 /api/appointment/getPassenger
INFO: [ app_begin ] --START--
INFO: Run Behavior\ReadHtmlCache [ RunTime:0.000299s ]
INFO: [ app_begin ] --END-- [ RunTime:0.000558s ]
SQL: SHOW COLUMNS FROM `xcx_user` [ RunTime:0.000664s ]

[ 2017-08-30T11:21:51+08:00 ] 115.197.171.23 /api/appointment/my
INFO: [ app_begin ] --START--
INFO: Run Behavior\ReadHtmlCache [ RunTime:0.000440s ]
INFO: [ app_begin ] --END-- [ RunTime:0.001787s ]
SQL: SHOW COLUMNS FROM `xcx_user` [ RunTime:0.000345s ]

[ 2017-08-30T11:21:52+08:00 ] 115.197.171.23 /api/info/mycount
INFO: [ app_begin ] --START--
INFO: Run Behavior\ReadHtmlCache [ RunTime:0.000444s ]
INFO: [ app_begin ] --END-- [ RunTime:0.000785s ]
SQL: SHOW COLUMNS FROM `xcx_user` [ RunTime:0.000655s ]

[ 2017-08-30T11:21:52+08:00 ] 115.197.171.23 /api/appointment/mycount
INFO: [ app_begin ] --START--
INFO: Run Behavior\ReadHtmlCache [ RunTime:0.000290s ]
INFO: [ app_begin ] --END-- [ RunTime:0.000546s ]
SQL: SHOW COLUMNS FROM `xcx_user` [ RunTime:0.000457s ]

[ 2017-08-30T11:21:55+08:00 ] 115.197.171.23 /api/info/mylist
INFO: [ app_begin ] --START--
INFO: Run Behavior\ReadHtmlCache [ RunTime:0.000316s ]
INFO: [ app_begin ] --END-- [ RunTime:0.000553s ]
SQL: SHOW COLUMNS FROM `xcx_user` [ RunTime:0.000452s ]

[ 2017-08-30T11:21:56+08:00 ] 115.197.171.23 /api/info/mycount
INFO: [ app_begin ] --START--
INFO: Run Behavior\ReadHtmlCache [ RunTime:0.000451s ]
INFO: [ app_begin ] --END-- [ RunTime:0.000806s ]
SQL: SHOW COLUMNS FROM `xcx_user` [ RunTime:0.000664s ]

[ 2017-08-30T11:21:56+08:00 ] 115.197.171.23 /api/appointment/mycount
INFO: [ app_begin ] --START--
INFO: Run Behavior\ReadHtmlCache [ RunTime:0.000329s ]
INFO: [ app_begin ] --END-- [ RunTime:0.000573s ]
SQL: SHOW COLUMNS FROM `xcx_user` [ RunTime:0.000521s ]

[ 2017-08-30T11:21:58+08:00 ] 115.197.171.23 /api/dynamic/getlist
INFO: [ app_begin ] --START--
INFO: Run Behavior\ReadHtmlCache [ RunTime:0.000303s ]
INFO: [ app_begin ] --END-- [ RunTime:0.000570s ]
SQL: SHOW COLUMNS FROM `xcx_dynamic` [ RunTime:0.000467s ]
SQL: SHOW COLUMNS FROM `xcx_dynamic` [ RunTime:0.000301s ]
SQL: SELECT dynamic.*,user.avatarUrl,user.nickName FROM xcx_dynamic dynamic LEFT JOIN xcx_user user ON user.id = dynamic.uid  WHERE ( 1=1 ) ORDER BY dynamic.time desc LIMIT 0,20   [ RunTime:0.000564s ]
SQL: SHOW COLUMNS FROM `xcx_comment` [ RunTime:0.000306s ]
SQL: SHOW COLUMNS FROM `xcx_comment` [ RunTime:0.000290s ]
SQL: SELECT comment.id,comment.iid,comment.reply,comment.content,user.nickName FROM xcx_comment comment LEFT JOIN xcx_user user ON user.id = comment.uid  WHERE ( iid in (12,10,9,7,6,3,4,2) and type = "dynamic" ) ORDER BY comment.time desc  [ RunTime:0.000307s ]
NOTIC: [8] Undefined offset: 6 /data/wwwroot/xcx.codems.cn/Apps/Api/Controller/DynamicController.class.php 第 71 行.
NOTIC: [2] json_encode(): Invalid UTF-8 sequence in argument /data/wwwroot/xcx.codems.cn/Apps/Api/Controller/DynamicController.class.php 第 76 行.

[ 2017-08-30T11:22:01+08:00 ] 115.197.171.23 /api/msg/getall
INFO: [ app_begin ] --START--
INFO: Run Behavior\ReadHtmlCache [ RunTime:0.000361s ]
INFO: [ app_begin ] --END-- [ RunTime:0.000595s ]
NOTIC: [2048] Declaration of Api\Controller\MsgController::get() should be compatible with Think\Controller::get($name = '') /data/wwwroot/xcx.codems.cn/Apps/Api/Controller/MsgController.class.php 第 38 行.
SQL: SHOW COLUMNS FROM `xcx_user` [ RunTime:0.000457s ]

[ 2017-08-30T13:42:04+08:00 ] 171.212.115.203 /api/user/login
INFO: [ app_begin ] --START--
INFO: Run Behavior\ReadHtmlCache [ RunTime:0.000628s ]
INFO: [ app_begin ] --END-- [ RunTime:0.001059s ]
NOTIC: [2] file_get_contents(https://api.weixin.qq.com/sns/jscode2session?appid=wx0aa456241abc9e8e&amp;secret=58ec56f0d3f37e4dcee7a75220bc6766&amp;js_code=the code is a mock one&amp;grant_type=authorization_code): failed to open stream: HTTP request failed! code 200 OK
 /data/wwwroot/xcx.codems.cn/Apps/Api/Controller/UserController.class.php 第 60 行.
SQL: SHOW COLUMNS FROM `xcx_user` [ RunTime:0.003167s ]
SQL: SELECT `id`,`avatarUrl`,`city`,`gender`,`nickName`,`province`,`county`,`phone`,`vehicle`,`name` FROM `xcx_user` WHERE ( id = "" or openid ="" ) LIMIT 1   [ RunTime:0.000380s ]
NOTIC: [8] Undefined index: encryptedData /data/wwwroot/xcx.codems.cn/Apps/Api/Controller/UserController.class.php 第 14 行.
NOTIC: [8] Undefined index: iv /data/wwwroot/xcx.codems.cn/Apps/Api/Controller/UserController.class.php 第 14 行.
SQL: SELECT `id`,`avatarUrl`,`city`,`gender`,`nickName`,`province`,`county`,`phone`,`vehicle`,`name` FROM `xcx_user` WHERE ( id = "" or openid ="" ) LIMIT 1   [ RunTime:0.000055s ]
NOTIC: [2] unlink(/data/wwwroot/xcx.codems.cn/cache/Temp/afd462ac1ed1ce1ddc9fe8fee9418ccf.php): No such file or directory /data/wwwroot/xcx.codems.cn/include/ThinkPHP/Library/Think/Cache/Driver/File.class.php 第 157 行.

[ 2017-08-30T13:42:04+08:00 ] 171.212.115.203 /api/info/lists
INFO: [ app_begin ] --START--
INFO: Run Behavior\ReadHtmlCache [ RunTime:0.000306s ]
INFO: [ app_begin ] --END-- [ RunTime:0.000572s ]
SQL: SHOW COLUMNS FROM `xcx_info` [ RunTime:0.000851s ]
SQL: SHOW COLUMNS FROM `xcx_info` [ RunTime:0.000354s ]
SQL: SELECT info.*,user.avatarUrl FROM xcx_info info LEFT JOIN xcx_user user ON user.id = info.uid  WHERE ( info.status = 1 and info.time >= "1504071724" and info.date <= "2017-09-06" and info.departure like "%成都市%" ) ORDER BY time asc LIMIT 0,20   [ RunTime:0.001234s ]

[ 2017-08-30T13:42:08+08:00 ] 171.212.115.203 /api/info/lists
INFO: [ app_begin ] --START--
INFO: Run Behavior\ReadHtmlCache [ RunTime:0.000317s ]
INFO: [ app_begin ] --END-- [ RunTime:0.000551s ]
SQL: SHOW COLUMNS FROM `xcx_info` [ RunTime:0.000494s ]
SQL: SHOW COLUMNS FROM `xcx_info` [ RunTime:0.000337s ]
SQL: SELECT info.*,user.avatarUrl FROM xcx_info info LEFT JOIN xcx_user user ON user.id = info.uid  WHERE ( info.status = 1 and info.time >= "1504071728" and info.date <= "2017-09-06" and info.departure like "%成都市%" ) ORDER BY time asc LIMIT 0,20   [ RunTime:0.000356s ]

[ 2017-08-30T13:43:02+08:00 ] 171.212.115.203 /api/dynamic/getlist
INFO: [ app_begin ] --START--
INFO: Run Behavior\ReadHtmlCache [ RunTime:0.000293s ]
INFO: [ app_begin ] --END-- [ RunTime:0.000570s ]
SQL: SHOW COLUMNS FROM `xcx_dynamic` [ RunTime:0.000443s ]
SQL: SHOW COLUMNS FROM `xcx_dynamic` [ RunTime:0.000306s ]
SQL: SELECT dynamic.*,user.avatarUrl,user.nickName FROM xcx_dynamic dynamic LEFT JOIN xcx_user user ON user.id = dynamic.uid  WHERE ( 1=1 ) ORDER BY dynamic.time desc LIMIT 0,20   [ RunTime:0.000880s ]
SQL: SHOW COLUMNS FROM `xcx_comment` [ RunTime:0.000313s ]
SQL: SHOW COLUMNS FROM `xcx_comment` [ RunTime:0.000310s ]
SQL: SELECT comment.id,comment.iid,comment.reply,comment.content,user.nickName FROM xcx_comment comment LEFT JOIN xcx_user user ON user.id = comment.uid  WHERE ( iid in (12,10,9,7,6,3,4,2) and type = "dynamic" ) ORDER BY comment.time desc  [ RunTime:0.000289s ]
NOTIC: [8] Undefined offset: 6 /data/wwwroot/xcx.codems.cn/Apps/Api/Controller/DynamicController.class.php 第 71 行.
NOTIC: [2] json_encode(): Invalid UTF-8 sequence in argument /data/wwwroot/xcx.codems.cn/Apps/Api/Controller/DynamicController.class.php 第 76 行.

[ 2017-08-30T13:43:16+08:00 ] 115.197.171.23 /api/user/login
INFO: [ app_begin ] --START--
INFO: Run Behavior\ReadHtmlCache [ RunTime:0.000311s ]
INFO: [ app_begin ] --END-- [ RunTime:0.000576s ]
NOTIC: [2] file_get_contents(https://api.weixin.qq.com/sns/jscode2session?appid=wx0aa456241abc9e8e&amp;secret=58ec56f0d3f37e4dcee7a75220bc6766&amp;js_code=the code is a mock one&amp;grant_type=authorization_code): failed to open stream: HTTP request failed! code 200 OK
 /data/wwwroot/xcx.codems.cn/Apps/Api/Controller/UserController.class.php 第 60 行.
SQL: SHOW COLUMNS FROM `xcx_user` [ RunTime:0.000499s ]
SQL: SELECT `id`,`avatarUrl`,`city`,`gender`,`nickName`,`province`,`county`,`phone`,`vehicle`,`name` FROM `xcx_user` WHERE ( id = "" or openid ="" ) LIMIT 1   [ RunTime:0.000059s ]
NOTIC: [8] Undefined index: encryptedData /data/wwwroot/xcx.codems.cn/Apps/Api/Controller/UserController.class.php 第 14 行.
NOTIC: [8] Undefined index: iv /data/wwwroot/xcx.codems.cn/Apps/Api/Controller/UserController.class.php 第 14 行.
SQL: SELECT `id`,`avatarUrl`,`city`,`gender`,`nickName`,`province`,`county`,`phone`,`vehicle`,`name` FROM `xcx_user` WHERE ( id = "" or openid ="" ) LIMIT 1   [ RunTime:0.000057s ]
NOTIC: [2] unlink(/data/wwwroot/xcx.codems.cn/cache/Temp/09813843e6c08c8e001008fce134475b.php): No such file or directory /data/wwwroot/xcx.codems.cn/include/ThinkPHP/Library/Think/Cache/Driver/File.class.php 第 157 行.

[ 2017-08-30T13:43:17+08:00 ] 115.197.171.23 /api/info/lists
INFO: [ app_begin ] --START--
INFO: Run Behavior\ReadHtmlCache [ RunTime:0.000287s ]
INFO: [ app_begin ] --END-- [ RunTime:0.000557s ]
SQL: SHOW COLUMNS FROM `xcx_info` [ RunTime:0.000521s ]
SQL: SHOW COLUMNS FROM `xcx_info` [ RunTime:0.000343s ]
SQL: SELECT info.*,user.avatarUrl FROM xcx_info info LEFT JOIN xcx_user user ON user.id = info.uid  WHERE ( info.status = 1 and info.time >= "1504071797" and info.date <= "2017-09-06" and info.departure like "%杭州市%" ) ORDER BY time asc LIMIT 0,20   [ RunTime:0.000353s ]

[ 2017-08-30T13:43:19+08:00 ] 115.197.171.23 /api/info/lists
INFO: [ app_begin ] --START--
INFO: Run Behavior\ReadHtmlCache [ RunTime:0.000307s ]
INFO: [ app_begin ] --END-- [ RunTime:0.000568s ]
SQL: SHOW COLUMNS FROM `xcx_info` [ RunTime:0.000531s ]
SQL: SHOW COLUMNS FROM `xcx_info` [ RunTime:0.000343s ]
SQL: SELECT info.*,user.avatarUrl FROM xcx_info info LEFT JOIN xcx_user user ON user.id = info.uid  WHERE ( info.status = 1 and info.time >= "1504071799" and info.date <= "2017-09-06" and info.departure like "%杭州市%" ) ORDER BY time asc LIMIT 0,20   [ RunTime:0.000335s ]

[ 2017-08-30T13:43:20+08:00 ] 115.197.171.23 /api/info/mycount
INFO: [ app_begin ] --START--
INFO: Run Behavior\ReadHtmlCache [ RunTime:0.000295s ]
INFO: [ app_begin ] --END-- [ RunTime:0.000561s ]
SQL: SHOW COLUMNS FROM `xcx_user` [ RunTime:0.000467s ]

[ 2017-08-30T13:43:20+08:00 ] 115.197.171.23 /api/appointment/mycount
INFO: [ app_begin ] --START--
INFO: Run Behavior\ReadHtmlCache [ RunTime:0.000304s ]
INFO: [ app_begin ] --END-- [ RunTime:0.000586s ]
SQL: SHOW COLUMNS FROM `xcx_user` [ RunTime:0.000493s ]

[ 2017-08-30T13:43:52+08:00 ] 115.197.171.23 /api/msg/getall
INFO: [ app_begin ] --START--
INFO: Run Behavior\ReadHtmlCache [ RunTime:0.000295s ]
INFO: [ app_begin ] --END-- [ RunTime:0.000573s ]
NOTIC: [2048] Declaration of Api\Controller\MsgController::get() should be compatible with Think\Controller::get($name = '') /data/wwwroot/xcx.codems.cn/Apps/Api/Controller/MsgController.class.php 第 38 行.
SQL: SHOW COLUMNS FROM `xcx_user` [ RunTime:0.000707s ]

[ 2017-08-30T13:43:53+08:00 ] 115.197.171.23 /api/info/mycount
INFO: [ app_begin ] --START--
INFO: Run Behavior\ReadHtmlCache [ RunTime:0.000326s ]
INFO: [ app_begin ] --END-- [ RunTime:0.000575s ]
SQL: SHOW COLUMNS FROM `xcx_user` [ RunTime:0.000487s ]

[ 2017-08-30T13:43:53+08:00 ] 115.197.171.23 /api/appointment/mycount
INFO: [ app_begin ] --START--
INFO: Run Behavior\ReadHtmlCache [ RunTime:0.000355s ]
INFO: [ app_begin ] --END-- [ RunTime:0.000630s ]
SQL: SHOW COLUMNS FROM `xcx_user` [ RunTime:0.000513s ]

[ 2017-08-30T13:44:02+08:00 ] 171.212.115.203 /api/user/login
INFO: [ app_begin ] --START--
INFO: Run Behavior\ReadHtmlCache [ RunTime:0.000334s ]
INFO: [ app_begin ] --END-- [ RunTime:0.000600s ]
NOTIC: [2] file_get_contents(https://api.weixin.qq.com/sns/jscode2session?appid=wx0aa456241abc9e8e&amp;secret=58ec56f0d3f37e4dcee7a75220bc6766&amp;js_code=the code is a mock one&amp;grant_type=authorization_code): failed to open stream: HTTP request failed! code 200 OK
 /data/wwwroot/xcx.codems.cn/Apps/Api/Controller/UserController.class.php 第 60 行.
SQL: SHOW COLUMNS FROM `xcx_user` [ RunTime:0.000778s ]
SQL: SELECT `id`,`avatarUrl`,`city`,`gender`,`nickName`,`province`,`county`,`phone`,`vehicle`,`name` FROM `xcx_user` WHERE ( id = "" or openid ="" ) LIMIT 1   [ RunTime:0.000072s ]
NOTIC: [8] Undefined index: encryptedData /data/wwwroot/xcx.codems.cn/Apps/Api/Controller/UserController.class.php 第 14 行.
NOTIC: [8] Undefined index: iv /data/wwwroot/xcx.codems.cn/Apps/Api/Controller/UserController.class.php 第 14 行.
SQL: SELECT `id`,`avatarUrl`,`city`,`gender`,`nickName`,`province`,`county`,`phone`,`vehicle`,`name` FROM `xcx_user` WHERE ( id = "" or openid ="" ) LIMIT 1   [ RunTime:0.000069s ]
NOTIC: [2] unlink(/data/wwwroot/xcx.codems.cn/cache/Temp/4957fbb418c4e5e0258f5c86966ba1d4.php): No such file or directory /data/wwwroot/xcx.codems.cn/include/ThinkPHP/Library/Think/Cache/Driver/File.class.php 第 157 行.

[ 2017-08-30T13:44:02+08:00 ] 171.212.115.203 /api/info/lists
INFO: [ app_begin ] --START--
INFO: Run Behavior\ReadHtmlCache [ RunTime:0.000476s ]
INFO: [ app_begin ] --END-- [ RunTime:0.000839s ]
SQL: SHOW COLUMNS FROM `xcx_info` [ RunTime:0.000604s ]
SQL: SHOW COLUMNS FROM `xcx_info` [ RunTime:0.000518s ]
SQL: SELECT info.*,user.avatarUrl FROM xcx_info info LEFT JOIN xcx_user user ON user.id = info.uid  WHERE ( info.status = 1 and info.time >= "1504071842" and info.date <= "2017-09-06" and info.departure like "%成都市%" ) ORDER BY time asc LIMIT 0,20   [ RunTime:0.000610s ]

[ 2017-08-30T13:44:48+08:00 ] 115.197.171.23 /api/info/mycount
INFO: [ app_begin ] --START--
INFO: Run Behavior\ReadHtmlCache [ RunTime:0.085021s ]
INFO: [ app_begin ] --END-- [ RunTime:0.085828s ]
SQL: SHOW COLUMNS FROM `xcx_user` [ RunTime:0.000846s ]

[ 2017-08-30T13:44:48+08:00 ] 115.197.171.23 /api/appointment/mycount
INFO: [ app_begin ] --START--
INFO: Run Behavior\ReadHtmlCache [ RunTime:0.000368s ]
INFO: [ app_begin ] --END-- [ RunTime:0.000623s ]
SQL: SHOW COLUMNS FROM `xcx_user` [ RunTime:0.000455s ]

[ 2017-08-30T13:44:51+08:00 ] 115.197.171.23 /api/dynamic/getList
INFO: [ app_begin ] --START--
INFO: Run Behavior\ReadHtmlCache [ RunTime:0.000296s ]
INFO: [ app_begin ] --END-- [ RunTime:0.000532s ]
SQL: SHOW COLUMNS FROM `xcx_dynamic` [ RunTime:0.000475s ]
SQL: SHOW COLUMNS FROM `xcx_user` [ RunTime:0.000393s ]

[ 2017-08-30T13:44:53+08:00 ] 115.197.171.23 /api/info/mycount
INFO: [ app_begin ] --START--
INFO: Run Behavior\ReadHtmlCache [ RunTime:0.000510s ]
INFO: [ app_begin ] --END-- [ RunTime:0.001014s ]
SQL: SHOW COLUMNS FROM `xcx_user` [ RunTime:0.000545s ]

[ 2017-08-30T13:44:53+08:00 ] 115.197.171.23 /api/appointment/mycount
INFO: [ app_begin ] --START--
INFO: Run Behavior\ReadHtmlCache [ RunTime:0.000296s ]
INFO: [ app_begin ] --END-- [ RunTime:0.000528s ]
SQL: SHOW COLUMNS FROM `xcx_user` [ RunTime:0.000539s ]

[ 2017-08-30T13:44:56+08:00 ] 115.197.171.23 /api/info/mylist
INFO: [ app_begin ] --START--
INFO: Run Behavior\ReadHtmlCache [ RunTime:0.000304s ]
INFO: [ app_begin ] --END-- [ RunTime:0.000541s ]
SQL: SHOW COLUMNS FROM `xcx_user` [ RunTime:0.000508s ]

[ 2017-08-30T13:44:57+08:00 ] 115.197.171.23 /api/info/mycount
INFO: [ app_begin ] --START--
INFO: Run Behavior\ReadHtmlCache [ RunTime:0.000376s ]
INFO: [ app_begin ] --END-- [ RunTime:0.000674s ]
SQL: SHOW COLUMNS FROM `xcx_user` [ RunTime:0.000525s ]

[ 2017-08-30T13:44:57+08:00 ] 115.197.171.23 /api/appointment/mycount
INFO: [ app_begin ] --START--
INFO: Run Behavior\ReadHtmlCache [ RunTime:0.000300s ]
INFO: [ app_begin ] --END-- [ RunTime:0.000565s ]
SQL: SHOW COLUMNS FROM `xcx_user` [ RunTime:0.000560s ]

[ 2017-08-30T13:44:59+08:00 ] 115.197.171.23 /api/appointment/getPassenger
INFO: [ app_begin ] --START--
INFO: Run Behavior\ReadHtmlCache [ RunTime:0.000297s ]
INFO: [ app_begin ] --END-- [ RunTime:0.000537s ]
SQL: SHOW COLUMNS FROM `xcx_user` [ RunTime:0.000483s ]

[ 2017-08-30T13:44:59+08:00 ] 115.197.171.23 /api/appointment/my
INFO: [ app_begin ] --START--
INFO: Run Behavior\ReadHtmlCache [ RunTime:0.000287s ]
INFO: [ app_begin ] --END-- [ RunTime:0.000525s ]
SQL: SHOW COLUMNS FROM `xcx_user` [ RunTime:0.000459s ]

[ 2017-08-30T13:45:00+08:00 ] 115.197.171.23 /api/info/mycount
INFO: [ app_begin ] --START--
INFO: Run Behavior\ReadHtmlCache [ RunTime:0.000304s ]
INFO: [ app_begin ] --END-- [ RunTime:0.003221s ]
SQL: SHOW COLUMNS FROM `xcx_user` [ RunTime:0.000456s ]

[ 2017-08-30T13:45:01+08:00 ] 115.197.171.23 /api/appointment/mycount
INFO: [ app_begin ] --START--
INFO: Run Behavior\ReadHtmlCache [ RunTime:0.002313s ]
INFO: [ app_begin ] --END-- [ RunTime:0.002550s ]
SQL: SHOW COLUMNS FROM `xcx_user` [ RunTime:0.000420s ]

[ 2017-08-30T13:45:04+08:00 ] 115.197.171.23 /api/fav/myFav
INFO: [ app_begin ] --START--
INFO: Run Behavior\ReadHtmlCache [ RunTime:0.001377s ]
INFO: [ app_begin ] --END-- [ RunTime:0.001639s ]
SQL: SHOW COLUMNS FROM `xcx_user` [ RunTime:0.001314s ]

[ 2017-08-30T13:45:04+08:00 ] 115.197.171.23 /api/info/mycount
INFO: [ app_begin ] --START--
INFO: Run Behavior\ReadHtmlCache [ RunTime:0.000298s ]
INFO: [ app_begin ] --END-- [ RunTime:0.000533s ]
SQL: SHOW COLUMNS FROM `xcx_user` [ RunTime:0.000415s ]

[ 2017-08-30T13:45:04+08:00 ] 115.197.171.23 /api/appointment/mycount
INFO: [ app_begin ] --START--
INFO: Run Behavior\ReadHtmlCache [ RunTime:0.000291s ]
INFO: [ app_begin ] --END-- [ RunTime:0.000547s ]
SQL: SHOW COLUMNS FROM `xcx_user` [ RunTime:0.000488s ]

[ 2017-08-30T13:52:26+08:00 ] 38.142.119.210 /
INFO: [ app_begin ] --START--
INFO: Run Behavior\ReadHtmlCache [ RunTime:0.000556s ]
INFO: [ app_begin ] --END-- [ RunTime:0.001129s ]
INFO: [ app_end ] --START--
INFO: Run Behavior\ShowPageTrace [ RunTime:0.012930s ]
INFO: [ app_end ] --END-- [ RunTime:0.013034s ]

[ 2017-08-30T14:54:10+08:00 ] 117.151.227.125 /api/info/lists
INFO: [ app_begin ] --START--
INFO: Run Behavior\ReadHtmlCache [ RunTime:0.000320s ]
INFO: [ app_begin ] --END-- [ RunTime:0.000998s ]
SQL: SHOW COLUMNS FROM `xcx_info` [ RunTime:0.033726s ]
SQL: SHOW COLUMNS FROM `xcx_info` [ RunTime:0.000404s ]
SQL: SELECT info.*,user.avatarUrl FROM xcx_info info LEFT JOIN xcx_user user ON user.id = info.uid  WHERE ( info.status = 1 and info.time >= "1504076050" and info.date <= "2017-09-06" and info.departure like "%鄂州市%" ) ORDER BY time asc LIMIT 0,20   [ RunTime:0.000917s ]

[ 2017-08-30T14:54:10+08:00 ] 117.151.227.125 /api/info/lists
INFO: [ app_begin ] --START--
INFO: Run Behavior\ReadHtmlCache [ RunTime:0.000641s ]
INFO: [ app_begin ] --END-- [ RunTime:0.002511s ]
SQL: SHOW COLUMNS FROM `xcx_info` [ RunTime:0.029753s ]
SQL: SHOW COLUMNS FROM `xcx_info` [ RunTime:0.000478s ]
SQL: SELECT info.*,user.avatarUrl FROM xcx_info info LEFT JOIN xcx_user user ON user.id = info.uid  WHERE ( info.status = 1 and info.time >= "1504076050" and info.date <= "2017-09-06" and info.departure like "%鄂州市%" ) ORDER BY time asc LIMIT 0,20   [ RunTime:0.003562s ]

[ 2017-08-30T14:54:10+08:00 ] 117.151.227.125 /api/user/login
INFO: [ app_begin ] --START--
INFO: Run Behavior\ReadHtmlCache [ RunTime:0.001090s ]
INFO: [ app_begin ] --END-- [ RunTime:0.001541s ]
NOTIC: [2] file_get_contents(https://api.weixin.qq.com/sns/jscode2session?appid=wx0aa456241abc9e8e&amp;secret=58ec56f0d3f37e4dcee7a75220bc6766&amp;js_code=the code is a mock one&amp;grant_type=authorization_code): failed to open stream: HTTP request failed! code 200 OK
 /data/wwwroot/xcx.codems.cn/Apps/Api/Controller/UserController.class.php 第 60 行.
SQL: SHOW COLUMNS FROM `xcx_user` [ RunTime:0.000484s ]
SQL: SELECT `id`,`avatarUrl`,`city`,`gender`,`nickName`,`province`,`county`,`phone`,`vehicle`,`name` FROM `xcx_user` WHERE ( id = "" or openid ="" ) LIMIT 1   [ RunTime:0.000433s ]
NOTIC: [8] Undefined index: encryptedData /data/wwwroot/xcx.codems.cn/Apps/Api/Controller/UserController.class.php 第 14 行.
NOTIC: [8] Undefined index: iv /data/wwwroot/xcx.codems.cn/Apps/Api/Controller/UserController.class.php 第 14 行.
SQL: SELECT `id`,`avatarUrl`,`city`,`gender`,`nickName`,`province`,`county`,`phone`,`vehicle`,`name` FROM `xcx_user` WHERE ( id = "" or openid ="" ) LIMIT 1   [ RunTime:0.000059s ]
NOTIC: [2] unlink(/data/wwwroot/xcx.codems.cn/cache/Temp/4851ea51f9976337d99a8d1b5480fa68.php): No such file or directory /data/wwwroot/xcx.codems.cn/include/ThinkPHP/Library/Think/Cache/Driver/File.class.php 第 157 行.

[ 2017-08-30T14:54:11+08:00 ] 117.151.227.125 /api/msg/getall
INFO: [ app_begin ] --START--
INFO: Run Behavior\ReadHtmlCache [ RunTime:0.000297s ]
INFO: [ app_begin ] --END-- [ RunTime:0.000534s ]
NOTIC: [2048] Declaration of Api\Controller\MsgController::get() should be compatible with Think\Controller::get($name = '') /data/wwwroot/xcx.codems.cn/Apps/Api/Controller/MsgController.class.php 第 38 行.
SQL: SHOW COLUMNS FROM `xcx_user` [ RunTime:0.000473s ]

[ 2017-08-30T14:54:12+08:00 ] 117.151.227.125 /api/info/mycount
INFO: [ app_begin ] --START--
INFO: Run Behavior\ReadHtmlCache [ RunTime:0.000293s ]
INFO: [ app_begin ] --END-- [ RunTime:0.000563s ]
SQL: SHOW COLUMNS FROM `xcx_user` [ RunTime:0.000480s ]

[ 2017-08-30T14:54:12+08:00 ] 117.151.227.125 /api/appointment/mycount
INFO: [ app_begin ] --START--
INFO: Run Behavior\ReadHtmlCache [ RunTime:0.000303s ]
INFO: [ app_begin ] --END-- [ RunTime:0.000534s ]
SQL: SHOW COLUMNS FROM `xcx_user` [ RunTime:0.000493s ]

[ 2017-08-30T14:54:18+08:00 ] 117.151.227.125 /api/dynamic/getlist
INFO: [ app_begin ] --START--
INFO: Run Behavior\ReadHtmlCache [ RunTime:0.001345s ]
INFO: [ app_begin ] --END-- [ RunTime:0.001592s ]
SQL: SHOW COLUMNS FROM `xcx_dynamic` [ RunTime:0.000458s ]
SQL: SHOW COLUMNS FROM `xcx_dynamic` [ RunTime:0.000520s ]
SQL: SELECT dynamic.*,user.avatarUrl,user.nickName FROM xcx_dynamic dynamic LEFT JOIN xcx_user user ON user.id = dynamic.uid  WHERE ( 1=1 ) ORDER BY dynamic.time desc LIMIT 0,20   [ RunTime:0.000587s ]
SQL: SHOW COLUMNS FROM `xcx_comment` [ RunTime:0.000728s ]
SQL: SHOW COLUMNS FROM `xcx_comment` [ RunTime:0.000291s ]
SQL: SELECT comment.id,comment.iid,comment.reply,comment.content,user.nickName FROM xcx_comment comment LEFT JOIN xcx_user user ON user.id = comment.uid  WHERE ( iid in (12,10,9,7,6,3,4,2) and type = "dynamic" ) ORDER BY comment.time desc  [ RunTime:0.001397s ]
NOTIC: [8] Undefined offset: 6 /data/wwwroot/xcx.codems.cn/Apps/Api/Controller/DynamicController.class.php 第 71 行.
NOTIC: [2] json_encode(): Invalid UTF-8 sequence in argument /data/wwwroot/xcx.codems.cn/Apps/Api/Controller/DynamicController.class.php 第 76 行.

[ 2017-08-30T14:54:18+08:00 ] 117.151.227.125 /api/msg/getall
INFO: [ app_begin ] --START--
INFO: Run Behavior\ReadHtmlCache [ RunTime:0.000295s ]
INFO: [ app_begin ] --END-- [ RunTime:0.000521s ]
NOTIC: [2048] Declaration of Api\Controller\MsgController::get() should be compatible with Think\Controller::get($name = '') /data/wwwroot/xcx.codems.cn/Apps/Api/Controller/MsgController.class.php 第 38 行.
SQL: SHOW COLUMNS FROM `xcx_user` [ RunTime:0.000351s ]

[ 2017-08-30T14:54:19+08:00 ] 117.151.227.125 /api/info/mycount
INFO: [ app_begin ] --START--
INFO: Run Behavior\ReadHtmlCache [ RunTime:0.000286s ]
INFO: [ app_begin ] --END-- [ RunTime:0.000545s ]
SQL: SHOW COLUMNS FROM `xcx_user` [ RunTime:0.000446s ]

[ 2017-08-30T14:54:19+08:00 ] 117.151.227.125 /api/appointment/mycount
INFO: [ app_begin ] --START--
INFO: Run Behavior\ReadHtmlCache [ RunTime:0.000298s ]
INFO: [ app_begin ] --END-- [ RunTime:0.000583s ]
SQL: SHOW COLUMNS FROM `xcx_user` [ RunTime:0.000352s ]

[ 2017-08-30T14:54:22+08:00 ] 117.151.227.125 /api/info/mylist
INFO: [ app_begin ] --START--
INFO: Run Behavior\ReadHtmlCache [ RunTime:0.000302s ]
INFO: [ app_begin ] --END-- [ RunTime:0.000537s ]
SQL: SHOW COLUMNS FROM `xcx_user` [ RunTime:0.000464s ]

[ 2017-08-30T14:54:23+08:00 ] 117.151.227.125 /api/info/mycount
INFO: [ app_begin ] --START--
INFO: Run Behavior\ReadHtmlCache [ RunTime:0.000288s ]
INFO: [ app_begin ] --END-- [ RunTime:0.000544s ]
SQL: SHOW COLUMNS FROM `xcx_user` [ RunTime:0.000481s ]

[ 2017-08-30T14:54:23+08:00 ] 117.151.227.125 /api/appointment/mycount
INFO: [ app_begin ] --START--
INFO: Run Behavior\ReadHtmlCache [ RunTime:0.000286s ]
INFO: [ app_begin ] --END-- [ RunTime:0.000515s ]
SQL: SHOW COLUMNS FROM `xcx_user` [ RunTime:0.000459s ]

[ 2017-08-30T14:54:26+08:00 ] 117.151.227.125 /api/fav/myFav
INFO: [ app_begin ] --START--
INFO: Run Behavior\ReadHtmlCache [ RunTime:0.000398s ]
INFO: [ app_begin ] --END-- [ RunTime:0.000643s ]
SQL: SHOW COLUMNS FROM `xcx_user` [ RunTime:0.000444s ]

[ 2017-08-30T14:54:28+08:00 ] 117.151.227.125 /api/info/mycount
INFO: [ app_begin ] --START--
INFO: Run Behavior\ReadHtmlCache [ RunTime:0.000303s ]
INFO: [ app_begin ] --END-- [ RunTime:0.001590s ]
SQL: SHOW COLUMNS FROM `xcx_user` [ RunTime:0.000487s ]

[ 2017-08-30T14:54:28+08:00 ] 117.151.227.125 /api/appointment/mycount
INFO: [ app_begin ] --START--
INFO: Run Behavior\ReadHtmlCache [ RunTime:0.000287s ]
INFO: [ app_begin ] --END-- [ RunTime:0.001559s ]
SQL: SHOW COLUMNS FROM `xcx_user` [ RunTime:0.000349s ]

[ 2017-08-30T14:54:31+08:00 ] 117.151.227.125 /api/info/lists
INFO: [ app_begin ] --START--
INFO: Run Behavior\ReadHtmlCache [ RunTime:0.000310s ]
INFO: [ app_begin ] --END-- [ RunTime:0.000566s ]
SQL: SHOW COLUMNS FROM `xcx_info` [ RunTime:0.000495s ]
SQL: SHOW COLUMNS FROM `xcx_info` [ RunTime:0.000363s ]
SQL: SELECT info.*,user.avatarUrl FROM xcx_info info LEFT JOIN xcx_user user ON user.id = info.uid  WHERE ( info.status = 1 and info.time >= "1504076071" and info.date <= "2017-09-06" and info.departure like "%鄂州市%" ) ORDER BY time asc LIMIT 0,20   [ RunTime:0.000379s ]

[ 2017-08-30T14:54:40+08:00 ] 117.151.227.125 /api/info/lists
INFO: [ app_begin ] --START--
INFO: Run Behavior\ReadHtmlCache [ RunTime:0.000317s ]
INFO: [ app_begin ] --END-- [ RunTime:0.000575s ]
SQL: SHOW COLUMNS FROM `xcx_info` [ RunTime:0.000559s ]
SQL: SHOW COLUMNS FROM `xcx_info` [ RunTime:0.000361s ]
SQL: SELECT info.*,user.avatarUrl FROM xcx_info info LEFT JOIN xcx_user user ON user.id = info.uid  WHERE ( info.status = 1 and info.time >= "1504076080" and info.date <= "2017-09-06" and info.departure like "%鄂州市%" ) ORDER BY time asc LIMIT 0,20   [ RunTime:0.000341s ]

[ 2017-08-30T14:54:57+08:00 ] 117.151.227.125 /api/dynamic/getlist
INFO: [ app_begin ] --START--
INFO: Run Behavior\ReadHtmlCache [ RunTime:0.000304s ]
INFO: [ app_begin ] --END-- [ RunTime:0.000547s ]
SQL: SHOW COLUMNS FROM `xcx_dynamic` [ RunTime:0.000455s ]
SQL: SHOW COLUMNS FROM `xcx_dynamic` [ RunTime:0.000304s ]
SQL: SELECT dynamic.*,user.avatarUrl,user.nickName FROM xcx_dynamic dynamic LEFT JOIN xcx_user user ON user.id = dynamic.uid  WHERE ( 1=1 ) ORDER BY dynamic.time desc LIMIT 0,20   [ RunTime:0.000061s ]
SQL: SHOW COLUMNS FROM `xcx_comment` [ RunTime:0.000300s ]
SQL: SHOW COLUMNS FROM `xcx_comment` [ RunTime:0.000292s ]
SQL: SELECT comment.id,comment.iid,comment.reply,comment.content,user.nickName FROM xcx_comment comment LEFT JOIN xcx_user user ON user.id = comment.uid  WHERE ( iid in (12,10,9,7,6,3,4,2) and type = "dynamic" ) ORDER BY comment.time desc  [ RunTime:0.000053s ]
NOTIC: [8] Undefined offset: 6 /data/wwwroot/xcx.codems.cn/Apps/Api/Controller/DynamicController.class.php 第 71 行.
NOTIC: [2] json_encode(): Invalid UTF-8 sequence in argument /data/wwwroot/xcx.codems.cn/Apps/Api/Controller/DynamicController.class.php 第 76 行.

[ 2017-08-30T14:54:57+08:00 ] 117.151.227.125 /api/msg/getall
INFO: [ app_begin ] --START--
INFO: Run Behavior\ReadHtmlCache [ RunTime:0.000291s ]
INFO: [ app_begin ] --END-- [ RunTime:0.000520s ]
NOTIC: [2048] Declaration of Api\Controller\MsgController::get() should be compatible with Think\Controller::get($name = '') /data/wwwroot/xcx.codems.cn/Apps/Api/Controller/MsgController.class.php 第 38 行.
SQL: SHOW COLUMNS FROM `xcx_user` [ RunTime:0.000462s ]

[ 2017-08-30T14:54:58+08:00 ] 117.151.227.125 /api/info/mycount
INFO: [ app_begin ] --START--
INFO: Run Behavior\ReadHtmlCache [ RunTime:0.000469s ]
INFO: [ app_begin ] --END-- [ RunTime:0.000868s ]
SQL: SHOW COLUMNS FROM `xcx_user` [ RunTime:0.000682s ]

[ 2017-08-30T14:54:58+08:00 ] 117.151.227.125 /api/appointment/mycount
INFO: [ app_begin ] --START--
INFO: Run Behavior\ReadHtmlCache [ RunTime:0.000469s ]
INFO: [ app_begin ] --END-- [ RunTime:0.000834s ]
SQL: SHOW COLUMNS FROM `xcx_user` [ RunTime:0.000702s ]

[ 2017-08-30T15:06:04+08:00 ] 117.151.227.125 /api/msg/getall
INFO: [ app_begin ] --START--
INFO: Run Behavior\ReadHtmlCache [ RunTime:0.000510s ]
INFO: [ app_begin ] --END-- [ RunTime:0.001427s ]
NOTIC: [2048] Declaration of Api\Controller\MsgController::get() should be compatible with Think\Controller::get($name = '') /data/wwwroot/xcx.codems.cn/Apps/Api/Controller/MsgController.class.php 第 38 行.
SQL: SHOW COLUMNS FROM `xcx_user` [ RunTime:0.011363s ]

[ 2017-08-30T17:23:06+08:00 ] 222.244.80.207 /api/user/login
INFO: [ app_begin ] --START--
INFO: Run Behavior\ReadHtmlCache [ RunTime:0.000769s ]
INFO: [ app_begin ] --END-- [ RunTime:0.002340s ]
INFO: [ app_end ] --START--
INFO: Run Behavior\ShowPageTrace [ RunTime:0.000682s ]
INFO: [ app_end ] --END-- [ RunTime:0.000766s ]

[ 2017-08-30T17:23:12+08:00 ] 222.244.80.207 /api/user/login
INFO: [ app_begin ] --START--
INFO: Run Behavior\ReadHtmlCache [ RunTime:0.000315s ]
INFO: [ app_begin ] --END-- [ RunTime:0.000587s ]
INFO: [ app_end ] --START--
INFO: Run Behavior\ShowPageTrace [ RunTime:0.000605s ]
INFO: [ app_end ] --END-- [ RunTime:0.000674s ]

[ 2017-08-30T17:23:17+08:00 ] 222.244.80.207 /
INFO: [ app_begin ] --START--
INFO: Run Behavior\ReadHtmlCache [ RunTime:0.000301s ]
INFO: [ app_begin ] --END-- [ RunTime:0.000597s ]
INFO: [ app_end ] --START--
INFO: Run Behavior\ShowPageTrace [ RunTime:0.000340s ]
INFO: [ app_end ] --END-- [ RunTime:0.000386s ]

[ 2017-08-30T17:23:21+08:00 ] 222.244.80.207 /
INFO: [ app_begin ] --START--
INFO: Run Behavior\ReadHtmlCache [ RunTime:0.000289s ]
INFO: [ app_begin ] --END-- [ RunTime:0.000548s ]
INFO: [ app_end ] --START--
INFO: Run Behavior\ShowPageTrace [ RunTime:0.000304s ]
INFO: [ app_end ] --END-- [ RunTime:0.000347s ]

[ 2017-08-30T17:23:22+08:00 ] 222.244.80.207 /
INFO: [ app_begin ] --START--
INFO: Run Behavior\ReadHtmlCache [ RunTime:0.000286s ]
INFO: [ app_begin ] --END-- [ RunTime:0.000535s ]
INFO: [ app_end ] --START--
INFO: Run Behavior\ShowPageTrace [ RunTime:0.000317s ]
INFO: [ app_end ] --END-- [ RunTime:0.000365s ]

[ 2017-08-30T17:23:23+08:00 ] 222.244.80.207 /
INFO: [ app_begin ] --START--
INFO: Run Behavior\ReadHtmlCache [ RunTime:0.000294s ]
INFO: [ app_begin ] --END-- [ RunTime:0.000552s ]
INFO: [ app_end ] --START--
INFO: Run Behavior\ShowPageTrace [ RunTime:0.000320s ]
INFO: [ app_end ] --END-- [ RunTime:0.000363s ]

[ 2017-08-30T17:23:24+08:00 ] 222.244.80.207 /
INFO: [ app_begin ] --START--
INFO: Run Behavior\ReadHtmlCache [ RunTime:0.000286s ]
INFO: [ app_begin ] --END-- [ RunTime:0.000533s ]
INFO: [ app_end ] --START--
INFO: Run Behavior\ShowPageTrace [ RunTime:0.000359s ]
INFO: [ app_end ] --END-- [ RunTime:0.000401s ]

[ 2017-08-30T17:27:33+08:00 ] 121.24.41.21 /api/user/vaild_sk
INFO: [ app_begin ] --START--
INFO: Run Behavior\ReadHtmlCache [ RunTime:0.000534s ]
INFO: [ app_begin ] --END-- [ RunTime:0.000797s ]

[ 2017-08-30T17:27:35+08:00 ] 121.24.41.21 /api/user/vaild_sk
INFO: [ app_begin ] --START--
INFO: Run Behavior\ReadHtmlCache [ RunTime:0.000350s ]
INFO: [ app_begin ] --END-- [ RunTime:0.000643s ]

[ 2017-08-30T17:27:38+08:00 ] 121.24.41.21 /
INFO: [ app_begin ] --START--
INFO: Run Behavior\ReadHtmlCache [ RunTime:0.000323s ]
INFO: [ app_begin ] --END-- [ RunTime:0.000600s ]
INFO: [ app_end ] --START--
INFO: Run Behavior\ShowPageTrace [ RunTime:0.000447s ]
INFO: [ app_end ] --END-- [ RunTime:0.000498s ]

[ 2017-08-30T17:27:48+08:00 ] 140.207.128.193 /
INFO: [ app_begin ] --START--
INFO: Run Behavior\ReadHtmlCache [ RunTime:0.000706s ]
INFO: [ app_begin ] --END-- [ RunTime:0.001227s ]
INFO: [ app_end ] --START--
INFO: Run Behavior\ShowPageTrace [ RunTime:0.000388s ]
INFO: [ app_end ] --END-- [ RunTime:0.000437s ]

[ 2017-08-30T17:38:32+08:00 ] 121.24.41.21 /api/upload
INFO: [ app_begin ] --START--
INFO: Run Behavior\ReadHtmlCache [ RunTime:0.000935s ]
INFO: [ app_begin ] --END-- [ RunTime:0.001329s ]

[ 2017-08-30T18:36:39+08:00 ] 120.86.99.10 /api/user/login
INFO: [ app_begin ] --START--
INFO: Run Behavior\ReadHtmlCache [ RunTime:0.000505s ]
INFO: [ app_begin ] --END-- [ RunTime:0.000945s ]
NOTIC: [2] file_get_contents(https://api.weixin.qq.com/sns/jscode2session?appid=wx0aa456241abc9e8e&amp;secret=58ec56f0d3f37e4dcee7a75220bc6766&amp;js_code=the code is a mock one&amp;grant_type=authorization_code): failed to open stream: HTTP request failed! code 200 OK
 /data/wwwroot/xcx.codems.cn/Apps/Api/Controller/UserController.class.php 第 60 行.
SQL: SHOW COLUMNS FROM `xcx_user` [ RunTime:0.002323s ]
SQL: SELECT `id`,`avatarUrl`,`city`,`gender`,`nickName`,`province`,`county`,`phone`,`vehicle`,`name` FROM `xcx_user` WHERE ( id = "" or openid ="" ) LIMIT 1   [ RunTime:0.000405s ]
NOTIC: [8] Undefined index: encryptedData /data/wwwroot/xcx.codems.cn/Apps/Api/Controller/UserController.class.php 第 14 行.
NOTIC: [8] Undefined index: iv /data/wwwroot/xcx.codems.cn/Apps/Api/Controller/UserController.class.php 第 14 行.
SQL: SELECT `id`,`avatarUrl`,`city`,`gender`,`nickName`,`province`,`county`,`phone`,`vehicle`,`name` FROM `xcx_user` WHERE ( id = "" or openid ="" ) LIMIT 1   [ RunTime:0.000058s ]
NOTIC: [2] unlink(/data/wwwroot/xcx.codems.cn/cache/Temp/0a2a2aed2eb864fc80a8f7535ef52872.php): No such file or directory /data/wwwroot/xcx.codems.cn/include/ThinkPHP/Library/Think/Cache/Driver/File.class.php 第 157 行.

[ 2017-08-30T18:36:39+08:00 ] 120.86.99.10 /api/info/lists
INFO: [ app_begin ] --START--
INFO: Run Behavior\ReadHtmlCache [ RunTime:0.000281s ]
INFO: [ app_begin ] --END-- [ RunTime:0.000533s ]
SQL: SHOW COLUMNS FROM `xcx_info` [ RunTime:0.000854s ]
SQL: SHOW COLUMNS FROM `xcx_info` [ RunTime:0.000331s ]
SQL: SELECT info.*,user.avatarUrl FROM xcx_info info LEFT JOIN xcx_user user ON user.id = info.uid  WHERE ( info.status = 1 and info.time >= "1504089399" and info.date <= "2017-09-06" and info.departure like "%东莞市%" ) ORDER BY time asc LIMIT 0,20   [ RunTime:0.000958s ]

[ 2017-08-30T18:36:40+08:00 ] 120.86.99.10 /api/info/lists
INFO: [ app_begin ] --START--
INFO: Run Behavior\ReadHtmlCache [ RunTime:0.000287s ]
INFO: [ app_begin ] --END-- [ RunTime:0.000542s ]
SQL: SHOW COLUMNS FROM `xcx_info` [ RunTime:0.000532s ]
SQL: SHOW COLUMNS FROM `xcx_info` [ RunTime:0.000400s ]
SQL: SELECT info.*,user.avatarUrl FROM xcx_info info LEFT JOIN xcx_user user ON user.id = info.uid  WHERE ( info.status = 1 and info.time >= "1504089400" and info.date <= "2017-09-06" and info.departure like "%东莞市%" ) ORDER BY time asc LIMIT 0,20   [ RunTime:0.000331s ]

[ 2017-08-30T18:36:57+08:00 ] 120.86.99.10 /api/dynamic/getlist
INFO: [ app_begin ] --START--
INFO: Run Behavior\ReadHtmlCache [ RunTime:0.000316s ]
INFO: [ app_begin ] --END-- [ RunTime:0.000593s ]
SQL: SHOW COLUMNS FROM `xcx_dynamic` [ RunTime:0.001258s ]
SQL: SHOW COLUMNS FROM `xcx_dynamic` [ RunTime:0.000305s ]
SQL: SELECT dynamic.*,user.avatarUrl,user.nickName FROM xcx_dynamic dynamic LEFT JOIN xcx_user user ON user.id = dynamic.uid  WHERE ( 1=1 ) ORDER BY dynamic.time desc LIMIT 0,20   [ RunTime:0.001311s ]
SQL: SHOW COLUMNS FROM `xcx_comment` [ RunTime:0.000311s ]
SQL: SHOW COLUMNS FROM `xcx_comment` [ RunTime:0.000318s ]
SQL: SELECT comment.id,comment.iid,comment.reply,comment.content,user.nickName FROM xcx_comment comment LEFT JOIN xcx_user user ON user.id = comment.uid  WHERE ( iid in (12,10,9,7,6,3,4,2) and type = "dynamic" ) ORDER BY comment.time desc  [ RunTime:0.000300s ]
NOTIC: [8] Undefined offset: 6 /data/wwwroot/xcx.codems.cn/Apps/Api/Controller/DynamicController.class.php 第 71 行.
NOTIC: [2] json_encode(): Invalid UTF-8 sequence in argument /data/wwwroot/xcx.codems.cn/Apps/Api/Controller/DynamicController.class.php 第 76 行.

[ 2017-08-30T18:36:58+08:00 ] 120.86.99.10 /api/msg/getall
INFO: [ app_begin ] --START--
INFO: Run Behavior\ReadHtmlCache [ RunTime:0.000295s ]
INFO: [ app_begin ] --END-- [ RunTime:0.000545s ]
NOTIC: [2048] Declaration of Api\Controller\MsgController::get() should be compatible with Think\Controller::get($name = '') /data/wwwroot/xcx.codems.cn/Apps/Api/Controller/MsgController.class.php 第 38 行.
SQL: SHOW COLUMNS FROM `xcx_user` [ RunTime:0.000454s ]

[ 2017-08-30T18:36:59+08:00 ] 120.86.99.10 /api/info/mycount
INFO: [ app_begin ] --START--
INFO: Run Behavior\ReadHtmlCache [ RunTime:0.000314s ]
INFO: [ app_begin ] --END-- [ RunTime:0.000558s ]
SQL: SHOW COLUMNS FROM `xcx_user` [ RunTime:0.000510s ]

[ 2017-08-30T18:36:59+08:00 ] 120.86.99.10 /api/appointment/mycount
INFO: [ app_begin ] --START--
INFO: Run Behavior\ReadHtmlCache [ RunTime:0.000281s ]
INFO: [ app_begin ] --END-- [ RunTime:0.000532s ]
SQL: SHOW COLUMNS FROM `xcx_user` [ RunTime:0.000433s ]

[ 2017-08-30T22:51:36+08:00 ] 120.86.99.10 /api/info/lists
INFO: [ app_begin ] --START--
INFO: Run Behavior\ReadHtmlCache [ RunTime:0.000880s ]
INFO: [ app_begin ] --END-- [ RunTime:0.001410s ]
SQL: SHOW COLUMNS FROM `xcx_info` [ RunTime:0.002452s ]
SQL: SHOW COLUMNS FROM `xcx_info` [ RunTime:0.000350s ]
SQL: SELECT info.*,user.avatarUrl FROM xcx_info info LEFT JOIN xcx_user user ON user.id = info.uid  WHERE ( info.status = 1 and info.time >= "1504104696" and info.date <= "2017-09-06" and info.departure like "%东莞市%" ) ORDER BY time asc LIMIT 0,20   [ RunTime:0.001068s ]

[ 2017-08-30T22:51:36+08:00 ] 120.86.99.10 /api/user/login
INFO: [ app_begin ] --START--
INFO: Run Behavior\ReadHtmlCache [ RunTime:0.000542s ]
INFO: [ app_begin ] --END-- [ RunTime:0.001014s ]
NOTIC: [2] file_get_contents(https://api.weixin.qq.com/sns/jscode2session?appid=wx0aa456241abc9e8e&amp;secret=58ec56f0d3f37e4dcee7a75220bc6766&amp;js_code=the code is a mock one&amp;grant_type=authorization_code): failed to open stream: HTTP request failed! code 200 OK
 /data/wwwroot/xcx.codems.cn/Apps/Api/Controller/UserController.class.php 第 60 行.
SQL: SHOW COLUMNS FROM `xcx_user` [ RunTime:0.000468s ]
SQL: SELECT `id`,`avatarUrl`,`city`,`gender`,`nickName`,`province`,`county`,`phone`,`vehicle`,`name` FROM `xcx_user` WHERE ( id = "" or openid ="" ) LIMIT 1   [ RunTime:0.000401s ]
NOTIC: [8] Undefined index: encryptedData /data/wwwroot/xcx.codems.cn/Apps/Api/Controller/UserController.class.php 第 14 行.
NOTIC: [8] Undefined index: iv /data/wwwroot/xcx.codems.cn/Apps/Api/Controller/UserController.class.php 第 14 行.
SQL: SELECT `id`,`avatarUrl`,`city`,`gender`,`nickName`,`province`,`county`,`phone`,`vehicle`,`name` FROM `xcx_user` WHERE ( id = "" or openid ="" ) LIMIT 1   [ RunTime:0.000054s ]
NOTIC: [2] unlink(/data/wwwroot/xcx.codems.cn/cache/Temp/7454801298997393c515634e8031f6fd.php): No such file or directory /data/wwwroot/xcx.codems.cn/include/ThinkPHP/Library/Think/Cache/Driver/File.class.php 第 157 行.

[ 2017-08-30T22:51:37+08:00 ] 120.86.99.10 /api/info/lists
INFO: [ app_begin ] --START--
INFO: Run Behavior\ReadHtmlCache [ RunTime:0.000290s ]
INFO: [ app_begin ] --END-- [ RunTime:0.000551s ]
SQL: SHOW COLUMNS FROM `xcx_info` [ RunTime:0.000491s ]
SQL: SHOW COLUMNS FROM `xcx_info` [ RunTime:0.000367s ]
SQL: SELECT info.*,user.avatarUrl FROM xcx_info info LEFT JOIN xcx_user user ON user.id = info.uid  WHERE ( info.status = 1 and info.time >= "1504104697" and info.date <= "2017-09-06" and info.departure like "%东莞市%" ) ORDER BY time asc LIMIT 0,20   [ RunTime:0.000331s ]

[ 2017-08-30T22:51:48+08:00 ] 120.86.99.10 /api/info/mycount
INFO: [ app_begin ] --START--
INFO: Run Behavior\ReadHtmlCache [ RunTime:0.000391s ]
INFO: [ app_begin ] --END-- [ RunTime:0.000654s ]
SQL: SHOW COLUMNS FROM `xcx_user` [ RunTime:0.000522s ]

[ 2017-08-30T22:51:48+08:00 ] 120.86.99.10 /api/appointment/mycount
INFO: [ app_begin ] --START--
INFO: Run Behavior\ReadHtmlCache [ RunTime:0.001380s ]
INFO: [ app_begin ] --END-- [ RunTime:0.001654s ]
SQL: SHOW COLUMNS FROM `xcx_user` [ RunTime:0.000363s ]

[ 2017-08-30T22:51:50+08:00 ] 120.86.99.10 /api/appointment/getPassenger
INFO: [ app_begin ] --START--
INFO: Run Behavior\ReadHtmlCache [ RunTime:0.001306s ]
INFO: [ app_begin ] --END-- [ RunTime:0.001538s ]
SQL: SHOW COLUMNS FROM `xcx_user` [ RunTime:0.000438s ]

[ 2017-08-30T22:51:50+08:00 ] 120.86.99.10 /api/appointment/my
INFO: [ app_begin ] --START--
INFO: Run Behavior\ReadHtmlCache [ RunTime:0.000276s ]
INFO: [ app_begin ] --END-- [ RunTime:0.000505s ]
SQL: SHOW COLUMNS FROM `xcx_user` [ RunTime:0.000373s ]

[ 2017-08-30T22:51:52+08:00 ] 120.86.99.10 /api/info/mycount
INFO: [ app_begin ] --START--
INFO: Run Behavior\ReadHtmlCache [ RunTime:0.000298s ]
INFO: [ app_begin ] --END-- [ RunTime:0.000533s ]
SQL: SHOW COLUMNS FROM `xcx_user` [ RunTime:0.000517s ]

[ 2017-08-30T22:51:52+08:00 ] 120.86.99.10 /api/appointment/mycount
INFO: [ app_begin ] --START--
INFO: Run Behavior\ReadHtmlCache [ RunTime:0.000278s ]
INFO: [ app_begin ] --END-- [ RunTime:0.000532s ]
SQL: SHOW COLUMNS FROM `xcx_user` [ RunTime:0.000418s ]

[ 2017-08-30T22:51:59+08:00 ] 120.86.99.10 /api/info/mycount
INFO: [ app_begin ] --START--
INFO: Run Behavior\ReadHtmlCache [ RunTime:0.000296s ]
INFO: [ app_begin ] --END-- [ RunTime:0.000554s ]
SQL: SHOW COLUMNS FROM `xcx_user` [ RunTime:0.003649s ]

[ 2017-08-30T22:51:59+08:00 ] 120.86.99.10 /api/appointment/mycount
INFO: [ app_begin ] --START--
INFO: Run Behavior\ReadHtmlCache [ RunTime:0.000295s ]
INFO: [ app_begin ] --END-- [ RunTime:0.000530s ]
SQL: SHOW COLUMNS FROM `xcx_user` [ RunTime:0.000356s ]

[ 2017-08-30T22:52:02+08:00 ] 120.86.99.10 /api/fav/myFav
INFO: [ app_begin ] --START--
INFO: Run Behavior\ReadHtmlCache [ RunTime:0.000314s ]
INFO: [ app_begin ] --END-- [ RunTime:0.000553s ]
SQL: SHOW COLUMNS FROM `xcx_user` [ RunTime:0.000926s ]

[ 2017-08-30T22:52:03+08:00 ] 120.86.99.10 /api/info/mycount
INFO: [ app_begin ] --START--
INFO: Run Behavior\ReadHtmlCache [ RunTime:0.000285s ]
INFO: [ app_begin ] --END-- [ RunTime:0.000542s ]
SQL: SHOW COLUMNS FROM `xcx_user` [ RunTime:0.000459s ]

[ 2017-08-30T22:52:03+08:00 ] 120.86.99.10 /api/appointment/mycount
INFO: [ app_begin ] --START--
INFO: Run Behavior\ReadHtmlCache [ RunTime:0.000307s ]
INFO: [ app_begin ] --END-- [ RunTime:0.000524s ]
SQL: SHOW COLUMNS FROM `xcx_user` [ RunTime:0.000344s ]

[ 2017-08-30T22:52:05+08:00 ] 120.86.99.10 /api/dynamic/getlist
INFO: [ app_begin ] --START--
INFO: Run Behavior\ReadHtmlCache [ RunTime:0.000295s ]
INFO: [ app_begin ] --END-- [ RunTime:0.000536s ]
SQL: SHOW COLUMNS FROM `xcx_dynamic` [ RunTime:0.000494s ]
SQL: SHOW COLUMNS FROM `xcx_dynamic` [ RunTime:0.000303s ]
SQL: SELECT dynamic.*,user.avatarUrl,user.nickName FROM xcx_dynamic dynamic LEFT JOIN xcx_user user ON user.id = dynamic.uid  WHERE ( 1=1 ) ORDER BY dynamic.time desc LIMIT 0,20   [ RunTime:0.000881s ]
SQL: SHOW COLUMNS FROM `xcx_comment` [ RunTime:0.000331s ]
SQL: SHOW COLUMNS FROM `xcx_comment` [ RunTime:0.000346s ]
SQL: SELECT comment.id,comment.iid,comment.reply,comment.content,user.nickName FROM xcx_comment comment LEFT JOIN xcx_user user ON user.id = comment.uid  WHERE ( iid in (12,10,9,7,6,3,4,2) and type = "dynamic" ) ORDER BY comment.time desc  [ RunTime:0.000311s ]
NOTIC: [8] Undefined offset: 6 /data/wwwroot/xcx.codems.cn/Apps/Api/Controller/DynamicController.class.php 第 71 行.
NOTIC: [2] json_encode(): Invalid UTF-8 sequence in argument /data/wwwroot/xcx.codems.cn/Apps/Api/Controller/DynamicController.class.php 第 76 行.

[ 2017-08-30T22:52:07+08:00 ] 120.86.99.10 /api/info/lists
INFO: [ app_begin ] --START--
INFO: Run Behavior\ReadHtmlCache [ RunTime:0.000307s ]
INFO: [ app_begin ] --END-- [ RunTime:0.001599s ]
SQL: SHOW COLUMNS FROM `xcx_info` [ RunTime:0.000540s ]
SQL: SHOW COLUMNS FROM `xcx_info` [ RunTime:0.000343s ]
SQL: SELECT info.*,user.avatarUrl FROM xcx_info info LEFT JOIN xcx_user user ON user.id = info.uid  WHERE ( info.status = 1 and info.time >= "1504104727" and info.date <= "2017-09-06" and info.departure like "%东莞市%" ) ORDER BY time asc LIMIT 0,20   [ RunTime:0.000344s ]

