[ 2017-09-10T00:00:36+08:00 ] 220.191.96.186 /api/user/login
INFO: [ app_begin ] --START--
INFO: Run Behavior\ReadHtmlCache [ RunTime:0.000474s ]
INFO: [ app_begin ] --END-- [ RunTime:0.000813s ]
SQL: SHOW COLUMNS FROM `xcx_user` [ RunTime:0.000724s ]
NOTIC: [8] Undefined index: openid /data/wwwroot/xcx.codems.cn/Apps/Api/Controller/UserController.class.php 第 12 行.
SQL: SELECT `id`,`avatarUrl`,`city`,`gender`,`nickName`,`province`,`county`,`phone`,`vehicle`,`name` FROM `xcx_user` WHERE ( id = "" or openid ="" ) LIMIT 1   [ RunTime:0.000606s ]
NOTIC: [8] Undefined index: session_key /data/wwwroot/xcx.codems.cn/Apps/Api/Controller/UserController.class.php 第 14 行.
NOTIC: [8] Undefined index: openid /data/wwwroot/xcx.codems.cn/Apps/Api/Controller/UserController.class.php 第 18 行.
SQL: SELECT `id`,`avatarUrl`,`city`,`gender`,`nickName`,`province`,`county`,`phone`,`vehicle`,`name` FROM `xcx_user` WHERE ( id = "" or openid ="" ) LIMIT 1   [ RunTime:0.000054s ]
NOTIC: [8] Undefined index: openid /data/wwwroot/xcx.codems.cn/Apps/Api/Controller/UserController.class.php 第 19 行.
NOTIC: [8] Undefined index: session_key /data/wwwroot/xcx.codems.cn/Apps/Api/Controller/UserController.class.php 第 19 行.
NOTIC: [2] unlink(/data/wwwroot/xcx.codems.cn/cache/Temp/e79cc5563feff53a57c86ea79f38963b.php): No such file or directory /data/wwwroot/xcx.codems.cn/include/ThinkPHP/Library/Think/Cache/Driver/File.class.php 第 157 行.

[ 2017-09-10T00:00:36+08:00 ] 220.191.96.186 /api/user/login
INFO: [ app_begin ] --START--
INFO: Run Behavior\ReadHtmlCache [ RunTime:0.000301s ]
INFO: [ app_begin ] --END-- [ RunTime:0.000543s ]
SQL: SHOW COLUMNS FROM `xcx_user` [ RunTime:0.000440s ]
NOTIC: [8] Undefined index: openid /data/wwwroot/xcx.codems.cn/Apps/Api/Controller/UserController.class.php 第 12 行.
SQL: SELECT `id`,`avatarUrl`,`city`,`gender`,`nickName`,`province`,`county`,`phone`,`vehicle`,`name` FROM `xcx_user` WHERE ( id = "" or openid ="" ) LIMIT 1   [ RunTime:0.000053s ]
NOTIC: [8] Undefined index: session_key /data/wwwroot/xcx.codems.cn/Apps/Api/Controller/UserController.class.php 第 14 行.
NOTIC: [8] Undefined index: openid /data/wwwroot/xcx.codems.cn/Apps/Api/Controller/UserController.class.php 第 18 行.
SQL: SELECT `id`,`avatarUrl`,`city`,`gender`,`nickName`,`province`,`county`,`phone`,`vehicle`,`name` FROM `xcx_user` WHERE ( id = "" or openid ="" ) LIMIT 1   [ RunTime:0.000055s ]
NOTIC: [8] Undefined index: openid /data/wwwroot/xcx.codems.cn/Apps/Api/Controller/UserController.class.php 第 19 行.
NOTIC: [8] Undefined index: session_key /data/wwwroot/xcx.codems.cn/Apps/Api/Controller/UserController.class.php 第 19 行.
NOTIC: [2] unlink(/data/wwwroot/xcx.codems.cn/cache/Temp/10ed1d87947fb3b0a508959e02a25c1c.php): No such file or directory /data/wwwroot/xcx.codems.cn/include/ThinkPHP/Library/Think/Cache/Driver/File.class.php 第 157 行.

[ 2017-09-10T00:01:00+08:00 ] 220.191.96.186 /api/user/vaild_sk
INFO: [ app_begin ] --START--
INFO: Run Behavior\ReadHtmlCache [ RunTime:0.000297s ]
INFO: [ app_begin ] --END-- [ RunTime:0.000579s ]

[ 2017-09-10T00:01:02+08:00 ] 220.191.96.186 /api/user/login
INFO: [ app_begin ] --START--
INFO: Run Behavior\ReadHtmlCache [ RunTime:0.000288s ]
INFO: [ app_begin ] --END-- [ RunTime:0.001558s ]
SQL: SHOW COLUMNS FROM `xcx_user` [ RunTime:0.000768s ]
NOTIC: [8] Undefined index: openid /data/wwwroot/xcx.codems.cn/Apps/Api/Controller/UserController.class.php 第 12 行.
SQL: SELECT `id`,`avatarUrl`,`city`,`gender`,`nickName`,`province`,`county`,`phone`,`vehicle`,`name` FROM `xcx_user` WHERE ( id = "" or openid ="" ) LIMIT 1   [ RunTime:0.098906s ]
NOTIC: [8] Undefined index: session_key /data/wwwroot/xcx.codems.cn/Apps/Api/Controller/UserController.class.php 第 14 行.
NOTIC: [8] Undefined index: openid /data/wwwroot/xcx.codems.cn/Apps/Api/Controller/UserController.class.php 第 18 行.
SQL: SELECT `id`,`avatarUrl`,`city`,`gender`,`nickName`,`province`,`county`,`phone`,`vehicle`,`name` FROM `xcx_user` WHERE ( id = "" or openid ="" ) LIMIT 1   [ RunTime:0.000061s ]
NOTIC: [8] Undefined index: openid /data/wwwroot/xcx.codems.cn/Apps/Api/Controller/UserController.class.php 第 19 行.
NOTIC: [8] Undefined index: session_key /data/wwwroot/xcx.codems.cn/Apps/Api/Controller/UserController.class.php 第 19 行.
NOTIC: [2] unlink(/data/wwwroot/xcx.codems.cn/cache/Temp/48d5d2feeb2d67d40691bf544a1f38af.php): No such file or directory /data/wwwroot/xcx.codems.cn/include/ThinkPHP/Library/Think/Cache/Driver/File.class.php 第 157 行.

[ 2017-09-10T00:31:32+08:00 ] 138.197.112.101 /
INFO: [ app_begin ] --START--
INFO: Run Behavior\ReadHtmlCache [ RunTime:0.000477s ]
INFO: [ app_begin ] --END-- [ RunTime:0.000853s ]
INFO: [ app_end ] --START--
INFO: Run Behavior\ShowPageTrace [ RunTime:0.000498s ]
INFO: [ app_end ] --END-- [ RunTime:0.000545s ]

[ 2017-09-10T03:21:48+08:00 ] 111.147.222.165 /api/user/login
INFO: [ app_begin ] --START--
INFO: Run Behavior\ReadHtmlCache [ RunTime:0.000500s ]
INFO: [ app_begin ] --END-- [ RunTime:0.000902s ]
NOTIC: [2] file_get_contents(https://api.weixin.qq.com/sns/jscode2session?appid=wx0aa456241abc9e8e&amp;secret=58ec56f0d3f37e4dcee7a75220bc6766&amp;js_code=the code is a mock one&amp;grant_type=authorization_code): failed to open stream: HTTP request failed! code 200 OK
 /data/wwwroot/xcx.codems.cn/Apps/Api/Controller/UserController.class.php 第 60 行.
NOTIC: [2] mysqli::mysqli(): (HY000/2002): No such file or directory /data/wwwroot/xcx.codems.cn/include/ThinkPHP/Library/Think/Db/Driver/Mysqli.class.php 第 44 行.
ERR: No such file or directory

[ 2017-09-10T03:21:48+08:00 ] 111.147.222.165 /api/info/lists
INFO: [ app_begin ] --START--
INFO: Run Behavior\ReadHtmlCache [ RunTime:0.000310s ]
INFO: [ app_begin ] --END-- [ RunTime:0.000549s ]
NOTIC: [2] mysqli::mysqli(): (HY000/2002): No such file or directory /data/wwwroot/xcx.codems.cn/include/ThinkPHP/Library/Think/Db/Driver/Mysqli.class.php 第 44 行.
ERR: No such file or directory

[ 2017-09-10T03:22:04+08:00 ] 111.147.222.165 /api/dynamic/getlist
INFO: [ app_begin ] --START--
INFO: Run Behavior\ReadHtmlCache [ RunTime:0.000321s ]
INFO: [ app_begin ] --END-- [ RunTime:0.000581s ]
NOTIC: [2] mysqli::mysqli(): (HY000/2002): No such file or directory /data/wwwroot/xcx.codems.cn/include/ThinkPHP/Library/Think/Db/Driver/Mysqli.class.php 第 44 行.
ERR: No such file or directory

[ 2017-09-10T03:22:07+08:00 ] 111.147.222.165 /api/msg/getall
INFO: [ app_begin ] --START--
INFO: Run Behavior\ReadHtmlCache [ RunTime:0.000279s ]
INFO: [ app_begin ] --END-- [ RunTime:0.000513s ]
NOTIC: [2048] Declaration of Api\Controller\MsgController::get() should be compatible with Think\Controller::get($name = '') /data/wwwroot/xcx.codems.cn/Apps/Api/Controller/MsgController.class.php 第 38 行.
NOTIC: [2] mysqli::mysqli(): (HY000/2002): No such file or directory /data/wwwroot/xcx.codems.cn/include/ThinkPHP/Library/Think/Db/Driver/Mysqli.class.php 第 44 行.
ERR: No such file or directory

[ 2017-09-10T03:22:10+08:00 ] 111.147.222.165 /api/info/mycount
INFO: [ app_begin ] --START--
INFO: Run Behavior\ReadHtmlCache [ RunTime:0.000272s ]
INFO: [ app_begin ] --END-- [ RunTime:0.000525s ]
NOTIC: [2] mysqli::mysqli(): (HY000/2002): No such file or directory /data/wwwroot/xcx.codems.cn/include/ThinkPHP/Library/Think/Db/Driver/Mysqli.class.php 第 44 行.
ERR: No such file or directory

[ 2017-09-10T03:22:11+08:00 ] 111.147.222.165 /api/appointment/mycount
INFO: [ app_begin ] --START--
INFO: Run Behavior\ReadHtmlCache [ RunTime:0.000279s ]
INFO: [ app_begin ] --END-- [ RunTime:0.000586s ]
NOTIC: [2] mysqli::mysqli(): (HY000/2002): No such file or directory /data/wwwroot/xcx.codems.cn/include/ThinkPHP/Library/Think/Db/Driver/Mysqli.class.php 第 44 行.
ERR: No such file or directory

[ 2017-09-10T03:23:52+08:00 ] 111.147.222.165 /api/info/lists
INFO: [ app_begin ] --START--
INFO: Run Behavior\ReadHtmlCache [ RunTime:0.000281s ]
INFO: [ app_begin ] --END-- [ RunTime:0.000515s ]
NOTIC: [2] mysqli::mysqli(): (HY000/2002): No such file or directory /data/wwwroot/xcx.codems.cn/include/ThinkPHP/Library/Think/Db/Driver/Mysqli.class.php 第 44 行.
ERR: No such file or directory

[ 2017-09-10T08:32:07+08:00 ] 42.234.87.11 /api/user/vaild_sk
INFO: [ app_begin ] --START--
INFO: Run Behavior\ReadHtmlCache [ RunTime:0.000506s ]
INFO: [ app_begin ] --END-- [ RunTime:0.000914s ]

[ 2017-09-10T08:32:15+08:00 ] 42.234.87.11 /api/user/vaild_sk/sk/sk
INFO: [ app_begin ] --START--
INFO: Run Behavior\ReadHtmlCache [ RunTime:0.000313s ]
INFO: [ app_begin ] --END-- [ RunTime:0.000561s ]

[ 2017-09-10T08:42:31+08:00 ] 42.234.84.11 /api/user/login
INFO: [ app_begin ] --START--
INFO: Run Behavior\ReadHtmlCache [ RunTime:0.000320s ]
INFO: [ app_begin ] --END-- [ RunTime:0.000558s ]
NOTIC: [2] mysqli::mysqli(): (HY000/2002): No such file or directory /data/wwwroot/xcx.codems.cn/include/ThinkPHP/Library/Think/Db/Driver/Mysqli.class.php 第 44 行.
ERR: No such file or directory

[ 2017-09-10T08:42:31+08:00 ] 42.234.84.11 /api/user/login
INFO: [ app_begin ] --START--
INFO: Run Behavior\ReadHtmlCache [ RunTime:0.000285s ]
INFO: [ app_begin ] --END-- [ RunTime:0.000547s ]
NOTIC: [2] mysqli::mysqli(): (HY000/2002): No such file or directory /data/wwwroot/xcx.codems.cn/include/ThinkPHP/Library/Think/Db/Driver/Mysqli.class.php 第 44 行.
ERR: No such file or directory

[ 2017-09-10T08:42:32+08:00 ] 42.234.84.11 /api/info/lists
INFO: [ app_begin ] --START--
INFO: Run Behavior\ReadHtmlCache [ RunTime:0.000304s ]
INFO: [ app_begin ] --END-- [ RunTime:0.000539s ]
NOTIC: [2] mysqli::mysqli(): (HY000/2002): No such file or directory /data/wwwroot/xcx.codems.cn/include/ThinkPHP/Library/Think/Db/Driver/Mysqli.class.php 第 44 行.
ERR: No such file or directory

[ 2017-09-10T08:42:36+08:00 ] 42.234.84.11 /api/info/lists
INFO: [ app_begin ] --START--
INFO: Run Behavior\ReadHtmlCache [ RunTime:0.000309s ]
INFO: [ app_begin ] --END-- [ RunTime:0.000557s ]
NOTIC: [2] mysqli::mysqli(): (HY000/2002): No such file or directory /data/wwwroot/xcx.codems.cn/include/ThinkPHP/Library/Think/Db/Driver/Mysqli.class.php 第 44 行.
ERR: No such file or directory

[ 2017-09-10T08:42:47+08:00 ] 42.234.84.11 /api/info/lists
INFO: [ app_begin ] --START--
INFO: Run Behavior\ReadHtmlCache [ RunTime:0.000283s ]
INFO: [ app_begin ] --END-- [ RunTime:0.000552s ]
NOTIC: [2] mysqli::mysqli(): (HY000/2002): No such file or directory /data/wwwroot/xcx.codems.cn/include/ThinkPHP/Library/Think/Db/Driver/Mysqli.class.php 第 44 行.
ERR: No such file or directory

[ 2017-09-10T08:46:23+08:00 ] 42.234.84.11 /api/info/lists
INFO: [ app_begin ] --START--
INFO: Run Behavior\ReadHtmlCache [ RunTime:0.000283s ]
INFO: [ app_begin ] --END-- [ RunTime:0.000523s ]
NOTIC: [2] mysqli::mysqli(): (HY000/2002): No such file or directory /data/wwwroot/xcx.codems.cn/include/ThinkPHP/Library/Think/Db/Driver/Mysqli.class.php 第 44 行.
ERR: No such file or directory

[ 2017-09-10T08:46:25+08:00 ] 42.234.84.11 /api/info/lists
INFO: [ app_begin ] --START--
INFO: Run Behavior\ReadHtmlCache [ RunTime:0.000324s ]
INFO: [ app_begin ] --END-- [ RunTime:0.000561s ]
NOTIC: [2] mysqli::mysqli(): (HY000/2002): No such file or directory /data/wwwroot/xcx.codems.cn/include/ThinkPHP/Library/Think/Db/Driver/Mysqli.class.php 第 44 行.
ERR: No such file or directory

[ 2017-09-10T10:13:26+08:00 ] 219.134.118.255 /api/user/login
INFO: [ app_begin ] --START--
INFO: Run Behavior\ReadHtmlCache [ RunTime:0.000340s ]
INFO: [ app_begin ] --END-- [ RunTime:0.000604s ]
NOTIC: [2] mysqli::mysqli(): (HY000/2002): No such file or directory /data/wwwroot/xcx.codems.cn/include/ThinkPHP/Library/Think/Db/Driver/Mysqli.class.php 第 44 行.
ERR: No such file or directory

[ 2017-09-10T13:12:07+08:00 ] 125.73.28.87 /api/info/lists
INFO: [ app_begin ] --START--
INFO: Run Behavior\ReadHtmlCache [ RunTime:0.000281s ]
INFO: [ app_begin ] --END-- [ RunTime:0.000522s ]
NOTIC: [2] mysqli::mysqli(): (HY000/2002): No such file or directory /data/wwwroot/xcx.codems.cn/include/ThinkPHP/Library/Think/Db/Driver/Mysqli.class.php 第 44 行.
ERR: No such file or directory

[ 2017-09-10T13:12:08+08:00 ] 125.73.28.87 /api/info/lists
INFO: [ app_begin ] --START--
INFO: Run Behavior\ReadHtmlCache [ RunTime:0.000289s ]
INFO: [ app_begin ] --END-- [ RunTime:0.000522s ]
NOTIC: [2] mysqli::mysqli(): (HY000/2002): No such file or directory /data/wwwroot/xcx.codems.cn/include/ThinkPHP/Library/Think/Db/Driver/Mysqli.class.php 第 44 行.
ERR: No such file or directory

[ 2017-09-10T19:33:10+08:00 ] 113.46.181.232 /api/info/lists
INFO: [ app_begin ] --START--
INFO: Run Behavior\ReadHtmlCache [ RunTime:0.000297s ]
INFO: [ app_begin ] --END-- [ RunTime:0.000552s ]
NOTIC: [2] mysqli::mysqli(): (HY000/2002): No such file or directory /data/wwwroot/xcx.codems.cn/include/ThinkPHP/Library/Think/Db/Driver/Mysqli.class.php 第 44 行.
ERR: No such file or directory

[ 2017-09-10T19:52:16+08:00 ] 114.216.115.144 /api/user/login
INFO: [ app_begin ] --START--
INFO: Run Behavior\ReadHtmlCache [ RunTime:0.000319s ]
INFO: [ app_begin ] --END-- [ RunTime:0.000583s ]
NOTIC: [2] mysqli::mysqli(): (HY000/2002): No such file or directory /data/wwwroot/xcx.codems.cn/include/ThinkPHP/Library/Think/Db/Driver/Mysqli.class.php 第 44 行.
ERR: No such file or directory

[ 2017-09-10T19:52:18+08:00 ] 114.216.115.144 /api/info/lists
INFO: [ app_begin ] --START--
INFO: Run Behavior\ReadHtmlCache [ RunTime:0.000279s ]
INFO: [ app_begin ] --END-- [ RunTime:0.000508s ]
NOTIC: [2] mysqli::mysqli(): (HY000/2002): No such file or directory /data/wwwroot/xcx.codems.cn/include/ThinkPHP/Library/Think/Db/Driver/Mysqli.class.php 第 44 行.
ERR: No such file or directory

[ 2017-09-10T19:52:41+08:00 ] 114.216.115.144 /api/info/lists
INFO: [ app_begin ] --START--
INFO: Run Behavior\ReadHtmlCache [ RunTime:0.000291s ]
INFO: [ app_begin ] --END-- [ RunTime:0.000536s ]
NOTIC: [2] mysqli::mysqli(): (HY000/2002): No such file or directory /data/wwwroot/xcx.codems.cn/include/ThinkPHP/Library/Think/Db/Driver/Mysqli.class.php 第 44 行.
ERR: No such file or directory

[ 2017-09-10T19:54:52+08:00 ] 114.216.115.144 /api/info/lists
INFO: [ app_begin ] --START--
INFO: Run Behavior\ReadHtmlCache [ RunTime:0.000323s ]
INFO: [ app_begin ] --END-- [ RunTime:0.000556s ]
NOTIC: [2] mysqli::mysqli(): (HY000/2002): No such file or directory /data/wwwroot/xcx.codems.cn/include/ThinkPHP/Library/Think/Db/Driver/Mysqli.class.php 第 44 行.
ERR: No such file or directory

[ 2017-09-10T19:54:52+08:00 ] 114.216.115.144 /api/user/login
INFO: [ app_begin ] --START--
INFO: Run Behavior\ReadHtmlCache [ RunTime:0.000300s ]
INFO: [ app_begin ] --END-- [ RunTime:0.000886s ]
NOTIC: [2] mysqli::mysqli(): (HY000/2002): No such file or directory /data/wwwroot/xcx.codems.cn/include/ThinkPHP/Library/Think/Db/Driver/Mysqli.class.php 第 44 行.
ERR: No such file or directory

[ 2017-09-10T19:55:16+08:00 ] 114.216.115.144 /api/info/lists
INFO: [ app_begin ] --START--
INFO: Run Behavior\ReadHtmlCache [ RunTime:0.000303s ]
INFO: [ app_begin ] --END-- [ RunTime:0.000586s ]
NOTIC: [2] mysqli::mysqli(): (HY000/2002): No such file or directory /data/wwwroot/xcx.codems.cn/include/ThinkPHP/Library/Think/Db/Driver/Mysqli.class.php 第 44 行.
ERR: No such file or directory

[ 2017-09-10T20:05:14+08:00 ] 113.46.181.232 /api/info/lists
INFO: [ app_begin ] --START--
INFO: Run Behavior\ReadHtmlCache [ RunTime:0.000301s ]
INFO: [ app_begin ] --END-- [ RunTime:0.000557s ]
NOTIC: [2] mysqli::mysqli(): (HY000/2002): No such file or directory /data/wwwroot/xcx.codems.cn/include/ThinkPHP/Library/Think/Db/Driver/Mysqli.class.php 第 44 行.
ERR: No such file or directory

[ 2017-09-10T20:05:18+08:00 ] 113.46.181.232 /api/info/lists
INFO: [ app_begin ] --START--
INFO: Run Behavior\ReadHtmlCache [ RunTime:0.000346s ]
INFO: [ app_begin ] --END-- [ RunTime:0.000588s ]
NOTIC: [2] mysqli::mysqli(): (HY000/2002): No such file or directory /data/wwwroot/xcx.codems.cn/include/ThinkPHP/Library/Think/Db/Driver/Mysqli.class.php 第 44 行.
ERR: No such file or directory

[ 2017-09-10T20:05:28+08:00 ] 113.46.181.232 /api/dynamic/getlist
INFO: [ app_begin ] --START--
INFO: Run Behavior\ReadHtmlCache [ RunTime:0.000287s ]
INFO: [ app_begin ] --END-- [ RunTime:0.000525s ]
NOTIC: [2] mysqli::mysqli(): (HY000/2002): No such file or directory /data/wwwroot/xcx.codems.cn/include/ThinkPHP/Library/Think/Db/Driver/Mysqli.class.php 第 44 行.
ERR: No such file or directory

[ 2017-09-10T20:05:31+08:00 ] 113.46.181.232 /api/msg/getall
INFO: [ app_begin ] --START--
INFO: Run Behavior\ReadHtmlCache [ RunTime:0.000289s ]
INFO: [ app_begin ] --END-- [ RunTime:0.000533s ]
NOTIC: [2048] Declaration of Api\Controller\MsgController::get() should be compatible with Think\Controller::get($name = '') /data/wwwroot/xcx.codems.cn/Apps/Api/Controller/MsgController.class.php 第 38 行.
NOTIC: [2] mysqli::mysqli(): (HY000/2002): No such file or directory /data/wwwroot/xcx.codems.cn/include/ThinkPHP/Library/Think/Db/Driver/Mysqli.class.php 第 44 行.
ERR: No such file or directory

[ 2017-09-10T20:05:34+08:00 ] 113.46.181.232 /api/info/mycount
INFO: [ app_begin ] --START--
INFO: Run Behavior\ReadHtmlCache [ RunTime:0.000277s ]
INFO: [ app_begin ] --END-- [ RunTime:0.000508s ]
NOTIC: [2] mysqli::mysqli(): (HY000/2002): No such file or directory /data/wwwroot/xcx.codems.cn/include/ThinkPHP/Library/Think/Db/Driver/Mysqli.class.php 第 44 行.
ERR: No such file or directory

[ 2017-09-10T20:05:34+08:00 ] 113.46.181.232 /api/appointment/mycount
INFO: [ app_begin ] --START--
INFO: Run Behavior\ReadHtmlCache [ RunTime:0.000281s ]
INFO: [ app_begin ] --END-- [ RunTime:0.000536s ]
NOTIC: [2] mysqli::mysqli(): (HY000/2002): No such file or directory /data/wwwroot/xcx.codems.cn/include/ThinkPHP/Library/Think/Db/Driver/Mysqli.class.php 第 44 行.
ERR: No such file or directory

[ 2017-09-10T20:05:38+08:00 ] 113.46.181.232 /api/user/login
INFO: [ app_begin ] --START--
INFO: Run Behavior\ReadHtmlCache [ RunTime:0.000288s ]
INFO: [ app_begin ] --END-- [ RunTime:0.000524s ]
NOTIC: [2] file_get_contents(https://api.weixin.qq.com/sns/jscode2session?appid=wx0aa456241abc9e8e&amp;secret=58ec56f0d3f37e4dcee7a75220bc6766&amp;js_code=the code is a mock one&amp;grant_type=authorization_code): failed to open stream: HTTP request failed! code 200 OK
 /data/wwwroot/xcx.codems.cn/Apps/Api/Controller/UserController.class.php 第 60 行.
NOTIC: [2] mysqli::mysqli(): (HY000/2002): No such file or directory /data/wwwroot/xcx.codems.cn/include/ThinkPHP/Library/Think/Db/Driver/Mysqli.class.php 第 44 行.
ERR: No such file or directory

[ 2017-09-10T20:05:43+08:00 ] 113.46.181.232 /api/appointment/mycount
INFO: [ app_begin ] --START--
INFO: Run Behavior\ReadHtmlCache [ RunTime:0.000286s ]
INFO: [ app_begin ] --END-- [ RunTime:0.000560s ]
NOTIC: [2] mysqli::mysqli(): (HY000/2002): No such file or directory /data/wwwroot/xcx.codems.cn/include/ThinkPHP/Library/Think/Db/Driver/Mysqli.class.php 第 44 行.
ERR: No such file or directory

[ 2017-09-10T20:05:43+08:00 ] 113.46.181.232 /api/info/mycount
INFO: [ app_begin ] --START--
INFO: Run Behavior\ReadHtmlCache [ RunTime:0.000319s ]
INFO: [ app_begin ] --END-- [ RunTime:0.000590s ]
NOTIC: [2] mysqli::mysqli(): (HY000/2002): No such file or directory /data/wwwroot/xcx.codems.cn/include/ThinkPHP/Library/Think/Db/Driver/Mysqli.class.php 第 44 行.
ERR: No such file or directory

[ 2017-09-10T20:05:49+08:00 ] 113.46.181.232 /api/info/mycount
INFO: [ app_begin ] --START--
INFO: Run Behavior\ReadHtmlCache [ RunTime:0.000294s ]
INFO: [ app_begin ] --END-- [ RunTime:0.000560s ]
NOTIC: [2] mysqli::mysqli(): (HY000/2002): No such file or directory /data/wwwroot/xcx.codems.cn/include/ThinkPHP/Library/Think/Db/Driver/Mysqli.class.php 第 44 行.
ERR: No such file or directory

[ 2017-09-10T20:05:49+08:00 ] 113.46.181.232 /api/appointment/mycount
INFO: [ app_begin ] --START--
INFO: Run Behavior\ReadHtmlCache [ RunTime:0.000294s ]
INFO: [ app_begin ] --END-- [ RunTime:0.000527s ]
NOTIC: [2] mysqli::mysqli(): (HY000/2002): No such file or directory /data/wwwroot/xcx.codems.cn/include/ThinkPHP/Library/Think/Db/Driver/Mysqli.class.php 第 44 行.
ERR: No such file or directory

[ 2017-09-10T20:05:50+08:00 ] 113.46.181.232 /api/dynamic/getList
INFO: [ app_begin ] --START--
INFO: Run Behavior\ReadHtmlCache [ RunTime:0.000279s ]
INFO: [ app_begin ] --END-- [ RunTime:0.000507s ]
NOTIC: [2] mysqli::mysqli(): (HY000/2002): No such file or directory /data/wwwroot/xcx.codems.cn/include/ThinkPHP/Library/Think/Db/Driver/Mysqli.class.php 第 44 行.
ERR: No such file or directory

[ 2017-09-10T20:05:54+08:00 ] 113.46.181.232 /api/info/mycount
INFO: [ app_begin ] --START--
INFO: Run Behavior\ReadHtmlCache [ RunTime:0.000301s ]
INFO: [ app_begin ] --END-- [ RunTime:0.000545s ]
NOTIC: [2] mysqli::mysqli(): (HY000/2002): No such file or directory /data/wwwroot/xcx.codems.cn/include/ThinkPHP/Library/Think/Db/Driver/Mysqli.class.php 第 44 行.
ERR: No such file or directory

[ 2017-09-10T20:05:54+08:00 ] 113.46.181.232 /api/appointment/mycount
INFO: [ app_begin ] --START--
INFO: Run Behavior\ReadHtmlCache [ RunTime:0.000286s ]
INFO: [ app_begin ] --END-- [ RunTime:0.000519s ]
NOTIC: [2] mysqli::mysqli(): (HY000/2002): No such file or directory /data/wwwroot/xcx.codems.cn/include/ThinkPHP/Library/Think/Db/Driver/Mysqli.class.php 第 44 行.
ERR: No such file or directory

[ 2017-09-10T20:05:56+08:00 ] 113.46.181.232 /api/fav/myFav
INFO: [ app_begin ] --START--
INFO: Run Behavior\ReadHtmlCache [ RunTime:0.000278s ]
INFO: [ app_begin ] --END-- [ RunTime:0.000536s ]
NOTIC: [2] mysqli::mysqli(): (HY000/2002): No such file or directory /data/wwwroot/xcx.codems.cn/include/ThinkPHP/Library/Think/Db/Driver/Mysqli.class.php 第 44 行.
ERR: No such file or directory

[ 2017-09-10T20:05:59+08:00 ] 113.46.181.232 /api/appointment/mycount
INFO: [ app_begin ] --START--
INFO: Run Behavior\ReadHtmlCache [ RunTime:0.000289s ]
INFO: [ app_begin ] --END-- [ RunTime:0.004002s ]
NOTIC: [2] mysqli::mysqli(): (HY000/2002): No such file or directory /data/wwwroot/xcx.codems.cn/include/ThinkPHP/Library/Think/Db/Driver/Mysqli.class.php 第 44 行.
ERR: No such file or directory

[ 2017-09-10T20:05:59+08:00 ] 113.46.181.232 /api/info/mycount
INFO: [ app_begin ] --START--
INFO: Run Behavior\ReadHtmlCache [ RunTime:0.000291s ]
INFO: [ app_begin ] --END-- [ RunTime:0.001558s ]
NOTIC: [2] mysqli::mysqli(): (HY000/2002): No such file or directory /data/wwwroot/xcx.codems.cn/include/ThinkPHP/Library/Think/Db/Driver/Mysqli.class.php 第 44 行.
ERR: No such file or directory

[ 2017-09-10T20:06:01+08:00 ] 113.46.181.232 /api/info/mylist
INFO: [ app_begin ] --START--
INFO: Run Behavior\ReadHtmlCache [ RunTime:0.000496s ]
INFO: [ app_begin ] --END-- [ RunTime:0.000851s ]
NOTIC: [2] mysqli::mysqli(): (HY000/2002): No such file or directory /data/wwwroot/xcx.codems.cn/include/ThinkPHP/Library/Think/Db/Driver/Mysqli.class.php 第 44 行.
ERR: No such file or directory

[ 2017-09-10T20:06:03+08:00 ] 113.46.181.232 /api/appointment/mycount
INFO: [ app_begin ] --START--
INFO: Run Behavior\ReadHtmlCache [ RunTime:0.000320s ]
INFO: [ app_begin ] --END-- [ RunTime:0.000549s ]
NOTIC: [2] mysqli::mysqli(): (HY000/2002): No such file or directory /data/wwwroot/xcx.codems.cn/include/ThinkPHP/Library/Think/Db/Driver/Mysqli.class.php 第 44 行.
ERR: No such file or directory

[ 2017-09-10T20:06:03+08:00 ] 113.46.181.232 /api/info/mycount
INFO: [ app_begin ] --START--
INFO: Run Behavior\ReadHtmlCache [ RunTime:0.000290s ]
INFO: [ app_begin ] --END-- [ RunTime:0.000535s ]
NOTIC: [2] mysqli::mysqli(): (HY000/2002): No such file or directory /data/wwwroot/xcx.codems.cn/include/ThinkPHP/Library/Think/Db/Driver/Mysqli.class.php 第 44 行.
ERR: No such file or directory

[ 2017-09-10T20:06:06+08:00 ] 113.46.181.232 /api/dynamic/getList
INFO: [ app_begin ] --START--
INFO: Run Behavior\ReadHtmlCache [ RunTime:0.000323s ]
INFO: [ app_begin ] --END-- [ RunTime:0.000557s ]
NOTIC: [2] mysqli::mysqli(): (HY000/2002): No such file or directory /data/wwwroot/xcx.codems.cn/include/ThinkPHP/Library/Think/Db/Driver/Mysqli.class.php 第 44 行.
ERR: No such file or directory

[ 2017-09-10T20:06:14+08:00 ] 113.46.181.232 /api/dynamic/add
INFO: [ app_begin ] --START--
INFO: Run Behavior\ReadHtmlCache [ RunTime:0.000356s ]
INFO: [ app_begin ] --END-- [ RunTime:0.000623s ]
NOTIC: [2] mysqli::mysqli(): (HY000/2002): No such file or directory /data/wwwroot/xcx.codems.cn/include/ThinkPHP/Library/Think/Db/Driver/Mysqli.class.php 第 44 行.
ERR: No such file or directory

[ 2017-09-10T20:06:15+08:00 ] 113.46.181.232 /api/dynamic/add
INFO: [ app_begin ] --START--
INFO: Run Behavior\ReadHtmlCache [ RunTime:0.000288s ]
INFO: [ app_begin ] --END-- [ RunTime:0.000531s ]
NOTIC: [2] mysqli::mysqli(): (HY000/2002): No such file or directory /data/wwwroot/xcx.codems.cn/include/ThinkPHP/Library/Think/Db/Driver/Mysqli.class.php 第 44 行.
ERR: No such file or directory

[ 2017-09-10T20:06:16+08:00 ] 113.46.181.232 /api/dynamic/add
INFO: [ app_begin ] --START--
INFO: Run Behavior\ReadHtmlCache [ RunTime:0.000330s ]
INFO: [ app_begin ] --END-- [ RunTime:0.000570s ]
NOTIC: [2] mysqli::mysqli(): (HY000/2002): No such file or directory /data/wwwroot/xcx.codems.cn/include/ThinkPHP/Library/Think/Db/Driver/Mysqli.class.php 第 44 行.
ERR: No such file or directory

[ 2017-09-10T20:06:29+08:00 ] 113.46.181.232 /api/info/lists
INFO: [ app_begin ] --START--
INFO: Run Behavior\ReadHtmlCache [ RunTime:0.000323s ]
INFO: [ app_begin ] --END-- [ RunTime:0.000557s ]
NOTIC: [2] mysqli::mysqli(): (HY000/2002): No such file or directory /data/wwwroot/xcx.codems.cn/include/ThinkPHP/Library/Think/Db/Driver/Mysqli.class.php 第 44 行.
ERR: No such file or directory

[ 2017-09-10T20:06:36+08:00 ] 113.46.181.232 /api/info/mycount
INFO: [ app_begin ] --START--
INFO: Run Behavior\ReadHtmlCache [ RunTime:0.000402s ]
INFO: [ app_begin ] --END-- [ RunTime:0.000670s ]
NOTIC: [2] mysqli::mysqli(): (HY000/2002): No such file or directory /data/wwwroot/xcx.codems.cn/include/ThinkPHP/Library/Think/Db/Driver/Mysqli.class.php 第 44 行.
ERR: No such file or directory

[ 2017-09-10T20:06:36+08:00 ] 113.46.181.232 /api/appointment/mycount
INFO: [ app_begin ] --START--
INFO: Run Behavior\ReadHtmlCache [ RunTime:0.000312s ]
INFO: [ app_begin ] --END-- [ RunTime:0.000531s ]
NOTIC: [2] mysqli::mysqli(): (HY000/2002): No such file or directory /data/wwwroot/xcx.codems.cn/include/ThinkPHP/Library/Think/Db/Driver/Mysqli.class.php 第 44 行.
ERR: No such file or directory

[ 2017-09-10T20:06:38+08:00 ] 113.46.181.232 /api/msg/getall
INFO: [ app_begin ] --START--
INFO: Run Behavior\ReadHtmlCache [ RunTime:0.000284s ]
INFO: [ app_begin ] --END-- [ RunTime:0.000516s ]
NOTIC: [2048] Declaration of Api\Controller\MsgController::get() should be compatible with Think\Controller::get($name = '') /data/wwwroot/xcx.codems.cn/Apps/Api/Controller/MsgController.class.php 第 38 行.
NOTIC: [2] mysqli::mysqli(): (HY000/2002): No such file or directory /data/wwwroot/xcx.codems.cn/include/ThinkPHP/Library/Think/Db/Driver/Mysqli.class.php 第 44 行.
ERR: No such file or directory

[ 2017-09-10T20:06:50+08:00 ] 113.46.181.232 /api/msg/get
INFO: [ app_begin ] --START--
INFO: Run Behavior\ReadHtmlCache [ RunTime:0.000276s ]
INFO: [ app_begin ] --END-- [ RunTime:0.000512s ]
NOTIC: [2048] Declaration of Api\Controller\MsgController::get() should be compatible with Think\Controller::get($name = '') /data/wwwroot/xcx.codems.cn/Apps/Api/Controller/MsgController.class.php 第 38 行.
NOTIC: [2] mysqli::mysqli(): (HY000/2002): No such file or directory /data/wwwroot/xcx.codems.cn/include/ThinkPHP/Library/Think/Db/Driver/Mysqli.class.php 第 44 行.
ERR: No such file or directory

[ 2017-09-10T20:06:52+08:00 ] 113.46.181.232 /api/msg/getall
INFO: [ app_begin ] --START--
INFO: Run Behavior\ReadHtmlCache [ RunTime:0.000311s ]
INFO: [ app_begin ] --END-- [ RunTime:0.000540s ]
NOTIC: [2048] Declaration of Api\Controller\MsgController::get() should be compatible with Think\Controller::get($name = '') /data/wwwroot/xcx.codems.cn/Apps/Api/Controller/MsgController.class.php 第 38 行.
NOTIC: [2] mysqli::mysqli(): (HY000/2002): No such file or directory /data/wwwroot/xcx.codems.cn/include/ThinkPHP/Library/Think/Db/Driver/Mysqli.class.php 第 44 行.
ERR: No such file or directory

[ 2017-09-10T20:06:54+08:00 ] 113.46.181.232 /api/msg/get
INFO: [ app_begin ] --START--
INFO: Run Behavior\ReadHtmlCache [ RunTime:0.000304s ]
INFO: [ app_begin ] --END-- [ RunTime:0.000542s ]
NOTIC: [2048] Declaration of Api\Controller\MsgController::get() should be compatible with Think\Controller::get($name = '') /data/wwwroot/xcx.codems.cn/Apps/Api/Controller/MsgController.class.php 第 38 行.
NOTIC: [2] mysqli::mysqli(): (HY000/2002): No such file or directory /data/wwwroot/xcx.codems.cn/include/ThinkPHP/Library/Think/Db/Driver/Mysqli.class.php 第 44 行.
ERR: No such file or directory

[ 2017-09-10T20:06:56+08:00 ] 113.46.181.232 /api/msg/getall
INFO: [ app_begin ] --START--
INFO: Run Behavior\ReadHtmlCache [ RunTime:0.000273s ]
INFO: [ app_begin ] --END-- [ RunTime:0.000500s ]
NOTIC: [2048] Declaration of Api\Controller\MsgController::get() should be compatible with Think\Controller::get($name = '') /data/wwwroot/xcx.codems.cn/Apps/Api/Controller/MsgController.class.php 第 38 行.
NOTIC: [2] mysqli::mysqli(): (HY000/2002): No such file or directory /data/wwwroot/xcx.codems.cn/include/ThinkPHP/Library/Think/Db/Driver/Mysqli.class.php 第 44 行.
ERR: No such file or directory

[ 2017-09-10T20:06:58+08:00 ] 113.46.181.232 /api/dynamic/getlist
INFO: [ app_begin ] --START--
INFO: Run Behavior\ReadHtmlCache [ RunTime:0.000287s ]
INFO: [ app_begin ] --END-- [ RunTime:0.000557s ]
NOTIC: [2] mysqli::mysqli(): (HY000/2002): No such file or directory /data/wwwroot/xcx.codems.cn/include/ThinkPHP/Library/Think/Db/Driver/Mysqli.class.php 第 44 行.
ERR: No such file or directory

[ 2017-09-10T20:07:03+08:00 ] 113.46.181.232 /api/info/lists
INFO: [ app_begin ] --START--
INFO: Run Behavior\ReadHtmlCache [ RunTime:0.000282s ]
INFO: [ app_begin ] --END-- [ RunTime:0.000511s ]
NOTIC: [2] mysqli::mysqli(): (HY000/2002): No such file or directory /data/wwwroot/xcx.codems.cn/include/ThinkPHP/Library/Think/Db/Driver/Mysqli.class.php 第 44 行.
ERR: No such file or directory

[ 2017-09-10T20:07:09+08:00 ] 113.46.181.232 /api/info/lists
INFO: [ app_begin ] --START--
INFO: Run Behavior\ReadHtmlCache [ RunTime:0.000294s ]
INFO: [ app_begin ] --END-- [ RunTime:0.000526s ]
NOTIC: [2] mysqli::mysqli(): (HY000/2002): No such file or directory /data/wwwroot/xcx.codems.cn/include/ThinkPHP/Library/Think/Db/Driver/Mysqli.class.php 第 44 行.
ERR: No such file or directory

[ 2017-09-10T20:07:49+08:00 ] 113.46.181.232 /api/info/lists
INFO: [ app_begin ] --START--
INFO: Run Behavior\ReadHtmlCache [ RunTime:0.000298s ]
INFO: [ app_begin ] --END-- [ RunTime:0.000584s ]
NOTIC: [2] mysqli::mysqli(): (HY000/2002): No such file or directory /data/wwwroot/xcx.codems.cn/include/ThinkPHP/Library/Think/Db/Driver/Mysqli.class.php 第 44 行.
ERR: No such file or directory

[ 2017-09-10T20:07:59+08:00 ] 113.46.181.232 /api/info/lists
INFO: [ app_begin ] --START--
INFO: Run Behavior\ReadHtmlCache [ RunTime:0.000331s ]
INFO: [ app_begin ] --END-- [ RunTime:0.000647s ]
NOTIC: [2] mysqli::mysqli(): (HY000/2002): No such file or directory /data/wwwroot/xcx.codems.cn/include/ThinkPHP/Library/Think/Db/Driver/Mysqli.class.php 第 44 行.
ERR: No such file or directory

[ 2017-09-10T20:09:16+08:00 ] 113.46.181.232 /api/dynamic/getlist
INFO: [ app_begin ] --START--
INFO: Run Behavior\ReadHtmlCache [ RunTime:0.000311s ]
INFO: [ app_begin ] --END-- [ RunTime:0.000604s ]
NOTIC: [2] mysqli::mysqli(): (HY000/2002): No such file or directory /data/wwwroot/xcx.codems.cn/include/ThinkPHP/Library/Think/Db/Driver/Mysqli.class.php 第 44 行.
ERR: No such file or directory

[ 2017-09-10T20:09:24+08:00 ] 113.46.181.232 /api/dynamic/getlist
INFO: [ app_begin ] --START--
INFO: Run Behavior\ReadHtmlCache [ RunTime:0.000296s ]
INFO: [ app_begin ] --END-- [ RunTime:0.000579s ]
NOTIC: [2] mysqli::mysqli(): (HY000/2002): No such file or directory /data/wwwroot/xcx.codems.cn/include/ThinkPHP/Library/Think/Db/Driver/Mysqli.class.php 第 44 行.
ERR: No such file or directory

[ 2017-09-10T20:09:26+08:00 ] 113.46.181.232 /api/msg/getall
INFO: [ app_begin ] --START--
INFO: Run Behavior\ReadHtmlCache [ RunTime:0.000280s ]
INFO: [ app_begin ] --END-- [ RunTime:0.000537s ]
NOTIC: [2048] Declaration of Api\Controller\MsgController::get() should be compatible with Think\Controller::get($name = '') /data/wwwroot/xcx.codems.cn/Apps/Api/Controller/MsgController.class.php 第 38 行.
NOTIC: [2] mysqli::mysqli(): (HY000/2002): No such file or directory /data/wwwroot/xcx.codems.cn/include/ThinkPHP/Library/Think/Db/Driver/Mysqli.class.php 第 44 行.
ERR: No such file or directory

[ 2017-09-10T20:29:32+08:00 ] 113.46.181.232 /api/info/mycount
INFO: [ app_begin ] --START--
INFO: Run Behavior\ReadHtmlCache [ RunTime:0.000284s ]
INFO: [ app_begin ] --END-- [ RunTime:0.000523s ]
NOTIC: [2] mysqli::mysqli(): (HY000/2002): No such file or directory /data/wwwroot/xcx.codems.cn/include/ThinkPHP/Library/Think/Db/Driver/Mysqli.class.php 第 44 行.
ERR: No such file or directory

[ 2017-09-10T20:29:32+08:00 ] 113.46.181.232 /api/appointment/mycount
INFO: [ app_begin ] --START--
INFO: Run Behavior\ReadHtmlCache [ RunTime:0.000318s ]
INFO: [ app_begin ] --END-- [ RunTime:0.000565s ]
NOTIC: [2] mysqli::mysqli(): (HY000/2002): No such file or directory /data/wwwroot/xcx.codems.cn/include/ThinkPHP/Library/Think/Db/Driver/Mysqli.class.php 第 44 行.
ERR: No such file or directory

[ 2017-09-10T21:05:05+08:00 ] 158.85.81.120 /
INFO: [ app_begin ] --START--
INFO: Run Behavior\ReadHtmlCache [ RunTime:0.000441s ]
INFO: [ app_begin ] --END-- [ RunTime:0.000774s ]
INFO: [ app_end ] --START--
INFO: Run Behavior\ShowPageTrace [ RunTime:0.000669s ]
INFO: [ app_end ] --END-- [ RunTime:0.000733s ]

[ 2017-09-10T22:57:27+08:00 ] 113.46.181.232 /api/info/lists
INFO: [ app_begin ] --START--
INFO: Run Behavior\ReadHtmlCache [ RunTime:0.000286s ]
INFO: [ app_begin ] --END-- [ RunTime:0.000526s ]
NOTIC: [2] mysqli::mysqli(): (HY000/2002): No such file or directory /data/wwwroot/xcx.codems.cn/include/ThinkPHP/Library/Think/Db/Driver/Mysqli.class.php 第 44 行.
ERR: No such file or directory

[ 2017-09-10T22:57:30+08:00 ] 113.46.181.232 /api/info/mycount
INFO: [ app_begin ] --START--
INFO: Run Behavior\ReadHtmlCache [ RunTime:0.000287s ]
INFO: [ app_begin ] --END-- [ RunTime:0.000532s ]
NOTIC: [2] mysqli::mysqli(): (HY000/2002): No such file or directory /data/wwwroot/xcx.codems.cn/include/ThinkPHP/Library/Think/Db/Driver/Mysqli.class.php 第 44 行.
ERR: No such file or directory

[ 2017-09-10T22:57:30+08:00 ] 113.46.181.232 /api/appointment/mycount
INFO: [ app_begin ] --START--
INFO: Run Behavior\ReadHtmlCache [ RunTime:0.000329s ]
INFO: [ app_begin ] --END-- [ RunTime:0.000585s ]
NOTIC: [2] mysqli::mysqli(): (HY000/2002): No such file or directory /data/wwwroot/xcx.codems.cn/include/ThinkPHP/Library/Think/Db/Driver/Mysqli.class.php 第 44 行.
ERR: No such file or directory

[ 2017-09-10T22:57:33+08:00 ] 117.182.224.166 /api/info/lists
INFO: [ app_begin ] --START--
INFO: Run Behavior\ReadHtmlCache [ RunTime:0.000328s ]
INFO: [ app_begin ] --END-- [ RunTime:0.000594s ]
NOTIC: [2] mysqli::mysqli(): (HY000/2002): No such file or directory /data/wwwroot/xcx.codems.cn/include/ThinkPHP/Library/Think/Db/Driver/Mysqli.class.php 第 44 行.
ERR: No such file or directory

[ 2017-09-10T22:57:34+08:00 ] 113.46.181.232 /api/info/mylist
INFO: [ app_begin ] --START--
INFO: Run Behavior\ReadHtmlCache [ RunTime:0.000324s ]
INFO: [ app_begin ] --END-- [ RunTime:0.000572s ]
NOTIC: [2] mysqli::mysqli(): (HY000/2002): No such file or directory /data/wwwroot/xcx.codems.cn/include/ThinkPHP/Library/Think/Db/Driver/Mysqli.class.php 第 44 行.
ERR: No such file or directory

[ 2017-09-10T22:57:36+08:00 ] 117.182.224.166 /api/info/lists
INFO: [ app_begin ] --START--
INFO: Run Behavior\ReadHtmlCache [ RunTime:0.000307s ]
INFO: [ app_begin ] --END-- [ RunTime:0.000580s ]
NOTIC: [2] mysqli::mysqli(): (HY000/2002): No such file or directory /data/wwwroot/xcx.codems.cn/include/ThinkPHP/Library/Think/Db/Driver/Mysqli.class.php 第 44 行.
ERR: No such file or directory

[ 2017-09-10T22:57:37+08:00 ] 117.182.224.166 /api/info/lists
INFO: [ app_begin ] --START--
INFO: Run Behavior\ReadHtmlCache [ RunTime:0.000288s ]
INFO: [ app_begin ] --END-- [ RunTime:0.000555s ]
NOTIC: [2] mysqli::mysqli(): (HY000/2002): No such file or directory /data/wwwroot/xcx.codems.cn/include/ThinkPHP/Library/Think/Db/Driver/Mysqli.class.php 第 44 行.
ERR: No such file or directory

[ 2017-09-10T22:57:37+08:00 ] 113.46.181.232 /api/appointment/mycount
INFO: [ app_begin ] --START--
INFO: Run Behavior\ReadHtmlCache [ RunTime:0.001339s ]
INFO: [ app_begin ] --END-- [ RunTime:0.001565s ]
NOTIC: [2] mysqli::mysqli(): (HY000/2002): No such file or directory /data/wwwroot/xcx.codems.cn/include/ThinkPHP/Library/Think/Db/Driver/Mysqli.class.php 第 44 行.
ERR: No such file or directory

[ 2017-09-10T22:57:37+08:00 ] 113.46.181.232 /api/info/mycount
INFO: [ app_begin ] --START--
INFO: Run Behavior\ReadHtmlCache [ RunTime:0.000278s ]
INFO: [ app_begin ] --END-- [ RunTime:0.001542s ]
NOTIC: [2] mysqli::mysqli(): (HY000/2002): No such file or directory /data/wwwroot/xcx.codems.cn/include/ThinkPHP/Library/Think/Db/Driver/Mysqli.class.php 第 44 行.
ERR: No such file or directory

[ 2017-09-10T22:57:39+08:00 ] 113.46.181.232 /api/appointment/getPassenger
INFO: [ app_begin ] --START--
INFO: Run Behavior\ReadHtmlCache [ RunTime:0.000282s ]
INFO: [ app_begin ] --END-- [ RunTime:0.000510s ]
NOTIC: [2] mysqli::mysqli(): (HY000/2002): No such file or directory /data/wwwroot/xcx.codems.cn/include/ThinkPHP/Library/Think/Db/Driver/Mysqli.class.php 第 44 行.
ERR: No such file or directory

[ 2017-09-10T22:57:39+08:00 ] 113.46.181.232 /api/appointment/my
INFO: [ app_begin ] --START--
INFO: Run Behavior\ReadHtmlCache [ RunTime:0.000277s ]
INFO: [ app_begin ] --END-- [ RunTime:0.000500s ]
NOTIC: [2] mysqli::mysqli(): (HY000/2002): No such file or directory /data/wwwroot/xcx.codems.cn/include/ThinkPHP/Library/Think/Db/Driver/Mysqli.class.php 第 44 行.
ERR: No such file or directory

[ 2017-09-10T22:57:41+08:00 ] 113.46.181.232 /api/info/mycount
INFO: [ app_begin ] --START--
INFO: Run Behavior\ReadHtmlCache [ RunTime:0.000285s ]
INFO: [ app_begin ] --END-- [ RunTime:0.001570s ]
NOTIC: [2] mysqli::mysqli(): (HY000/2002): No such file or directory /data/wwwroot/xcx.codems.cn/include/ThinkPHP/Library/Think/Db/Driver/Mysqli.class.php 第 44 行.
ERR: No such file or directory

[ 2017-09-10T22:57:41+08:00 ] 113.46.181.232 /api/appointment/mycount
INFO: [ app_begin ] --START--
INFO: Run Behavior\ReadHtmlCache [ RunTime:0.000287s ]
INFO: [ app_begin ] --END-- [ RunTime:0.000515s ]
NOTIC: [2] mysqli::mysqli(): (HY000/2002): No such file or directory /data/wwwroot/xcx.codems.cn/include/ThinkPHP/Library/Think/Db/Driver/Mysqli.class.php 第 44 行.
ERR: No such file or directory

[ 2017-09-10T22:57:43+08:00 ] 113.46.181.232 /api/fav/myFav
INFO: [ app_begin ] --START--
INFO: Run Behavior\ReadHtmlCache [ RunTime:0.000280s ]
INFO: [ app_begin ] --END-- [ RunTime:0.000559s ]
NOTIC: [2] mysqli::mysqli(): (HY000/2002): No such file or directory /data/wwwroot/xcx.codems.cn/include/ThinkPHP/Library/Think/Db/Driver/Mysqli.class.php 第 44 行.
ERR: No such file or directory

[ 2017-09-10T22:57:44+08:00 ] 113.46.181.232 /api/info/mycount
INFO: [ app_begin ] --START--
INFO: Run Behavior\ReadHtmlCache [ RunTime:0.000307s ]
INFO: [ app_begin ] --END-- [ RunTime:0.000549s ]
NOTIC: [2] mysqli::mysqli(): (HY000/2002): No such file or directory /data/wwwroot/xcx.codems.cn/include/ThinkPHP/Library/Think/Db/Driver/Mysqli.class.php 第 44 行.
ERR: No such file or directory

[ 2017-09-10T22:57:44+08:00 ] 113.46.181.232 /api/appointment/mycount
INFO: [ app_begin ] --START--
INFO: Run Behavior\ReadHtmlCache [ RunTime:0.000279s ]
INFO: [ app_begin ] --END-- [ RunTime:0.000506s ]
NOTIC: [2] mysqli::mysqli(): (HY000/2002): No such file or directory /data/wwwroot/xcx.codems.cn/include/ThinkPHP/Library/Think/Db/Driver/Mysqli.class.php 第 44 行.
ERR: No such file or directory

[ 2017-09-10T22:57:46+08:00 ] 113.46.181.232 /api/dynamic/getList
INFO: [ app_begin ] --START--
INFO: Run Behavior\ReadHtmlCache [ RunTime:0.000285s ]
INFO: [ app_begin ] --END-- [ RunTime:0.000527s ]
NOTIC: [2] mysqli::mysqli(): (HY000/2002): No such file or directory /data/wwwroot/xcx.codems.cn/include/ThinkPHP/Library/Think/Db/Driver/Mysqli.class.php 第 44 行.
ERR: No such file or directory

[ 2017-09-10T22:57:48+08:00 ] 113.46.181.232 /api/info/mycount
INFO: [ app_begin ] --START--
INFO: Run Behavior\ReadHtmlCache [ RunTime:0.000277s ]
INFO: [ app_begin ] --END-- [ RunTime:0.000531s ]
NOTIC: [2] mysqli::mysqli(): (HY000/2002): No such file or directory /data/wwwroot/xcx.codems.cn/include/ThinkPHP/Library/Think/Db/Driver/Mysqli.class.php 第 44 行.
ERR: No such file or directory

[ 2017-09-10T22:57:48+08:00 ] 113.46.181.232 /api/appointment/mycount
INFO: [ app_begin ] --START--
INFO: Run Behavior\ReadHtmlCache [ RunTime:0.000279s ]
INFO: [ app_begin ] --END-- [ RunTime:0.000501s ]
NOTIC: [2] mysqli::mysqli(): (HY000/2002): No such file or directory /data/wwwroot/xcx.codems.cn/include/ThinkPHP/Library/Think/Db/Driver/Mysqli.class.php 第 44 行.
ERR: No such file or directory

[ 2017-09-10T22:57:49+08:00 ] 117.182.224.166 /api/info/lists
INFO: [ app_begin ] --START--
INFO: Run Behavior\ReadHtmlCache [ RunTime:0.000295s ]
INFO: [ app_begin ] --END-- [ RunTime:0.000577s ]
NOTIC: [2] mysqli::mysqli(): (HY000/2002): No such file or directory /data/wwwroot/xcx.codems.cn/include/ThinkPHP/Library/Think/Db/Driver/Mysqli.class.php 第 44 行.
ERR: No such file or directory

[ 2017-09-10T22:58:06+08:00 ] 117.182.224.166 /api/info/lists
INFO: [ app_begin ] --START--
INFO: Run Behavior\ReadHtmlCache [ RunTime:0.000282s ]
INFO: [ app_begin ] --END-- [ RunTime:0.000557s ]
NOTIC: [2] mysqli::mysqli(): (HY000/2002): No such file or directory /data/wwwroot/xcx.codems.cn/include/ThinkPHP/Library/Think/Db/Driver/Mysqli.class.php 第 44 行.
ERR: No such file or directory

[ 2017-09-10T22:58:10+08:00 ] 117.182.224.166 /api/info/lists
INFO: [ app_begin ] --START--
INFO: Run Behavior\ReadHtmlCache [ RunTime:0.000292s ]
INFO: [ app_begin ] --END-- [ RunTime:0.000578s ]
NOTIC: [2] mysqli::mysqli(): (HY000/2002): No such file or directory /data/wwwroot/xcx.codems.cn/include/ThinkPHP/Library/Think/Db/Driver/Mysqli.class.php 第 44 行.
ERR: No such file or directory

[ 2017-09-10T22:58:14+08:00 ] 117.182.224.166 /api/dynamic/getlist
INFO: [ app_begin ] --START--
INFO: Run Behavior\ReadHtmlCache [ RunTime:0.000280s ]
INFO: [ app_begin ] --END-- [ RunTime:0.000508s ]
NOTIC: [2] mysqli::mysqli(): (HY000/2002): No such file or directory /data/wwwroot/xcx.codems.cn/include/ThinkPHP/Library/Think/Db/Driver/Mysqli.class.php 第 44 行.
ERR: No such file or directory

[ 2017-09-10T22:59:28+08:00 ] 117.182.224.166 /api/dynamic/getlist
INFO: [ app_begin ] --START--
INFO: Run Behavior\ReadHtmlCache [ RunTime:0.000325s ]
INFO: [ app_begin ] --END-- [ RunTime:0.000562s ]
NOTIC: [2] mysqli::mysqli(): (HY000/2002): No such file or directory /data/wwwroot/xcx.codems.cn/include/ThinkPHP/Library/Think/Db/Driver/Mysqli.class.php 第 44 行.
ERR: No such file or directory

[ 2017-09-10T22:59:33+08:00 ] 117.182.224.166 /api/dynamic/getlist
INFO: [ app_begin ] --START--
INFO: Run Behavior\ReadHtmlCache [ RunTime:0.000285s ]
INFO: [ app_begin ] --END-- [ RunTime:0.000512s ]
NOTIC: [2] mysqli::mysqli(): (HY000/2002): No such file or directory /data/wwwroot/xcx.codems.cn/include/ThinkPHP/Library/Think/Db/Driver/Mysqli.class.php 第 44 行.
ERR: No such file or directory

[ 2017-09-10T22:59:38+08:00 ] 117.182.224.166 /api/msg/getall
INFO: [ app_begin ] --START--
INFO: Run Behavior\ReadHtmlCache [ RunTime:0.000324s ]
INFO: [ app_begin ] --END-- [ RunTime:0.000562s ]
NOTIC: [2048] Declaration of Api\Controller\MsgController::get() should be compatible with Think\Controller::get($name = '') /data/wwwroot/xcx.codems.cn/Apps/Api/Controller/MsgController.class.php 第 38 行.
NOTIC: [2] mysqli::mysqli(): (HY000/2002): No such file or directory /data/wwwroot/xcx.codems.cn/include/ThinkPHP/Library/Think/Db/Driver/Mysqli.class.php 第 44 行.
ERR: No such file or directory

[ 2017-09-10T22:59:40+08:00 ] 117.182.224.166 /api/msg/get
INFO: [ app_begin ] --START--
INFO: Run Behavior\ReadHtmlCache [ RunTime:0.000310s ]
INFO: [ app_begin ] --END-- [ RunTime:0.000563s ]
NOTIC: [2048] Declaration of Api\Controller\MsgController::get() should be compatible with Think\Controller::get($name = '') /data/wwwroot/xcx.codems.cn/Apps/Api/Controller/MsgController.class.php 第 38 行.
NOTIC: [2] mysqli::mysqli(): (HY000/2002): No such file or directory /data/wwwroot/xcx.codems.cn/include/ThinkPHP/Library/Think/Db/Driver/Mysqli.class.php 第 44 行.
ERR: No such file or directory

[ 2017-09-10T22:59:53+08:00 ] 171.105.144.216 /api/msg/getall
INFO: [ app_begin ] --START--
INFO: Run Behavior\ReadHtmlCache [ RunTime:0.000342s ]
INFO: [ app_begin ] --END-- [ RunTime:0.000621s ]
NOTIC: [2048] Declaration of Api\Controller\MsgController::get() should be compatible with Think\Controller::get($name = '') /data/wwwroot/xcx.codems.cn/Apps/Api/Controller/MsgController.class.php 第 38 行.
NOTIC: [2] mysqli::mysqli(): (HY000/2002): No such file or directory /data/wwwroot/xcx.codems.cn/include/ThinkPHP/Library/Think/Db/Driver/Mysqli.class.php 第 44 行.
ERR: No such file or directory

[ 2017-09-10T22:59:55+08:00 ] 171.105.144.216 /api/appointment/mycount
INFO: [ app_begin ] --START--
INFO: Run Behavior\ReadHtmlCache [ RunTime:0.000286s ]
INFO: [ app_begin ] --END-- [ RunTime:0.000543s ]
NOTIC: [2] mysqli::mysqli(): (HY000/2002): No such file or directory /data/wwwroot/xcx.codems.cn/include/ThinkPHP/Library/Think/Db/Driver/Mysqli.class.php 第 44 行.
ERR: No such file or directory

[ 2017-09-10T22:59:55+08:00 ] 171.105.144.216 /api/info/mycount
INFO: [ app_begin ] --START--
INFO: Run Behavior\ReadHtmlCache [ RunTime:0.000312s ]
INFO: [ app_begin ] --END-- [ RunTime:0.000559s ]
NOTIC: [2] mysqli::mysqli(): (HY000/2002): No such file or directory /data/wwwroot/xcx.codems.cn/include/ThinkPHP/Library/Think/Db/Driver/Mysqli.class.php 第 44 行.
ERR: No such file or directory

[ 2017-09-10T22:59:57+08:00 ] 171.105.144.216 /api/info/mylist
INFO: [ app_begin ] --START--
INFO: Run Behavior\ReadHtmlCache [ RunTime:0.000294s ]
INFO: [ app_begin ] --END-- [ RunTime:0.000550s ]
NOTIC: [2] mysqli::mysqli(): (HY000/2002): No such file or directory /data/wwwroot/xcx.codems.cn/include/ThinkPHP/Library/Think/Db/Driver/Mysqli.class.php 第 44 行.
ERR: No such file or directory

[ 2017-09-10T22:59:59+08:00 ] 171.105.144.216 /api/info/mylist
INFO: [ app_begin ] --START--
INFO: Run Behavior\ReadHtmlCache [ RunTime:0.000346s ]
INFO: [ app_begin ] --END-- [ RunTime:0.000600s ]
NOTIC: [2] mysqli::mysqli(): (HY000/2002): No such file or directory /data/wwwroot/xcx.codems.cn/include/ThinkPHP/Library/Think/Db/Driver/Mysqli.class.php 第 44 行.
ERR: No such file or directory

[ 2017-09-10T23:00:00+08:00 ] 171.105.144.216 /api/info/mycount
INFO: [ app_begin ] --START--
INFO: Run Behavior\ReadHtmlCache [ RunTime:0.000299s ]
INFO: [ app_begin ] --END-- [ RunTime:0.000553s ]
NOTIC: [2] mysqli::mysqli(): (HY000/2002): No such file or directory /data/wwwroot/xcx.codems.cn/include/ThinkPHP/Library/Think/Db/Driver/Mysqli.class.php 第 44 行.
ERR: No such file or directory

[ 2017-09-10T23:00:00+08:00 ] 171.105.144.216 /api/appointment/mycount
INFO: [ app_begin ] --START--
INFO: Run Behavior\ReadHtmlCache [ RunTime:0.000290s ]
INFO: [ app_begin ] --END-- [ RunTime:0.000544s ]
NOTIC: [2] mysqli::mysqli(): (HY000/2002): No such file or directory /data/wwwroot/xcx.codems.cn/include/ThinkPHP/Library/Think/Db/Driver/Mysqli.class.php 第 44 行.
ERR: No such file or directory

[ 2017-09-10T23:00:02+08:00 ] 171.105.144.216 /api/appointment/getPassenger
INFO: [ app_begin ] --START--
INFO: Run Behavior\ReadHtmlCache [ RunTime:0.000291s ]
INFO: [ app_begin ] --END-- [ RunTime:0.000546s ]
NOTIC: [2] mysqli::mysqli(): (HY000/2002): No such file or directory /data/wwwroot/xcx.codems.cn/include/ThinkPHP/Library/Think/Db/Driver/Mysqli.class.php 第 44 行.
ERR: No such file or directory

[ 2017-09-10T23:00:02+08:00 ] 171.105.144.216 /api/appointment/my
INFO: [ app_begin ] --START--
INFO: Run Behavior\ReadHtmlCache [ RunTime:0.001349s ]
INFO: [ app_begin ] --END-- [ RunTime:0.001597s ]
NOTIC: [2] mysqli::mysqli(): (HY000/2002): No such file or directory /data/wwwroot/xcx.codems.cn/include/ThinkPHP/Library/Think/Db/Driver/Mysqli.class.php 第 44 行.
ERR: No such file or directory

[ 2017-09-10T23:00:07+08:00 ] 171.105.144.216 /api/info/mycount
INFO: [ app_begin ] --START--
INFO: Run Behavior\ReadHtmlCache [ RunTime:0.000287s ]
INFO: [ app_begin ] --END-- [ RunTime:0.001576s ]
NOTIC: [2] mysqli::mysqli(): (HY000/2002): No such file or directory /data/wwwroot/xcx.codems.cn/include/ThinkPHP/Library/Think/Db/Driver/Mysqli.class.php 第 44 行.
ERR: No such file or directory

[ 2017-09-10T23:00:07+08:00 ] 171.105.144.216 /api/appointment/mycount
INFO: [ app_begin ] --START--
INFO: Run Behavior\ReadHtmlCache [ RunTime:0.000285s ]
INFO: [ app_begin ] --END-- [ RunTime:0.000517s ]
NOTIC: [2] mysqli::mysqli(): (HY000/2002): No such file or directory /data/wwwroot/xcx.codems.cn/include/ThinkPHP/Library/Think/Db/Driver/Mysqli.class.php 第 44 行.
ERR: No such file or directory

[ 2017-09-10T23:00:08+08:00 ] 171.105.144.216 /api/fav/myFav
INFO: [ app_begin ] --START--
INFO: Run Behavior\ReadHtmlCache [ RunTime:0.000302s ]
INFO: [ app_begin ] --END-- [ RunTime:0.000539s ]
NOTIC: [2] mysqli::mysqli(): (HY000/2002): No such file or directory /data/wwwroot/xcx.codems.cn/include/ThinkPHP/Library/Think/Db/Driver/Mysqli.class.php 第 44 行.
ERR: No such file or directory

[ 2017-09-10T23:00:10+08:00 ] 171.105.144.216 /api/info/mycount
INFO: [ app_begin ] --START--
INFO: Run Behavior\ReadHtmlCache [ RunTime:0.000334s ]
INFO: [ app_begin ] --END-- [ RunTime:0.000610s ]
NOTIC: [2] mysqli::mysqli(): (HY000/2002): No such file or directory /data/wwwroot/xcx.codems.cn/include/ThinkPHP/Library/Think/Db/Driver/Mysqli.class.php 第 44 行.
ERR: No such file or directory

[ 2017-09-10T23:00:10+08:00 ] 171.105.144.216 /api/appointment/mycount
INFO: [ app_begin ] --START--
INFO: Run Behavior\ReadHtmlCache [ RunTime:0.000341s ]
INFO: [ app_begin ] --END-- [ RunTime:0.000577s ]
NOTIC: [2] mysqli::mysqli(): (HY000/2002): No such file or directory /data/wwwroot/xcx.codems.cn/include/ThinkPHP/Library/Think/Db/Driver/Mysqli.class.php 第 44 行.
ERR: No such file or directory

[ 2017-09-10T23:00:11+08:00 ] 171.105.144.216 /api/dynamic/getList
INFO: [ app_begin ] --START--
INFO: Run Behavior\ReadHtmlCache [ RunTime:0.000300s ]
INFO: [ app_begin ] --END-- [ RunTime:0.000562s ]
NOTIC: [2] mysqli::mysqli(): (HY000/2002): No such file or directory /data/wwwroot/xcx.codems.cn/include/ThinkPHP/Library/Think/Db/Driver/Mysqli.class.php 第 44 行.
ERR: No such file or directory

[ 2017-09-10T23:00:13+08:00 ] 171.105.144.216 /api/info/mycount
INFO: [ app_begin ] --START--
INFO: Run Behavior\ReadHtmlCache [ RunTime:0.000387s ]
INFO: [ app_begin ] --END-- [ RunTime:0.000716s ]
NOTIC: [2] mysqli::mysqli(): (HY000/2002): No such file or directory /data/wwwroot/xcx.codems.cn/include/ThinkPHP/Library/Think/Db/Driver/Mysqli.class.php 第 44 行.
ERR: No such file or directory

[ 2017-09-10T23:00:13+08:00 ] 171.105.144.216 /api/appointment/mycount
INFO: [ app_begin ] --START--
INFO: Run Behavior\ReadHtmlCache [ RunTime:0.000300s ]
INFO: [ app_begin ] --END-- [ RunTime:0.000592s ]
NOTIC: [2] mysqli::mysqli(): (HY000/2002): No such file or directory /data/wwwroot/xcx.codems.cn/include/ThinkPHP/Library/Think/Db/Driver/Mysqli.class.php 第 44 行.
ERR: No such file or directory

[ 2017-09-10T23:00:21+08:00 ] 171.105.144.216 /api/appointment/mycount
INFO: [ app_begin ] --START--
INFO: Run Behavior\ReadHtmlCache [ RunTime:0.000360s ]
INFO: [ app_begin ] --END-- [ RunTime:0.000631s ]
NOTIC: [2] mysqli::mysqli(): (HY000/2002): No such file or directory /data/wwwroot/xcx.codems.cn/include/ThinkPHP/Library/Think/Db/Driver/Mysqli.class.php 第 44 行.
ERR: No such file or directory

[ 2017-09-10T23:00:21+08:00 ] 171.105.144.216 /api/info/mycount
INFO: [ app_begin ] --START--
INFO: Run Behavior\ReadHtmlCache [ RunTime:0.000344s ]
INFO: [ app_begin ] --END-- [ RunTime:0.000570s ]
NOTIC: [2] mysqli::mysqli(): (HY000/2002): No such file or directory /data/wwwroot/xcx.codems.cn/include/ThinkPHP/Library/Think/Db/Driver/Mysqli.class.php 第 44 行.
ERR: No such file or directory

[ 2017-09-10T23:00:26+08:00 ] 171.105.144.216 /api/info/mycount
INFO: [ app_begin ] --START--
INFO: Run Behavior\ReadHtmlCache [ RunTime:0.001349s ]
INFO: [ app_begin ] --END-- [ RunTime:0.001603s ]
NOTIC: [2] mysqli::mysqli(): (HY000/2002): No such file or directory /data/wwwroot/xcx.codems.cn/include/ThinkPHP/Library/Think/Db/Driver/Mysqli.class.php 第 44 行.
ERR: No such file or directory

[ 2017-09-10T23:00:26+08:00 ] 171.105.144.216 /api/appointment/mycount
INFO: [ app_begin ] --START--
INFO: Run Behavior\ReadHtmlCache [ RunTime:0.000296s ]
INFO: [ app_begin ] --END-- [ RunTime:0.001578s ]
NOTIC: [2] mysqli::mysqli(): (HY000/2002): No such file or directory /data/wwwroot/xcx.codems.cn/include/ThinkPHP/Library/Think/Db/Driver/Mysqli.class.php 第 44 行.
ERR: No such file or directory

[ 2017-09-10T23:00:27+08:00 ] 171.105.144.216 /api/dynamic/getlist
INFO: [ app_begin ] --START--
INFO: Run Behavior\ReadHtmlCache [ RunTime:0.000308s ]
INFO: [ app_begin ] --END-- [ RunTime:0.000560s ]
NOTIC: [2] mysqli::mysqli(): (HY000/2002): No such file or directory /data/wwwroot/xcx.codems.cn/include/ThinkPHP/Library/Think/Db/Driver/Mysqli.class.php 第 44 行.
ERR: No such file or directory

[ 2017-09-10T23:00:29+08:00 ] 171.105.144.216 /api/dynamic/getlist
INFO: [ app_begin ] --START--
INFO: Run Behavior\ReadHtmlCache [ RunTime:0.000285s ]
INFO: [ app_begin ] --END-- [ RunTime:0.000555s ]
NOTIC: [2] mysqli::mysqli(): (HY000/2002): No such file or directory /data/wwwroot/xcx.codems.cn/include/ThinkPHP/Library/Think/Db/Driver/Mysqli.class.php 第 44 行.
ERR: No such file or directory

[ 2017-09-10T23:01:02+08:00 ] 171.105.144.216 /api/info/lists
INFO: [ app_begin ] --START--
INFO: Run Behavior\ReadHtmlCache [ RunTime:0.000324s ]
INFO: [ app_begin ] --END-- [ RunTime:0.000623s ]
NOTIC: [2] mysqli::mysqli(): (HY000/2002): No such file or directory /data/wwwroot/xcx.codems.cn/include/ThinkPHP/Library/Think/Db/Driver/Mysqli.class.php 第 44 行.
ERR: No such file or directory

[ 2017-09-10T23:01:11+08:00 ] 171.105.144.216 /api/dynamic/getlist
INFO: [ app_begin ] --START--
INFO: Run Behavior\ReadHtmlCache [ RunTime:0.000438s ]
INFO: [ app_begin ] --END-- [ RunTime:0.000753s ]
NOTIC: [2] mysqli::mysqli(): (HY000/2002): No such file or directory /data/wwwroot/xcx.codems.cn/include/ThinkPHP/Library/Think/Db/Driver/Mysqli.class.php 第 44 行.
ERR: No such file or directory

[ 2017-09-10T23:01:17+08:00 ] 171.105.144.216 /api/info/lists
INFO: [ app_begin ] --START--
INFO: Run Behavior\ReadHtmlCache [ RunTime:0.000395s ]
INFO: [ app_begin ] --END-- [ RunTime:0.000692s ]
NOTIC: [2] mysqli::mysqli(): (HY000/2002): No such file or directory /data/wwwroot/xcx.codems.cn/include/ThinkPHP/Library/Think/Db/Driver/Mysqli.class.php 第 44 行.
ERR: No such file or directory

[ 2017-09-10T23:01:28+08:00 ] 171.105.144.216 /api/info/lists
INFO: [ app_begin ] --START--
INFO: Run Behavior\ReadHtmlCache [ RunTime:0.000276s ]
INFO: [ app_begin ] --END-- [ RunTime:0.000534s ]
NOTIC: [2] mysqli::mysqli(): (HY000/2002): No such file or directory /data/wwwroot/xcx.codems.cn/include/ThinkPHP/Library/Think/Db/Driver/Mysqli.class.php 第 44 行.
ERR: No such file or directory

[ 2017-09-10T23:01:41+08:00 ] 171.105.144.216 /api/info/lists
INFO: [ app_begin ] --START--
INFO: Run Behavior\ReadHtmlCache [ RunTime:0.000277s ]
INFO: [ app_begin ] --END-- [ RunTime:0.000536s ]
NOTIC: [2] mysqli::mysqli(): (HY000/2002): No such file or directory /data/wwwroot/xcx.codems.cn/include/ThinkPHP/Library/Think/Db/Driver/Mysqli.class.php 第 44 行.
ERR: No such file or directory

[ 2017-09-10T23:01:43+08:00 ] 171.105.144.216 /api/dynamic/getlist
INFO: [ app_begin ] --START--
INFO: Run Behavior\ReadHtmlCache [ RunTime:0.000317s ]
INFO: [ app_begin ] --END-- [ RunTime:0.000547s ]
NOTIC: [2] mysqli::mysqli(): (HY000/2002): No such file or directory /data/wwwroot/xcx.codems.cn/include/ThinkPHP/Library/Think/Db/Driver/Mysqli.class.php 第 44 行.
ERR: No such file or directory

[ 2017-09-10T23:02:22+08:00 ] 171.105.144.216 /api/dynamic/getlist
INFO: [ app_begin ] --START--
INFO: Run Behavior\ReadHtmlCache [ RunTime:0.000280s ]
INFO: [ app_begin ] --END-- [ RunTime:0.000512s ]
NOTIC: [2] mysqli::mysqli(): (HY000/2002): No such file or directory /data/wwwroot/xcx.codems.cn/include/ThinkPHP/Library/Think/Db/Driver/Mysqli.class.php 第 44 行.
ERR: No such file or directory

[ 2017-09-10T23:02:31+08:00 ] 171.105.144.216 /api/dynamic/getlist
INFO: [ app_begin ] --START--
INFO: Run Behavior\ReadHtmlCache [ RunTime:0.000275s ]
INFO: [ app_begin ] --END-- [ RunTime:0.000505s ]
NOTIC: [2] mysqli::mysqli(): (HY000/2002): No such file or directory /data/wwwroot/xcx.codems.cn/include/ThinkPHP/Library/Think/Db/Driver/Mysqli.class.php 第 44 行.
ERR: No such file or directory

[ 2017-09-10T23:02:34+08:00 ] 171.105.144.216 /api/msg/getall
INFO: [ app_begin ] --START--
INFO: Run Behavior\ReadHtmlCache [ RunTime:0.000315s ]
INFO: [ app_begin ] --END-- [ RunTime:0.000546s ]
NOTIC: [2048] Declaration of Api\Controller\MsgController::get() should be compatible with Think\Controller::get($name = '') /data/wwwroot/xcx.codems.cn/Apps/Api/Controller/MsgController.class.php 第 38 行.
NOTIC: [2] mysqli::mysqli(): (HY000/2002): No such file or directory /data/wwwroot/xcx.codems.cn/include/ThinkPHP/Library/Think/Db/Driver/Mysqli.class.php 第 44 行.
ERR: No such file or directory

[ 2017-09-10T23:02:35+08:00 ] 171.105.144.216 /api/msg/get
INFO: [ app_begin ] --START--
INFO: Run Behavior\ReadHtmlCache [ RunTime:0.000283s ]
INFO: [ app_begin ] --END-- [ RunTime:0.000525s ]
NOTIC: [2048] Declaration of Api\Controller\MsgController::get() should be compatible with Think\Controller::get($name = '') /data/wwwroot/xcx.codems.cn/Apps/Api/Controller/MsgController.class.php 第 38 行.
NOTIC: [2] mysqli::mysqli(): (HY000/2002): No such file or directory /data/wwwroot/xcx.codems.cn/include/ThinkPHP/Library/Think/Db/Driver/Mysqli.class.php 第 44 行.
ERR: No such file or directory

[ 2017-09-10T23:02:37+08:00 ] 171.105.144.216 /api/msg/getall
INFO: [ app_begin ] --START--
INFO: Run Behavior\ReadHtmlCache [ RunTime:0.000315s ]
INFO: [ app_begin ] --END-- [ RunTime:0.000548s ]
NOTIC: [2048] Declaration of Api\Controller\MsgController::get() should be compatible with Think\Controller::get($name = '') /data/wwwroot/xcx.codems.cn/Apps/Api/Controller/MsgController.class.php 第 38 行.
NOTIC: [2] mysqli::mysqli(): (HY000/2002): No such file or directory /data/wwwroot/xcx.codems.cn/include/ThinkPHP/Library/Think/Db/Driver/Mysqli.class.php 第 44 行.
ERR: No such file or directory

[ 2017-09-10T23:02:47+08:00 ] 171.105.144.216 /api/appointment/mycount
INFO: [ app_begin ] --START--
INFO: Run Behavior\ReadHtmlCache [ RunTime:0.000276s ]
INFO: [ app_begin ] --END-- [ RunTime:0.000505s ]
NOTIC: [2] mysqli::mysqli(): (HY000/2002): No such file or directory /data/wwwroot/xcx.codems.cn/include/ThinkPHP/Library/Think/Db/Driver/Mysqli.class.php 第 44 行.
ERR: No such file or directory

[ 2017-09-10T23:02:47+08:00 ] 171.105.144.216 /api/info/mycount
INFO: [ app_begin ] --START--
INFO: Run Behavior\ReadHtmlCache [ RunTime:0.000284s ]
INFO: [ app_begin ] --END-- [ RunTime:0.001524s ]
NOTIC: [2] mysqli::mysqli(): (HY000/2002): No such file or directory /data/wwwroot/xcx.codems.cn/include/ThinkPHP/Library/Think/Db/Driver/Mysqli.class.php 第 44 行.
ERR: No such file or directory

[ 2017-09-10T23:02:53+08:00 ] 171.105.144.216 /api/info/mycount
INFO: [ app_begin ] --START--
INFO: Run Behavior\ReadHtmlCache [ RunTime:0.000329s ]
INFO: [ app_begin ] --END-- [ RunTime:0.000565s ]
NOTIC: [2] mysqli::mysqli(): (HY000/2002): No such file or directory /data/wwwroot/xcx.codems.cn/include/ThinkPHP/Library/Think/Db/Driver/Mysqli.class.php 第 44 行.
ERR: No such file or directory

[ 2017-09-10T23:02:53+08:00 ] 171.105.144.216 /api/appointment/mycount
INFO: [ app_begin ] --START--
INFO: Run Behavior\ReadHtmlCache [ RunTime:0.000278s ]
INFO: [ app_begin ] --END-- [ RunTime:0.000503s ]
NOTIC: [2] mysqli::mysqli(): (HY000/2002): No such file or directory /data/wwwroot/xcx.codems.cn/include/ThinkPHP/Library/Think/Db/Driver/Mysqli.class.php 第 44 行.
ERR: No such file or directory

[ 2017-09-10T23:58:59+08:00 ] 222.87.173.8 /
INFO: [ app_begin ] --START--
INFO: Run Behavior\ReadHtmlCache [ RunTime:0.000324s ]
INFO: [ app_begin ] --END-- [ RunTime:0.000562s ]
INFO: [ app_end ] --START--
INFO: Run Behavior\ShowPageTrace [ RunTime:0.000313s ]
INFO: [ app_end ] --END-- [ RunTime:0.000357s ]

[ 2017-09-10T23:59:00+08:00 ] 222.87.173.8 /
INFO: [ app_begin ] --START--
INFO: Run Behavior\ReadHtmlCache [ RunTime:0.000287s ]
INFO: [ app_begin ] --END-- [ RunTime:0.000528s ]
INFO: [ app_end ] --START--
INFO: Run Behavior\ShowPageTrace [ RunTime:0.000339s ]
INFO: [ app_end ] --END-- [ RunTime:0.000383s ]

