[ 2017-05-23T02:03:12+08:00 ] 106.75.85.117 /
INFO: [ app_begin ] --START--
INFO: Run Behavior\ReadHtmlCache [ RunTime:0.000083s ]
INFO: [ app_begin ] --END-- [ RunTime:0.000222s ]
INFO: [ app_end ] --START--
INFO: Run Behavior\ShowPageTrace [ RunTime:0.000078s ]
INFO: [ app_end ] --END-- [ RunTime:0.000129s ]

[ 2017-05-23T04:11:46+08:00 ] 183.62.126.23 /
INFO: [ app_begin ] --START--
INFO: Run Behavior\ReadHtmlCache [ RunTime:0.000841s ]
INFO: [ app_begin ] --END-- [ RunTime:0.001455s ]
INFO: [ app_end ] --START--
INFO: Run Behavior\ShowPageTrace [ RunTime:0.001059s ]
INFO: [ app_end ] --END-- [ RunTime:0.001126s ]

[ 2017-05-23T07:05:56+08:00 ] 125.39.207.33 /
INFO: [ app_begin ] --START--
INFO: Run Behavior\ReadHtmlCache [ RunTime:0.000101s ]
INFO: [ app_begin ] --END-- [ RunTime:0.000246s ]
INFO: [ app_end ] --START--
INFO: Run Behavior\ShowPageTrace [ RunTime:0.000102s ]
INFO: [ app_end ] --END-- [ RunTime:0.000162s ]

[ 2017-05-23T10:07:27+08:00 ] 139.162.78.135 /
INFO: [ app_begin ] --START--
INFO: Run Behavior\ReadHtmlCache [ RunTime:0.000048s ]
INFO: [ app_begin ] --END-- [ RunTime:0.000139s ]
INFO: [ app_end ] --START--
INFO: Run Behavior\ShowPageTrace [ RunTime:0.000048s ]
INFO: [ app_end ] --END-- [ RunTime:0.000083s ]

[ 2017-05-23T11:30:02+08:00 ] 52.53.244.203 /
INFO: [ app_begin ] --START--
INFO: Run Behavior\ReadHtmlCache [ RunTime:0.000080s ]
INFO: [ app_begin ] --END-- [ RunTime:0.000217s ]
INFO: [ app_end ] --START--
INFO: Run Behavior\ShowPageTrace [ RunTime:0.000070s ]
INFO: [ app_end ] --END-- [ RunTime:0.000126s ]

[ 2017-05-23T12:16:11+08:00 ] 163.172.103.138 /
INFO: [ app_begin ] --START--
INFO: Run Behavior\ReadHtmlCache [ RunTime:0.000063s ]
INFO: [ app_begin ] --END-- [ RunTime:0.000175s ]
INFO: [ app_end ] --START--
INFO: Run Behavior\ShowPageTrace [ RunTime:0.000052s ]
INFO: [ app_end ] --END-- [ RunTime:0.000096s ]

[ 2017-05-23T17:54:36+08:00 ] 59.53.20.220 /api/info/lists
INFO: [ app_begin ] --START--
INFO: Run Behavior\ReadHtmlCache [ RunTime:0.000205s ]
INFO: [ app_begin ] --END-- [ RunTime:0.000341s ]
SQL: SHOW COLUMNS FROM `xcx_info` [ RunTime:0.000655s ]
SQL: SHOW COLUMNS FROM `xcx_info` [ RunTime:0.000538s ]
SQL: SELECT info.*,user.avatarUrl FROM xcx_info info LEFT JOIN xcx_user user ON user.id = info.uid  WHERE ( info.status = 1 and info.time >= "1495533276" and info.date <= "2017-05-30" and info.departure like "%南昌市%" ) ORDER BY time asc LIMIT 0,20   [ RunTime:0.000482s ]

[ 2017-05-23T17:54:36+08:00 ] 59.53.20.220 /api/user/login
INFO: [ app_begin ] --START--
INFO: Run Behavior\ReadHtmlCache [ RunTime:0.000079s ]
INFO: [ app_begin ] --END-- [ RunTime:0.000219s ]
SQL: SHOW COLUMNS FROM `xcx_user` [ RunTime:0.000500s ]
SQL: SELECT `id`,`avatarUrl`,`city`,`gender`,`nickName`,`province`,`county`,`phone`,`vehicle`,`name` FROM `xcx_user` WHERE ( id = "o0Jv50M6iLFZd2IuuQ4qA53EdRIA" or openid ="o0Jv50M6iLFZd2IuuQ4qA53EdRIA" ) LIMIT 1   [ RunTime:0.000306s ]
SQL: SELECT `id`,`avatarUrl`,`city`,`gender`,`nickName`,`province`,`county`,`phone`,`vehicle`,`name` FROM `xcx_user` WHERE ( id = "o0Jv50M6iLFZd2IuuQ4qA53EdRIA" or openid ="o0Jv50M6iLFZd2IuuQ4qA53EdRIA" ) LIMIT 1   [ RunTime:0.000205s ]

[ 2017-05-23T17:54:46+08:00 ] 59.53.20.220 /api/info/lists
INFO: [ app_begin ] --START--
INFO: Run Behavior\ReadHtmlCache [ RunTime:0.000066s ]
INFO: [ app_begin ] --END-- [ RunTime:0.000174s ]
SQL: SHOW COLUMNS FROM `xcx_info` [ RunTime:0.000600s ]
SQL: SHOW COLUMNS FROM `xcx_info` [ RunTime:0.000454s ]
SQL: SELECT info.*,user.avatarUrl FROM xcx_info info LEFT JOIN xcx_user user ON user.id = info.uid  WHERE ( info.status = 1 and info.time >= "1495533286" and info.date <= "2017-05-30" and info.departure like "%南昌市%" ) ORDER BY time asc LIMIT 0,20   [ RunTime:0.000345s ]

[ 2017-05-23T17:54:52+08:00 ] 59.53.20.220 /api/dynamic/getlist
INFO: [ app_begin ] --START--
INFO: Run Behavior\ReadHtmlCache [ RunTime:0.000082s ]
INFO: [ app_begin ] --END-- [ RunTime:0.000249s ]
SQL: SHOW COLUMNS FROM `xcx_dynamic` [ RunTime:0.000580s ]
SQL: SHOW COLUMNS FROM `xcx_dynamic` [ RunTime:0.000399s ]
SQL: SELECT dynamic.*,user.avatarUrl,user.nickName FROM xcx_dynamic dynamic LEFT JOIN xcx_user user ON user.id = dynamic.uid  WHERE ( 1=1 ) ORDER BY dynamic.time desc LIMIT 0,20   [ RunTime:0.000083s ]
SQL: SHOW COLUMNS FROM `xcx_comment` [ RunTime:0.000456s ]
SQL: SHOW COLUMNS FROM `xcx_comment` [ RunTime:0.000449s ]
SQL: SELECT comment.id,comment.iid,comment.reply,comment.content,user.nickName FROM xcx_comment comment LEFT JOIN xcx_user user ON user.id = comment.uid  WHERE ( iid in (7,6,5,3,4,2,1) and type = "dynamic" ) ORDER BY comment.time desc  [ RunTime:0.000072s ]
NOTIC: [8] Undefined offset: 6 /data/wwwroot/xcx.codems.cn/Apps/Api/Controller/DynamicController.class.php 第 71 行.
NOTIC: [8] Undefined offset: 5 /data/wwwroot/xcx.codems.cn/Apps/Api/Controller/DynamicController.class.php 第 71 行.
NOTIC: [2] json_encode(): Invalid UTF-8 sequence in argument /data/wwwroot/xcx.codems.cn/Apps/Api/Controller/DynamicController.class.php 第 76 行.

[ 2017-05-23T17:54:54+08:00 ] 59.53.20.220 /api/dynamic/getlist
INFO: [ app_begin ] --START--
INFO: Run Behavior\ReadHtmlCache [ RunTime:0.000075s ]
INFO: [ app_begin ] --END-- [ RunTime:0.000209s ]
SQL: SHOW COLUMNS FROM `xcx_dynamic` [ RunTime:0.000523s ]
SQL: SHOW COLUMNS FROM `xcx_dynamic` [ RunTime:0.000389s ]
SQL: SELECT dynamic.*,user.avatarUrl,user.nickName FROM xcx_dynamic dynamic LEFT JOIN xcx_user user ON user.id = dynamic.uid  WHERE ( 1=1 ) ORDER BY dynamic.time desc LIMIT 0,20   [ RunTime:0.000146s ]
SQL: SHOW COLUMNS FROM `xcx_comment` [ RunTime:0.000427s ]
SQL: SHOW COLUMNS FROM `xcx_comment` [ RunTime:0.000387s ]
SQL: SELECT comment.id,comment.iid,comment.reply,comment.content,user.nickName FROM xcx_comment comment LEFT JOIN xcx_user user ON user.id = comment.uid  WHERE ( iid in (7,6,5,3,4,2,1) and type = "dynamic" ) ORDER BY comment.time desc  [ RunTime:0.000070s ]
NOTIC: [8] Undefined offset: 6 /data/wwwroot/xcx.codems.cn/Apps/Api/Controller/DynamicController.class.php 第 71 行.
NOTIC: [8] Undefined offset: 5 /data/wwwroot/xcx.codems.cn/Apps/Api/Controller/DynamicController.class.php 第 71 行.
NOTIC: [2] json_encode(): Invalid UTF-8 sequence in argument /data/wwwroot/xcx.codems.cn/Apps/Api/Controller/DynamicController.class.php 第 76 行.

[ 2017-05-23T17:55:28+08:00 ] 59.53.20.220 /api/dynamic/getlist
INFO: [ app_begin ] --START--
INFO: Run Behavior\ReadHtmlCache [ RunTime:0.000075s ]
INFO: [ app_begin ] --END-- [ RunTime:0.000743s ]
SQL: SHOW COLUMNS FROM `xcx_dynamic` [ RunTime:0.005332s ]
SQL: SHOW COLUMNS FROM `xcx_dynamic` [ RunTime:0.000561s ]
SQL: SELECT dynamic.*,user.avatarUrl,user.nickName FROM xcx_dynamic dynamic LEFT JOIN xcx_user user ON user.id = dynamic.uid  WHERE ( 1=1 ) ORDER BY dynamic.time desc LIMIT 20,20   [ RunTime:0.000057s ]
NOTIC: [2] Invalid argument supplied for foreach() /data/wwwroot/xcx.codems.cn/Apps/Api/Controller/DynamicController.class.php 第 57 行.
NOTIC: [8] Undefined variable: arr /data/wwwroot/xcx.codems.cn/Apps/Api/Controller/DynamicController.class.php 第 60 行.
NOTIC: [2] implode(): Invalid arguments passed /data/wwwroot/xcx.codems.cn/Apps/Api/Controller/DynamicController.class.php 第 60 行.
SQL: SHOW COLUMNS FROM `xcx_comment` [ RunTime:0.000326s ]
SQL: SHOW COLUMNS FROM `xcx_comment` [ RunTime:0.000375s ]
SQL: SELECT comment.id,comment.iid,comment.reply,comment.content,user.nickName FROM xcx_comment comment LEFT JOIN xcx_user user ON user.id = comment.uid  WHERE ( iid in () and type = "dynamic" ) ORDER BY comment.time desc  [ RunTime:0.000206s ]
ERR: 1064:You have an error in your SQL syntax; check the manual that corresponds to your MySQL server version for the right syntax to use near ') and type = "dynamic" ) ORDER BY comment.time desc' at line 1
 [ SQL语句 ] : SELECT comment.id,comment.iid,comment.reply,comment.content,user.nickName FROM xcx_comment comment LEFT JOIN xcx_user user ON user.id = comment.uid  WHERE ( iid in () and type = "dynamic" ) ORDER BY comment.time desc 
NOTIC: [2] Invalid argument supplied for foreach() /data/wwwroot/xcx.codems.cn/Apps/Api/Controller/DynamicController.class.php 第 67 行.
NOTIC: [2] Invalid argument supplied for foreach() /data/wwwroot/xcx.codems.cn/Apps/Api/Controller/DynamicController.class.php 第 70 行.
NOTIC: [2] json_encode(): Invalid UTF-8 sequence in argument /data/wwwroot/xcx.codems.cn/Apps/Api/Controller/DynamicController.class.php 第 76 行.

[ 2017-05-23T17:55:28+08:00 ] 59.53.20.220 /api/dynamic/getlist
INFO: [ app_begin ] --START--
INFO: Run Behavior\ReadHtmlCache [ RunTime:0.000063s ]
INFO: [ app_begin ] --END-- [ RunTime:0.000195s ]
SQL: SHOW COLUMNS FROM `xcx_dynamic` [ RunTime:0.001531s ]
SQL: SHOW COLUMNS FROM `xcx_dynamic` [ RunTime:0.000927s ]
SQL: SELECT dynamic.*,user.avatarUrl,user.nickName FROM xcx_dynamic dynamic LEFT JOIN xcx_user user ON user.id = dynamic.uid  WHERE ( 1=1 ) ORDER BY dynamic.time desc LIMIT 40,20   [ RunTime:0.000201s ]
NOTIC: [2] Invalid argument supplied for foreach() /data/wwwroot/xcx.codems.cn/Apps/Api/Controller/DynamicController.class.php 第 57 行.
NOTIC: [8] Undefined variable: arr /data/wwwroot/xcx.codems.cn/Apps/Api/Controller/DynamicController.class.php 第 60 行.
NOTIC: [2] implode(): Invalid arguments passed /data/wwwroot/xcx.codems.cn/Apps/Api/Controller/DynamicController.class.php 第 60 行.
SQL: SHOW COLUMNS FROM `xcx_comment` [ RunTime:0.000471s ]
SQL: SHOW COLUMNS FROM `xcx_comment` [ RunTime:0.000399s ]
SQL: SELECT comment.id,comment.iid,comment.reply,comment.content,user.nickName FROM xcx_comment comment LEFT JOIN xcx_user user ON user.id = comment.uid  WHERE ( iid in () and type = "dynamic" ) ORDER BY comment.time desc  [ RunTime:0.000116s ]
ERR: 1064:You have an error in your SQL syntax; check the manual that corresponds to your MySQL server version for the right syntax to use near ') and type = "dynamic" ) ORDER BY comment.time desc' at line 1
 [ SQL语句 ] : SELECT comment.id,comment.iid,comment.reply,comment.content,user.nickName FROM xcx_comment comment LEFT JOIN xcx_user user ON user.id = comment.uid  WHERE ( iid in () and type = "dynamic" ) ORDER BY comment.time desc 
NOTIC: [2] Invalid argument supplied for foreach() /data/wwwroot/xcx.codems.cn/Apps/Api/Controller/DynamicController.class.php 第 67 行.
NOTIC: [2] Invalid argument supplied for foreach() /data/wwwroot/xcx.codems.cn/Apps/Api/Controller/DynamicController.class.php 第 70 行.
NOTIC: [2] json_encode(): Invalid UTF-8 sequence in argument /data/wwwroot/xcx.codems.cn/Apps/Api/Controller/DynamicController.class.php 第 76 行.

[ 2017-05-23T17:55:36+08:00 ] 59.53.20.220 /api/dynamic/getlist
INFO: [ app_begin ] --START--
INFO: Run Behavior\ReadHtmlCache [ RunTime:0.000086s ]
INFO: [ app_begin ] --END-- [ RunTime:0.000258s ]
SQL: SHOW COLUMNS FROM `xcx_dynamic` [ RunTime:0.000769s ]
SQL: SHOW COLUMNS FROM `xcx_dynamic` [ RunTime:0.000367s ]
SQL: SELECT dynamic.*,user.avatarUrl,user.nickName FROM xcx_dynamic dynamic LEFT JOIN xcx_user user ON user.id = dynamic.uid  WHERE ( 1=1 ) ORDER BY dynamic.time desc LIMIT 0,20   [ RunTime:0.000066s ]
SQL: SHOW COLUMNS FROM `xcx_comment` [ RunTime:0.000322s ]
SQL: SHOW COLUMNS FROM `xcx_comment` [ RunTime:0.000263s ]
SQL: SELECT comment.id,comment.iid,comment.reply,comment.content,user.nickName FROM xcx_comment comment LEFT JOIN xcx_user user ON user.id = comment.uid  WHERE ( iid in (7,6,5,3,4,2,1) and type = "dynamic" ) ORDER BY comment.time desc  [ RunTime:0.000063s ]
NOTIC: [8] Undefined offset: 6 /data/wwwroot/xcx.codems.cn/Apps/Api/Controller/DynamicController.class.php 第 71 行.
NOTIC: [8] Undefined offset: 5 /data/wwwroot/xcx.codems.cn/Apps/Api/Controller/DynamicController.class.php 第 71 行.
NOTIC: [2] json_encode(): Invalid UTF-8 sequence in argument /data/wwwroot/xcx.codems.cn/Apps/Api/Controller/DynamicController.class.php 第 76 行.

[ 2017-05-23T17:55:38+08:00 ] 59.53.20.220 /api/msg/getall
INFO: [ app_begin ] --START--
INFO: Run Behavior\ReadHtmlCache [ RunTime:0.000067s ]
INFO: [ app_begin ] --END-- [ RunTime:0.000434s ]
NOTIC: [2048] Declaration of Api\Controller\MsgController::get() should be compatible with Think\Controller::get($name = '') /data/wwwroot/xcx.codems.cn/Apps/Api/Controller/MsgController.class.php 第 0 行.
SQL: SHOW COLUMNS FROM `xcx_user` [ RunTime:0.000616s ]
SQL: SELECT `id`,`avatarUrl`,`city`,`gender`,`nickName`,`province`,`county`,`phone`,`vehicle`,`name` FROM `xcx_user` WHERE ( id = "o0Jv50M6iLFZd2IuuQ4qA53EdRIA" or openid ="o0Jv50M6iLFZd2IuuQ4qA53EdRIA" ) LIMIT 1   [ RunTime:0.000283s ]
SQL: SHOW COLUMNS FROM `xcx_msg` [ RunTime:0.000434s ]
SQL: SELECT `type`,count(*) as count FROM `xcx_msg` WHERE ( `uid` = 10003 ) AND ( `see` = 0 ) GROUP BY type  [ RunTime:0.936984s ]

[ 2017-05-23T17:55:40+08:00 ] 59.53.20.220 /api/msg/get
INFO: [ app_begin ] --START--
INFO: Run Behavior\ReadHtmlCache [ RunTime:0.000058s ]
INFO: [ app_begin ] --END-- [ RunTime:0.000174s ]
NOTIC: [2048] Declaration of Api\Controller\MsgController::get() should be compatible with Think\Controller::get($name = '') /data/wwwroot/xcx.codems.cn/Apps/Api/Controller/MsgController.class.php 第 0 行.
SQL: SHOW COLUMNS FROM `xcx_user` [ RunTime:0.000616s ]
SQL: SELECT `id`,`avatarUrl`,`city`,`gender`,`nickName`,`province`,`county`,`phone`,`vehicle`,`name` FROM `xcx_user` WHERE ( id = "o0Jv50M6iLFZd2IuuQ4qA53EdRIA" or openid ="o0Jv50M6iLFZd2IuuQ4qA53EdRIA" ) LIMIT 1   [ RunTime:0.000310s ]
SQL: SHOW COLUMNS FROM `xcx_msg` [ RunTime:0.000485s ]
SQL: SHOW COLUMNS FROM `xcx_msg` [ RunTime:0.000372s ]
SQL: SELECT msg.*,user.avatarUrl,user.nickName FROM xcx_msg msg LEFT JOIN xcx_user user on msg.fid=user.id  WHERE ( msg.uid = '10003' ) AND ( msg.type = 'zan' ) ORDER BY msg.time desc LIMIT 0,20   [ RunTime:0.000390s ]
SQL: UPDATE `xcx_msg` SET `see`=1 WHERE ( id in (5) ) [ RunTime:0.163281s ]

[ 2017-05-23T17:55:44+08:00 ] 59.53.20.220 /api/msg/getall
INFO: [ app_begin ] --START--
INFO: Run Behavior\ReadHtmlCache [ RunTime:0.000052s ]
INFO: [ app_begin ] --END-- [ RunTime:0.000169s ]
NOTIC: [2048] Declaration of Api\Controller\MsgController::get() should be compatible with Think\Controller::get($name = '') /data/wwwroot/xcx.codems.cn/Apps/Api/Controller/MsgController.class.php 第 0 行.
SQL: SHOW COLUMNS FROM `xcx_user` [ RunTime:0.000445s ]
SQL: SELECT `id`,`avatarUrl`,`city`,`gender`,`nickName`,`province`,`county`,`phone`,`vehicle`,`name` FROM `xcx_user` WHERE ( id = "o0Jv50M6iLFZd2IuuQ4qA53EdRIA" or openid ="o0Jv50M6iLFZd2IuuQ4qA53EdRIA" ) LIMIT 1   [ RunTime:0.000267s ]
SQL: SHOW COLUMNS FROM `xcx_msg` [ RunTime:0.000368s ]
SQL: SELECT `type`,count(*) as count FROM `xcx_msg` WHERE ( `uid` = 10003 ) AND ( `see` = 0 ) GROUP BY type  [ RunTime:0.000286s ]

[ 2017-05-23T17:55:46+08:00 ] 59.53.20.220 /api/info/mycount
INFO: [ app_begin ] --START--
INFO: Run Behavior\ReadHtmlCache [ RunTime:0.000075s ]
INFO: [ app_begin ] --END-- [ RunTime:0.000377s ]
SQL: SHOW COLUMNS FROM `xcx_user` [ RunTime:0.000567s ]
SQL: SELECT `id`,`avatarUrl`,`city`,`gender`,`nickName`,`province`,`county`,`phone`,`vehicle`,`name` FROM `xcx_user` WHERE ( id = "o0Jv50M6iLFZd2IuuQ4qA53EdRIA" or openid ="o0Jv50M6iLFZd2IuuQ4qA53EdRIA" ) LIMIT 1   [ RunTime:0.000258s ]
SQL: SHOW COLUMNS FROM `xcx_info` [ RunTime:0.000502s ]
SQL: SELECT COUNT(*) AS tp_count FROM `xcx_info` WHERE ( `uid` = 10003 ) LIMIT 1   [ RunTime:0.000255s ]

[ 2017-05-23T17:55:47+08:00 ] 59.53.20.220 /api/appointment/mycount
INFO: [ app_begin ] --START--
INFO: Run Behavior\ReadHtmlCache [ RunTime:0.000047s ]
INFO: [ app_begin ] --END-- [ RunTime:0.000137s ]
SQL: SHOW COLUMNS FROM `xcx_user` [ RunTime:0.000497s ]
SQL: SELECT `id`,`avatarUrl`,`city`,`gender`,`nickName`,`province`,`county`,`phone`,`vehicle`,`name` FROM `xcx_user` WHERE ( id = "o0Jv50M6iLFZd2IuuQ4qA53EdRIA" or openid ="o0Jv50M6iLFZd2IuuQ4qA53EdRIA" ) LIMIT 1   [ RunTime:0.000311s ]
SQL: SHOW COLUMNS FROM `xcx_info` [ RunTime:0.000515s ]
SQL: SHOW COLUMNS FROM `xcx_info` [ RunTime:0.000489s ]
SQL: SELECT COUNT(*) AS tp_count FROM xcx_info info RIGHT JOIN xcx_appointment appointment on info.id=appointment.iid  WHERE ( info.uid = "10003" and appointment.status = 0 ) LIMIT 1   [ RunTime:0.000320s ]

[ 2017-05-23T17:55:51+08:00 ] 59.53.20.220 /api/appointment/getPassenger
INFO: [ app_begin ] --START--
INFO: Run Behavior\ReadHtmlCache [ RunTime:0.000144s ]
INFO: [ app_begin ] --END-- [ RunTime:0.000262s ]
SQL: SHOW COLUMNS FROM `xcx_user` [ RunTime:0.003470s ]
SQL: SELECT `id`,`avatarUrl`,`city`,`gender`,`nickName`,`province`,`county`,`phone`,`vehicle`,`name` FROM `xcx_user` WHERE ( id = "o0Jv50M6iLFZd2IuuQ4qA53EdRIA" or openid ="o0Jv50M6iLFZd2IuuQ4qA53EdRIA" ) LIMIT 1   [ RunTime:0.001599s ]
SQL: SHOW COLUMNS FROM `xcx_info` [ RunTime:0.000498s ]
SQL: SHOW COLUMNS FROM `xcx_info` [ RunTime:0.000850s ]
SQL: SELECT info.id,info.phone,info.departure,info.destination,info.time,appointment.status FROM xcx_info info RIGHT JOIN xcx_appointment appointment on info.id=appointment.iid  WHERE ( appointment.uid = "10003" ) ORDER BY appointment.time desc  [ RunTime:0.000812s ]

[ 2017-05-23T17:55:51+08:00 ] 59.53.20.220 /api/appointment/my
INFO: [ app_begin ] --START--
INFO: Run Behavior\ReadHtmlCache [ RunTime:0.000076s ]
INFO: [ app_begin ] --END-- [ RunTime:0.000182s ]
SQL: SHOW COLUMNS FROM `xcx_user` [ RunTime:0.000367s ]
SQL: SELECT `id`,`avatarUrl`,`city`,`gender`,`nickName`,`province`,`county`,`phone`,`vehicle`,`name` FROM `xcx_user` WHERE ( id = "o0Jv50M6iLFZd2IuuQ4qA53EdRIA" or openid ="o0Jv50M6iLFZd2IuuQ4qA53EdRIA" ) LIMIT 1   [ RunTime:0.001520s ]
SQL: SHOW COLUMNS FROM `xcx_info` [ RunTime:0.000742s ]
SQL: SHOW COLUMNS FROM `xcx_info` [ RunTime:0.000685s ]
SQL: SELECT info.id,appointment.* FROM xcx_info info RIGHT JOIN xcx_appointment appointment on info.id=appointment.iid  WHERE ( info.uid = "10003" ) ORDER BY appointment.time desc  [ RunTime:0.000724s ]

[ 2017-05-23T17:56:01+08:00 ] 59.53.20.220 /api/info/mycount
INFO: [ app_begin ] --START--
INFO: Run Behavior\ReadHtmlCache [ RunTime:0.000059s ]
INFO: [ app_begin ] --END-- [ RunTime:0.000180s ]
SQL: SHOW COLUMNS FROM `xcx_user` [ RunTime:0.000646s ]
SQL: SELECT `id`,`avatarUrl`,`city`,`gender`,`nickName`,`province`,`county`,`phone`,`vehicle`,`name` FROM `xcx_user` WHERE ( id = "o0Jv50M6iLFZd2IuuQ4qA53EdRIA" or openid ="o0Jv50M6iLFZd2IuuQ4qA53EdRIA" ) LIMIT 1   [ RunTime:0.000328s ]
SQL: SHOW COLUMNS FROM `xcx_info` [ RunTime:0.000579s ]
SQL: SELECT COUNT(*) AS tp_count FROM `xcx_info` WHERE ( `uid` = 10003 ) LIMIT 1   [ RunTime:0.000076s ]

[ 2017-05-23T17:56:01+08:00 ] 59.53.20.220 /api/appointment/mycount
INFO: [ app_begin ] --START--
INFO: Run Behavior\ReadHtmlCache [ RunTime:0.000083s ]
INFO: [ app_begin ] --END-- [ RunTime:0.000228s ]
SQL: SHOW COLUMNS FROM `xcx_user` [ RunTime:0.001187s ]
SQL: SELECT `id`,`avatarUrl`,`city`,`gender`,`nickName`,`province`,`county`,`phone`,`vehicle`,`name` FROM `xcx_user` WHERE ( id = "o0Jv50M6iLFZd2IuuQ4qA53EdRIA" or openid ="o0Jv50M6iLFZd2IuuQ4qA53EdRIA" ) LIMIT 1   [ RunTime:0.000342s ]
SQL: SHOW COLUMNS FROM `xcx_info` [ RunTime:0.001260s ]
SQL: SHOW COLUMNS FROM `xcx_info` [ RunTime:0.000757s ]
SQL: SELECT COUNT(*) AS tp_count FROM xcx_info info RIGHT JOIN xcx_appointment appointment on info.id=appointment.iid  WHERE ( info.uid = "10003" and appointment.status = 0 ) LIMIT 1   [ RunTime:0.000101s ]

[ 2017-05-23T17:56:03+08:00 ] 59.53.20.220 /api/msg/getall
INFO: [ app_begin ] --START--
INFO: Run Behavior\ReadHtmlCache [ RunTime:0.000067s ]
INFO: [ app_begin ] --END-- [ RunTime:0.000202s ]
NOTIC: [2048] Declaration of Api\Controller\MsgController::get() should be compatible with Think\Controller::get($name = '') /data/wwwroot/xcx.codems.cn/Apps/Api/Controller/MsgController.class.php 第 0 行.
SQL: SHOW COLUMNS FROM `xcx_user` [ RunTime:0.000662s ]
SQL: SELECT `id`,`avatarUrl`,`city`,`gender`,`nickName`,`province`,`county`,`phone`,`vehicle`,`name` FROM `xcx_user` WHERE ( id = "o0Jv50M6iLFZd2IuuQ4qA53EdRIA" or openid ="o0Jv50M6iLFZd2IuuQ4qA53EdRIA" ) LIMIT 1   [ RunTime:0.000336s ]
SQL: SHOW COLUMNS FROM `xcx_msg` [ RunTime:0.000434s ]
SQL: SELECT `type`,count(*) as count FROM `xcx_msg` WHERE ( `uid` = 10003 ) AND ( `see` = 0 ) GROUP BY type  [ RunTime:0.000061s ]

[ 2017-05-23T17:56:03+08:00 ] 59.53.20.220 /api/dynamic/getlist
INFO: [ app_begin ] --START--
INFO: Run Behavior\ReadHtmlCache [ RunTime:0.000088s ]
INFO: [ app_begin ] --END-- [ RunTime:0.000263s ]
SQL: SHOW COLUMNS FROM `xcx_dynamic` [ RunTime:0.000570s ]
SQL: SHOW COLUMNS FROM `xcx_dynamic` [ RunTime:0.000414s ]
SQL: SELECT dynamic.*,user.avatarUrl,user.nickName FROM xcx_dynamic dynamic LEFT JOIN xcx_user user ON user.id = dynamic.uid  WHERE ( 1=1 ) ORDER BY dynamic.time desc LIMIT 0,20   [ RunTime:0.000090s ]
SQL: SHOW COLUMNS FROM `xcx_comment` [ RunTime:0.000422s ]
SQL: SHOW COLUMNS FROM `xcx_comment` [ RunTime:0.000466s ]
SQL: SELECT comment.id,comment.iid,comment.reply,comment.content,user.nickName FROM xcx_comment comment LEFT JOIN xcx_user user ON user.id = comment.uid  WHERE ( iid in (7,6,5,3,4,2,1) and type = "dynamic" ) ORDER BY comment.time desc  [ RunTime:0.000075s ]
NOTIC: [8] Undefined offset: 6 /data/wwwroot/xcx.codems.cn/Apps/Api/Controller/DynamicController.class.php 第 71 行.
NOTIC: [8] Undefined offset: 5 /data/wwwroot/xcx.codems.cn/Apps/Api/Controller/DynamicController.class.php 第 71 行.
NOTIC: [2] json_encode(): Invalid UTF-8 sequence in argument /data/wwwroot/xcx.codems.cn/Apps/Api/Controller/DynamicController.class.php 第 76 行.

[ 2017-05-23T17:56:06+08:00 ] 59.53.20.220 /api/info/lists
INFO: [ app_begin ] --START--
INFO: Run Behavior\ReadHtmlCache [ RunTime:0.000055s ]
INFO: [ app_begin ] --END-- [ RunTime:0.000169s ]
SQL: SHOW COLUMNS FROM `xcx_info` [ RunTime:0.001087s ]
SQL: SHOW COLUMNS FROM `xcx_info` [ RunTime:0.000632s ]
SQL: SELECT info.*,user.avatarUrl FROM xcx_info info LEFT JOIN xcx_user user ON user.id = info.uid  WHERE ( info.status = 1 and info.time >= "1495533366" and info.date <= "2017-05-30" and info.departure like "%南昌市%" ) ORDER BY time asc LIMIT 0,20   [ RunTime:0.000540s ]

[ 2017-05-23T19:45:08+08:00 ] 218.79.250.87 /
INFO: [ app_begin ] --START--
INFO: Run Behavior\ReadHtmlCache [ RunTime:0.000087s ]
INFO: [ app_begin ] --END-- [ RunTime:0.000234s ]
INFO: [ app_end ] --START--
INFO: Run Behavior\ShowPageTrace [ RunTime:0.000113s ]
INFO: [ app_end ] --END-- [ RunTime:0.000177s ]

