[ 2017-08-25T09:04:28+08:00 ] 124.72.96.223 /api/user/login
INFO: [ app_begin ] --START--
INFO: Run Behavior\ReadHtmlCache [ RunTime:0.000440s ]
INFO: [ app_begin ] --END-- [ RunTime:0.000952s ]
NOTIC: [2] file_get_contents(https://api.weixin.qq.com/sns/jscode2session?appid=wx0aa456241abc9e8e&amp;secret=58ec56f0d3f37e4dcee7a75220bc6766&amp;js_code=the code is a mock one&amp;grant_type=authorization_code): failed to open stream: HTTP request failed! code 200 OK
 /data/wwwroot/xcx.codems.cn/Apps/Api/Controller/UserController.class.php 第 60 行.
SQL: SHOW COLUMNS FROM `xcx_user` [ RunTime:0.002485s ]
SQL: SELECT `id`,`avatarUrl`,`city`,`gender`,`nickName`,`province`,`county`,`phone`,`vehicle`,`name` FROM `xcx_user` WHERE ( id = "" or openid ="" ) LIMIT 1   [ RunTime:0.003916s ]
NOTIC: [8] Undefined index: encryptedData /data/wwwroot/xcx.codems.cn/Apps/Api/Controller/UserController.class.php 第 14 行.
NOTIC: [8] Undefined index: iv /data/wwwroot/xcx.codems.cn/Apps/Api/Controller/UserController.class.php 第 14 行.
SQL: SELECT `id`,`avatarUrl`,`city`,`gender`,`nickName`,`province`,`county`,`phone`,`vehicle`,`name` FROM `xcx_user` WHERE ( id = "" or openid ="" ) LIMIT 1   [ RunTime:0.000087s ]
NOTIC: [2] unlink(/data/wwwroot/xcx.codems.cn/cache/Temp/938b1797a69b2b08fce26f4d23e20440.php): No such file or directory /data/wwwroot/xcx.codems.cn/include/ThinkPHP/Library/Think/Cache/Driver/File.class.php 第 157 行.

[ 2017-08-25T09:04:29+08:00 ] 124.72.96.223 /api/info/lists
INFO: [ app_begin ] --START--
INFO: Run Behavior\ReadHtmlCache [ RunTime:0.000358s ]
INFO: [ app_begin ] --END-- [ RunTime:0.000624s ]
SQL: SHOW COLUMNS FROM `xcx_info` [ RunTime:0.000552s ]
SQL: SHOW COLUMNS FROM `xcx_info` [ RunTime:0.000397s ]
SQL: SELECT info.*,user.avatarUrl FROM xcx_info info LEFT JOIN xcx_user user ON user.id = info.uid  WHERE ( info.status = 1 and info.time >= "1503623069" and info.date <= "2017-09-01" and info.departure like "%泉州市%" ) ORDER BY time asc LIMIT 0,20   [ RunTime:0.001066s ]

[ 2017-08-25T09:07:00+08:00 ] 124.72.96.223 /api/info/lists
INFO: [ app_begin ] --START--
INFO: Run Behavior\ReadHtmlCache [ RunTime:0.000311s ]
INFO: [ app_begin ] --END-- [ RunTime:0.000610s ]
SQL: SHOW COLUMNS FROM `xcx_info` [ RunTime:0.000575s ]
SQL: SHOW COLUMNS FROM `xcx_info` [ RunTime:0.000374s ]
SQL: SELECT info.*,user.avatarUrl FROM xcx_info info LEFT JOIN xcx_user user ON user.id = info.uid  WHERE ( info.status = 1 and info.time >= "1503623220" and info.date <= "2017-09-01" and info.departure like "%泉州市%" ) ORDER BY time asc LIMIT 0,20   [ RunTime:0.000376s ]

[ 2017-08-25T09:16:24+08:00 ] 115.34.59.1 /api/user/login
INFO: [ app_begin ] --START--
INFO: Run Behavior\ReadHtmlCache [ RunTime:0.000387s ]
INFO: [ app_begin ] --END-- [ RunTime:0.000722s ]
NOTIC: [2] file_get_contents(https://api.weixin.qq.com/sns/jscode2session?appid=wx0aa456241abc9e8e&amp;secret=58ec56f0d3f37e4dcee7a75220bc6766&amp;js_code=the code is a mock one&amp;grant_type=authorization_code): failed to open stream: HTTP request failed! code 200 OK
 /data/wwwroot/xcx.codems.cn/Apps/Api/Controller/UserController.class.php 第 60 行.
SQL: SHOW COLUMNS FROM `xcx_user` [ RunTime:0.007365s ]
SQL: SELECT `id`,`avatarUrl`,`city`,`gender`,`nickName`,`province`,`county`,`phone`,`vehicle`,`name` FROM `xcx_user` WHERE ( id = "" or openid ="" ) LIMIT 1   [ RunTime:0.000499s ]
NOTIC: [8] Undefined index: encryptedData /data/wwwroot/xcx.codems.cn/Apps/Api/Controller/UserController.class.php 第 14 行.
NOTIC: [8] Undefined index: iv /data/wwwroot/xcx.codems.cn/Apps/Api/Controller/UserController.class.php 第 14 行.
SQL: SELECT `id`,`avatarUrl`,`city`,`gender`,`nickName`,`province`,`county`,`phone`,`vehicle`,`name` FROM `xcx_user` WHERE ( id = "" or openid ="" ) LIMIT 1   [ RunTime:0.000090s ]
NOTIC: [2] unlink(/data/wwwroot/xcx.codems.cn/cache/Temp/5b90ad53778d2df3ac1849edc2488966.php): No such file or directory /data/wwwroot/xcx.codems.cn/include/ThinkPHP/Library/Think/Cache/Driver/File.class.php 第 157 行.

[ 2017-08-25T09:16:25+08:00 ] 115.34.59.1 /api/info/lists
INFO: [ app_begin ] --START--
INFO: Run Behavior\ReadHtmlCache [ RunTime:0.000312s ]
INFO: [ app_begin ] --END-- [ RunTime:0.000600s ]
SQL: SHOW COLUMNS FROM `xcx_info` [ RunTime:0.000830s ]
SQL: SHOW COLUMNS FROM `xcx_info` [ RunTime:0.000348s ]
SQL: SELECT info.*,user.avatarUrl FROM xcx_info info LEFT JOIN xcx_user user ON user.id = info.uid  WHERE ( info.status = 1 and info.time >= "1503623785" and info.date <= "2017-09-01" and info.departure like "%北京市%" ) ORDER BY time asc LIMIT 0,20   [ RunTime:0.001445s ]

[ 2017-08-25T09:16:28+08:00 ] 115.34.59.1 /api/dynamic/getlist
INFO: [ app_begin ] --START--
INFO: Run Behavior\ReadHtmlCache [ RunTime:0.000306s ]
INFO: [ app_begin ] --END-- [ RunTime:0.000577s ]
SQL: SHOW COLUMNS FROM `xcx_dynamic` [ RunTime:0.000439s ]
SQL: SHOW COLUMNS FROM `xcx_dynamic` [ RunTime:0.000315s ]
SQL: SELECT dynamic.*,user.avatarUrl,user.nickName FROM xcx_dynamic dynamic LEFT JOIN xcx_user user ON user.id = dynamic.uid  WHERE ( 1=1 ) ORDER BY dynamic.time desc LIMIT 0,20   [ RunTime:0.001003s ]
SQL: SHOW COLUMNS FROM `xcx_comment` [ RunTime:0.000333s ]
SQL: SHOW COLUMNS FROM `xcx_comment` [ RunTime:0.000293s ]
SQL: SELECT comment.id,comment.iid,comment.reply,comment.content,user.nickName FROM xcx_comment comment LEFT JOIN xcx_user user ON user.id = comment.uid  WHERE ( iid in (12,10,9,7,6,3,4,2) and type = "dynamic" ) ORDER BY comment.time desc  [ RunTime:0.000329s ]
NOTIC: [8] Undefined offset: 6 /data/wwwroot/xcx.codems.cn/Apps/Api/Controller/DynamicController.class.php 第 71 行.
NOTIC: [2] json_encode(): Invalid UTF-8 sequence in argument /data/wwwroot/xcx.codems.cn/Apps/Api/Controller/DynamicController.class.php 第 76 行.

[ 2017-08-25T10:48:56+08:00 ] 120.92.32.246 /
INFO: [ app_begin ] --START--
INFO: Run Behavior\ReadHtmlCache [ RunTime:0.000446s ]
INFO: [ app_begin ] --END-- [ RunTime:0.000877s ]
INFO: [ app_end ] --START--
INFO: Run Behavior\ShowPageTrace [ RunTime:0.059448s ]
INFO: [ app_end ] --END-- [ RunTime:0.059541s ]

[ 2017-08-25T13:35:20+08:00 ] 117.87.119.55 /api/user/login
INFO: [ app_begin ] --START--
INFO: Run Behavior\ReadHtmlCache [ RunTime:0.000447s ]
INFO: [ app_begin ] --END-- [ RunTime:0.000715s ]
INFO: [ app_end ] --START--
INFO: Run Behavior\ShowPageTrace [ RunTime:0.000616s ]
INFO: [ app_end ] --END-- [ RunTime:0.000669s ]

[ 2017-08-25T13:35:21+08:00 ] 117.87.119.55 /api/user/login
INFO: [ app_begin ] --START--
INFO: Run Behavior\ReadHtmlCache [ RunTime:0.000327s ]
INFO: [ app_begin ] --END-- [ RunTime:0.000568s ]
INFO: [ app_end ] --START--
INFO: Run Behavior\ShowPageTrace [ RunTime:0.000313s ]
INFO: [ app_end ] --END-- [ RunTime:0.000359s ]

[ 2017-08-25T13:53:42+08:00 ] 113.207.75.130 /api/user/login
INFO: [ app_begin ] --START--
INFO: Run Behavior\ReadHtmlCache [ RunTime:0.000388s ]
INFO: [ app_begin ] --END-- [ RunTime:0.000752s ]
NOTIC: [2] file_get_contents(https://api.weixin.qq.com/sns/jscode2session?appid=wx0aa456241abc9e8e&amp;secret=58ec56f0d3f37e4dcee7a75220bc6766&amp;js_code=the code is a mock one&amp;grant_type=authorization_code): failed to open stream: HTTP request failed! code 200 OK
 /data/wwwroot/xcx.codems.cn/Apps/Api/Controller/UserController.class.php 第 60 行.
SQL: SHOW COLUMNS FROM `xcx_user` [ RunTime:0.003218s ]
SQL: SELECT `id`,`avatarUrl`,`city`,`gender`,`nickName`,`province`,`county`,`phone`,`vehicle`,`name` FROM `xcx_user` WHERE ( id = "" or openid ="" ) LIMIT 1   [ RunTime:0.000384s ]
NOTIC: [8] Undefined index: encryptedData /data/wwwroot/xcx.codems.cn/Apps/Api/Controller/UserController.class.php 第 14 行.
NOTIC: [8] Undefined index: iv /data/wwwroot/xcx.codems.cn/Apps/Api/Controller/UserController.class.php 第 14 行.
SQL: SELECT `id`,`avatarUrl`,`city`,`gender`,`nickName`,`province`,`county`,`phone`,`vehicle`,`name` FROM `xcx_user` WHERE ( id = "" or openid ="" ) LIMIT 1   [ RunTime:0.000077s ]
NOTIC: [2] unlink(/data/wwwroot/xcx.codems.cn/cache/Temp/a0a4743dff67cbc99aa470fbd0133f64.php): No such file or directory /data/wwwroot/xcx.codems.cn/include/ThinkPHP/Library/Think/Cache/Driver/File.class.php 第 157 行.

[ 2017-08-25T13:53:43+08:00 ] 113.207.75.130 /api/info/lists
INFO: [ app_begin ] --START--
INFO: Run Behavior\ReadHtmlCache [ RunTime:0.000280s ]
INFO: [ app_begin ] --END-- [ RunTime:0.000514s ]
SQL: SHOW COLUMNS FROM `xcx_info` [ RunTime:0.000832s ]
SQL: SHOW COLUMNS FROM `xcx_info` [ RunTime:0.000363s ]
SQL: SELECT info.*,user.avatarUrl FROM xcx_info info LEFT JOIN xcx_user user ON user.id = info.uid  WHERE ( info.status = 1 and info.time >= "1503640423" and info.date <= "2017-09-01" and info.departure like "%北京市%" ) ORDER BY time asc LIMIT 0,20   [ RunTime:0.003796s ]

[ 2017-08-25T13:53:47+08:00 ] 113.207.75.130 /api/dynamic/getlist
INFO: [ app_begin ] --START--
INFO: Run Behavior\ReadHtmlCache [ RunTime:0.000303s ]
INFO: [ app_begin ] --END-- [ RunTime:0.000536s ]
SQL: SHOW COLUMNS FROM `xcx_dynamic` [ RunTime:0.000420s ]
SQL: SHOW COLUMNS FROM `xcx_dynamic` [ RunTime:0.000306s ]
SQL: SELECT dynamic.*,user.avatarUrl,user.nickName FROM xcx_dynamic dynamic LEFT JOIN xcx_user user ON user.id = dynamic.uid  WHERE ( 1=1 ) ORDER BY dynamic.time desc LIMIT 0,20   [ RunTime:0.001193s ]
SQL: SHOW COLUMNS FROM `xcx_comment` [ RunTime:0.000312s ]
SQL: SHOW COLUMNS FROM `xcx_comment` [ RunTime:0.000292s ]
SQL: SELECT comment.id,comment.iid,comment.reply,comment.content,user.nickName FROM xcx_comment comment LEFT JOIN xcx_user user ON user.id = comment.uid  WHERE ( iid in (12,10,9,7,6,3,4,2) and type = "dynamic" ) ORDER BY comment.time desc  [ RunTime:0.000315s ]
NOTIC: [8] Undefined offset: 6 /data/wwwroot/xcx.codems.cn/Apps/Api/Controller/DynamicController.class.php 第 71 行.
NOTIC: [2] json_encode(): Invalid UTF-8 sequence in argument /data/wwwroot/xcx.codems.cn/Apps/Api/Controller/DynamicController.class.php 第 76 行.

[ 2017-08-25T13:53:49+08:00 ] 113.207.75.130 /api/msg/getall
INFO: [ app_begin ] --START--
INFO: Run Behavior\ReadHtmlCache [ RunTime:0.000296s ]
INFO: [ app_begin ] --END-- [ RunTime:0.000561s ]
NOTIC: [2048] Declaration of Api\Controller\MsgController::get() should be compatible with Think\Controller::get($name = '') /data/wwwroot/xcx.codems.cn/Apps/Api/Controller/MsgController.class.php 第 38 行.
SQL: SHOW COLUMNS FROM `xcx_user` [ RunTime:0.000561s ]

[ 2017-08-25T13:53:50+08:00 ] 113.207.75.130 /api/info/mycount
INFO: [ app_begin ] --START--
INFO: Run Behavior\ReadHtmlCache [ RunTime:0.000299s ]
INFO: [ app_begin ] --END-- [ RunTime:0.000610s ]
SQL: SHOW COLUMNS FROM `xcx_user` [ RunTime:0.000514s ]

[ 2017-08-25T13:53:50+08:00 ] 113.207.75.130 /api/appointment/mycount
INFO: [ app_begin ] --START--
INFO: Run Behavior\ReadHtmlCache [ RunTime:0.000288s ]
INFO: [ app_begin ] --END-- [ RunTime:0.000584s ]
SQL: SHOW COLUMNS FROM `xcx_user` [ RunTime:0.000498s ]

[ 2017-08-25T13:53:54+08:00 ] 113.207.75.130 /api/msg/getall
INFO: [ app_begin ] --START--
INFO: Run Behavior\ReadHtmlCache [ RunTime:0.000316s ]
INFO: [ app_begin ] --END-- [ RunTime:0.000556s ]
NOTIC: [2048] Declaration of Api\Controller\MsgController::get() should be compatible with Think\Controller::get($name = '') /data/wwwroot/xcx.codems.cn/Apps/Api/Controller/MsgController.class.php 第 38 行.
SQL: SHOW COLUMNS FROM `xcx_user` [ RunTime:0.000550s ]

[ 2017-08-25T13:53:55+08:00 ] 113.207.75.130 /api/dynamic/getlist
INFO: [ app_begin ] --START--
INFO: Run Behavior\ReadHtmlCache [ RunTime:0.000359s ]
INFO: [ app_begin ] --END-- [ RunTime:0.000653s ]
SQL: SHOW COLUMNS FROM `xcx_dynamic` [ RunTime:0.000562s ]
SQL: SHOW COLUMNS FROM `xcx_dynamic` [ RunTime:0.000309s ]
SQL: SELECT dynamic.*,user.avatarUrl,user.nickName FROM xcx_dynamic dynamic LEFT JOIN xcx_user user ON user.id = dynamic.uid  WHERE ( 1=1 ) ORDER BY dynamic.time desc LIMIT 0,20   [ RunTime:0.000069s ]
SQL: SHOW COLUMNS FROM `xcx_comment` [ RunTime:0.000314s ]
SQL: SHOW COLUMNS FROM `xcx_comment` [ RunTime:0.000391s ]
SQL: SELECT comment.id,comment.iid,comment.reply,comment.content,user.nickName FROM xcx_comment comment LEFT JOIN xcx_user user ON user.id = comment.uid  WHERE ( iid in (12,10,9,7,6,3,4,2) and type = "dynamic" ) ORDER BY comment.time desc  [ RunTime:0.000058s ]
NOTIC: [8] Undefined offset: 6 /data/wwwroot/xcx.codems.cn/Apps/Api/Controller/DynamicController.class.php 第 71 行.
NOTIC: [2] json_encode(): Invalid UTF-8 sequence in argument /data/wwwroot/xcx.codems.cn/Apps/Api/Controller/DynamicController.class.php 第 76 行.

[ 2017-08-25T13:54:07+08:00 ] 113.207.75.130 /api/info/lists
INFO: [ app_begin ] --START--
INFO: Run Behavior\ReadHtmlCache [ RunTime:0.000296s ]
INFO: [ app_begin ] --END-- [ RunTime:0.000560s ]
SQL: SHOW COLUMNS FROM `xcx_info` [ RunTime:0.000505s ]
SQL: SHOW COLUMNS FROM `xcx_info` [ RunTime:0.000368s ]
SQL: SELECT info.*,user.avatarUrl FROM xcx_info info LEFT JOIN xcx_user user ON user.id = info.uid  WHERE ( info.status = 1 and info.time >= "1503640447" and info.date <= "2017-09-01" and info.departure like "%北京市%" ) ORDER BY time asc LIMIT 0,20   [ RunTime:0.000348s ]

[ 2017-08-25T14:06:54+08:00 ] 38.142.184.18 /
INFO: [ app_begin ] --START--
INFO: Run Behavior\ReadHtmlCache [ RunTime:0.000497s ]
INFO: [ app_begin ] --END-- [ RunTime:0.001019s ]
INFO: [ app_end ] --START--
INFO: Run Behavior\ShowPageTrace [ RunTime:0.000715s ]
INFO: [ app_end ] --END-- [ RunTime:0.000788s ]

[ 2017-08-25T14:08:06+08:00 ] 117.87.119.55 /api/msg/getall
INFO: [ app_begin ] --START--
INFO: Run Behavior\ReadHtmlCache [ RunTime:0.000315s ]
INFO: [ app_begin ] --END-- [ RunTime:0.000572s ]
NOTIC: [2048] Declaration of Api\Controller\MsgController::get() should be compatible with Think\Controller::get($name = '') /data/wwwroot/xcx.codems.cn/Apps/Api/Controller/MsgController.class.php 第 38 行.
SQL: SHOW COLUMNS FROM `xcx_user` [ RunTime:0.001470s ]

[ 2017-08-25T14:09:00+08:00 ] 117.87.119.55 /api/user/login
INFO: [ app_begin ] --START--
INFO: Run Behavior\ReadHtmlCache [ RunTime:0.000381s ]
INFO: [ app_begin ] --END-- [ RunTime:0.000697s ]
INFO: [ app_end ] --START--
INFO: Run Behavior\ShowPageTrace [ RunTime:0.000581s ]
INFO: [ app_end ] --END-- [ RunTime:0.000641s ]

[ 2017-08-25T14:11:36+08:00 ] 117.87.119.55 /api/info/mycount
INFO: [ app_begin ] --START--
INFO: Run Behavior\ReadHtmlCache [ RunTime:0.000341s ]
INFO: [ app_begin ] --END-- [ RunTime:0.000622s ]
SQL: SHOW COLUMNS FROM `xcx_user` [ RunTime:0.000516s ]

[ 2017-08-25T15:51:10+08:00 ] 124.72.96.223 /api/user/login
INFO: [ app_begin ] --START--
INFO: Run Behavior\ReadHtmlCache [ RunTime:0.000386s ]
INFO: [ app_begin ] --END-- [ RunTime:0.000736s ]
NOTIC: [2] file_get_contents(https://api.weixin.qq.com/sns/jscode2session?appid=wx0aa456241abc9e8e&amp;secret=58ec56f0d3f37e4dcee7a75220bc6766&amp;js_code=the code is a mock one&amp;grant_type=authorization_code): failed to open stream: HTTP request failed! code 200 OK
 /data/wwwroot/xcx.codems.cn/Apps/Api/Controller/UserController.class.php 第 60 行.
SQL: SHOW COLUMNS FROM `xcx_user` [ RunTime:0.002234s ]
SQL: SELECT `id`,`avatarUrl`,`city`,`gender`,`nickName`,`province`,`county`,`phone`,`vehicle`,`name` FROM `xcx_user` WHERE ( id = "" or openid ="" ) LIMIT 1   [ RunTime:0.000412s ]
NOTIC: [8] Undefined index: encryptedData /data/wwwroot/xcx.codems.cn/Apps/Api/Controller/UserController.class.php 第 14 行.
NOTIC: [8] Undefined index: iv /data/wwwroot/xcx.codems.cn/Apps/Api/Controller/UserController.class.php 第 14 行.
SQL: SELECT `id`,`avatarUrl`,`city`,`gender`,`nickName`,`province`,`county`,`phone`,`vehicle`,`name` FROM `xcx_user` WHERE ( id = "" or openid ="" ) LIMIT 1   [ RunTime:0.000062s ]
NOTIC: [2] unlink(/data/wwwroot/xcx.codems.cn/cache/Temp/8513df55058fdec0129b93cc3f04a983.php): No such file or directory /data/wwwroot/xcx.codems.cn/include/ThinkPHP/Library/Think/Cache/Driver/File.class.php 第 157 行.

[ 2017-08-25T15:51:11+08:00 ] 124.72.96.223 /api/info/lists
INFO: [ app_begin ] --START--
INFO: Run Behavior\ReadHtmlCache [ RunTime:0.000280s ]
INFO: [ app_begin ] --END-- [ RunTime:0.000563s ]
SQL: SHOW COLUMNS FROM `xcx_info` [ RunTime:0.000817s ]
SQL: SHOW COLUMNS FROM `xcx_info` [ RunTime:0.000370s ]
SQL: SELECT info.*,user.avatarUrl FROM xcx_info info LEFT JOIN xcx_user user ON user.id = info.uid  WHERE ( info.status = 1 and info.time >= "1503647471" and info.date <= "2017-09-01" and info.departure like "%泉州市%" ) ORDER BY time asc LIMIT 0,20   [ RunTime:0.001790s ]

[ 2017-08-25T15:51:15+08:00 ] 124.72.96.223 /api/info/lists
INFO: [ app_begin ] --START--
INFO: Run Behavior\ReadHtmlCache [ RunTime:0.000315s ]
INFO: [ app_begin ] --END-- [ RunTime:0.000565s ]
SQL: SHOW COLUMNS FROM `xcx_info` [ RunTime:0.000531s ]
SQL: SHOW COLUMNS FROM `xcx_info` [ RunTime:0.000356s ]
SQL: SELECT info.*,user.avatarUrl FROM xcx_info info LEFT JOIN xcx_user user ON user.id = info.uid  WHERE ( info.status = 1 and info.time >= "1503647475" and info.date <= "2017-09-01" and info.departure like "%泉州市%" ) ORDER BY time asc LIMIT 0,20   [ RunTime:0.000368s ]

[ 2017-08-25T15:51:15+08:00 ] 124.72.96.223 /api/info/lists
INFO: [ app_begin ] --START--
INFO: Run Behavior\ReadHtmlCache [ RunTime:0.000275s ]
INFO: [ app_begin ] --END-- [ RunTime:0.000528s ]
SQL: SHOW COLUMNS FROM `xcx_info` [ RunTime:0.000530s ]
SQL: SHOW COLUMNS FROM `xcx_info` [ RunTime:0.000333s ]
SQL: SELECT info.*,user.avatarUrl FROM xcx_info info LEFT JOIN xcx_user user ON user.id = info.uid  WHERE ( info.status = 1 and info.time >= "1503647475" and info.date <= "2017-09-01" and info.departure like "%泉州市%" ) ORDER BY time asc LIMIT 0,20   [ RunTime:0.000063s ]

[ 2017-08-25T15:56:00+08:00 ] 124.72.96.223 /api/info/lists
INFO: [ app_begin ] --START--
INFO: Run Behavior\ReadHtmlCache [ RunTime:0.001259s ]
INFO: [ app_begin ] --END-- [ RunTime:0.002009s ]
SQL: SHOW COLUMNS FROM `xcx_info` [ RunTime:0.003114s ]
SQL: SHOW COLUMNS FROM `xcx_info` [ RunTime:0.000345s ]
SQL: SELECT info.*,user.avatarUrl FROM xcx_info info LEFT JOIN xcx_user user ON user.id = info.uid  WHERE ( info.status = 1 and info.time >= "1503647760" and info.date <= "2017-09-01" and info.departure like "%泉州市%" ) ORDER BY time asc LIMIT 0,20   [ RunTime:0.000583s ]

[ 2017-08-25T15:56:00+08:00 ] 124.72.96.223 /api/info/lists
INFO: [ app_begin ] --START--
INFO: Run Behavior\ReadHtmlCache [ RunTime:0.001116s ]
INFO: [ app_begin ] --END-- [ RunTime:0.001648s ]
SQL: SHOW COLUMNS FROM `xcx_info` [ RunTime:0.001866s ]
SQL: SHOW COLUMNS FROM `xcx_info` [ RunTime:0.001676s ]
SQL: SELECT info.*,user.avatarUrl FROM xcx_info info LEFT JOIN xcx_user user ON user.id = info.uid  WHERE ( info.status = 1 and info.time >= "1503647760" and info.date <= "2017-09-01" and info.departure like "%泉州市%" ) ORDER BY time asc LIMIT 0,20   [ RunTime:0.000108s ]

[ 2017-08-25T15:56:06+08:00 ] 124.72.96.223 /api/info/lists
INFO: [ app_begin ] --START--
INFO: Run Behavior\ReadHtmlCache [ RunTime:0.000292s ]
INFO: [ app_begin ] --END-- [ RunTime:0.000545s ]
SQL: SHOW COLUMNS FROM `xcx_info` [ RunTime:0.000543s ]
SQL: SHOW COLUMNS FROM `xcx_info` [ RunTime:0.000349s ]
SQL: SELECT info.*,user.avatarUrl FROM xcx_info info LEFT JOIN xcx_user user ON user.id = info.uid  WHERE ( info.status = 1 and info.time >= "1503647766" and info.date <= "2017-09-01" and info.departure like "%泉州市%" ) ORDER BY time asc LIMIT 0,20   [ RunTime:0.000338s ]

[ 2017-08-25T20:01:44+08:00 ] 27.227.126.12 /api/user/vaild_sk
INFO: [ app_begin ] --START--
INFO: Run Behavior\ReadHtmlCache [ RunTime:0.001028s ]
INFO: [ app_begin ] --END-- [ RunTime:0.001405s ]

[ 2017-08-25T20:01:52+08:00 ] 27.227.126.12 /api/user/login
INFO: [ app_begin ] --START--
INFO: Run Behavior\ReadHtmlCache [ RunTime:0.000325s ]
INFO: [ app_begin ] --END-- [ RunTime:0.001604s ]
INFO: [ app_end ] --START--
INFO: Run Behavior\ShowPageTrace [ RunTime:0.001412s ]
INFO: [ app_end ] --END-- [ RunTime:0.001468s ]

[ 2017-08-25T20:41:34+08:00 ] 101.94.166.175 /api/user/login
INFO: [ app_begin ] --START--
INFO: Run Behavior\ReadHtmlCache [ RunTime:0.000385s ]
INFO: [ app_begin ] --END-- [ RunTime:0.000720s ]
INFO: [ app_end ] --START--
INFO: Run Behavior\ShowPageTrace [ RunTime:0.000649s ]
INFO: [ app_end ] --END-- [ RunTime:0.000742s ]

