[ 2017-07-07T00:28:14+08:00 ] 106.15.136.199 /
INFO: [ app_begin ] --START--
INFO: Run Behavior\ReadHtmlCache [ RunTime:0.000094s ]
INFO: [ app_begin ] --END-- [ RunTime:0.000236s ]
INFO: [ app_end ] --START--
INFO: Run Behavior\ShowPageTrace [ RunTime:0.000078s ]
INFO: [ app_end ] --END-- [ RunTime:0.000134s ]

[ 2017-07-07T05:13:13+08:00 ] 138.197.102.126 /
INFO: [ app_begin ] --START--
INFO: Run Behavior\ReadHtmlCache [ RunTime:0.000671s ]
INFO: [ app_begin ] --END-- [ RunTime:0.001112s ]
INFO: [ app_end ] --START--
INFO: Run Behavior\ShowPageTrace [ RunTime:0.000647s ]
INFO: [ app_end ] --END-- [ RunTime:0.000699s ]

[ 2017-07-07T05:22:29+08:00 ] 139.162.113.204 /
INFO: [ app_begin ] --START--
INFO: Run Behavior\ReadHtmlCache [ RunTime:0.000057s ]
INFO: [ app_begin ] --END-- [ RunTime:0.000153s ]
INFO: [ app_end ] --START--
INFO: Run Behavior\ShowPageTrace [ RunTime:0.000074s ]
INFO: [ app_end ] --END-- [ RunTime:0.000112s ]

[ 2017-07-07T05:57:39+08:00 ] 125.39.207.34 /
INFO: [ app_begin ] --START--
INFO: Run Behavior\ReadHtmlCache [ RunTime:0.000062s ]
INFO: [ app_begin ] --END-- [ RunTime:0.000167s ]
INFO: [ app_end ] --START--
INFO: Run Behavior\ShowPageTrace [ RunTime:0.000073s ]
INFO: [ app_end ] --END-- [ RunTime:0.000146s ]

[ 2017-07-07T10:38:03+08:00 ] 112.90.82.236 /
INFO: [ app_begin ] --START--
INFO: Run Behavior\ReadHtmlCache [ RunTime:0.000086s ]
INFO: [ app_begin ] --END-- [ RunTime:0.000248s ]
INFO: [ app_end ] --START--
INFO: Run Behavior\ShowPageTrace [ RunTime:0.000074s ]
INFO: [ app_end ] --END-- [ RunTime:0.000127s ]

[ 2017-07-07T14:19:23+08:00 ] 119.23.150.253 /
INFO: [ app_begin ] --START--
INFO: Run Behavior\ReadHtmlCache [ RunTime:0.000072s ]
INFO: [ app_begin ] --END-- [ RunTime:0.000173s ]
INFO: [ app_end ] --START--
INFO: Run Behavior\ShowPageTrace [ RunTime:0.000063s ]
INFO: [ app_end ] --END-- [ RunTime:0.000111s ]

[ 2017-07-07T16:26:03+08:00 ] 184.105.139.70 /
INFO: [ app_begin ] --START--
INFO: Run Behavior\ReadHtmlCache [ RunTime:0.000090s ]
INFO: [ app_begin ] --END-- [ RunTime:0.000352s ]
INFO: [ app_end ] --START--
INFO: Run Behavior\ShowPageTrace [ RunTime:0.000080s ]
INFO: [ app_end ] --END-- [ RunTime:0.000138s ]

[ 2017-07-07T16:58:39+08:00 ] 180.163.8.254 /
INFO: [ app_begin ] --START--
INFO: Run Behavior\ReadHtmlCache [ RunTime:0.000067s ]
INFO: [ app_begin ] --END-- [ RunTime:0.000171s ]
INFO: [ app_end ] --START--
INFO: Run Behavior\ShowPageTrace [ RunTime:0.000060s ]
INFO: [ app_end ] --END-- [ RunTime:0.000098s ]

[ 2017-07-07T17:13:31+08:00 ] 40.77.167.9 /
INFO: [ app_begin ] --START--
INFO: Run Behavior\ReadHtmlCache [ RunTime:0.000066s ]
INFO: [ app_begin ] --END-- [ RunTime:0.000185s ]
INFO: [ app_end ] --START--
INFO: Run Behavior\ShowPageTrace [ RunTime:0.000055s ]
INFO: [ app_end ] --END-- [ RunTime:0.000094s ]

[ 2017-07-07T19:50:38+08:00 ] 60.191.38.77 /
INFO: [ app_begin ] --START--
INFO: Run Behavior\ReadHtmlCache [ RunTime:0.000056s ]
INFO: [ app_begin ] --END-- [ RunTime:0.000158s ]
INFO: [ app_end ] --START--
INFO: Run Behavior\ShowPageTrace [ RunTime:0.000066s ]
INFO: [ app_end ] --END-- [ RunTime:0.000107s ]

[ 2017-07-07T21:54:30+08:00 ] 196.52.43.56 /
INFO: [ app_begin ] --START--
INFO: Run Behavior\ReadHtmlCache [ RunTime:0.000057s ]
INFO: [ app_begin ] --END-- [ RunTime:0.000156s ]
INFO: [ app_end ] --START--
INFO: Run Behavior\ShowPageTrace [ RunTime:0.000060s ]
INFO: [ app_end ] --END-- [ RunTime:0.000101s ]

