[ 2017-07-30T14:32:03+08:00 ] 27.154.171.186 /api/user/login
INFO: [ app_begin ] --START--
INFO: Run Behavior\ReadHtmlCache [ RunTime:0.000928s ]
INFO: [ app_begin ] --END-- [ RunTime:0.001675s ]
NOTIC: [2] file_get_contents(https://api.weixin.qq.com/sns/jscode2session?appid=wx61f7708fbb157848&amp;secret=a37e9d681560875e915f9d022421566e&amp;js_code=the code is a mock one&amp;grant_type=authorization_code): failed to open stream: HTTP request failed! code 200 OK
 /data/wwwroot/xcx.codems.cn/Apps/Api/Controller/UserController.class.php 第 60 行.
SQL: SHOW COLUMNS FROM `xcx_user` [ RunTime:0.000544s ]
SQL: SELECT `id`,`avatarUrl`,`city`,`gender`,`nickName`,`province`,`county`,`phone`,`vehicle`,`name` FROM `xcx_user` WHERE ( id = "" or openid ="" ) LIMIT 1   [ RunTime:0.000055s ]
NOTIC: [8] Undefined index: encryptedData /data/wwwroot/xcx.codems.cn/Apps/Api/Controller/UserController.class.php 第 14 行.
NOTIC: [8] Undefined index: iv /data/wwwroot/xcx.codems.cn/Apps/Api/Controller/UserController.class.php 第 14 行.
SQL: SELECT `id`,`avatarUrl`,`city`,`gender`,`nickName`,`province`,`county`,`phone`,`vehicle`,`name` FROM `xcx_user` WHERE ( id = "" or openid ="" ) LIMIT 1   [ RunTime:0.000064s ]
NOTIC: [2] unlink(/data/wwwroot/xcx.codems.cn/cache/Temp/d7300f77f1c6486d37fda8cd295e99f2.php): No such file or directory /data/wwwroot/xcx.codems.cn/include/ThinkPHP/Library/Think/Cache/Driver/File.class.php 第 157 行.

[ 2017-07-30T14:32:05+08:00 ] 27.154.171.186 /api/info/lists
INFO: [ app_begin ] --START--
INFO: Run Behavior\ReadHtmlCache [ RunTime:0.000095s ]
INFO: [ app_begin ] --END-- [ RunTime:0.000208s ]
SQL: SHOW COLUMNS FROM `xcx_info` [ RunTime:0.001564s ]
SQL: SHOW COLUMNS FROM `xcx_info` [ RunTime:0.000787s ]
SQL: SELECT info.*,user.avatarUrl FROM xcx_info info LEFT JOIN xcx_user user ON user.id = info.uid  WHERE ( info.status = 1 and info.time >= "1501396325" and info.date <= "2017-08-06" and info.departure like "%厦门市%" ) ORDER BY time asc LIMIT 0,20   [ RunTime:0.001316s ]

[ 2017-07-30T14:32:15+08:00 ] 27.154.171.186 /api/dynamic/getlist
INFO: [ app_begin ] --START--
INFO: Run Behavior\ReadHtmlCache [ RunTime:0.000065s ]
INFO: [ app_begin ] --END-- [ RunTime:0.000314s ]
SQL: SHOW COLUMNS FROM `xcx_dynamic` [ RunTime:0.000430s ]
SQL: SHOW COLUMNS FROM `xcx_dynamic` [ RunTime:0.000380s ]
SQL: SELECT dynamic.*,user.avatarUrl,user.nickName FROM xcx_dynamic dynamic LEFT JOIN xcx_user user ON user.id = dynamic.uid  WHERE ( 1=1 ) ORDER BY dynamic.time desc LIMIT 0,20   [ RunTime:0.000066s ]
SQL: SHOW COLUMNS FROM `xcx_comment` [ RunTime:0.000407s ]
SQL: SHOW COLUMNS FROM `xcx_comment` [ RunTime:0.000298s ]
SQL: SELECT comment.id,comment.iid,comment.reply,comment.content,user.nickName FROM xcx_comment comment LEFT JOIN xcx_user user ON user.id = comment.uid  WHERE ( iid in (12,10,9,7,6,3,4,2) and type = "dynamic" ) ORDER BY comment.time desc  [ RunTime:0.000071s ]
NOTIC: [8] Undefined offset: 6 /data/wwwroot/xcx.codems.cn/Apps/Api/Controller/DynamicController.class.php 第 71 行.
NOTIC: [2] json_encode(): Invalid UTF-8 sequence in argument /data/wwwroot/xcx.codems.cn/Apps/Api/Controller/DynamicController.class.php 第 76 行.

[ 2017-07-30T14:32:27+08:00 ] 27.154.171.186 /api/info/mycount
INFO: [ app_begin ] --START--
INFO: Run Behavior\ReadHtmlCache [ RunTime:0.000047s ]
INFO: [ app_begin ] --END-- [ RunTime:0.000158s ]
SQL: SHOW COLUMNS FROM `xcx_user` [ RunTime:0.000439s ]

[ 2017-07-30T14:32:27+08:00 ] 27.154.171.186 /api/appointment/mycount
INFO: [ app_begin ] --START--
INFO: Run Behavior\ReadHtmlCache [ RunTime:0.000078s ]
INFO: [ app_begin ] --END-- [ RunTime:0.000260s ]
SQL: SHOW COLUMNS FROM `xcx_user` [ RunTime:0.000632s ]

[ 2017-07-30T14:32:47+08:00 ] 27.154.171.186 /api/info/mycount
INFO: [ app_begin ] --START--
INFO: Run Behavior\ReadHtmlCache [ RunTime:0.000079s ]
INFO: [ app_begin ] --END-- [ RunTime:0.000238s ]
SQL: SHOW COLUMNS FROM `xcx_user` [ RunTime:0.000654s ]

[ 2017-07-30T14:32:47+08:00 ] 27.154.171.186 /api/appointment/mycount
INFO: [ app_begin ] --START--
INFO: Run Behavior\ReadHtmlCache [ RunTime:0.000052s ]
INFO: [ app_begin ] --END-- [ RunTime:0.000171s ]
SQL: SHOW COLUMNS FROM `xcx_user` [ RunTime:0.000698s ]

[ 2017-07-30T14:32:56+08:00 ] 27.154.171.186 /api/user/login
INFO: [ app_begin ] --START--
INFO: Run Behavior\ReadHtmlCache [ RunTime:0.000071s ]
INFO: [ app_begin ] --END-- [ RunTime:0.000222s ]
NOTIC: [2] file_get_contents(https://api.weixin.qq.com/sns/jscode2session?appid=wx61f7708fbb157848&amp;secret=a37e9d681560875e915f9d022421566e&amp;js_code=the code is a mock one&amp;grant_type=authorization_code): failed to open stream: HTTP request failed! code 200 OK
 /data/wwwroot/xcx.codems.cn/Apps/Api/Controller/UserController.class.php 第 60 行.
SQL: SHOW COLUMNS FROM `xcx_user` [ RunTime:0.000840s ]
SQL: SELECT `id`,`avatarUrl`,`city`,`gender`,`nickName`,`province`,`county`,`phone`,`vehicle`,`name` FROM `xcx_user` WHERE ( id = "" or openid ="" ) LIMIT 1   [ RunTime:0.000097s ]
NOTIC: [8] Undefined index: encryptedData /data/wwwroot/xcx.codems.cn/Apps/Api/Controller/UserController.class.php 第 14 行.
NOTIC: [8] Undefined index: iv /data/wwwroot/xcx.codems.cn/Apps/Api/Controller/UserController.class.php 第 14 行.
SQL: SELECT `id`,`avatarUrl`,`city`,`gender`,`nickName`,`province`,`county`,`phone`,`vehicle`,`name` FROM `xcx_user` WHERE ( id = "" or openid ="" ) LIMIT 1   [ RunTime:0.000106s ]
NOTIC: [2] unlink(/data/wwwroot/xcx.codems.cn/cache/Temp/131e5145c8e52ea38a2968ff665f74b0.php): No such file or directory /data/wwwroot/xcx.codems.cn/include/ThinkPHP/Library/Think/Cache/Driver/File.class.php 第 157 行.

[ 2017-07-30T14:32:58+08:00 ] 27.154.171.186 /api/info/lists
INFO: [ app_begin ] --START--
INFO: Run Behavior\ReadHtmlCache [ RunTime:0.000075s ]
INFO: [ app_begin ] --END-- [ RunTime:0.000329s ]
SQL: SHOW COLUMNS FROM `xcx_info` [ RunTime:0.000785s ]
SQL: SHOW COLUMNS FROM `xcx_info` [ RunTime:0.000465s ]
SQL: SELECT info.*,user.avatarUrl FROM xcx_info info LEFT JOIN xcx_user user ON user.id = info.uid  WHERE ( info.status = 1 and info.time >= "1501396378" and info.date <= "2017-08-06" and info.departure like "%厦门市%" ) ORDER BY time asc LIMIT 0,20   [ RunTime:0.000547s ]

[ 2017-07-30T14:33:01+08:00 ] 27.154.171.186 /api/info/lists
INFO: [ app_begin ] --START--
INFO: Run Behavior\ReadHtmlCache [ RunTime:0.003126s ]
INFO: [ app_begin ] --END-- [ RunTime:0.004153s ]
SQL: SHOW COLUMNS FROM `xcx_info` [ RunTime:0.000889s ]
SQL: SHOW COLUMNS FROM `xcx_info` [ RunTime:0.000770s ]
SQL: SELECT info.*,user.avatarUrl FROM xcx_info info LEFT JOIN xcx_user user ON user.id = info.uid  WHERE ( info.status = 1 and info.time >= "1501396381" and info.date <= "2017-08-06" and info.departure like "%厦门市%" ) ORDER BY time asc LIMIT 0,20   [ RunTime:0.001372s ]

[ 2017-07-30T14:33:14+08:00 ] 27.154.171.186 /api/info/lists
INFO: [ app_begin ] --START--
INFO: Run Behavior\ReadHtmlCache [ RunTime:0.000098s ]
INFO: [ app_begin ] --END-- [ RunTime:0.000258s ]
SQL: SHOW COLUMNS FROM `xcx_info` [ RunTime:0.000732s ]
SQL: SHOW COLUMNS FROM `xcx_info` [ RunTime:0.000869s ]
SQL: SELECT info.*,user.avatarUrl FROM xcx_info info LEFT JOIN xcx_user user ON user.id = info.uid  WHERE ( info.status = 1 and info.time >= "1501396394" and info.date <= "2017-08-06" and info.departure like "%厦门市%" ) ORDER BY time asc LIMIT 0,20   [ RunTime:0.000491s ]

[ 2017-07-30T14:33:38+08:00 ] 27.154.171.186 /api/info/mycount
INFO: [ app_begin ] --START--
INFO: Run Behavior\ReadHtmlCache [ RunTime:0.000072s ]
INFO: [ app_begin ] --END-- [ RunTime:0.000204s ]
SQL: SHOW COLUMNS FROM `xcx_user` [ RunTime:0.000585s ]

[ 2017-07-30T14:33:38+08:00 ] 27.154.171.186 /api/appointment/mycount
INFO: [ app_begin ] --START--
INFO: Run Behavior\ReadHtmlCache [ RunTime:0.000078s ]
INFO: [ app_begin ] --END-- [ RunTime:0.000194s ]
SQL: SHOW COLUMNS FROM `xcx_user` [ RunTime:0.000512s ]

[ 2017-07-30T14:33:41+08:00 ] 27.154.171.186 /api/info/mylist
INFO: [ app_begin ] --START--
INFO: Run Behavior\ReadHtmlCache [ RunTime:0.000077s ]
INFO: [ app_begin ] --END-- [ RunTime:0.000209s ]
SQL: SHOW COLUMNS FROM `xcx_user` [ RunTime:0.000816s ]

[ 2017-07-30T14:33:42+08:00 ] 27.154.171.186 /api/info/mycount
INFO: [ app_begin ] --START--
INFO: Run Behavior\ReadHtmlCache [ RunTime:0.000069s ]
INFO: [ app_begin ] --END-- [ RunTime:0.000211s ]
SQL: SHOW COLUMNS FROM `xcx_user` [ RunTime:0.000626s ]

[ 2017-07-30T14:33:42+08:00 ] 27.154.171.186 /api/appointment/mycount
INFO: [ app_begin ] --START--
INFO: Run Behavior\ReadHtmlCache [ RunTime:0.000053s ]
INFO: [ app_begin ] --END-- [ RunTime:0.000168s ]
SQL: SHOW COLUMNS FROM `xcx_user` [ RunTime:0.000502s ]

[ 2017-07-30T14:34:33+08:00 ] 27.154.171.186 /api/appointment/mycount
INFO: [ app_begin ] --START--
INFO: Run Behavior\ReadHtmlCache [ RunTime:0.000071s ]
INFO: [ app_begin ] --END-- [ RunTime:0.002770s ]
SQL: SHOW COLUMNS FROM `xcx_user` [ RunTime:0.000697s ]

[ 2017-07-30T14:34:33+08:00 ] 27.154.171.186 /api/info/mycount
INFO: [ app_begin ] --START--
INFO: Run Behavior\ReadHtmlCache [ RunTime:0.000079s ]
INFO: [ app_begin ] --END-- [ RunTime:0.000176s ]
SQL: SHOW COLUMNS FROM `xcx_user` [ RunTime:0.000460s ]

[ 2017-07-30T14:34:36+08:00 ] 27.154.171.186 /api/dynamic/getList
INFO: [ app_begin ] --START--
INFO: Run Behavior\ReadHtmlCache [ RunTime:0.000069s ]
INFO: [ app_begin ] --END-- [ RunTime:0.000199s ]
SQL: SHOW COLUMNS FROM `xcx_dynamic` [ RunTime:0.000580s ]
SQL: SHOW COLUMNS FROM `xcx_user` [ RunTime:0.000483s ]

[ 2017-07-30T14:34:37+08:00 ] 27.154.171.186 /api/appointment/mycount
INFO: [ app_begin ] --START--
INFO: Run Behavior\ReadHtmlCache [ RunTime:0.000069s ]
INFO: [ app_begin ] --END-- [ RunTime:0.000192s ]
SQL: SHOW COLUMNS FROM `xcx_user` [ RunTime:0.000686s ]

[ 2017-07-30T14:34:37+08:00 ] 27.154.171.186 /api/info/mycount
INFO: [ app_begin ] --START--
INFO: Run Behavior\ReadHtmlCache [ RunTime:0.000045s ]
INFO: [ app_begin ] --END-- [ RunTime:0.000134s ]
SQL: SHOW COLUMNS FROM `xcx_user` [ RunTime:0.000468s ]

[ 2017-07-30T14:34:41+08:00 ] 27.154.171.186 /api/info/lists
INFO: [ app_begin ] --START--
INFO: Run Behavior\ReadHtmlCache [ RunTime:0.000061s ]
INFO: [ app_begin ] --END-- [ RunTime:0.000172s ]
SQL: SHOW COLUMNS FROM `xcx_info` [ RunTime:0.000550s ]
SQL: SHOW COLUMNS FROM `xcx_info` [ RunTime:0.000380s ]
SQL: SELECT info.*,user.avatarUrl FROM xcx_info info LEFT JOIN xcx_user user ON user.id = info.uid  WHERE ( info.status = 1 and info.time >= "1501396481" and info.date <= "2017-08-06" and info.departure like "%厦门市%" ) ORDER BY time asc LIMIT 0,20   [ RunTime:0.000613s ]

[ 2017-07-30T14:34:44+08:00 ] 27.154.171.186 /api/dynamic/getlist
INFO: [ app_begin ] --START--
INFO: Run Behavior\ReadHtmlCache [ RunTime:0.000043s ]
INFO: [ app_begin ] --END-- [ RunTime:0.000135s ]
SQL: SHOW COLUMNS FROM `xcx_dynamic` [ RunTime:0.000502s ]
SQL: SHOW COLUMNS FROM `xcx_dynamic` [ RunTime:0.000273s ]
SQL: SELECT dynamic.*,user.avatarUrl,user.nickName FROM xcx_dynamic dynamic LEFT JOIN xcx_user user ON user.id = dynamic.uid  WHERE ( 1=1 ) ORDER BY dynamic.time desc LIMIT 0,20   [ RunTime:0.000090s ]
SQL: SHOW COLUMNS FROM `xcx_comment` [ RunTime:0.000294s ]
SQL: SHOW COLUMNS FROM `xcx_comment` [ RunTime:0.000298s ]
SQL: SELECT comment.id,comment.iid,comment.reply,comment.content,user.nickName FROM xcx_comment comment LEFT JOIN xcx_user user ON user.id = comment.uid  WHERE ( iid in (12,10,9,7,6,3,4,2) and type = "dynamic" ) ORDER BY comment.time desc  [ RunTime:0.000056s ]
NOTIC: [8] Undefined offset: 6 /data/wwwroot/xcx.codems.cn/Apps/Api/Controller/DynamicController.class.php 第 71 行.
NOTIC: [2] json_encode(): Invalid UTF-8 sequence in argument /data/wwwroot/xcx.codems.cn/Apps/Api/Controller/DynamicController.class.php 第 76 行.

[ 2017-07-30T14:34:52+08:00 ] 27.154.171.186 /api/msg/getall
INFO: [ app_begin ] --START--
INFO: Run Behavior\ReadHtmlCache [ RunTime:0.000066s ]
INFO: [ app_begin ] --END-- [ RunTime:0.000200s ]
NOTIC: [2048] Declaration of Api\Controller\MsgController::get() should be compatible with Think\Controller::get($name = '') /data/wwwroot/xcx.codems.cn/Apps/Api/Controller/MsgController.class.php 第 0 行.
SQL: SHOW COLUMNS FROM `xcx_user` [ RunTime:0.000743s ]

[ 2017-07-30T14:34:54+08:00 ] 27.154.171.186 /api/info/mycount
INFO: [ app_begin ] --START--
INFO: Run Behavior\ReadHtmlCache [ RunTime:0.000062s ]
INFO: [ app_begin ] --END-- [ RunTime:0.000157s ]
SQL: SHOW COLUMNS FROM `xcx_user` [ RunTime:0.000528s ]

[ 2017-07-30T14:34:54+08:00 ] 27.154.171.186 /api/appointment/mycount
INFO: [ app_begin ] --START--
INFO: Run Behavior\ReadHtmlCache [ RunTime:0.000042s ]
INFO: [ app_begin ] --END-- [ RunTime:0.000128s ]
SQL: SHOW COLUMNS FROM `xcx_user` [ RunTime:0.000504s ]

[ 2017-07-30T14:34:58+08:00 ] 27.154.171.186 /api/dynamic/getlist
INFO: [ app_begin ] --START--
INFO: Run Behavior\ReadHtmlCache [ RunTime:0.000044s ]
INFO: [ app_begin ] --END-- [ RunTime:0.000136s ]
SQL: SHOW COLUMNS FROM `xcx_dynamic` [ RunTime:0.000519s ]
SQL: SHOW COLUMNS FROM `xcx_dynamic` [ RunTime:0.000317s ]
SQL: SELECT dynamic.*,user.avatarUrl,user.nickName FROM xcx_dynamic dynamic LEFT JOIN xcx_user user ON user.id = dynamic.uid  WHERE ( 1=1 ) ORDER BY dynamic.time desc LIMIT 0,20   [ RunTime:0.000065s ]
SQL: SHOW COLUMNS FROM `xcx_comment` [ RunTime:0.000296s ]
SQL: SHOW COLUMNS FROM `xcx_comment` [ RunTime:0.000308s ]
SQL: SELECT comment.id,comment.iid,comment.reply,comment.content,user.nickName FROM xcx_comment comment LEFT JOIN xcx_user user ON user.id = comment.uid  WHERE ( iid in (12,10,9,7,6,3,4,2) and type = "dynamic" ) ORDER BY comment.time desc  [ RunTime:0.000055s ]
NOTIC: [8] Undefined offset: 6 /data/wwwroot/xcx.codems.cn/Apps/Api/Controller/DynamicController.class.php 第 71 行.
NOTIC: [2] json_encode(): Invalid UTF-8 sequence in argument /data/wwwroot/xcx.codems.cn/Apps/Api/Controller/DynamicController.class.php 第 76 行.

[ 2017-07-30T14:35:01+08:00 ] 27.154.171.186 /api/dynamic/getlist
INFO: [ app_begin ] --START--
INFO: Run Behavior\ReadHtmlCache [ RunTime:0.000080s ]
INFO: [ app_begin ] --END-- [ RunTime:0.000232s ]
SQL: SHOW COLUMNS FROM `xcx_dynamic` [ RunTime:0.000684s ]
SQL: SHOW COLUMNS FROM `xcx_dynamic` [ RunTime:0.001072s ]
SQL: SELECT dynamic.*,user.avatarUrl,user.nickName FROM xcx_dynamic dynamic LEFT JOIN xcx_user user ON user.id = dynamic.uid  WHERE ( 1=1 ) ORDER BY dynamic.time desc LIMIT 0,20   [ RunTime:0.000108s ]
SQL: SHOW COLUMNS FROM `xcx_comment` [ RunTime:0.000556s ]
SQL: SHOW COLUMNS FROM `xcx_comment` [ RunTime:0.000488s ]
SQL: SELECT comment.id,comment.iid,comment.reply,comment.content,user.nickName FROM xcx_comment comment LEFT JOIN xcx_user user ON user.id = comment.uid  WHERE ( iid in (12,10,9,7,6,3,4,2) and type = "dynamic" ) ORDER BY comment.time desc  [ RunTime:0.000089s ]
NOTIC: [8] Undefined offset: 6 /data/wwwroot/xcx.codems.cn/Apps/Api/Controller/DynamicController.class.php 第 71 行.
NOTIC: [2] json_encode(): Invalid UTF-8 sequence in argument /data/wwwroot/xcx.codems.cn/Apps/Api/Controller/DynamicController.class.php 第 76 行.

[ 2017-07-30T14:35:05+08:00 ] 27.154.171.186 /api/dynamic/getlist
INFO: [ app_begin ] --START--
INFO: Run Behavior\ReadHtmlCache [ RunTime:0.000060s ]
INFO: [ app_begin ] --END-- [ RunTime:0.000185s ]
SQL: SHOW COLUMNS FROM `xcx_dynamic` [ RunTime:0.000621s ]
SQL: SHOW COLUMNS FROM `xcx_dynamic` [ RunTime:0.000543s ]
SQL: SELECT dynamic.*,user.avatarUrl,user.nickName FROM xcx_dynamic dynamic LEFT JOIN xcx_user user ON user.id = dynamic.uid  WHERE ( 1=1 ) ORDER BY dynamic.time desc LIMIT 0,20   [ RunTime:0.000089s ]
SQL: SHOW COLUMNS FROM `xcx_comment` [ RunTime:0.000408s ]
SQL: SHOW COLUMNS FROM `xcx_comment` [ RunTime:0.000574s ]
SQL: SELECT comment.id,comment.iid,comment.reply,comment.content,user.nickName FROM xcx_comment comment LEFT JOIN xcx_user user ON user.id = comment.uid  WHERE ( iid in (12,10,9,7,6,3,4,2) and type = "dynamic" ) ORDER BY comment.time desc  [ RunTime:0.000072s ]
NOTIC: [8] Undefined offset: 6 /data/wwwroot/xcx.codems.cn/Apps/Api/Controller/DynamicController.class.php 第 71 行.
NOTIC: [2] json_encode(): Invalid UTF-8 sequence in argument /data/wwwroot/xcx.codems.cn/Apps/Api/Controller/DynamicController.class.php 第 76 行.

[ 2017-07-30T14:35:06+08:00 ] 27.154.171.186 /api/msg/getall
INFO: [ app_begin ] --START--
INFO: Run Behavior\ReadHtmlCache [ RunTime:0.000042s ]
INFO: [ app_begin ] --END-- [ RunTime:0.000141s ]
NOTIC: [2048] Declaration of Api\Controller\MsgController::get() should be compatible with Think\Controller::get($name = '') /data/wwwroot/xcx.codems.cn/Apps/Api/Controller/MsgController.class.php 第 0 行.
SQL: SHOW COLUMNS FROM `xcx_user` [ RunTime:0.002001s ]

[ 2017-07-30T14:35:07+08:00 ] 27.154.171.186 /api/dynamic/getlist
INFO: [ app_begin ] --START--
INFO: Run Behavior\ReadHtmlCache [ RunTime:0.000075s ]
INFO: [ app_begin ] --END-- [ RunTime:0.000195s ]
SQL: SHOW COLUMNS FROM `xcx_dynamic` [ RunTime:0.000689s ]
SQL: SHOW COLUMNS FROM `xcx_dynamic` [ RunTime:0.001463s ]
SQL: SELECT dynamic.*,user.avatarUrl,user.nickName FROM xcx_dynamic dynamic LEFT JOIN xcx_user user ON user.id = dynamic.uid  WHERE ( 1=1 ) ORDER BY dynamic.time desc LIMIT 0,20   [ RunTime:0.000092s ]
SQL: SHOW COLUMNS FROM `xcx_comment` [ RunTime:0.000481s ]
SQL: SHOW COLUMNS FROM `xcx_comment` [ RunTime:0.000375s ]
SQL: SELECT comment.id,comment.iid,comment.reply,comment.content,user.nickName FROM xcx_comment comment LEFT JOIN xcx_user user ON user.id = comment.uid  WHERE ( iid in (12,10,9,7,6,3,4,2) and type = "dynamic" ) ORDER BY comment.time desc  [ RunTime:0.000081s ]
NOTIC: [8] Undefined offset: 6 /data/wwwroot/xcx.codems.cn/Apps/Api/Controller/DynamicController.class.php 第 71 行.
NOTIC: [2] json_encode(): Invalid UTF-8 sequence in argument /data/wwwroot/xcx.codems.cn/Apps/Api/Controller/DynamicController.class.php 第 76 行.

[ 2017-07-30T14:35:08+08:00 ] 27.154.171.186 /api/dynamic/getlist
INFO: [ app_begin ] --START--
INFO: Run Behavior\ReadHtmlCache [ RunTime:0.000062s ]
INFO: [ app_begin ] --END-- [ RunTime:0.000196s ]
SQL: SHOW COLUMNS FROM `xcx_dynamic` [ RunTime:0.000808s ]
SQL: SHOW COLUMNS FROM `xcx_dynamic` [ RunTime:0.000395s ]
SQL: SELECT dynamic.*,user.avatarUrl,user.nickName FROM xcx_dynamic dynamic LEFT JOIN xcx_user user ON user.id = dynamic.uid  WHERE ( 1=1 ) ORDER BY dynamic.time desc LIMIT 0,20   [ RunTime:0.000098s ]
SQL: SHOW COLUMNS FROM `xcx_comment` [ RunTime:0.000525s ]
SQL: SHOW COLUMNS FROM `xcx_comment` [ RunTime:0.000348s ]
SQL: SELECT comment.id,comment.iid,comment.reply,comment.content,user.nickName FROM xcx_comment comment LEFT JOIN xcx_user user ON user.id = comment.uid  WHERE ( iid in (12,10,9,7,6,3,4,2) and type = "dynamic" ) ORDER BY comment.time desc  [ RunTime:0.000081s ]
NOTIC: [8] Undefined offset: 6 /data/wwwroot/xcx.codems.cn/Apps/Api/Controller/DynamicController.class.php 第 71 行.
NOTIC: [2] json_encode(): Invalid UTF-8 sequence in argument /data/wwwroot/xcx.codems.cn/Apps/Api/Controller/DynamicController.class.php 第 76 行.

[ 2017-07-30T14:35:09+08:00 ] 27.154.171.186 /api/msg/getall
INFO: [ app_begin ] --START--
INFO: Run Behavior\ReadHtmlCache [ RunTime:0.000048s ]
INFO: [ app_begin ] --END-- [ RunTime:0.000160s ]
NOTIC: [2048] Declaration of Api\Controller\MsgController::get() should be compatible with Think\Controller::get($name = '') /data/wwwroot/xcx.codems.cn/Apps/Api/Controller/MsgController.class.php 第 0 行.
SQL: SHOW COLUMNS FROM `xcx_user` [ RunTime:0.000587s ]

[ 2017-07-30T14:35:10+08:00 ] 27.154.171.186 /api/info/mycount
INFO: [ app_begin ] --START--
INFO: Run Behavior\ReadHtmlCache [ RunTime:0.000054s ]
INFO: [ app_begin ] --END-- [ RunTime:0.000170s ]
SQL: SHOW COLUMNS FROM `xcx_user` [ RunTime:0.000657s ]

[ 2017-07-30T14:35:10+08:00 ] 27.154.171.186 /api/appointment/mycount
INFO: [ app_begin ] --START--
INFO: Run Behavior\ReadHtmlCache [ RunTime:0.000045s ]
INFO: [ app_begin ] --END-- [ RunTime:0.000164s ]
SQL: SHOW COLUMNS FROM `xcx_user` [ RunTime:0.000703s ]

[ 2017-07-30T16:58:36+08:00 ] 168.1.128.37 /
INFO: [ app_begin ] --START--
INFO: Run Behavior\ReadHtmlCache [ RunTime:0.000089s ]
INFO: [ app_begin ] --END-- [ RunTime:0.000239s ]
INFO: [ app_end ] --START--
INFO: Run Behavior\ShowPageTrace [ RunTime:0.001123s ]
INFO: [ app_end ] --END-- [ RunTime:0.001187s ]

[ 2017-07-30T17:08:29+08:00 ] 222.65.3.231 /api/user/login
INFO: [ app_begin ] --START--
INFO: Run Behavior\ReadHtmlCache [ RunTime:0.000087s ]
INFO: [ app_begin ] --END-- [ RunTime:0.000324s ]
NOTIC: [2] file_get_contents(https://api.weixin.qq.com/sns/jscode2session?appid=wx61f7708fbb157848&amp;secret=a37e9d681560875e915f9d022421566e&amp;js_code=the code is a mock one&amp;grant_type=authorization_code): failed to open stream: HTTP request failed! code 200 OK
 /data/wwwroot/xcx.codems.cn/Apps/Api/Controller/UserController.class.php 第 60 行.
SQL: SHOW COLUMNS FROM `xcx_user` [ RunTime:0.000648s ]
SQL: SELECT `id`,`avatarUrl`,`city`,`gender`,`nickName`,`province`,`county`,`phone`,`vehicle`,`name` FROM `xcx_user` WHERE ( id = "" or openid ="" ) LIMIT 1   [ RunTime:0.000058s ]
NOTIC: [8] Undefined index: encryptedData /data/wwwroot/xcx.codems.cn/Apps/Api/Controller/UserController.class.php 第 14 行.
NOTIC: [8] Undefined index: iv /data/wwwroot/xcx.codems.cn/Apps/Api/Controller/UserController.class.php 第 14 行.
SQL: SELECT `id`,`avatarUrl`,`city`,`gender`,`nickName`,`province`,`county`,`phone`,`vehicle`,`name` FROM `xcx_user` WHERE ( id = "" or openid ="" ) LIMIT 1   [ RunTime:0.000052s ]
NOTIC: [2] unlink(/data/wwwroot/xcx.codems.cn/cache/Temp/d3d4fa3ab3dafa8b3af658408bb37f42.php): No such file or directory /data/wwwroot/xcx.codems.cn/include/ThinkPHP/Library/Think/Cache/Driver/File.class.php 第 157 行.

[ 2017-07-30T17:08:33+08:00 ] 222.65.3.231 /api/info/lists
INFO: [ app_begin ] --START--
INFO: Run Behavior\ReadHtmlCache [ RunTime:0.000040s ]
INFO: [ app_begin ] --END-- [ RunTime:0.000185s ]
SQL: SHOW COLUMNS FROM `xcx_info` [ RunTime:0.000582s ]
SQL: SHOW COLUMNS FROM `xcx_info` [ RunTime:0.000491s ]
SQL: SELECT info.*,user.avatarUrl FROM xcx_info info LEFT JOIN xcx_user user ON user.id = info.uid  WHERE ( info.status = 1 and info.time >= "1501405713" and info.date <= "2017-08-06" and info.departure like "%上海市%" ) ORDER BY time asc LIMIT 0,20   [ RunTime:0.000396s ]

[ 2017-07-30T17:15:31+08:00 ] 183.132.50.21 /api/user/login
INFO: [ app_begin ] --START--
INFO: Run Behavior\ReadHtmlCache [ RunTime:0.000078s ]
INFO: [ app_begin ] --END-- [ RunTime:0.000193s ]
NOTIC: [2] file_get_contents(https://api.weixin.qq.com/sns/jscode2session?appid=wx61f7708fbb157848&amp;secret=a37e9d681560875e915f9d022421566e&amp;js_code=the code is a mock one&amp;grant_type=authorization_code): failed to open stream: HTTP request failed! code 200 OK
 /data/wwwroot/xcx.codems.cn/Apps/Api/Controller/UserController.class.php 第 60 行.
SQL: SHOW COLUMNS FROM `xcx_user` [ RunTime:0.000680s ]
SQL: SELECT `id`,`avatarUrl`,`city`,`gender`,`nickName`,`province`,`county`,`phone`,`vehicle`,`name` FROM `xcx_user` WHERE ( id = "" or openid ="" ) LIMIT 1   [ RunTime:0.000079s ]
NOTIC: [8] Undefined index: encryptedData /data/wwwroot/xcx.codems.cn/Apps/Api/Controller/UserController.class.php 第 14 行.
NOTIC: [8] Undefined index: iv /data/wwwroot/xcx.codems.cn/Apps/Api/Controller/UserController.class.php 第 14 行.
SQL: SELECT `id`,`avatarUrl`,`city`,`gender`,`nickName`,`province`,`county`,`phone`,`vehicle`,`name` FROM `xcx_user` WHERE ( id = "" or openid ="" ) LIMIT 1   [ RunTime:0.000055s ]
NOTIC: [2] unlink(/data/wwwroot/xcx.codems.cn/cache/Temp/bea0c0e074f898ae0b42fcffdbda5d0a.php): No such file or directory /data/wwwroot/xcx.codems.cn/include/ThinkPHP/Library/Think/Cache/Driver/File.class.php 第 157 行.

[ 2017-07-30T17:15:34+08:00 ] 183.132.50.21 /api/info/lists
INFO: [ app_begin ] --START--
INFO: Run Behavior\ReadHtmlCache [ RunTime:0.000064s ]
INFO: [ app_begin ] --END-- [ RunTime:0.000195s ]
SQL: SHOW COLUMNS FROM `xcx_info` [ RunTime:0.000756s ]
SQL: SHOW COLUMNS FROM `xcx_info` [ RunTime:0.000417s ]
SQL: SELECT info.*,user.avatarUrl FROM xcx_info info LEFT JOIN xcx_user user ON user.id = info.uid  WHERE ( info.status = 1 and info.time >= "1501406134" and info.date <= "2017-08-06" and info.departure like "%宁波市%" ) ORDER BY time asc LIMIT 0,20   [ RunTime:0.000506s ]

[ 2017-07-30T17:15:35+08:00 ] 183.132.50.21 /api/info/lists
INFO: [ app_begin ] --START--
INFO: Run Behavior\ReadHtmlCache [ RunTime:0.000070s ]
INFO: [ app_begin ] --END-- [ RunTime:0.000211s ]
SQL: SHOW COLUMNS FROM `xcx_info` [ RunTime:0.000851s ]
SQL: SHOW COLUMNS FROM `xcx_info` [ RunTime:0.000614s ]
SQL: SELECT info.*,user.avatarUrl FROM xcx_info info LEFT JOIN xcx_user user ON user.id = info.uid  WHERE ( info.status = 1 and info.time >= "1501406135" and info.date <= "2017-08-06" and info.departure like "%宁波市%" ) ORDER BY time asc LIMIT 0,20   [ RunTime:0.000645s ]

[ 2017-07-30T17:15:44+08:00 ] 183.132.50.21 /api/dynamic/getlist
INFO: [ app_begin ] --START--
INFO: Run Behavior\ReadHtmlCache [ RunTime:0.000095s ]
INFO: [ app_begin ] --END-- [ RunTime:0.000266s ]
SQL: SHOW COLUMNS FROM `xcx_dynamic` [ RunTime:0.000765s ]
SQL: SHOW COLUMNS FROM `xcx_dynamic` [ RunTime:0.000585s ]
SQL: SELECT dynamic.*,user.avatarUrl,user.nickName FROM xcx_dynamic dynamic LEFT JOIN xcx_user user ON user.id = dynamic.uid  WHERE ( 1=1 ) ORDER BY dynamic.time desc LIMIT 0,20   [ RunTime:0.000094s ]
SQL: SHOW COLUMNS FROM `xcx_comment` [ RunTime:0.000543s ]
SQL: SHOW COLUMNS FROM `xcx_comment` [ RunTime:0.000527s ]
SQL: SELECT comment.id,comment.iid,comment.reply,comment.content,user.nickName FROM xcx_comment comment LEFT JOIN xcx_user user ON user.id = comment.uid  WHERE ( iid in (12,10,9,7,6,3,4,2) and type = "dynamic" ) ORDER BY comment.time desc  [ RunTime:0.000087s ]
NOTIC: [8] Undefined offset: 6 /data/wwwroot/xcx.codems.cn/Apps/Api/Controller/DynamicController.class.php 第 71 行.
NOTIC: [2] json_encode(): Invalid UTF-8 sequence in argument /data/wwwroot/xcx.codems.cn/Apps/Api/Controller/DynamicController.class.php 第 76 行.

[ 2017-07-30T17:17:02+08:00 ] 222.65.3.231 /api/user/login
INFO: [ app_begin ] --START--
INFO: Run Behavior\ReadHtmlCache [ RunTime:0.000099s ]
INFO: [ app_begin ] --END-- [ RunTime:0.000317s ]
NOTIC: [2] file_get_contents(https://api.weixin.qq.com/sns/jscode2session?appid=wx61f7708fbb157848&amp;secret=a37e9d681560875e915f9d022421566e&amp;js_code=the code is a mock one&amp;grant_type=authorization_code): failed to open stream: HTTP request failed! code 200 OK
 /data/wwwroot/xcx.codems.cn/Apps/Api/Controller/UserController.class.php 第 60 行.
SQL: SHOW COLUMNS FROM `xcx_user` [ RunTime:0.000686s ]
SQL: SELECT `id`,`avatarUrl`,`city`,`gender`,`nickName`,`province`,`county`,`phone`,`vehicle`,`name` FROM `xcx_user` WHERE ( id = "" or openid ="" ) LIMIT 1   [ RunTime:0.000080s ]
NOTIC: [8] Undefined index: encryptedData /data/wwwroot/xcx.codems.cn/Apps/Api/Controller/UserController.class.php 第 14 行.
NOTIC: [8] Undefined index: iv /data/wwwroot/xcx.codems.cn/Apps/Api/Controller/UserController.class.php 第 14 行.
SQL: SELECT `id`,`avatarUrl`,`city`,`gender`,`nickName`,`province`,`county`,`phone`,`vehicle`,`name` FROM `xcx_user` WHERE ( id = "" or openid ="" ) LIMIT 1   [ RunTime:0.000128s ]
NOTIC: [2] unlink(/data/wwwroot/xcx.codems.cn/cache/Temp/766653aa6f192e02740e9cfbe0e941d2.php): No such file or directory /data/wwwroot/xcx.codems.cn/include/ThinkPHP/Library/Think/Cache/Driver/File.class.php 第 157 行.

[ 2017-07-30T17:17:04+08:00 ] 222.65.3.231 /api/info/lists
INFO: [ app_begin ] --START--
INFO: Run Behavior\ReadHtmlCache [ RunTime:0.000074s ]
INFO: [ app_begin ] --END-- [ RunTime:0.000198s ]
SQL: SHOW COLUMNS FROM `xcx_info` [ RunTime:0.001006s ]
SQL: SHOW COLUMNS FROM `xcx_info` [ RunTime:0.000381s ]
SQL: SELECT info.*,user.avatarUrl FROM xcx_info info LEFT JOIN xcx_user user ON user.id = info.uid  WHERE ( info.status = 1 and info.time >= "1501406224" and info.date <= "2017-08-06" and info.departure like "%上海市%" ) ORDER BY time asc LIMIT 0,20   [ RunTime:0.000555s ]

[ 2017-07-30T17:17:06+08:00 ] 222.65.3.231 /api/info/lists
INFO: [ app_begin ] --START--
INFO: Run Behavior\ReadHtmlCache [ RunTime:0.000075s ]
INFO: [ app_begin ] --END-- [ RunTime:0.000205s ]
SQL: SHOW COLUMNS FROM `xcx_info` [ RunTime:0.000716s ]
SQL: SHOW COLUMNS FROM `xcx_info` [ RunTime:0.000600s ]
SQL: SELECT info.*,user.avatarUrl FROM xcx_info info LEFT JOIN xcx_user user ON user.id = info.uid  WHERE ( info.status = 1 and info.time >= "1501406226" and info.date <= "2017-08-06" and info.departure like "%上海市%" ) ORDER BY time asc LIMIT 0,20   [ RunTime:0.000597s ]

[ 2017-07-30T17:17:14+08:00 ] 222.65.3.231 /api/user/login
INFO: [ app_begin ] --START--
INFO: Run Behavior\ReadHtmlCache [ RunTime:0.000091s ]
INFO: [ app_begin ] --END-- [ RunTime:0.000292s ]
NOTIC: [2] file_get_contents(https://api.weixin.qq.com/sns/jscode2session?appid=wx61f7708fbb157848&amp;secret=a37e9d681560875e915f9d022421566e&amp;js_code=the code is a mock one&amp;grant_type=authorization_code): failed to open stream: HTTP request failed! code 200 OK
 /data/wwwroot/xcx.codems.cn/Apps/Api/Controller/UserController.class.php 第 60 行.
SQL: SHOW COLUMNS FROM `xcx_user` [ RunTime:0.000691s ]
SQL: SELECT `id`,`avatarUrl`,`city`,`gender`,`nickName`,`province`,`county`,`phone`,`vehicle`,`name` FROM `xcx_user` WHERE ( id = "" or openid ="" ) LIMIT 1   [ RunTime:0.000075s ]
NOTIC: [8] Undefined index: encryptedData /data/wwwroot/xcx.codems.cn/Apps/Api/Controller/UserController.class.php 第 14 行.
NOTIC: [8] Undefined index: iv /data/wwwroot/xcx.codems.cn/Apps/Api/Controller/UserController.class.php 第 14 行.
SQL: SELECT `id`,`avatarUrl`,`city`,`gender`,`nickName`,`province`,`county`,`phone`,`vehicle`,`name` FROM `xcx_user` WHERE ( id = "" or openid ="" ) LIMIT 1   [ RunTime:0.000078s ]
NOTIC: [2] unlink(/data/wwwroot/xcx.codems.cn/cache/Temp/ae0978d438a746979b3d2ec5a0e58b6f.php): No such file or directory /data/wwwroot/xcx.codems.cn/include/ThinkPHP/Library/Think/Cache/Driver/File.class.php 第 157 行.

[ 2017-07-30T17:17:17+08:00 ] 222.65.3.231 /api/info/lists
INFO: [ app_begin ] --START--
INFO: Run Behavior\ReadHtmlCache [ RunTime:0.000066s ]
INFO: [ app_begin ] --END-- [ RunTime:0.000175s ]
SQL: SHOW COLUMNS FROM `xcx_info` [ RunTime:0.001646s ]
SQL: SHOW COLUMNS FROM `xcx_info` [ RunTime:0.000522s ]
SQL: SELECT info.*,user.avatarUrl FROM xcx_info info LEFT JOIN xcx_user user ON user.id = info.uid  WHERE ( info.status = 1 and info.time >= "1501406237" and info.date <= "2017-08-06" and info.departure like "%上海市%" ) ORDER BY time asc LIMIT 0,20   [ RunTime:0.000761s ]

[ 2017-07-30T17:17:24+08:00 ] 222.65.3.231 /api/info/lists
INFO: [ app_begin ] --START--
INFO: Run Behavior\ReadHtmlCache [ RunTime:0.000103s ]
INFO: [ app_begin ] --END-- [ RunTime:0.000257s ]
SQL: SHOW COLUMNS FROM `xcx_info` [ RunTime:0.001184s ]
SQL: SHOW COLUMNS FROM `xcx_info` [ RunTime:0.000388s ]
SQL: SELECT info.*,user.avatarUrl FROM xcx_info info LEFT JOIN xcx_user user ON user.id = info.uid  WHERE ( info.status = 1 and info.time >= "1501406244" and info.date <= "2017-08-06" and info.departure like "%上海市%" ) ORDER BY time asc LIMIT 0,20   [ RunTime:0.000526s ]

[ 2017-07-30T17:19:14+08:00 ] 222.65.3.231 /api/info/lists
INFO: [ app_begin ] --START--
INFO: Run Behavior\ReadHtmlCache [ RunTime:0.000059s ]
INFO: [ app_begin ] --END-- [ RunTime:0.000162s ]
SQL: SHOW COLUMNS FROM `xcx_info` [ RunTime:0.000629s ]
SQL: SHOW COLUMNS FROM `xcx_info` [ RunTime:0.000410s ]
SQL: SELECT info.*,user.avatarUrl FROM xcx_info info LEFT JOIN xcx_user user ON user.id = info.uid  WHERE ( info.status = 1 and info.time >= "1501406354" and info.date <= "2017-08-06" and info.departure like "%上海市%" ) ORDER BY time asc LIMIT 0,20   [ RunTime:0.000429s ]

[ 2017-07-30T17:19:18+08:00 ] 222.65.3.231 /api/info/lists
INFO: [ app_begin ] --START--
INFO: Run Behavior\ReadHtmlCache [ RunTime:0.000072s ]
INFO: [ app_begin ] --END-- [ RunTime:0.000204s ]
SQL: SHOW COLUMNS FROM `xcx_info` [ RunTime:0.000837s ]
SQL: SHOW COLUMNS FROM `xcx_info` [ RunTime:0.000508s ]
SQL: SELECT info.*,user.avatarUrl FROM xcx_info info LEFT JOIN xcx_user user ON user.id = info.uid  WHERE ( info.status = 1 and info.time >= "1501406358" and info.date <= "2017-08-06" and info.departure like "%上海市%" ) ORDER BY time asc LIMIT 0,20   [ RunTime:0.000456s ]

[ 2017-07-30T17:19:23+08:00 ] 222.65.3.231 /api/info/lists
INFO: [ app_begin ] --START--
INFO: Run Behavior\ReadHtmlCache [ RunTime:0.000060s ]
INFO: [ app_begin ] --END-- [ RunTime:0.000178s ]
SQL: SHOW COLUMNS FROM `xcx_info` [ RunTime:0.000720s ]
SQL: SHOW COLUMNS FROM `xcx_info` [ RunTime:0.000501s ]
SQL: SELECT info.*,user.avatarUrl FROM xcx_info info LEFT JOIN xcx_user user ON user.id = info.uid  WHERE ( info.status = 1 and info.time >= "1501406363" and info.date <= "2017-08-06" ) ORDER BY time asc LIMIT 0,20   [ RunTime:0.000574s ]

[ 2017-07-30T17:19:24+08:00 ] 222.65.3.231 /api/info/lists
INFO: [ app_begin ] --START--
INFO: Run Behavior\ReadHtmlCache [ RunTime:0.000059s ]
INFO: [ app_begin ] --END-- [ RunTime:0.000199s ]
SQL: SHOW COLUMNS FROM `xcx_info` [ RunTime:0.000629s ]
SQL: SHOW COLUMNS FROM `xcx_info` [ RunTime:0.000496s ]
SQL: SELECT info.*,user.avatarUrl FROM xcx_info info LEFT JOIN xcx_user user ON user.id = info.uid  WHERE ( info.status = 1 and info.time >= "1501406364" and info.date <= "2017-08-06" ) ORDER BY time asc LIMIT 0,20   [ RunTime:0.000415s ]

[ 2017-07-30T17:19:31+08:00 ] 183.132.50.21 /api/user/login
INFO: [ app_begin ] --START--
INFO: Run Behavior\ReadHtmlCache [ RunTime:0.000061s ]
INFO: [ app_begin ] --END-- [ RunTime:0.000448s ]
NOTIC: [2] file_get_contents(https://api.weixin.qq.com/sns/jscode2session?appid=wx61f7708fbb157848&amp;secret=a37e9d681560875e915f9d022421566e&amp;js_code=the code is a mock one&amp;grant_type=authorization_code): failed to open stream: HTTP request failed! code 200 OK
 /data/wwwroot/xcx.codems.cn/Apps/Api/Controller/UserController.class.php 第 60 行.
SQL: SHOW COLUMNS FROM `xcx_user` [ RunTime:0.000857s ]
SQL: SELECT `id`,`avatarUrl`,`city`,`gender`,`nickName`,`province`,`county`,`phone`,`vehicle`,`name` FROM `xcx_user` WHERE ( id = "" or openid ="" ) LIMIT 1   [ RunTime:0.000080s ]
NOTIC: [8] Undefined index: encryptedData /data/wwwroot/xcx.codems.cn/Apps/Api/Controller/UserController.class.php 第 14 行.
NOTIC: [8] Undefined index: iv /data/wwwroot/xcx.codems.cn/Apps/Api/Controller/UserController.class.php 第 14 行.
SQL: SELECT `id`,`avatarUrl`,`city`,`gender`,`nickName`,`province`,`county`,`phone`,`vehicle`,`name` FROM `xcx_user` WHERE ( id = "" or openid ="" ) LIMIT 1   [ RunTime:0.000074s ]
NOTIC: [2] unlink(/data/wwwroot/xcx.codems.cn/cache/Temp/bc1808c62a7f5e92b11d587c81b75f09.php): No such file or directory /data/wwwroot/xcx.codems.cn/include/ThinkPHP/Library/Think/Cache/Driver/File.class.php 第 157 行.

[ 2017-07-30T17:19:33+08:00 ] 183.132.50.21 /api/info/lists
INFO: [ app_begin ] --START--
INFO: Run Behavior\ReadHtmlCache [ RunTime:0.000048s ]
INFO: [ app_begin ] --END-- [ RunTime:0.000163s ]
SQL: SHOW COLUMNS FROM `xcx_info` [ RunTime:0.000524s ]
SQL: SHOW COLUMNS FROM `xcx_info` [ RunTime:0.000388s ]
SQL: SELECT info.*,user.avatarUrl FROM xcx_info info LEFT JOIN xcx_user user ON user.id = info.uid  WHERE ( info.status = 1 and info.time >= "1501406373" and info.date <= "2017-08-06" and info.departure like "%宁波市%" ) ORDER BY time asc LIMIT 0,20   [ RunTime:0.000367s ]

[ 2017-07-30T17:19:40+08:00 ] 183.132.50.21 /api/info/lists
INFO: [ app_begin ] --START--
INFO: Run Behavior\ReadHtmlCache [ RunTime:0.000071s ]
INFO: [ app_begin ] --END-- [ RunTime:0.000207s ]
SQL: SHOW COLUMNS FROM `xcx_info` [ RunTime:0.000895s ]
SQL: SHOW COLUMNS FROM `xcx_info` [ RunTime:0.000519s ]
SQL: SELECT info.*,user.avatarUrl FROM xcx_info info LEFT JOIN xcx_user user ON user.id = info.uid  WHERE ( info.status = 1 and info.time >= "1501406380" and info.date <= "2017-08-06" and info.departure like "%宁波市%" ) ORDER BY time asc LIMIT 0,20   [ RunTime:0.000579s ]

[ 2017-07-30T21:51:27+08:00 ] 115.171.216.51 /api/user/login
INFO: [ app_begin ] --START--
INFO: Run Behavior\ReadHtmlCache [ RunTime:0.000085s ]
INFO: [ app_begin ] --END-- [ RunTime:0.000472s ]
NOTIC: [2] file_get_contents(https://api.weixin.qq.com/sns/jscode2session?appid=wx61f7708fbb157848&amp;secret=a37e9d681560875e915f9d022421566e&amp;js_code=the code is a mock one&amp;grant_type=authorization_code): failed to open stream: HTTP request failed! code 200 OK
 /data/wwwroot/xcx.codems.cn/Apps/Api/Controller/UserController.class.php 第 60 行.
SQL: SHOW COLUMNS FROM `xcx_user` [ RunTime:0.000553s ]
SQL: SELECT `id`,`avatarUrl`,`city`,`gender`,`nickName`,`province`,`county`,`phone`,`vehicle`,`name` FROM `xcx_user` WHERE ( id = "" or openid ="" ) LIMIT 1   [ RunTime:0.000075s ]
NOTIC: [8] Undefined index: encryptedData /data/wwwroot/xcx.codems.cn/Apps/Api/Controller/UserController.class.php 第 14 行.
NOTIC: [8] Undefined index: iv /data/wwwroot/xcx.codems.cn/Apps/Api/Controller/UserController.class.php 第 14 行.
SQL: SELECT `id`,`avatarUrl`,`city`,`gender`,`nickName`,`province`,`county`,`phone`,`vehicle`,`name` FROM `xcx_user` WHERE ( id = "" or openid ="" ) LIMIT 1   [ RunTime:0.000073s ]
NOTIC: [2] unlink(/data/wwwroot/xcx.codems.cn/cache/Temp/b8b3d191806547fb8a94235884c5912b.php): No such file or directory /data/wwwroot/xcx.codems.cn/include/ThinkPHP/Library/Think/Cache/Driver/File.class.php 第 157 行.

[ 2017-07-30T21:51:28+08:00 ] 115.171.216.51 /api/info/lists
INFO: [ app_begin ] --START--
INFO: Run Behavior\ReadHtmlCache [ RunTime:0.000067s ]
INFO: [ app_begin ] --END-- [ RunTime:0.000188s ]
SQL: SHOW COLUMNS FROM `xcx_info` [ RunTime:0.000759s ]
SQL: SHOW COLUMNS FROM `xcx_info` [ RunTime:0.000444s ]
SQL: SELECT info.*,user.avatarUrl FROM xcx_info info LEFT JOIN xcx_user user ON user.id = info.uid  WHERE ( info.status = 1 and info.time >= "1501422688" and info.date <= "2017-08-06" and info.departure like "%北京市%" ) ORDER BY time asc LIMIT 0,20   [ RunTime:0.000405s ]

[ 2017-07-30T21:51:29+08:00 ] 115.171.216.51 /api/info/lists
INFO: [ app_begin ] --START--
INFO: Run Behavior\ReadHtmlCache [ RunTime:0.000053s ]
INFO: [ app_begin ] --END-- [ RunTime:0.000182s ]
SQL: SHOW COLUMNS FROM `xcx_info` [ RunTime:0.000764s ]
SQL: SHOW COLUMNS FROM `xcx_info` [ RunTime:0.000511s ]
SQL: SELECT info.*,user.avatarUrl FROM xcx_info info LEFT JOIN xcx_user user ON user.id = info.uid  WHERE ( info.status = 1 and info.time >= "1501422689" and info.date <= "2017-08-06" and info.departure like "%北京市%" ) ORDER BY time asc LIMIT 0,20   [ RunTime:0.000691s ]

[ 2017-07-30T21:51:29+08:00 ] 115.171.216.51 /api/dynamic/getlist
INFO: [ app_begin ] --START--
INFO: Run Behavior\ReadHtmlCache [ RunTime:0.000064s ]
INFO: [ app_begin ] --END-- [ RunTime:0.000191s ]
SQL: SHOW COLUMNS FROM `xcx_dynamic` [ RunTime:0.000617s ]
SQL: SHOW COLUMNS FROM `xcx_dynamic` [ RunTime:0.000483s ]
SQL: SELECT dynamic.*,user.avatarUrl,user.nickName FROM xcx_dynamic dynamic LEFT JOIN xcx_user user ON user.id = dynamic.uid  WHERE ( 1=1 ) ORDER BY dynamic.time desc LIMIT 0,20   [ RunTime:0.000088s ]
SQL: SHOW COLUMNS FROM `xcx_comment` [ RunTime:0.000429s ]
SQL: SHOW COLUMNS FROM `xcx_comment` [ RunTime:0.000431s ]
SQL: SELECT comment.id,comment.iid,comment.reply,comment.content,user.nickName FROM xcx_comment comment LEFT JOIN xcx_user user ON user.id = comment.uid  WHERE ( iid in (12,10,9,7,6,3,4,2) and type = "dynamic" ) ORDER BY comment.time desc  [ RunTime:0.000074s ]
NOTIC: [8] Undefined offset: 6 /data/wwwroot/xcx.codems.cn/Apps/Api/Controller/DynamicController.class.php 第 71 行.
NOTIC: [2] json_encode(): Invalid UTF-8 sequence in argument /data/wwwroot/xcx.codems.cn/Apps/Api/Controller/DynamicController.class.php 第 76 行.

[ 2017-07-30T22:43:54+08:00 ] 223.74.34.89 /
INFO: [ app_begin ] --START--
INFO: Run Behavior\ReadHtmlCache [ RunTime:0.000068s ]
INFO: [ app_begin ] --END-- [ RunTime:0.000183s ]
INFO: [ app_end ] --START--
INFO: Run Behavior\ShowPageTrace [ RunTime:0.000059s ]
INFO: [ app_end ] --END-- [ RunTime:0.000105s ]

[ 2017-07-30T23:33:16+08:00 ] 115.171.216.51 /api/user/login
INFO: [ app_begin ] --START--
INFO: Run Behavior\ReadHtmlCache [ RunTime:0.000085s ]
INFO: [ app_begin ] --END-- [ RunTime:0.000285s ]
NOTIC: [2] file_get_contents(https://api.weixin.qq.com/sns/jscode2session?appid=wx61f7708fbb157848&amp;secret=a37e9d681560875e915f9d022421566e&amp;js_code=the code is a mock one&amp;grant_type=authorization_code): failed to open stream: HTTP request failed! code 200 OK
 /data/wwwroot/xcx.codems.cn/Apps/Api/Controller/UserController.class.php 第 60 行.
SQL: SHOW COLUMNS FROM `xcx_user` [ RunTime:0.000597s ]
SQL: SELECT `id`,`avatarUrl`,`city`,`gender`,`nickName`,`province`,`county`,`phone`,`vehicle`,`name` FROM `xcx_user` WHERE ( id = "" or openid ="" ) LIMIT 1   [ RunTime:0.000063s ]
NOTIC: [8] Undefined index: encryptedData /data/wwwroot/xcx.codems.cn/Apps/Api/Controller/UserController.class.php 第 14 行.
NOTIC: [8] Undefined index: iv /data/wwwroot/xcx.codems.cn/Apps/Api/Controller/UserController.class.php 第 14 行.
SQL: SELECT `id`,`avatarUrl`,`city`,`gender`,`nickName`,`province`,`county`,`phone`,`vehicle`,`name` FROM `xcx_user` WHERE ( id = "" or openid ="" ) LIMIT 1   [ RunTime:0.000055s ]
NOTIC: [2] unlink(/data/wwwroot/xcx.codems.cn/cache/Temp/3852239de7584ab0063c695b6152c81d.php): No such file or directory /data/wwwroot/xcx.codems.cn/include/ThinkPHP/Library/Think/Cache/Driver/File.class.php 第 157 行.

[ 2017-07-30T23:33:16+08:00 ] 115.171.216.51 /api/info/lists
INFO: [ app_begin ] --START--
INFO: Run Behavior\ReadHtmlCache [ RunTime:0.000050s ]
INFO: [ app_begin ] --END-- [ RunTime:0.000162s ]
SQL: SHOW COLUMNS FROM `xcx_info` [ RunTime:0.000565s ]
SQL: SHOW COLUMNS FROM `xcx_info` [ RunTime:0.000394s ]
SQL: SELECT info.*,user.avatarUrl FROM xcx_info info LEFT JOIN xcx_user user ON user.id = info.uid  WHERE ( info.status = 1 and info.time >= "1501428796" and info.date <= "2017-08-06" and info.departure like "%北京市%" ) ORDER BY time asc LIMIT 0,20   [ RunTime:0.000451s ]

[ 2017-07-30T23:33:18+08:00 ] 115.171.216.51 /api/info/lists
INFO: [ app_begin ] --START--
INFO: Run Behavior\ReadHtmlCache [ RunTime:0.000071s ]
INFO: [ app_begin ] --END-- [ RunTime:0.000205s ]
SQL: SHOW COLUMNS FROM `xcx_info` [ RunTime:0.000762s ]
SQL: SHOW COLUMNS FROM `xcx_info` [ RunTime:0.000649s ]
SQL: SELECT info.*,user.avatarUrl FROM xcx_info info LEFT JOIN xcx_user user ON user.id = info.uid  WHERE ( info.status = 1 and info.time >= "1501428798" and info.date <= "2017-08-06" and info.departure like "%北京市%" ) ORDER BY time asc LIMIT 0,20   [ RunTime:0.000497s ]

[ 2017-07-30T23:33:18+08:00 ] 115.171.216.51 /api/info/mycount
INFO: [ app_begin ] --START--
INFO: Run Behavior\ReadHtmlCache [ RunTime:0.000074s ]
INFO: [ app_begin ] --END-- [ RunTime:0.000209s ]
SQL: SHOW COLUMNS FROM `xcx_user` [ RunTime:0.000751s ]

[ 2017-07-30T23:33:19+08:00 ] 115.171.216.51 /api/appointment/mycount
INFO: [ app_begin ] --START--
INFO: Run Behavior\ReadHtmlCache [ RunTime:0.000069s ]
INFO: [ app_begin ] --END-- [ RunTime:0.000199s ]
SQL: SHOW COLUMNS FROM `xcx_user` [ RunTime:0.000684s ]

