[ 2017-08-06T04:29:17+08:00 ] 14.204.71.145 /api/user/vaild_sk
INFO: [ app_begin ] --START--
INFO: Run Behavior\ReadHtmlCache [ RunTime:0.000863s ]
INFO: [ app_begin ] --END-- [ RunTime:0.001480s ]

[ 2017-08-06T04:29:18+08:00 ] 14.204.71.145 /api/user/login
INFO: [ app_begin ] --START--
INFO: Run Behavior\ReadHtmlCache [ RunTime:0.000117s ]
INFO: [ app_begin ] --END-- [ RunTime:0.000247s ]
SQL: SHOW COLUMNS FROM `xcx_user` [ RunTime:0.000468s ]
NOTIC: [8] Undefined index: openid /data/wwwroot/xcx.codems.cn/Apps/Api/Controller/UserController.class.php 第 12 行.
SQL: SELECT `id`,`avatarUrl`,`city`,`gender`,`nickName`,`province`,`county`,`phone`,`vehicle`,`name` FROM `xcx_user` WHERE ( id = "" or openid ="" ) LIMIT 1   [ RunTime:0.000254s ]
NOTIC: [8] Undefined index: session_key /data/wwwroot/xcx.codems.cn/Apps/Api/Controller/UserController.class.php 第 14 行.
NOTIC: [8] Undefined index: openid /data/wwwroot/xcx.codems.cn/Apps/Api/Controller/UserController.class.php 第 18 行.
SQL: SELECT `id`,`avatarUrl`,`city`,`gender`,`nickName`,`province`,`county`,`phone`,`vehicle`,`name` FROM `xcx_user` WHERE ( id = "" or openid ="" ) LIMIT 1   [ RunTime:0.000121s ]
NOTIC: [8] Undefined index: openid /data/wwwroot/xcx.codems.cn/Apps/Api/Controller/UserController.class.php 第 19 行.
NOTIC: [8] Undefined index: session_key /data/wwwroot/xcx.codems.cn/Apps/Api/Controller/UserController.class.php 第 19 行.
NOTIC: [2] unlink(/data/wwwroot/xcx.codems.cn/cache/Temp/4146cc7ed66d4086e612f8e2ad153e08.php): No such file or directory /data/wwwroot/xcx.codems.cn/include/ThinkPHP/Library/Think/Cache/Driver/File.class.php 第 157 行.

[ 2017-08-06T04:29:19+08:00 ] 14.204.71.145 /api/info/lists
INFO: [ app_begin ] --START--
INFO: Run Behavior\ReadHtmlCache [ RunTime:0.000072s ]
INFO: [ app_begin ] --END-- [ RunTime:0.000207s ]
SQL: SHOW COLUMNS FROM `xcx_info` [ RunTime:0.000892s ]
SQL: SHOW COLUMNS FROM `xcx_info` [ RunTime:0.000465s ]
SQL: SELECT info.*,user.avatarUrl FROM xcx_info info LEFT JOIN xcx_user user ON user.id = info.uid  WHERE ( info.status = 1 and info.time >= "1501964959" and info.date <= "2017-08-13" and info.departure like "%昆明市%" ) ORDER BY time asc LIMIT 0,20   [ RunTime:0.000557s ]

[ 2017-08-06T04:29:22+08:00 ] 14.204.71.145 /api/info/lists
INFO: [ app_begin ] --START--
INFO: Run Behavior\ReadHtmlCache [ RunTime:0.000068s ]
INFO: [ app_begin ] --END-- [ RunTime:0.000220s ]
SQL: SHOW COLUMNS FROM `xcx_info` [ RunTime:0.000467s ]
SQL: SHOW COLUMNS FROM `xcx_info` [ RunTime:0.000452s ]
SQL: SELECT info.*,user.avatarUrl FROM xcx_info info LEFT JOIN xcx_user user ON user.id = info.uid  WHERE ( info.status = 1 and info.time >= "1501964962" and info.date <= "2017-08-13" and info.departure like "%昆明市%" ) ORDER BY time asc LIMIT 0,20   [ RunTime:0.000318s ]

[ 2017-08-06T04:29:58+08:00 ] 14.204.71.145 /api/dynamic/getlist
INFO: [ app_begin ] --START--
INFO: Run Behavior\ReadHtmlCache [ RunTime:0.000059s ]
INFO: [ app_begin ] --END-- [ RunTime:0.000166s ]
SQL: SHOW COLUMNS FROM `xcx_dynamic` [ RunTime:0.000465s ]
SQL: SHOW COLUMNS FROM `xcx_dynamic` [ RunTime:0.000324s ]
SQL: SELECT dynamic.*,user.avatarUrl,user.nickName FROM xcx_dynamic dynamic LEFT JOIN xcx_user user ON user.id = dynamic.uid  WHERE ( 1=1 ) ORDER BY dynamic.time desc LIMIT 0,20   [ RunTime:0.000394s ]
SQL: SHOW COLUMNS FROM `xcx_comment` [ RunTime:0.000356s ]
SQL: SHOW COLUMNS FROM `xcx_comment` [ RunTime:0.000308s ]
SQL: SELECT comment.id,comment.iid,comment.reply,comment.content,user.nickName FROM xcx_comment comment LEFT JOIN xcx_user user ON user.id = comment.uid  WHERE ( iid in (12,10,9,7,6,3,4,2) and type = "dynamic" ) ORDER BY comment.time desc  [ RunTime:0.124591s ]
NOTIC: [8] Undefined offset: 6 /data/wwwroot/xcx.codems.cn/Apps/Api/Controller/DynamicController.class.php 第 71 行.
NOTIC: [2] json_encode(): Invalid UTF-8 sequence in argument /data/wwwroot/xcx.codems.cn/Apps/Api/Controller/DynamicController.class.php 第 76 行.

[ 2017-08-06T04:30:02+08:00 ] 14.204.71.145 /api/msg/getall
INFO: [ app_begin ] --START--
INFO: Run Behavior\ReadHtmlCache [ RunTime:0.000057s ]
INFO: [ app_begin ] --END-- [ RunTime:0.000164s ]
NOTIC: [2048] Declaration of Api\Controller\MsgController::get() should be compatible with Think\Controller::get($name = '') /data/wwwroot/xcx.codems.cn/Apps/Api/Controller/MsgController.class.php 第 0 行.
SQL: SHOW COLUMNS FROM `xcx_user` [ RunTime:0.000726s ]

[ 2017-08-06T04:30:04+08:00 ] 14.204.71.145 /api/info/mycount
INFO: [ app_begin ] --START--
INFO: Run Behavior\ReadHtmlCache [ RunTime:0.000068s ]
INFO: [ app_begin ] --END-- [ RunTime:0.000197s ]
SQL: SHOW COLUMNS FROM `xcx_user` [ RunTime:0.000621s ]

[ 2017-08-06T04:30:04+08:00 ] 14.204.71.145 /api/appointment/mycount
INFO: [ app_begin ] --START--
INFO: Run Behavior\ReadHtmlCache [ RunTime:0.000075s ]
INFO: [ app_begin ] --END-- [ RunTime:0.000226s ]
SQL: SHOW COLUMNS FROM `xcx_user` [ RunTime:0.000546s ]

[ 2017-08-06T04:30:10+08:00 ] 14.204.71.145 /api/info/lists
INFO: [ app_begin ] --START--
INFO: Run Behavior\ReadHtmlCache [ RunTime:0.000060s ]
INFO: [ app_begin ] --END-- [ RunTime:0.000195s ]
SQL: SHOW COLUMNS FROM `xcx_info` [ RunTime:0.000535s ]
SQL: SHOW COLUMNS FROM `xcx_info` [ RunTime:0.000515s ]
SQL: SELECT info.*,user.avatarUrl FROM xcx_info info LEFT JOIN xcx_user user ON user.id = info.uid  WHERE ( info.status = 1 and info.time >= "1501965010" and info.date <= "2017-08-13" and info.departure like "%昆明市%" ) ORDER BY time asc LIMIT 0,20   [ RunTime:0.000494s ]

[ 2017-08-06T04:30:10+08:00 ] 14.204.71.145 /api/info/lists
INFO: [ app_begin ] --START--
INFO: Run Behavior\ReadHtmlCache [ RunTime:0.000058s ]
INFO: [ app_begin ] --END-- [ RunTime:0.000157s ]
SQL: SHOW COLUMNS FROM `xcx_info` [ RunTime:0.000650s ]
SQL: SHOW COLUMNS FROM `xcx_info` [ RunTime:0.000377s ]
SQL: SELECT info.*,user.avatarUrl FROM xcx_info info LEFT JOIN xcx_user user ON user.id = info.uid  WHERE ( info.status = 1 and info.time >= "1501965010" and info.date <= "2017-08-13" and info.departure like "%昆明市%" ) ORDER BY time asc LIMIT 0,20   [ RunTime:0.000076s ]

[ 2017-08-06T04:30:12+08:00 ] 14.204.71.145 /api/info/lists
INFO: [ app_begin ] --START--
INFO: Run Behavior\ReadHtmlCache [ RunTime:0.000054s ]
INFO: [ app_begin ] --END-- [ RunTime:0.000167s ]
SQL: SHOW COLUMNS FROM `xcx_info` [ RunTime:0.000670s ]
SQL: SHOW COLUMNS FROM `xcx_info` [ RunTime:0.000505s ]
SQL: SELECT info.*,user.avatarUrl FROM xcx_info info LEFT JOIN xcx_user user ON user.id = info.uid  WHERE ( info.status = 1 and info.time >= "1501965012" and info.date <= "2017-08-13" and info.departure like "%昆明市%" ) ORDER BY time asc LIMIT 0,20   [ RunTime:0.000606s ]

[ 2017-08-06T04:35:08+08:00 ] 14.204.71.145 /api/info/lists
INFO: [ app_begin ] --START--
INFO: Run Behavior\ReadHtmlCache [ RunTime:0.000058s ]
INFO: [ app_begin ] --END-- [ RunTime:0.000172s ]
SQL: SHOW COLUMNS FROM `xcx_info` [ RunTime:0.000524s ]
SQL: SHOW COLUMNS FROM `xcx_info` [ RunTime:0.000464s ]
SQL: SELECT info.*,user.avatarUrl FROM xcx_info info LEFT JOIN xcx_user user ON user.id = info.uid  WHERE ( info.status = 1 and info.time >= "1501965308" and info.date <= "2017-08-13" and info.departure like "%昆明市%" ) ORDER BY time asc LIMIT 0,20   [ RunTime:0.000396s ]

[ 2017-08-06T04:38:02+08:00 ] 14.204.71.145 /api/msg/getall
INFO: [ app_begin ] --START--
INFO: Run Behavior\ReadHtmlCache [ RunTime:0.000096s ]
INFO: [ app_begin ] --END-- [ RunTime:0.000277s ]
NOTIC: [2048] Declaration of Api\Controller\MsgController::get() should be compatible with Think\Controller::get($name = '') /data/wwwroot/xcx.codems.cn/Apps/Api/Controller/MsgController.class.php 第 0 行.
SQL: SHOW COLUMNS FROM `xcx_user` [ RunTime:0.000635s ]

[ 2017-08-06T04:38:36+08:00 ] 14.204.71.145 /api/info/lists
INFO: [ app_begin ] --START--
INFO: Run Behavior\ReadHtmlCache [ RunTime:0.000067s ]
INFO: [ app_begin ] --END-- [ RunTime:0.000194s ]
SQL: SHOW COLUMNS FROM `xcx_info` [ RunTime:0.000590s ]
SQL: SHOW COLUMNS FROM `xcx_info` [ RunTime:0.000362s ]
SQL: SELECT info.*,user.avatarUrl FROM xcx_info info LEFT JOIN xcx_user user ON user.id = info.uid  WHERE ( info.status = 1 and info.time >= "1501965516" and info.date <= "2017-08-13" and info.departure like "%昆明市%" ) ORDER BY time asc LIMIT 0,20   [ RunTime:0.000438s ]

[ 2017-08-06T04:38:51+08:00 ] 14.204.71.145 /api/notice/index
INFO: [ app_begin ] --START--
INFO: Run Behavior\ReadHtmlCache [ RunTime:0.000084s ]
INFO: [ app_begin ] --END-- [ RunTime:0.000226s ]
SQL: SHOW COLUMNS FROM `xcx_notice` [ RunTime:0.000663s ]
SQL: SELECT * FROM `xcx_notice` WHERE ( `id` = 1 ) LIMIT 1   [ RunTime:0.000346s ]

[ 2017-08-06T04:40:10+08:00 ] 14.204.71.145 /api/user/vaild_sk
INFO: [ app_begin ] --START--
INFO: Run Behavior\ReadHtmlCache [ RunTime:0.000069s ]
INFO: [ app_begin ] --END-- [ RunTime:0.000233s ]

[ 2017-08-06T04:40:11+08:00 ] 14.204.71.145 /api/user/login
INFO: [ app_begin ] --START--
INFO: Run Behavior\ReadHtmlCache [ RunTime:0.000052s ]
INFO: [ app_begin ] --END-- [ RunTime:0.000171s ]
SQL: SHOW COLUMNS FROM `xcx_user` [ RunTime:0.000842s ]
NOTIC: [8] Undefined index: openid /data/wwwroot/xcx.codems.cn/Apps/Api/Controller/UserController.class.php 第 12 行.
SQL: SELECT `id`,`avatarUrl`,`city`,`gender`,`nickName`,`province`,`county`,`phone`,`vehicle`,`name` FROM `xcx_user` WHERE ( id = "" or openid ="" ) LIMIT 1   [ RunTime:0.000100s ]
NOTIC: [8] Undefined index: session_key /data/wwwroot/xcx.codems.cn/Apps/Api/Controller/UserController.class.php 第 14 行.
NOTIC: [8] Undefined index: openid /data/wwwroot/xcx.codems.cn/Apps/Api/Controller/UserController.class.php 第 18 行.
SQL: SELECT `id`,`avatarUrl`,`city`,`gender`,`nickName`,`province`,`county`,`phone`,`vehicle`,`name` FROM `xcx_user` WHERE ( id = "" or openid ="" ) LIMIT 1   [ RunTime:0.000077s ]
NOTIC: [8] Undefined index: openid /data/wwwroot/xcx.codems.cn/Apps/Api/Controller/UserController.class.php 第 19 行.
NOTIC: [8] Undefined index: session_key /data/wwwroot/xcx.codems.cn/Apps/Api/Controller/UserController.class.php 第 19 行.
NOTIC: [2] unlink(/data/wwwroot/xcx.codems.cn/cache/Temp/3328c203c569e183a050d7e0e8d74ef5.php): No such file or directory /data/wwwroot/xcx.codems.cn/include/ThinkPHP/Library/Think/Cache/Driver/File.class.php 第 157 行.

[ 2017-08-06T04:40:11+08:00 ] 14.204.71.145 /api/info/lists
INFO: [ app_begin ] --START--
INFO: Run Behavior\ReadHtmlCache [ RunTime:0.000046s ]
INFO: [ app_begin ] --END-- [ RunTime:0.000171s ]
SQL: SHOW COLUMNS FROM `xcx_info` [ RunTime:0.000593s ]
SQL: SHOW COLUMNS FROM `xcx_info` [ RunTime:0.000322s ]
SQL: SELECT info.*,user.avatarUrl FROM xcx_info info LEFT JOIN xcx_user user ON user.id = info.uid  WHERE ( info.status = 1 and info.time >= "1501965611" and info.date <= "2017-08-13" and info.departure like "%昆明市%" ) ORDER BY time asc LIMIT 0,20   [ RunTime:0.000421s ]

[ 2017-08-06T04:40:16+08:00 ] 14.204.71.145 /api/info/lists
INFO: [ app_begin ] --START--
INFO: Run Behavior\ReadHtmlCache [ RunTime:0.000066s ]
INFO: [ app_begin ] --END-- [ RunTime:0.000179s ]
SQL: SHOW COLUMNS FROM `xcx_info` [ RunTime:0.000521s ]
SQL: SHOW COLUMNS FROM `xcx_info` [ RunTime:0.000597s ]
SQL: SELECT info.*,user.avatarUrl FROM xcx_info info LEFT JOIN xcx_user user ON user.id = info.uid  WHERE ( info.status = 1 and info.time >= "1501965616" and info.date <= "2017-08-13" and info.departure like "%昆明市%" ) ORDER BY time asc LIMIT 0,20   [ RunTime:0.000385s ]

[ 2017-08-06T04:41:27+08:00 ] 14.204.71.145 /api/info/lists
INFO: [ app_begin ] --START--
INFO: Run Behavior\ReadHtmlCache [ RunTime:0.000068s ]
INFO: [ app_begin ] --END-- [ RunTime:0.000197s ]
SQL: SHOW COLUMNS FROM `xcx_info` [ RunTime:0.000731s ]
SQL: SHOW COLUMNS FROM `xcx_info` [ RunTime:0.000478s ]
SQL: SELECT info.*,user.avatarUrl FROM xcx_info info LEFT JOIN xcx_user user ON user.id = info.uid  WHERE ( info.status = 1 and info.time >= "1501965687" and info.date <= "2017-08-13" and info.departure like "%昆明市%" ) ORDER BY time asc LIMIT 0,20   [ RunTime:0.000728s ]

[ 2017-08-06T04:43:45+08:00 ] 14.204.71.145 /api/info/lists
INFO: [ app_begin ] --START--
INFO: Run Behavior\ReadHtmlCache [ RunTime:0.000050s ]
INFO: [ app_begin ] --END-- [ RunTime:0.000165s ]
SQL: SHOW COLUMNS FROM `xcx_info` [ RunTime:0.000683s ]
SQL: SHOW COLUMNS FROM `xcx_info` [ RunTime:0.000395s ]
SQL: SELECT info.*,user.avatarUrl FROM xcx_info info LEFT JOIN xcx_user user ON user.id = info.uid  WHERE ( info.status = 1 and info.time >= "1501965825" and info.date <= "2017-08-13" and info.departure like "%昆明市%" ) ORDER BY time asc LIMIT 0,20   [ RunTime:0.000549s ]

[ 2017-08-06T04:45:17+08:00 ] 14.204.71.145 /api/info/add
INFO: [ app_begin ] --START--
INFO: Run Behavior\ReadHtmlCache [ RunTime:0.000046s ]
INFO: [ app_begin ] --END-- [ RunTime:0.000142s ]
SQL: SHOW COLUMNS FROM `xcx_user` [ RunTime:0.000681s ]

[ 2017-08-06T05:16:17+08:00 ] 14.204.71.145 /api/user/vaild_sk
INFO: [ app_begin ] --START--
INFO: Run Behavior\ReadHtmlCache [ RunTime:0.000070s ]
INFO: [ app_begin ] --END-- [ RunTime:0.000165s ]

[ 2017-08-06T05:16:18+08:00 ] 14.204.71.145 /api/user/login
INFO: [ app_begin ] --START--
INFO: Run Behavior\ReadHtmlCache [ RunTime:0.000058s ]
INFO: [ app_begin ] --END-- [ RunTime:0.000171s ]
SQL: SHOW COLUMNS FROM `xcx_user` [ RunTime:0.000762s ]
NOTIC: [8] Undefined index: openid /data/wwwroot/xcx.codems.cn/Apps/Api/Controller/UserController.class.php 第 12 行.
SQL: SELECT `id`,`avatarUrl`,`city`,`gender`,`nickName`,`province`,`county`,`phone`,`vehicle`,`name` FROM `xcx_user` WHERE ( id = "" or openid ="" ) LIMIT 1   [ RunTime:0.000139s ]
NOTIC: [8] Undefined index: session_key /data/wwwroot/xcx.codems.cn/Apps/Api/Controller/UserController.class.php 第 14 行.
NOTIC: [8] Undefined index: openid /data/wwwroot/xcx.codems.cn/Apps/Api/Controller/UserController.class.php 第 18 行.
SQL: SELECT `id`,`avatarUrl`,`city`,`gender`,`nickName`,`province`,`county`,`phone`,`vehicle`,`name` FROM `xcx_user` WHERE ( id = "" or openid ="" ) LIMIT 1   [ RunTime:0.000074s ]
NOTIC: [8] Undefined index: openid /data/wwwroot/xcx.codems.cn/Apps/Api/Controller/UserController.class.php 第 19 行.
NOTIC: [8] Undefined index: session_key /data/wwwroot/xcx.codems.cn/Apps/Api/Controller/UserController.class.php 第 19 行.
NOTIC: [2] unlink(/data/wwwroot/xcx.codems.cn/cache/Temp/c68784893b7752f4700ab3fa71923d32.php): No such file or directory /data/wwwroot/xcx.codems.cn/include/ThinkPHP/Library/Think/Cache/Driver/File.class.php 第 157 行.

[ 2017-08-06T05:16:18+08:00 ] 14.204.71.145 /api/info/lists
INFO: [ app_begin ] --START--
INFO: Run Behavior\ReadHtmlCache [ RunTime:0.000050s ]
INFO: [ app_begin ] --END-- [ RunTime:0.000157s ]
SQL: SHOW COLUMNS FROM `xcx_info` [ RunTime:0.000642s ]
SQL: SHOW COLUMNS FROM `xcx_info` [ RunTime:0.000334s ]
SQL: SELECT info.*,user.avatarUrl FROM xcx_info info LEFT JOIN xcx_user user ON user.id = info.uid  WHERE ( info.status = 1 and info.time >= "1501967778" and info.date <= "2017-08-13" and info.departure like "%昆明市%" ) ORDER BY time asc LIMIT 0,20   [ RunTime:0.000551s ]

[ 2017-08-06T05:16:20+08:00 ] 14.204.71.145 /api/info/lists
INFO: [ app_begin ] --START--
INFO: Run Behavior\ReadHtmlCache [ RunTime:0.000042s ]
INFO: [ app_begin ] --END-- [ RunTime:0.000133s ]
SQL: SHOW COLUMNS FROM `xcx_info` [ RunTime:0.000577s ]
SQL: SHOW COLUMNS FROM `xcx_info` [ RunTime:0.000330s ]
SQL: SELECT info.*,user.avatarUrl FROM xcx_info info LEFT JOIN xcx_user user ON user.id = info.uid  WHERE ( info.status = 1 and info.time >= "1501967780" and info.date <= "2017-08-13" and info.departure like "%昆明市%" ) ORDER BY time asc LIMIT 0,20   [ RunTime:0.000382s ]

[ 2017-08-06T05:17:54+08:00 ] 14.204.71.145 /api/user/vaild_sk
INFO: [ app_begin ] --START--
INFO: Run Behavior\ReadHtmlCache [ RunTime:0.000049s ]
INFO: [ app_begin ] --END-- [ RunTime:0.000143s ]

[ 2017-08-06T05:17:56+08:00 ] 14.204.71.145 /api/user/login
INFO: [ app_begin ] --START--
INFO: Run Behavior\ReadHtmlCache [ RunTime:0.000043s ]
INFO: [ app_begin ] --END-- [ RunTime:0.000193s ]
SQL: SHOW COLUMNS FROM `xcx_user` [ RunTime:0.000667s ]
NOTIC: [8] Undefined index: openid /data/wwwroot/xcx.codems.cn/Apps/Api/Controller/UserController.class.php 第 12 行.
SQL: SELECT `id`,`avatarUrl`,`city`,`gender`,`nickName`,`province`,`county`,`phone`,`vehicle`,`name` FROM `xcx_user` WHERE ( id = "" or openid ="" ) LIMIT 1   [ RunTime:0.000081s ]
NOTIC: [8] Undefined index: session_key /data/wwwroot/xcx.codems.cn/Apps/Api/Controller/UserController.class.php 第 14 行.
NOTIC: [8] Undefined index: openid /data/wwwroot/xcx.codems.cn/Apps/Api/Controller/UserController.class.php 第 18 行.
SQL: SELECT `id`,`avatarUrl`,`city`,`gender`,`nickName`,`province`,`county`,`phone`,`vehicle`,`name` FROM `xcx_user` WHERE ( id = "" or openid ="" ) LIMIT 1   [ RunTime:0.000055s ]
NOTIC: [8] Undefined index: openid /data/wwwroot/xcx.codems.cn/Apps/Api/Controller/UserController.class.php 第 19 行.
NOTIC: [8] Undefined index: session_key /data/wwwroot/xcx.codems.cn/Apps/Api/Controller/UserController.class.php 第 19 行.
NOTIC: [2] unlink(/data/wwwroot/xcx.codems.cn/cache/Temp/23b9b5942f1f4794d73125cbf1fa80f0.php): No such file or directory /data/wwwroot/xcx.codems.cn/include/ThinkPHP/Library/Think/Cache/Driver/File.class.php 第 157 行.

[ 2017-08-06T05:17:56+08:00 ] 14.204.71.145 /api/info/lists
INFO: [ app_begin ] --START--
INFO: Run Behavior\ReadHtmlCache [ RunTime:0.000175s ]
INFO: [ app_begin ] --END-- [ RunTime:0.000292s ]
SQL: SHOW COLUMNS FROM `xcx_info` [ RunTime:0.000672s ]
SQL: SHOW COLUMNS FROM `xcx_info` [ RunTime:0.000347s ]
SQL: SELECT info.*,user.avatarUrl FROM xcx_info info LEFT JOIN xcx_user user ON user.id = info.uid  WHERE ( info.status = 1 and info.time >= "1501967876" and info.date <= "2017-08-13" and info.departure like "%昆明市%" ) ORDER BY time asc LIMIT 0,20   [ RunTime:0.000377s ]

[ 2017-08-06T05:17:57+08:00 ] 14.204.71.145 /api/info/lists
INFO: [ app_begin ] --START--
INFO: Run Behavior\ReadHtmlCache [ RunTime:0.000066s ]
INFO: [ app_begin ] --END-- [ RunTime:0.000203s ]
SQL: SHOW COLUMNS FROM `xcx_info` [ RunTime:0.000719s ]
SQL: SHOW COLUMNS FROM `xcx_info` [ RunTime:0.000518s ]
SQL: SELECT info.*,user.avatarUrl FROM xcx_info info LEFT JOIN xcx_user user ON user.id = info.uid  WHERE ( info.status = 1 and info.time >= "1501967877" and info.date <= "2017-08-13" and info.departure like "%昆明市%" ) ORDER BY time asc LIMIT 0,20   [ RunTime:0.000569s ]

[ 2017-08-06T05:17:58+08:00 ] 14.204.71.145 /api/info/mycount
INFO: [ app_begin ] --START--
INFO: Run Behavior\ReadHtmlCache [ RunTime:0.000063s ]
INFO: [ app_begin ] --END-- [ RunTime:0.000185s ]
SQL: SHOW COLUMNS FROM `xcx_user` [ RunTime:0.000595s ]

[ 2017-08-06T05:17:58+08:00 ] 14.204.71.145 /api/appointment/mycount
INFO: [ app_begin ] --START--
INFO: Run Behavior\ReadHtmlCache [ RunTime:0.000075s ]
INFO: [ app_begin ] --END-- [ RunTime:0.000205s ]
SQL: SHOW COLUMNS FROM `xcx_user` [ RunTime:0.000568s ]

[ 2017-08-06T05:18:01+08:00 ] 14.204.71.145 /api/info/lists
INFO: [ app_begin ] --START--
INFO: Run Behavior\ReadHtmlCache [ RunTime:0.000074s ]
INFO: [ app_begin ] --END-- [ RunTime:0.000229s ]
SQL: SHOW COLUMNS FROM `xcx_info` [ RunTime:0.000713s ]
SQL: SHOW COLUMNS FROM `xcx_info` [ RunTime:0.000529s ]
SQL: SELECT info.*,user.avatarUrl FROM xcx_info info LEFT JOIN xcx_user user ON user.id = info.uid  WHERE ( info.status = 1 and info.time >= "1501967881" and info.date <= "2017-08-13" and info.departure like "%昆明市%" ) ORDER BY time asc LIMIT 0,20   [ RunTime:0.000519s ]

[ 2017-08-06T05:18:08+08:00 ] 14.204.71.145 /api/info/lists
INFO: [ app_begin ] --START--
INFO: Run Behavior\ReadHtmlCache [ RunTime:0.000045s ]
INFO: [ app_begin ] --END-- [ RunTime:0.000151s ]
SQL: SHOW COLUMNS FROM `xcx_info` [ RunTime:0.000564s ]
SQL: SHOW COLUMNS FROM `xcx_info` [ RunTime:0.000390s ]
SQL: SELECT info.*,user.avatarUrl FROM xcx_info info LEFT JOIN xcx_user user ON user.id = info.uid  WHERE ( info.status = 1 and info.time >= "1501967888" and info.date <= "2017-08-13" and info.departure like "%昆明市%" ) ORDER BY time asc LIMIT 0,20   [ RunTime:0.000435s ]

[ 2017-08-06T05:19:34+08:00 ] 14.204.71.145 /api/info/lists
INFO: [ app_begin ] --START--
INFO: Run Behavior\ReadHtmlCache [ RunTime:0.000046s ]
INFO: [ app_begin ] --END-- [ RunTime:0.000134s ]
SQL: SHOW COLUMNS FROM `xcx_info` [ RunTime:0.000533s ]
SQL: SHOW COLUMNS FROM `xcx_info` [ RunTime:0.000320s ]
SQL: SELECT info.*,user.avatarUrl FROM xcx_info info LEFT JOIN xcx_user user ON user.id = info.uid  WHERE ( info.status = 1 and info.time >= "1501967974" and info.date <= "2017-08-13" and info.departure like "%昆明市%" ) ORDER BY time asc LIMIT 0,20   [ RunTime:0.000347s ]

[ 2017-08-06T05:21:04+08:00 ] 14.204.71.145 /api/info/lists
INFO: [ app_begin ] --START--
INFO: Run Behavior\ReadHtmlCache [ RunTime:0.000092s ]
INFO: [ app_begin ] --END-- [ RunTime:0.000278s ]
SQL: SHOW COLUMNS FROM `xcx_info` [ RunTime:0.000691s ]
SQL: SHOW COLUMNS FROM `xcx_info` [ RunTime:0.000522s ]
SQL: SELECT info.*,user.avatarUrl FROM xcx_info info LEFT JOIN xcx_user user ON user.id = info.uid  WHERE ( info.status = 1 and info.time >= "1501968064" and info.date <= "2017-08-13" and info.departure like "%昆明市%" ) ORDER BY time asc LIMIT 0,20   [ RunTime:0.000568s ]

[ 2017-08-06T05:21:50+08:00 ] 14.204.71.145 /api/msg/getall
INFO: [ app_begin ] --START--
INFO: Run Behavior\ReadHtmlCache [ RunTime:0.000071s ]
INFO: [ app_begin ] --END-- [ RunTime:0.000206s ]
NOTIC: [2048] Declaration of Api\Controller\MsgController::get() should be compatible with Think\Controller::get($name = '') /data/wwwroot/xcx.codems.cn/Apps/Api/Controller/MsgController.class.php 第 0 行.
SQL: SHOW COLUMNS FROM `xcx_user` [ RunTime:0.000686s ]

[ 2017-08-06T05:22:19+08:00 ] 14.204.71.145 /api/msg/get
INFO: [ app_begin ] --START--
INFO: Run Behavior\ReadHtmlCache [ RunTime:0.000071s ]
INFO: [ app_begin ] --END-- [ RunTime:0.000249s ]
NOTIC: [2048] Declaration of Api\Controller\MsgController::get() should be compatible with Think\Controller::get($name = '') /data/wwwroot/xcx.codems.cn/Apps/Api/Controller/MsgController.class.php 第 0 行.
SQL: SHOW COLUMNS FROM `xcx_user` [ RunTime:0.000514s ]

[ 2017-08-06T05:22:20+08:00 ] 14.204.71.145 /api/msg/getall
INFO: [ app_begin ] --START--
INFO: Run Behavior\ReadHtmlCache [ RunTime:0.000088s ]
INFO: [ app_begin ] --END-- [ RunTime:0.000212s ]
NOTIC: [2048] Declaration of Api\Controller\MsgController::get() should be compatible with Think\Controller::get($name = '') /data/wwwroot/xcx.codems.cn/Apps/Api/Controller/MsgController.class.php 第 0 行.
SQL: SHOW COLUMNS FROM `xcx_user` [ RunTime:0.000609s ]

[ 2017-08-06T05:22:21+08:00 ] 14.204.71.145 /api/msg/get
INFO: [ app_begin ] --START--
INFO: Run Behavior\ReadHtmlCache [ RunTime:0.000059s ]
INFO: [ app_begin ] --END-- [ RunTime:0.000170s ]
NOTIC: [2048] Declaration of Api\Controller\MsgController::get() should be compatible with Think\Controller::get($name = '') /data/wwwroot/xcx.codems.cn/Apps/Api/Controller/MsgController.class.php 第 0 行.
SQL: SHOW COLUMNS FROM `xcx_user` [ RunTime:0.000481s ]

[ 2017-08-06T05:22:22+08:00 ] 14.204.71.145 /api/msg/getall
INFO: [ app_begin ] --START--
INFO: Run Behavior\ReadHtmlCache [ RunTime:0.000045s ]
INFO: [ app_begin ] --END-- [ RunTime:0.000135s ]
NOTIC: [2048] Declaration of Api\Controller\MsgController::get() should be compatible with Think\Controller::get($name = '') /data/wwwroot/xcx.codems.cn/Apps/Api/Controller/MsgController.class.php 第 0 行.
SQL: SHOW COLUMNS FROM `xcx_user` [ RunTime:0.000493s ]

[ 2017-08-06T05:22:23+08:00 ] 14.204.71.145 /api/msg/get
INFO: [ app_begin ] --START--
INFO: Run Behavior\ReadHtmlCache [ RunTime:0.000044s ]
INFO: [ app_begin ] --END-- [ RunTime:0.000130s ]
NOTIC: [2048] Declaration of Api\Controller\MsgController::get() should be compatible with Think\Controller::get($name = '') /data/wwwroot/xcx.codems.cn/Apps/Api/Controller/MsgController.class.php 第 0 行.
SQL: SHOW COLUMNS FROM `xcx_user` [ RunTime:0.000501s ]

[ 2017-08-06T05:22:24+08:00 ] 14.204.71.145 /api/msg/getall
INFO: [ app_begin ] --START--
INFO: Run Behavior\ReadHtmlCache [ RunTime:0.000065s ]
INFO: [ app_begin ] --END-- [ RunTime:0.000193s ]
NOTIC: [2048] Declaration of Api\Controller\MsgController::get() should be compatible with Think\Controller::get($name = '') /data/wwwroot/xcx.codems.cn/Apps/Api/Controller/MsgController.class.php 第 0 行.
SQL: SHOW COLUMNS FROM `xcx_user` [ RunTime:0.000592s ]

[ 2017-08-06T05:22:25+08:00 ] 14.204.71.145 /api/info/mycount
INFO: [ app_begin ] --START--
INFO: Run Behavior\ReadHtmlCache [ RunTime:0.000060s ]
INFO: [ app_begin ] --END-- [ RunTime:0.000183s ]
SQL: SHOW COLUMNS FROM `xcx_user` [ RunTime:0.000667s ]

[ 2017-08-06T05:22:26+08:00 ] 14.204.71.145 /api/appointment/mycount
INFO: [ app_begin ] --START--
INFO: Run Behavior\ReadHtmlCache [ RunTime:0.000060s ]
INFO: [ app_begin ] --END-- [ RunTime:0.000179s ]
SQL: SHOW COLUMNS FROM `xcx_user` [ RunTime:0.000665s ]

[ 2017-08-06T05:22:51+08:00 ] 14.204.71.145 /api/info/mylist
INFO: [ app_begin ] --START--
INFO: Run Behavior\ReadHtmlCache [ RunTime:0.000045s ]
INFO: [ app_begin ] --END-- [ RunTime:0.000138s ]
SQL: SHOW COLUMNS FROM `xcx_user` [ RunTime:0.000656s ]

[ 2017-08-06T05:22:51+08:00 ] 14.204.71.145 /api/info/mycount
INFO: [ app_begin ] --START--
INFO: Run Behavior\ReadHtmlCache [ RunTime:0.000049s ]
INFO: [ app_begin ] --END-- [ RunTime:0.000146s ]
SQL: SHOW COLUMNS FROM `xcx_user` [ RunTime:0.000683s ]

[ 2017-08-06T05:22:52+08:00 ] 14.204.71.145 /api/appointment/mycount
INFO: [ app_begin ] --START--
INFO: Run Behavior\ReadHtmlCache [ RunTime:0.000056s ]
INFO: [ app_begin ] --END-- [ RunTime:0.000173s ]
SQL: SHOW COLUMNS FROM `xcx_user` [ RunTime:0.000652s ]

[ 2017-08-06T05:22:54+08:00 ] 14.204.71.145 /api/appointment/getPassenger
INFO: [ app_begin ] --START--
INFO: Run Behavior\ReadHtmlCache [ RunTime:0.000071s ]
INFO: [ app_begin ] --END-- [ RunTime:0.000205s ]
SQL: SHOW COLUMNS FROM `xcx_user` [ RunTime:0.000660s ]

[ 2017-08-06T05:22:54+08:00 ] 14.204.71.145 /api/appointment/my
INFO: [ app_begin ] --START--
INFO: Run Behavior\ReadHtmlCache [ RunTime:0.000051s ]
INFO: [ app_begin ] --END-- [ RunTime:0.000168s ]
SQL: SHOW COLUMNS FROM `xcx_user` [ RunTime:0.000607s ]

[ 2017-08-06T05:23:28+08:00 ] 14.204.71.145 /api/info/mycount
INFO: [ app_begin ] --START--
INFO: Run Behavior\ReadHtmlCache [ RunTime:0.000088s ]
INFO: [ app_begin ] --END-- [ RunTime:0.000200s ]
SQL: SHOW COLUMNS FROM `xcx_user` [ RunTime:0.000580s ]

[ 2017-08-06T05:23:28+08:00 ] 14.204.71.145 /api/appointment/mycount
INFO: [ app_begin ] --START--
INFO: Run Behavior\ReadHtmlCache [ RunTime:0.000070s ]
INFO: [ app_begin ] --END-- [ RunTime:0.000199s ]
SQL: SHOW COLUMNS FROM `xcx_user` [ RunTime:0.000821s ]

[ 2017-08-06T05:23:32+08:00 ] 14.204.71.145 /api/fav/myFav
INFO: [ app_begin ] --START--
INFO: Run Behavior\ReadHtmlCache [ RunTime:0.000053s ]
INFO: [ app_begin ] --END-- [ RunTime:0.000157s ]
SQL: SHOW COLUMNS FROM `xcx_user` [ RunTime:0.000832s ]

[ 2017-08-06T05:23:33+08:00 ] 14.204.71.145 /api/info/mycount
INFO: [ app_begin ] --START--
INFO: Run Behavior\ReadHtmlCache [ RunTime:0.000074s ]
INFO: [ app_begin ] --END-- [ RunTime:0.000168s ]
SQL: SHOW COLUMNS FROM `xcx_user` [ RunTime:0.000559s ]

[ 2017-08-06T05:23:33+08:00 ] 14.204.71.145 /api/appointment/mycount
INFO: [ app_begin ] --START--
INFO: Run Behavior\ReadHtmlCache [ RunTime:0.000060s ]
INFO: [ app_begin ] --END-- [ RunTime:0.000240s ]
SQL: SHOW COLUMNS FROM `xcx_user` [ RunTime:0.000529s ]

[ 2017-08-06T05:23:35+08:00 ] 14.204.71.145 /api/dynamic/getList
INFO: [ app_begin ] --START--
INFO: Run Behavior\ReadHtmlCache [ RunTime:0.000079s ]
INFO: [ app_begin ] --END-- [ RunTime:0.000208s ]
SQL: SHOW COLUMNS FROM `xcx_dynamic` [ RunTime:0.000613s ]
SQL: SHOW COLUMNS FROM `xcx_user` [ RunTime:0.000517s ]

[ 2017-08-06T05:23:35+08:00 ] 14.204.71.145 /api/info/mycount
INFO: [ app_begin ] --START--
INFO: Run Behavior\ReadHtmlCache [ RunTime:0.000045s ]
INFO: [ app_begin ] --END-- [ RunTime:0.000128s ]
SQL: SHOW COLUMNS FROM `xcx_user` [ RunTime:0.000459s ]

[ 2017-08-06T05:23:36+08:00 ] 14.204.71.145 /api/appointment/mycount
INFO: [ app_begin ] --START--
INFO: Run Behavior\ReadHtmlCache [ RunTime:0.000043s ]
INFO: [ app_begin ] --END-- [ RunTime:0.000132s ]
SQL: SHOW COLUMNS FROM `xcx_user` [ RunTime:0.000499s ]

[ 2017-08-06T06:51:12+08:00 ] 169.54.233.119 /
INFO: [ app_begin ] --START--
INFO: Run Behavior\ReadHtmlCache [ RunTime:0.000072s ]
INFO: [ app_begin ] --END-- [ RunTime:0.000201s ]
INFO: [ app_end ] --START--
INFO: Run Behavior\ShowPageTrace [ RunTime:0.000923s ]
INFO: [ app_end ] --END-- [ RunTime:0.000985s ]

[ 2017-08-06T10:14:53+08:00 ] 115.171.216.51 /api/user/login
INFO: [ app_begin ] --START--
INFO: Run Behavior\ReadHtmlCache [ RunTime:0.000091s ]
INFO: [ app_begin ] --END-- [ RunTime:0.000293s ]
NOTIC: [2] file_get_contents(https://api.weixin.qq.com/sns/jscode2session?appid=wx0aa456241abc9e8e&amp;secret=58ec56f0d3f37e4dcee7a75220bc6766&amp;js_code=the code is a mock one&amp;grant_type=authorization_code): failed to open stream: HTTP request failed! code 200 OK
 /data/wwwroot/xcx.codems.cn/Apps/Api/Controller/UserController.class.php 第 60 行.
SQL: SHOW COLUMNS FROM `xcx_user` [ RunTime:0.000587s ]
SQL: SELECT `id`,`avatarUrl`,`city`,`gender`,`nickName`,`province`,`county`,`phone`,`vehicle`,`name` FROM `xcx_user` WHERE ( id = "" or openid ="" ) LIMIT 1   [ RunTime:0.000335s ]
NOTIC: [8] Undefined index: encryptedData /data/wwwroot/xcx.codems.cn/Apps/Api/Controller/UserController.class.php 第 14 行.
NOTIC: [8] Undefined index: iv /data/wwwroot/xcx.codems.cn/Apps/Api/Controller/UserController.class.php 第 14 行.
SQL: SELECT `id`,`avatarUrl`,`city`,`gender`,`nickName`,`province`,`county`,`phone`,`vehicle`,`name` FROM `xcx_user` WHERE ( id = "" or openid ="" ) LIMIT 1   [ RunTime:0.000067s ]
NOTIC: [2] unlink(/data/wwwroot/xcx.codems.cn/cache/Temp/bedf61304f7b42075e5911085e5aa98c.php): No such file or directory /data/wwwroot/xcx.codems.cn/include/ThinkPHP/Library/Think/Cache/Driver/File.class.php 第 157 行.

[ 2017-08-06T10:14:54+08:00 ] 115.171.216.51 /api/info/lists
INFO: [ app_begin ] --START--
INFO: Run Behavior\ReadHtmlCache [ RunTime:0.000069s ]
INFO: [ app_begin ] --END-- [ RunTime:0.000206s ]
SQL: SHOW COLUMNS FROM `xcx_info` [ RunTime:0.000527s ]
SQL: SHOW COLUMNS FROM `xcx_info` [ RunTime:0.000364s ]
SQL: SELECT info.*,user.avatarUrl FROM xcx_info info LEFT JOIN xcx_user user ON user.id = info.uid  WHERE ( info.status = 1 and info.time >= "1501985694" and info.date <= "2017-08-13" and info.departure like "%北京市%" ) ORDER BY time asc LIMIT 0,20   [ RunTime:0.000454s ]

[ 2017-08-06T10:14:56+08:00 ] 115.171.216.51 /api/info/lists
INFO: [ app_begin ] --START--
INFO: Run Behavior\ReadHtmlCache [ RunTime:0.000042s ]
INFO: [ app_begin ] --END-- [ RunTime:0.000130s ]
SQL: SHOW COLUMNS FROM `xcx_info` [ RunTime:0.000661s ]
SQL: SHOW COLUMNS FROM `xcx_info` [ RunTime:0.000483s ]
SQL: SELECT info.*,user.avatarUrl FROM xcx_info info LEFT JOIN xcx_user user ON user.id = info.uid  WHERE ( info.status = 1 and info.time >= "1501985696" and info.date <= "2017-08-13" and info.departure like "%北京市%" ) ORDER BY time asc LIMIT 0,20   [ RunTime:0.000544s ]

[ 2017-08-06T10:14:57+08:00 ] 115.171.216.51 /api/info/mycount
INFO: [ app_begin ] --START--
INFO: Run Behavior\ReadHtmlCache [ RunTime:0.000064s ]
INFO: [ app_begin ] --END-- [ RunTime:0.000189s ]
SQL: SHOW COLUMNS FROM `xcx_user` [ RunTime:0.000578s ]

[ 2017-08-06T10:14:57+08:00 ] 115.171.216.51 /api/appointment/mycount
INFO: [ app_begin ] --START--
INFO: Run Behavior\ReadHtmlCache [ RunTime:0.000142s ]
INFO: [ app_begin ] --END-- [ RunTime:0.000633s ]
SQL: SHOW COLUMNS FROM `xcx_user` [ RunTime:0.001178s ]

[ 2017-08-06T11:01:23+08:00 ] 182.33.35.79 /api/user/login
INFO: [ app_begin ] --START--
INFO: Run Behavior\ReadHtmlCache [ RunTime:0.000098s ]
INFO: [ app_begin ] --END-- [ RunTime:0.000235s ]
NOTIC: [2] file_get_contents(https://api.weixin.qq.com/sns/jscode2session?appid=wx0aa456241abc9e8e&amp;secret=58ec56f0d3f37e4dcee7a75220bc6766&amp;js_code=the code is a mock one&amp;grant_type=authorization_code): failed to open stream: HTTP request failed! code 200 OK
 /data/wwwroot/xcx.codems.cn/Apps/Api/Controller/UserController.class.php 第 60 行.
SQL: SHOW COLUMNS FROM `xcx_user` [ RunTime:0.000703s ]
SQL: SELECT `id`,`avatarUrl`,`city`,`gender`,`nickName`,`province`,`county`,`phone`,`vehicle`,`name` FROM `xcx_user` WHERE ( id = "" or openid ="" ) LIMIT 1   [ RunTime:0.000145s ]
NOTIC: [8] Undefined index: encryptedData /data/wwwroot/xcx.codems.cn/Apps/Api/Controller/UserController.class.php 第 14 行.
NOTIC: [8] Undefined index: iv /data/wwwroot/xcx.codems.cn/Apps/Api/Controller/UserController.class.php 第 14 行.
SQL: SELECT `id`,`avatarUrl`,`city`,`gender`,`nickName`,`province`,`county`,`phone`,`vehicle`,`name` FROM `xcx_user` WHERE ( id = "" or openid ="" ) LIMIT 1   [ RunTime:0.000068s ]
NOTIC: [2] unlink(/data/wwwroot/xcx.codems.cn/cache/Temp/980b75d3c9afc18aeb00bbae7d617d5a.php): No such file or directory /data/wwwroot/xcx.codems.cn/include/ThinkPHP/Library/Think/Cache/Driver/File.class.php 第 157 行.

[ 2017-08-06T11:01:25+08:00 ] 182.33.35.79 /api/info/lists
INFO: [ app_begin ] --START--
INFO: Run Behavior\ReadHtmlCache [ RunTime:0.000062s ]
INFO: [ app_begin ] --END-- [ RunTime:0.000186s ]
SQL: SHOW COLUMNS FROM `xcx_info` [ RunTime:0.000543s ]
SQL: SHOW COLUMNS FROM `xcx_info` [ RunTime:0.000398s ]
SQL: SELECT info.*,user.avatarUrl FROM xcx_info info LEFT JOIN xcx_user user ON user.id = info.uid  WHERE ( info.status = 1 and info.time >= "1501988485" and info.date <= "2017-08-13" and info.departure like "%济宁市%" ) ORDER BY time asc LIMIT 0,20   [ RunTime:0.000412s ]

[ 2017-08-06T11:01:50+08:00 ] 182.33.35.79 /api/user/login
INFO: [ app_begin ] --START--
INFO: Run Behavior\ReadHtmlCache [ RunTime:0.000067s ]
INFO: [ app_begin ] --END-- [ RunTime:0.000169s ]
NOTIC: [2] file_get_contents(https://api.weixin.qq.com/sns/jscode2session?appid=wx0aa456241abc9e8e&amp;secret=58ec56f0d3f37e4dcee7a75220bc6766&amp;js_code=the code is a mock one&amp;grant_type=authorization_code): failed to open stream: HTTP request failed! code 200 OK
 /data/wwwroot/xcx.codems.cn/Apps/Api/Controller/UserController.class.php 第 60 行.
SQL: SHOW COLUMNS FROM `xcx_user` [ RunTime:0.000485s ]
SQL: SELECT `id`,`avatarUrl`,`city`,`gender`,`nickName`,`province`,`county`,`phone`,`vehicle`,`name` FROM `xcx_user` WHERE ( id = "" or openid ="" ) LIMIT 1   [ RunTime:0.000073s ]
NOTIC: [8] Undefined index: encryptedData /data/wwwroot/xcx.codems.cn/Apps/Api/Controller/UserController.class.php 第 14 行.
NOTIC: [8] Undefined index: iv /data/wwwroot/xcx.codems.cn/Apps/Api/Controller/UserController.class.php 第 14 行.
SQL: SELECT `id`,`avatarUrl`,`city`,`gender`,`nickName`,`province`,`county`,`phone`,`vehicle`,`name` FROM `xcx_user` WHERE ( id = "" or openid ="" ) LIMIT 1   [ RunTime:0.000064s ]
NOTIC: [2] unlink(/data/wwwroot/xcx.codems.cn/cache/Temp/367ce0650c4dc690f5e1260f16ec85e7.php): No such file or directory /data/wwwroot/xcx.codems.cn/include/ThinkPHP/Library/Think/Cache/Driver/File.class.php 第 157 行.

[ 2017-08-06T11:01:51+08:00 ] 182.33.35.79 /api/info/lists
INFO: [ app_begin ] --START--
INFO: Run Behavior\ReadHtmlCache [ RunTime:0.000043s ]
INFO: [ app_begin ] --END-- [ RunTime:0.000134s ]
SQL: SHOW COLUMNS FROM `xcx_info` [ RunTime:0.000523s ]
SQL: SHOW COLUMNS FROM `xcx_info` [ RunTime:0.000335s ]
SQL: SELECT info.*,user.avatarUrl FROM xcx_info info LEFT JOIN xcx_user user ON user.id = info.uid  WHERE ( info.status = 1 and info.time >= "1501988511" and info.date <= "2017-08-13" and info.departure like "%济宁市%" ) ORDER BY time asc LIMIT 0,20   [ RunTime:0.000557s ]

[ 2017-08-06T11:01:52+08:00 ] 182.33.35.79 /api/info/lists
INFO: [ app_begin ] --START--
INFO: Run Behavior\ReadHtmlCache [ RunTime:0.000045s ]
INFO: [ app_begin ] --END-- [ RunTime:0.000218s ]
SQL: SHOW COLUMNS FROM `xcx_info` [ RunTime:0.000593s ]
SQL: SHOW COLUMNS FROM `xcx_info` [ RunTime:0.000349s ]
SQL: SELECT info.*,user.avatarUrl FROM xcx_info info LEFT JOIN xcx_user user ON user.id = info.uid  WHERE ( info.status = 1 and info.time >= "1501988512" and info.date <= "2017-08-13" and info.departure like "%济宁市%" ) ORDER BY time asc LIMIT 0,20   [ RunTime:0.000487s ]

[ 2017-08-06T11:01:56+08:00 ] 182.33.35.79 /api/info/lists
INFO: [ app_begin ] --START--
INFO: Run Behavior\ReadHtmlCache [ RunTime:0.000044s ]
INFO: [ app_begin ] --END-- [ RunTime:0.000145s ]
SQL: SHOW COLUMNS FROM `xcx_info` [ RunTime:0.000533s ]
SQL: SHOW COLUMNS FROM `xcx_info` [ RunTime:0.000326s ]
SQL: SELECT info.*,user.avatarUrl FROM xcx_info info LEFT JOIN xcx_user user ON user.id = info.uid  WHERE ( info.status = 1 and info.time >= "1501988516" and info.date <= "2017-08-13" and info.departure like "%济宁市%" ) ORDER BY time asc LIMIT 0,20   [ RunTime:0.000398s ]

[ 2017-08-06T11:01:56+08:00 ] 182.33.35.79 /api/dynamic/getlist
INFO: [ app_begin ] --START--
INFO: Run Behavior\ReadHtmlCache [ RunTime:0.000071s ]
INFO: [ app_begin ] --END-- [ RunTime:0.000212s ]
SQL: SHOW COLUMNS FROM `xcx_dynamic` [ RunTime:0.000858s ]
SQL: SHOW COLUMNS FROM `xcx_dynamic` [ RunTime:0.000375s ]
SQL: SELECT dynamic.*,user.avatarUrl,user.nickName FROM xcx_dynamic dynamic LEFT JOIN xcx_user user ON user.id = dynamic.uid  WHERE ( 1=1 ) ORDER BY dynamic.time desc LIMIT 0,20   [ RunTime:0.000570s ]
SQL: SHOW COLUMNS FROM `xcx_comment` [ RunTime:0.000550s ]
SQL: SHOW COLUMNS FROM `xcx_comment` [ RunTime:0.000606s ]
SQL: SELECT comment.id,comment.iid,comment.reply,comment.content,user.nickName FROM xcx_comment comment LEFT JOIN xcx_user user ON user.id = comment.uid  WHERE ( iid in (12,10,9,7,6,3,4,2) and type = "dynamic" ) ORDER BY comment.time desc  [ RunTime:0.000483s ]
NOTIC: [8] Undefined offset: 6 /data/wwwroot/xcx.codems.cn/Apps/Api/Controller/DynamicController.class.php 第 71 行.
NOTIC: [2] json_encode(): Invalid UTF-8 sequence in argument /data/wwwroot/xcx.codems.cn/Apps/Api/Controller/DynamicController.class.php 第 76 行.

[ 2017-08-06T11:02:53+08:00 ] 182.33.35.79 /api/dynamic/getlist
INFO: [ app_begin ] --START--
INFO: Run Behavior\ReadHtmlCache [ RunTime:0.000072s ]
INFO: [ app_begin ] --END-- [ RunTime:0.000205s ]
SQL: SHOW COLUMNS FROM `xcx_dynamic` [ RunTime:0.000663s ]
SQL: SHOW COLUMNS FROM `xcx_dynamic` [ RunTime:0.000367s ]
SQL: SELECT dynamic.*,user.avatarUrl,user.nickName FROM xcx_dynamic dynamic LEFT JOIN xcx_user user ON user.id = dynamic.uid  WHERE ( 1=1 ) ORDER BY dynamic.time desc LIMIT 0,20   [ RunTime:0.000163s ]
SQL: SHOW COLUMNS FROM `xcx_comment` [ RunTime:0.000382s ]
SQL: SHOW COLUMNS FROM `xcx_comment` [ RunTime:0.000473s ]
SQL: SELECT comment.id,comment.iid,comment.reply,comment.content,user.nickName FROM xcx_comment comment LEFT JOIN xcx_user user ON user.id = comment.uid  WHERE ( iid in (12,10,9,7,6,3,4,2) and type = "dynamic" ) ORDER BY comment.time desc  [ RunTime:0.000069s ]
NOTIC: [8] Undefined offset: 6 /data/wwwroot/xcx.codems.cn/Apps/Api/Controller/DynamicController.class.php 第 71 行.
NOTIC: [2] json_encode(): Invalid UTF-8 sequence in argument /data/wwwroot/xcx.codems.cn/Apps/Api/Controller/DynamicController.class.php 第 76 行.

[ 2017-08-06T11:03:32+08:00 ] 182.33.35.79 /api/msg/getall
INFO: [ app_begin ] --START--
INFO: Run Behavior\ReadHtmlCache [ RunTime:0.000087s ]
INFO: [ app_begin ] --END-- [ RunTime:0.000238s ]
NOTIC: [2048] Declaration of Api\Controller\MsgController::get() should be compatible with Think\Controller::get($name = '') /data/wwwroot/xcx.codems.cn/Apps/Api/Controller/MsgController.class.php 第 0 行.
SQL: SHOW COLUMNS FROM `xcx_user` [ RunTime:0.000607s ]

[ 2017-08-06T11:03:34+08:00 ] 182.33.35.79 /api/msg/get
INFO: [ app_begin ] --START--
INFO: Run Behavior\ReadHtmlCache [ RunTime:0.000070s ]
INFO: [ app_begin ] --END-- [ RunTime:0.000248s ]
NOTIC: [2048] Declaration of Api\Controller\MsgController::get() should be compatible with Think\Controller::get($name = '') /data/wwwroot/xcx.codems.cn/Apps/Api/Controller/MsgController.class.php 第 0 行.
SQL: SHOW COLUMNS FROM `xcx_user` [ RunTime:0.000536s ]

[ 2017-08-06T11:03:35+08:00 ] 182.33.35.79 /api/msg/getall
INFO: [ app_begin ] --START--
INFO: Run Behavior\ReadHtmlCache [ RunTime:0.000064s ]
INFO: [ app_begin ] --END-- [ RunTime:0.000191s ]
NOTIC: [2048] Declaration of Api\Controller\MsgController::get() should be compatible with Think\Controller::get($name = '') /data/wwwroot/xcx.codems.cn/Apps/Api/Controller/MsgController.class.php 第 0 行.
SQL: SHOW COLUMNS FROM `xcx_user` [ RunTime:0.000710s ]

[ 2017-08-06T11:03:37+08:00 ] 182.33.35.79 /api/msg/get
INFO: [ app_begin ] --START--
INFO: Run Behavior\ReadHtmlCache [ RunTime:0.000045s ]
INFO: [ app_begin ] --END-- [ RunTime:0.000151s ]
NOTIC: [2048] Declaration of Api\Controller\MsgController::get() should be compatible with Think\Controller::get($name = '') /data/wwwroot/xcx.codems.cn/Apps/Api/Controller/MsgController.class.php 第 0 行.
SQL: SHOW COLUMNS FROM `xcx_user` [ RunTime:0.000629s ]

[ 2017-08-06T11:03:38+08:00 ] 182.33.35.79 /api/msg/getall
INFO: [ app_begin ] --START--
INFO: Run Behavior\ReadHtmlCache [ RunTime:0.000069s ]
INFO: [ app_begin ] --END-- [ RunTime:0.000189s ]
NOTIC: [2048] Declaration of Api\Controller\MsgController::get() should be compatible with Think\Controller::get($name = '') /data/wwwroot/xcx.codems.cn/Apps/Api/Controller/MsgController.class.php 第 0 行.
SQL: SHOW COLUMNS FROM `xcx_user` [ RunTime:0.000598s ]

[ 2017-08-06T11:03:40+08:00 ] 182.33.35.79 /api/info/mycount
INFO: [ app_begin ] --START--
INFO: Run Behavior\ReadHtmlCache [ RunTime:0.000279s ]
INFO: [ app_begin ] --END-- [ RunTime:0.000416s ]
SQL: SHOW COLUMNS FROM `xcx_user` [ RunTime:0.000676s ]

[ 2017-08-06T11:03:41+08:00 ] 182.33.35.79 /api/appointment/mycount
INFO: [ app_begin ] --START--
INFO: Run Behavior\ReadHtmlCache [ RunTime:0.000059s ]
INFO: [ app_begin ] --END-- [ RunTime:0.000183s ]
SQL: SHOW COLUMNS FROM `xcx_user` [ RunTime:0.000935s ]

[ 2017-08-06T11:03:43+08:00 ] 182.33.35.79 /api/info/mylist
INFO: [ app_begin ] --START--
INFO: Run Behavior\ReadHtmlCache [ RunTime:0.000048s ]
INFO: [ app_begin ] --END-- [ RunTime:0.000135s ]
SQL: SHOW COLUMNS FROM `xcx_user` [ RunTime:0.000838s ]

[ 2017-08-06T11:03:44+08:00 ] 182.33.35.79 /api/info/mycount
INFO: [ app_begin ] --START--
INFO: Run Behavior\ReadHtmlCache [ RunTime:0.000095s ]
INFO: [ app_begin ] --END-- [ RunTime:0.000244s ]
SQL: SHOW COLUMNS FROM `xcx_user` [ RunTime:0.000721s ]

[ 2017-08-06T11:03:45+08:00 ] 182.33.35.79 /api/appointment/mycount
INFO: [ app_begin ] --START--
INFO: Run Behavior\ReadHtmlCache [ RunTime:0.000058s ]
INFO: [ app_begin ] --END-- [ RunTime:0.000167s ]
SQL: SHOW COLUMNS FROM `xcx_user` [ RunTime:0.000628s ]

[ 2017-08-06T11:04:31+08:00 ] 182.33.35.79 /api/user/editUser
INFO: [ app_begin ] --START--
INFO: Run Behavior\ReadHtmlCache [ RunTime:0.000090s ]
INFO: [ app_begin ] --END-- [ RunTime:0.000195s ]
SQL: SHOW COLUMNS FROM `xcx_user` [ RunTime:0.000444s ]

[ 2017-08-06T11:04:33+08:00 ] 182.33.35.79 /api/user/editUser
INFO: [ app_begin ] --START--
INFO: Run Behavior\ReadHtmlCache [ RunTime:0.000069s ]
INFO: [ app_begin ] --END-- [ RunTime:0.000601s ]
SQL: SHOW COLUMNS FROM `xcx_user` [ RunTime:0.000621s ]

[ 2017-08-06T11:04:34+08:00 ] 182.33.35.79 /api/info/mycount
INFO: [ app_begin ] --START--
INFO: Run Behavior\ReadHtmlCache [ RunTime:0.000042s ]
INFO: [ app_begin ] --END-- [ RunTime:0.000130s ]
SQL: SHOW COLUMNS FROM `xcx_user` [ RunTime:0.000617s ]

[ 2017-08-06T11:04:34+08:00 ] 182.33.35.79 /api/appointment/mycount
INFO: [ app_begin ] --START--
INFO: Run Behavior\ReadHtmlCache [ RunTime:0.000048s ]
INFO: [ app_begin ] --END-- [ RunTime:0.000167s ]
SQL: SHOW COLUMNS FROM `xcx_user` [ RunTime:0.000482s ]

[ 2017-08-06T11:04:37+08:00 ] 182.33.35.79 /api/fav/myFav
INFO: [ app_begin ] --START--
INFO: Run Behavior\ReadHtmlCache [ RunTime:0.000049s ]
INFO: [ app_begin ] --END-- [ RunTime:0.000167s ]
SQL: SHOW COLUMNS FROM `xcx_user` [ RunTime:0.000486s ]

[ 2017-08-06T11:04:38+08:00 ] 182.33.35.79 /api/info/mycount
INFO: [ app_begin ] --START--
INFO: Run Behavior\ReadHtmlCache [ RunTime:0.000069s ]
INFO: [ app_begin ] --END-- [ RunTime:0.000248s ]
SQL: SHOW COLUMNS FROM `xcx_user` [ RunTime:0.000487s ]

[ 2017-08-06T11:04:39+08:00 ] 182.33.35.79 /api/appointment/mycount
INFO: [ app_begin ] --START--
INFO: Run Behavior\ReadHtmlCache [ RunTime:0.000070s ]
INFO: [ app_begin ] --END-- [ RunTime:0.000230s ]
SQL: SHOW COLUMNS FROM `xcx_user` [ RunTime:0.000897s ]

[ 2017-08-06T11:04:41+08:00 ] 182.33.35.79 /api/info/lists
INFO: [ app_begin ] --START--
INFO: Run Behavior\ReadHtmlCache [ RunTime:0.000042s ]
INFO: [ app_begin ] --END-- [ RunTime:0.000144s ]
SQL: SHOW COLUMNS FROM `xcx_info` [ RunTime:0.000732s ]
SQL: SHOW COLUMNS FROM `xcx_info` [ RunTime:0.000390s ]
SQL: SELECT info.*,user.avatarUrl FROM xcx_info info LEFT JOIN xcx_user user ON user.id = info.uid  WHERE ( info.status = 1 and info.time >= "1501988681" and info.date <= "2017-08-13" and info.departure like "%济宁市%" ) ORDER BY time asc LIMIT 0,20   [ RunTime:0.000374s ]

[ 2017-08-06T11:05:09+08:00 ] 182.33.35.79 /api/info/lists
INFO: [ app_begin ] --START--
INFO: Run Behavior\ReadHtmlCache [ RunTime:0.000048s ]
INFO: [ app_begin ] --END-- [ RunTime:0.000146s ]
SQL: SHOW COLUMNS FROM `xcx_info` [ RunTime:0.000570s ]
SQL: SHOW COLUMNS FROM `xcx_info` [ RunTime:0.000336s ]
SQL: SELECT info.*,user.avatarUrl FROM xcx_info info LEFT JOIN xcx_user user ON user.id = info.uid  WHERE ( info.status = 1 and info.time >= "1501988709" and info.date <= "2017-08-13" and info.departure like "%济宁市%" ) ORDER BY time asc LIMIT 0,20   [ RunTime:0.000433s ]

[ 2017-08-06T11:05:12+08:00 ] 182.33.35.79 /api/dynamic/getlist
INFO: [ app_begin ] --START--
INFO: Run Behavior\ReadHtmlCache [ RunTime:0.000177s ]
INFO: [ app_begin ] --END-- [ RunTime:0.000300s ]
SQL: SHOW COLUMNS FROM `xcx_dynamic` [ RunTime:0.000578s ]
SQL: SHOW COLUMNS FROM `xcx_dynamic` [ RunTime:0.000830s ]
SQL: SELECT dynamic.*,user.avatarUrl,user.nickName FROM xcx_dynamic dynamic LEFT JOIN xcx_user user ON user.id = dynamic.uid  WHERE ( 1=1 ) ORDER BY dynamic.time desc LIMIT 0,20   [ RunTime:0.000084s ]
SQL: SHOW COLUMNS FROM `xcx_comment` [ RunTime:0.000511s ]
SQL: SHOW COLUMNS FROM `xcx_comment` [ RunTime:0.000925s ]
SQL: SELECT comment.id,comment.iid,comment.reply,comment.content,user.nickName FROM xcx_comment comment LEFT JOIN xcx_user user ON user.id = comment.uid  WHERE ( iid in (12,10,9,7,6,3,4,2) and type = "dynamic" ) ORDER BY comment.time desc  [ RunTime:0.000077s ]
NOTIC: [8] Undefined offset: 6 /data/wwwroot/xcx.codems.cn/Apps/Api/Controller/DynamicController.class.php 第 71 行.
NOTIC: [2] json_encode(): Invalid UTF-8 sequence in argument /data/wwwroot/xcx.codems.cn/Apps/Api/Controller/DynamicController.class.php 第 76 行.

[ 2017-08-06T11:05:32+08:00 ] 182.33.35.79 /api/user/login
INFO: [ app_begin ] --START--
INFO: Run Behavior\ReadHtmlCache [ RunTime:0.000067s ]
INFO: [ app_begin ] --END-- [ RunTime:0.000179s ]
NOTIC: [2] file_get_contents(https://api.weixin.qq.com/sns/jscode2session?appid=wx0aa456241abc9e8e&amp;secret=58ec56f0d3f37e4dcee7a75220bc6766&amp;js_code=the code is a mock one&amp;grant_type=authorization_code): failed to open stream: HTTP request failed! code 200 OK
 /data/wwwroot/xcx.codems.cn/Apps/Api/Controller/UserController.class.php 第 60 行.
SQL: SHOW COLUMNS FROM `xcx_user` [ RunTime:0.000848s ]
SQL: SELECT `id`,`avatarUrl`,`city`,`gender`,`nickName`,`province`,`county`,`phone`,`vehicle`,`name` FROM `xcx_user` WHERE ( id = "" or openid ="" ) LIMIT 1   [ RunTime:0.000097s ]
NOTIC: [8] Undefined index: encryptedData /data/wwwroot/xcx.codems.cn/Apps/Api/Controller/UserController.class.php 第 14 行.
NOTIC: [8] Undefined index: iv /data/wwwroot/xcx.codems.cn/Apps/Api/Controller/UserController.class.php 第 14 行.
SQL: SELECT `id`,`avatarUrl`,`city`,`gender`,`nickName`,`province`,`county`,`phone`,`vehicle`,`name` FROM `xcx_user` WHERE ( id = "" or openid ="" ) LIMIT 1   [ RunTime:0.000073s ]
NOTIC: [2] unlink(/data/wwwroot/xcx.codems.cn/cache/Temp/c7f6b6b433b1800563a3dccb3e6e9a0f.php): No such file or directory /data/wwwroot/xcx.codems.cn/include/ThinkPHP/Library/Think/Cache/Driver/File.class.php 第 157 行.

[ 2017-08-06T11:05:33+08:00 ] 182.33.35.79 /api/info/lists
INFO: [ app_begin ] --START--
INFO: Run Behavior\ReadHtmlCache [ RunTime:0.000074s ]
INFO: [ app_begin ] --END-- [ RunTime:0.000400s ]
SQL: SHOW COLUMNS FROM `xcx_info` [ RunTime:0.000769s ]
SQL: SHOW COLUMNS FROM `xcx_info` [ RunTime:0.000547s ]
SQL: SELECT info.*,user.avatarUrl FROM xcx_info info LEFT JOIN xcx_user user ON user.id = info.uid  WHERE ( info.status = 1 and info.time >= "1501988733" and info.date <= "2017-08-13" and info.departure like "%济宁市%" ) ORDER BY time asc LIMIT 0,20   [ RunTime:0.000424s ]

[ 2017-08-06T11:05:36+08:00 ] 182.33.35.79 /api/info/lists
INFO: [ app_begin ] --START--
INFO: Run Behavior\ReadHtmlCache [ RunTime:0.000070s ]
INFO: [ app_begin ] --END-- [ RunTime:0.000203s ]
SQL: SHOW COLUMNS FROM `xcx_info` [ RunTime:0.000887s ]
SQL: SHOW COLUMNS FROM `xcx_info` [ RunTime:0.000488s ]
SQL: SELECT info.*,user.avatarUrl FROM xcx_info info LEFT JOIN xcx_user user ON user.id = info.uid  WHERE ( info.status = 1 and info.time >= "1501988736" and info.date <= "2017-08-13" and info.departure like "%济宁市%" ) ORDER BY time asc LIMIT 0,20   [ RunTime:0.000583s ]

[ 2017-08-06T11:05:36+08:00 ] 182.33.35.79 /api/dynamic/getlist
INFO: [ app_begin ] --START--
INFO: Run Behavior\ReadHtmlCache [ RunTime:0.000068s ]
INFO: [ app_begin ] --END-- [ RunTime:0.000197s ]
SQL: SHOW COLUMNS FROM `xcx_dynamic` [ RunTime:0.000809s ]
SQL: SHOW COLUMNS FROM `xcx_dynamic` [ RunTime:0.000457s ]
SQL: SELECT dynamic.*,user.avatarUrl,user.nickName FROM xcx_dynamic dynamic LEFT JOIN xcx_user user ON user.id = dynamic.uid  WHERE ( 1=1 ) ORDER BY dynamic.time desc LIMIT 0,20   [ RunTime:0.000092s ]
SQL: SHOW COLUMNS FROM `xcx_comment` [ RunTime:0.000487s ]
SQL: SHOW COLUMNS FROM `xcx_comment` [ RunTime:0.000521s ]
SQL: SELECT comment.id,comment.iid,comment.reply,comment.content,user.nickName FROM xcx_comment comment LEFT JOIN xcx_user user ON user.id = comment.uid  WHERE ( iid in (12,10,9,7,6,3,4,2) and type = "dynamic" ) ORDER BY comment.time desc  [ RunTime:0.000075s ]
NOTIC: [8] Undefined offset: 6 /data/wwwroot/xcx.codems.cn/Apps/Api/Controller/DynamicController.class.php 第 71 行.
NOTIC: [2] json_encode(): Invalid UTF-8 sequence in argument /data/wwwroot/xcx.codems.cn/Apps/Api/Controller/DynamicController.class.php 第 76 行.

[ 2017-08-06T11:05:48+08:00 ] 182.33.35.79 /api/user/login
INFO: [ app_begin ] --START--
INFO: Run Behavior\ReadHtmlCache [ RunTime:0.000077s ]
INFO: [ app_begin ] --END-- [ RunTime:0.000257s ]
NOTIC: [2] file_get_contents(https://api.weixin.qq.com/sns/jscode2session?appid=wx0aa456241abc9e8e&amp;secret=58ec56f0d3f37e4dcee7a75220bc6766&amp;js_code=the code is a mock one&amp;grant_type=authorization_code): failed to open stream: HTTP request failed! code 200 OK
 /data/wwwroot/xcx.codems.cn/Apps/Api/Controller/UserController.class.php 第 60 行.
SQL: SHOW COLUMNS FROM `xcx_user` [ RunTime:0.000643s ]
SQL: SELECT `id`,`avatarUrl`,`city`,`gender`,`nickName`,`province`,`county`,`phone`,`vehicle`,`name` FROM `xcx_user` WHERE ( id = "" or openid ="" ) LIMIT 1   [ RunTime:0.000073s ]
NOTIC: [8] Undefined index: encryptedData /data/wwwroot/xcx.codems.cn/Apps/Api/Controller/UserController.class.php 第 14 行.
NOTIC: [8] Undefined index: iv /data/wwwroot/xcx.codems.cn/Apps/Api/Controller/UserController.class.php 第 14 行.
SQL: SELECT `id`,`avatarUrl`,`city`,`gender`,`nickName`,`province`,`county`,`phone`,`vehicle`,`name` FROM `xcx_user` WHERE ( id = "" or openid ="" ) LIMIT 1   [ RunTime:0.000158s ]
NOTIC: [2] unlink(/data/wwwroot/xcx.codems.cn/cache/Temp/c2112f5707f104bee30ccdc569faf552.php): No such file or directory /data/wwwroot/xcx.codems.cn/include/ThinkPHP/Library/Think/Cache/Driver/File.class.php 第 157 行.

[ 2017-08-06T11:05:49+08:00 ] 182.33.35.79 /api/info/lists
INFO: [ app_begin ] --START--
INFO: Run Behavior\ReadHtmlCache [ RunTime:0.000045s ]
INFO: [ app_begin ] --END-- [ RunTime:0.000132s ]
SQL: SHOW COLUMNS FROM `xcx_info` [ RunTime:0.000539s ]
SQL: SHOW COLUMNS FROM `xcx_info` [ RunTime:0.000367s ]
SQL: SELECT info.*,user.avatarUrl FROM xcx_info info LEFT JOIN xcx_user user ON user.id = info.uid  WHERE ( info.status = 1 and info.time >= "1501988749" and info.date <= "2017-08-13" and info.departure like "%济宁市%" ) ORDER BY time asc LIMIT 0,20   [ RunTime:0.000456s ]

[ 2017-08-06T11:05:50+08:00 ] 182.33.35.79 /api/info/lists
INFO: [ app_begin ] --START--
INFO: Run Behavior\ReadHtmlCache [ RunTime:0.000045s ]
INFO: [ app_begin ] --END-- [ RunTime:0.000136s ]
SQL: SHOW COLUMNS FROM `xcx_info` [ RunTime:0.000589s ]
SQL: SHOW COLUMNS FROM `xcx_info` [ RunTime:0.000352s ]
SQL: SELECT info.*,user.avatarUrl FROM xcx_info info LEFT JOIN xcx_user user ON user.id = info.uid  WHERE ( info.status = 1 and info.time >= "1501988750" and info.date <= "2017-08-13" and info.departure like "%济宁市%" ) ORDER BY time asc LIMIT 0,20   [ RunTime:0.000451s ]

[ 2017-08-06T11:05:51+08:00 ] 182.33.35.79 /api/dynamic/getlist
INFO: [ app_begin ] --START--
INFO: Run Behavior\ReadHtmlCache [ RunTime:0.000070s ]
INFO: [ app_begin ] --END-- [ RunTime:0.000204s ]
SQL: SHOW COLUMNS FROM `xcx_dynamic` [ RunTime:0.000647s ]
SQL: SHOW COLUMNS FROM `xcx_dynamic` [ RunTime:0.000301s ]
SQL: SELECT dynamic.*,user.avatarUrl,user.nickName FROM xcx_dynamic dynamic LEFT JOIN xcx_user user ON user.id = dynamic.uid  WHERE ( 1=1 ) ORDER BY dynamic.time desc LIMIT 0,20   [ RunTime:0.000088s ]
SQL: SHOW COLUMNS FROM `xcx_comment` [ RunTime:0.000431s ]
SQL: SHOW COLUMNS FROM `xcx_comment` [ RunTime:0.000356s ]
SQL: SELECT comment.id,comment.iid,comment.reply,comment.content,user.nickName FROM xcx_comment comment LEFT JOIN xcx_user user ON user.id = comment.uid  WHERE ( iid in (12,10,9,7,6,3,4,2) and type = "dynamic" ) ORDER BY comment.time desc  [ RunTime:0.000068s ]
NOTIC: [8] Undefined offset: 6 /data/wwwroot/xcx.codems.cn/Apps/Api/Controller/DynamicController.class.php 第 71 行.
NOTIC: [2] json_encode(): Invalid UTF-8 sequence in argument /data/wwwroot/xcx.codems.cn/Apps/Api/Controller/DynamicController.class.php 第 76 行.

[ 2017-08-06T11:20:28+08:00 ] 182.33.35.79 /api/info/lists
INFO: [ app_begin ] --START--
INFO: Run Behavior\ReadHtmlCache [ RunTime:0.000380s ]
INFO: [ app_begin ] --END-- [ RunTime:0.000540s ]
SQL: SHOW COLUMNS FROM `xcx_info` [ RunTime:0.000578s ]
SQL: SHOW COLUMNS FROM `xcx_info` [ RunTime:0.000921s ]
SQL: SELECT info.*,user.avatarUrl FROM xcx_info info LEFT JOIN xcx_user user ON user.id = info.uid  WHERE ( info.status = 1 and info.time >= "1501989628" and info.date <= "2017-08-13" and info.departure like "%济宁市%" ) ORDER BY time asc LIMIT 0,20   [ RunTime:0.000542s ]

[ 2017-08-06T11:25:15+08:00 ] 182.33.35.79 /api/dynamic/getlist
INFO: [ app_begin ] --START--
INFO: Run Behavior\ReadHtmlCache [ RunTime:0.000077s ]
INFO: [ app_begin ] --END-- [ RunTime:0.000203s ]
SQL: SHOW COLUMNS FROM `xcx_dynamic` [ RunTime:0.001118s ]
SQL: SHOW COLUMNS FROM `xcx_dynamic` [ RunTime:0.000351s ]
SQL: SELECT dynamic.*,user.avatarUrl,user.nickName FROM xcx_dynamic dynamic LEFT JOIN xcx_user user ON user.id = dynamic.uid  WHERE ( 1=1 ) ORDER BY dynamic.time desc LIMIT 0,20   [ RunTime:0.000065s ]
SQL: SHOW COLUMNS FROM `xcx_comment` [ RunTime:0.000339s ]
SQL: SHOW COLUMNS FROM `xcx_comment` [ RunTime:0.000310s ]
SQL: SELECT comment.id,comment.iid,comment.reply,comment.content,user.nickName FROM xcx_comment comment LEFT JOIN xcx_user user ON user.id = comment.uid  WHERE ( iid in (12,10,9,7,6,3,4,2) and type = "dynamic" ) ORDER BY comment.time desc  [ RunTime:0.000057s ]
NOTIC: [8] Undefined offset: 6 /data/wwwroot/xcx.codems.cn/Apps/Api/Controller/DynamicController.class.php 第 71 行.
NOTIC: [2] json_encode(): Invalid UTF-8 sequence in argument /data/wwwroot/xcx.codems.cn/Apps/Api/Controller/DynamicController.class.php 第 76 行.

[ 2017-08-06T11:25:18+08:00 ] 182.33.35.79 /api/dynamic/getlist
INFO: [ app_begin ] --START--
INFO: Run Behavior\ReadHtmlCache [ RunTime:0.000062s ]
INFO: [ app_begin ] --END-- [ RunTime:0.000188s ]
SQL: SHOW COLUMNS FROM `xcx_dynamic` [ RunTime:0.000563s ]
SQL: SHOW COLUMNS FROM `xcx_dynamic` [ RunTime:0.000403s ]
SQL: SELECT dynamic.*,user.avatarUrl,user.nickName FROM xcx_dynamic dynamic LEFT JOIN xcx_user user ON user.id = dynamic.uid  WHERE ( 1=1 ) ORDER BY dynamic.time desc LIMIT 20,20   [ RunTime:0.000524s ]
NOTIC: [2] Invalid argument supplied for foreach() /data/wwwroot/xcx.codems.cn/Apps/Api/Controller/DynamicController.class.php 第 57 行.
NOTIC: [8] Undefined variable: arr /data/wwwroot/xcx.codems.cn/Apps/Api/Controller/DynamicController.class.php 第 60 行.
NOTIC: [2] implode(): Invalid arguments passed /data/wwwroot/xcx.codems.cn/Apps/Api/Controller/DynamicController.class.php 第 60 行.
SQL: SHOW COLUMNS FROM `xcx_comment` [ RunTime:0.000407s ]
SQL: SHOW COLUMNS FROM `xcx_comment` [ RunTime:0.000393s ]
SQL: SELECT comment.id,comment.iid,comment.reply,comment.content,user.nickName FROM xcx_comment comment LEFT JOIN xcx_user user ON user.id = comment.uid  WHERE ( iid in () and type = "dynamic" ) ORDER BY comment.time desc  [ RunTime:0.000099s ]
ERR: 1064:You have an error in your SQL syntax; check the manual that corresponds to your MySQL server version for the right syntax to use near ') and type = "dynamic" ) ORDER BY comment.time desc' at line 1
 [ SQL语句 ] : SELECT comment.id,comment.iid,comment.reply,comment.content,user.nickName FROM xcx_comment comment LEFT JOIN xcx_user user ON user.id = comment.uid  WHERE ( iid in () and type = "dynamic" ) ORDER BY comment.time desc 
NOTIC: [2] Invalid argument supplied for foreach() /data/wwwroot/xcx.codems.cn/Apps/Api/Controller/DynamicController.class.php 第 67 行.
NOTIC: [2] Invalid argument supplied for foreach() /data/wwwroot/xcx.codems.cn/Apps/Api/Controller/DynamicController.class.php 第 70 行.
NOTIC: [2] json_encode(): Invalid UTF-8 sequence in argument /data/wwwroot/xcx.codems.cn/Apps/Api/Controller/DynamicController.class.php 第 76 行.

[ 2017-08-06T11:25:59+08:00 ] 182.33.35.79 /api/dynamic/getlist
INFO: [ app_begin ] --START--
INFO: Run Behavior\ReadHtmlCache [ RunTime:0.000070s ]
INFO: [ app_begin ] --END-- [ RunTime:0.000197s ]
SQL: SHOW COLUMNS FROM `xcx_dynamic` [ RunTime:0.000421s ]
SQL: SHOW COLUMNS FROM `xcx_dynamic` [ RunTime:0.000277s ]
SQL: SELECT dynamic.*,user.avatarUrl,user.nickName FROM xcx_dynamic dynamic LEFT JOIN xcx_user user ON user.id = dynamic.uid  WHERE ( 1=1 ) ORDER BY dynamic.time desc LIMIT 40,20   [ RunTime:0.000306s ]
NOTIC: [2] Invalid argument supplied for foreach() /data/wwwroot/xcx.codems.cn/Apps/Api/Controller/DynamicController.class.php 第 57 行.
NOTIC: [8] Undefined variable: arr /data/wwwroot/xcx.codems.cn/Apps/Api/Controller/DynamicController.class.php 第 60 行.
NOTIC: [2] implode(): Invalid arguments passed /data/wwwroot/xcx.codems.cn/Apps/Api/Controller/DynamicController.class.php 第 60 行.
SQL: SHOW COLUMNS FROM `xcx_comment` [ RunTime:0.000298s ]
SQL: SHOW COLUMNS FROM `xcx_comment` [ RunTime:0.000288s ]
SQL: SELECT comment.id,comment.iid,comment.reply,comment.content,user.nickName FROM xcx_comment comment LEFT JOIN xcx_user user ON user.id = comment.uid  WHERE ( iid in () and type = "dynamic" ) ORDER BY comment.time desc  [ RunTime:0.000098s ]
ERR: 1064:You have an error in your SQL syntax; check the manual that corresponds to your MySQL server version for the right syntax to use near ') and type = "dynamic" ) ORDER BY comment.time desc' at line 1
 [ SQL语句 ] : SELECT comment.id,comment.iid,comment.reply,comment.content,user.nickName FROM xcx_comment comment LEFT JOIN xcx_user user ON user.id = comment.uid  WHERE ( iid in () and type = "dynamic" ) ORDER BY comment.time desc 
NOTIC: [2] Invalid argument supplied for foreach() /data/wwwroot/xcx.codems.cn/Apps/Api/Controller/DynamicController.class.php 第 67 行.
NOTIC: [2] Invalid argument supplied for foreach() /data/wwwroot/xcx.codems.cn/Apps/Api/Controller/DynamicController.class.php 第 70 行.
NOTIC: [2] json_encode(): Invalid UTF-8 sequence in argument /data/wwwroot/xcx.codems.cn/Apps/Api/Controller/DynamicController.class.php 第 76 行.

[ 2017-08-06T11:26:45+08:00 ] 182.33.35.79 /api/user/login
INFO: [ app_begin ] --START--
INFO: Run Behavior\ReadHtmlCache [ RunTime:0.000067s ]
INFO: [ app_begin ] --END-- [ RunTime:0.000173s ]
NOTIC: [2] file_get_contents(https://api.weixin.qq.com/sns/jscode2session?appid=wx0aa456241abc9e8e&amp;secret=58ec56f0d3f37e4dcee7a75220bc6766&amp;js_code=the code is a mock one&amp;grant_type=authorization_code): failed to open stream: HTTP request failed! code 200 OK
 /data/wwwroot/xcx.codems.cn/Apps/Api/Controller/UserController.class.php 第 60 行.
SQL: SHOW COLUMNS FROM `xcx_user` [ RunTime:0.000560s ]
SQL: SELECT `id`,`avatarUrl`,`city`,`gender`,`nickName`,`province`,`county`,`phone`,`vehicle`,`name` FROM `xcx_user` WHERE ( id = "" or openid ="" ) LIMIT 1   [ RunTime:0.000080s ]
NOTIC: [8] Undefined index: encryptedData /data/wwwroot/xcx.codems.cn/Apps/Api/Controller/UserController.class.php 第 14 行.
NOTIC: [8] Undefined index: iv /data/wwwroot/xcx.codems.cn/Apps/Api/Controller/UserController.class.php 第 14 行.
SQL: SELECT `id`,`avatarUrl`,`city`,`gender`,`nickName`,`province`,`county`,`phone`,`vehicle`,`name` FROM `xcx_user` WHERE ( id = "" or openid ="" ) LIMIT 1   [ RunTime:0.000056s ]
NOTIC: [2] unlink(/data/wwwroot/xcx.codems.cn/cache/Temp/e9084e9be35f3a106c60ac62fb8ffc12.php): No such file or directory /data/wwwroot/xcx.codems.cn/include/ThinkPHP/Library/Think/Cache/Driver/File.class.php 第 157 行.

[ 2017-08-06T11:26:46+08:00 ] 182.33.35.79 /api/info/lists
INFO: [ app_begin ] --START--
INFO: Run Behavior\ReadHtmlCache [ RunTime:0.000044s ]
INFO: [ app_begin ] --END-- [ RunTime:0.000133s ]
SQL: SHOW COLUMNS FROM `xcx_info` [ RunTime:0.000554s ]
SQL: SHOW COLUMNS FROM `xcx_info` [ RunTime:0.000453s ]
SQL: SELECT info.*,user.avatarUrl FROM xcx_info info LEFT JOIN xcx_user user ON user.id = info.uid  WHERE ( info.status = 1 and info.time >= "1501990006" and info.date <= "2017-08-13" ) ORDER BY time asc LIMIT 0,20   [ RunTime:0.000382s ]

[ 2017-08-06T11:26:47+08:00 ] 182.33.35.79 /api/dynamic/getlist
INFO: [ app_begin ] --START--
INFO: Run Behavior\ReadHtmlCache [ RunTime:0.000060s ]
INFO: [ app_begin ] --END-- [ RunTime:0.000165s ]
SQL: SHOW COLUMNS FROM `xcx_dynamic` [ RunTime:0.000479s ]
SQL: SHOW COLUMNS FROM `xcx_dynamic` [ RunTime:0.000374s ]
SQL: SELECT dynamic.*,user.avatarUrl,user.nickName FROM xcx_dynamic dynamic LEFT JOIN xcx_user user ON user.id = dynamic.uid  WHERE ( 1=1 ) ORDER BY dynamic.time desc LIMIT 0,20   [ RunTime:0.000062s ]
SQL: SHOW COLUMNS FROM `xcx_comment` [ RunTime:0.000298s ]
SQL: SHOW COLUMNS FROM `xcx_comment` [ RunTime:0.000266s ]
SQL: SELECT comment.id,comment.iid,comment.reply,comment.content,user.nickName FROM xcx_comment comment LEFT JOIN xcx_user user ON user.id = comment.uid  WHERE ( iid in (12,10,9,7,6,3,4,2) and type = "dynamic" ) ORDER BY comment.time desc  [ RunTime:0.000060s ]
NOTIC: [8] Undefined offset: 6 /data/wwwroot/xcx.codems.cn/Apps/Api/Controller/DynamicController.class.php 第 71 行.
NOTIC: [2] json_encode(): Invalid UTF-8 sequence in argument /data/wwwroot/xcx.codems.cn/Apps/Api/Controller/DynamicController.class.php 第 76 行.

[ 2017-08-06T11:26:47+08:00 ] 182.33.35.79 /api/info/lists
INFO: [ app_begin ] --START--
INFO: Run Behavior\ReadHtmlCache [ RunTime:0.000071s ]
INFO: [ app_begin ] --END-- [ RunTime:0.000213s ]
SQL: SHOW COLUMNS FROM `xcx_info` [ RunTime:0.000673s ]
SQL: SHOW COLUMNS FROM `xcx_info` [ RunTime:0.000403s ]
SQL: SELECT info.*,user.avatarUrl FROM xcx_info info LEFT JOIN xcx_user user ON user.id = info.uid  WHERE ( info.status = 1 and info.time >= "1501990007" and info.date <= "2017-08-13" and info.departure like "%济宁市%" ) ORDER BY time asc LIMIT 0,20   [ RunTime:0.000395s ]

[ 2017-08-06T11:26:57+08:00 ] 182.33.35.79 /api/dynamic/getlist
INFO: [ app_begin ] --START--
INFO: Run Behavior\ReadHtmlCache [ RunTime:0.000086s ]
INFO: [ app_begin ] --END-- [ RunTime:0.000245s ]
SQL: SHOW COLUMNS FROM `xcx_dynamic` [ RunTime:0.000754s ]
SQL: SHOW COLUMNS FROM `xcx_dynamic` [ RunTime:0.000434s ]
SQL: SELECT dynamic.*,user.avatarUrl,user.nickName FROM xcx_dynamic dynamic LEFT JOIN xcx_user user ON user.id = dynamic.uid  WHERE ( 1=1 ) ORDER BY dynamic.time desc LIMIT 20,20   [ RunTime:0.000080s ]
NOTIC: [2] Invalid argument supplied for foreach() /data/wwwroot/xcx.codems.cn/Apps/Api/Controller/DynamicController.class.php 第 57 行.
NOTIC: [8] Undefined variable: arr /data/wwwroot/xcx.codems.cn/Apps/Api/Controller/DynamicController.class.php 第 60 行.
NOTIC: [2] implode(): Invalid arguments passed /data/wwwroot/xcx.codems.cn/Apps/Api/Controller/DynamicController.class.php 第 60 行.
SQL: SHOW COLUMNS FROM `xcx_comment` [ RunTime:0.000374s ]
SQL: SHOW COLUMNS FROM `xcx_comment` [ RunTime:0.000412s ]
SQL: SELECT comment.id,comment.iid,comment.reply,comment.content,user.nickName FROM xcx_comment comment LEFT JOIN xcx_user user ON user.id = comment.uid  WHERE ( iid in () and type = "dynamic" ) ORDER BY comment.time desc  [ RunTime:0.000211s ]
ERR: 1064:You have an error in your SQL syntax; check the manual that corresponds to your MySQL server version for the right syntax to use near ') and type = "dynamic" ) ORDER BY comment.time desc' at line 1
 [ SQL语句 ] : SELECT comment.id,comment.iid,comment.reply,comment.content,user.nickName FROM xcx_comment comment LEFT JOIN xcx_user user ON user.id = comment.uid  WHERE ( iid in () and type = "dynamic" ) ORDER BY comment.time desc 
NOTIC: [2] Invalid argument supplied for foreach() /data/wwwroot/xcx.codems.cn/Apps/Api/Controller/DynamicController.class.php 第 67 行.
NOTIC: [2] Invalid argument supplied for foreach() /data/wwwroot/xcx.codems.cn/Apps/Api/Controller/DynamicController.class.php 第 70 行.
NOTIC: [2] json_encode(): Invalid UTF-8 sequence in argument /data/wwwroot/xcx.codems.cn/Apps/Api/Controller/DynamicController.class.php 第 76 行.

[ 2017-08-06T11:28:12+08:00 ] 182.33.35.79 /api/info/lists
INFO: [ app_begin ] --START--
INFO: Run Behavior\ReadHtmlCache [ RunTime:0.000059s ]
INFO: [ app_begin ] --END-- [ RunTime:0.000194s ]
SQL: SHOW COLUMNS FROM `xcx_info` [ RunTime:0.000581s ]
SQL: SHOW COLUMNS FROM `xcx_info` [ RunTime:0.000537s ]
SQL: SELECT info.*,user.avatarUrl FROM xcx_info info LEFT JOIN xcx_user user ON user.id = info.uid  WHERE ( info.status = 1 and info.time >= "1501990092" and info.date <= "2017-08-13" and info.departure like "%济宁市%" ) ORDER BY time asc LIMIT 0,20   [ RunTime:0.000794s ]

[ 2017-08-06T11:28:13+08:00 ] 182.33.35.79 /api/dynamic/getlist
INFO: [ app_begin ] --START--
INFO: Run Behavior\ReadHtmlCache [ RunTime:0.000061s ]
INFO: [ app_begin ] --END-- [ RunTime:0.000184s ]
SQL: SHOW COLUMNS FROM `xcx_dynamic` [ RunTime:0.000539s ]
SQL: SHOW COLUMNS FROM `xcx_dynamic` [ RunTime:0.000407s ]
SQL: SELECT dynamic.*,user.avatarUrl,user.nickName FROM xcx_dynamic dynamic LEFT JOIN xcx_user user ON user.id = dynamic.uid  WHERE ( 1=1 ) ORDER BY dynamic.time desc LIMIT 0,20   [ RunTime:0.000083s ]
SQL: SHOW COLUMNS FROM `xcx_comment` [ RunTime:0.000443s ]
SQL: SHOW COLUMNS FROM `xcx_comment` [ RunTime:0.000494s ]
SQL: SELECT comment.id,comment.iid,comment.reply,comment.content,user.nickName FROM xcx_comment comment LEFT JOIN xcx_user user ON user.id = comment.uid  WHERE ( iid in (12,10,9,7,6,3,4,2) and type = "dynamic" ) ORDER BY comment.time desc  [ RunTime:0.000062s ]
NOTIC: [8] Undefined offset: 6 /data/wwwroot/xcx.codems.cn/Apps/Api/Controller/DynamicController.class.php 第 71 行.
NOTIC: [2] json_encode(): Invalid UTF-8 sequence in argument /data/wwwroot/xcx.codems.cn/Apps/Api/Controller/DynamicController.class.php 第 76 行.

[ 2017-08-06T11:28:13+08:00 ] 182.33.35.79 /api/info/lists
INFO: [ app_begin ] --START--
INFO: Run Behavior\ReadHtmlCache [ RunTime:0.000068s ]
INFO: [ app_begin ] --END-- [ RunTime:0.000194s ]
SQL: SHOW COLUMNS FROM `xcx_info` [ RunTime:0.000577s ]
SQL: SHOW COLUMNS FROM `xcx_info` [ RunTime:0.000439s ]
SQL: SELECT info.*,user.avatarUrl FROM xcx_info info LEFT JOIN xcx_user user ON user.id = info.uid  WHERE ( info.status = 1 and info.time >= "1501990093" and info.date <= "2017-08-13" and info.departure like "%济宁市%" ) ORDER BY time asc LIMIT 0,20   [ RunTime:0.000671s ]

[ 2017-08-06T11:28:19+08:00 ] 182.33.35.79 /api/msg/getall
INFO: [ app_begin ] --START--
INFO: Run Behavior\ReadHtmlCache [ RunTime:0.000055s ]
INFO: [ app_begin ] --END-- [ RunTime:0.000155s ]
NOTIC: [2048] Declaration of Api\Controller\MsgController::get() should be compatible with Think\Controller::get($name = '') /data/wwwroot/xcx.codems.cn/Apps/Api/Controller/MsgController.class.php 第 0 行.
SQL: SHOW COLUMNS FROM `xcx_user` [ RunTime:0.000446s ]

[ 2017-08-06T11:28:20+08:00 ] 182.33.35.79 /api/dynamic/getlist
INFO: [ app_begin ] --START--
INFO: Run Behavior\ReadHtmlCache [ RunTime:0.000083s ]
INFO: [ app_begin ] --END-- [ RunTime:0.003585s ]
SQL: SHOW COLUMNS FROM `xcx_dynamic` [ RunTime:0.000506s ]
SQL: SHOW COLUMNS FROM `xcx_dynamic` [ RunTime:0.000910s ]
SQL: SELECT dynamic.*,user.avatarUrl,user.nickName FROM xcx_dynamic dynamic LEFT JOIN xcx_user user ON user.id = dynamic.uid  WHERE ( 1=1 ) ORDER BY dynamic.time desc LIMIT 0,20   [ RunTime:0.000078s ]
SQL: SHOW COLUMNS FROM `xcx_comment` [ RunTime:0.000839s ]
SQL: SHOW COLUMNS FROM `xcx_comment` [ RunTime:0.000385s ]
SQL: SELECT comment.id,comment.iid,comment.reply,comment.content,user.nickName FROM xcx_comment comment LEFT JOIN xcx_user user ON user.id = comment.uid  WHERE ( iid in (12,10,9,7,6,3,4,2) and type = "dynamic" ) ORDER BY comment.time desc  [ RunTime:0.000068s ]
NOTIC: [8] Undefined offset: 6 /data/wwwroot/xcx.codems.cn/Apps/Api/Controller/DynamicController.class.php 第 71 行.
NOTIC: [2] json_encode(): Invalid UTF-8 sequence in argument /data/wwwroot/xcx.codems.cn/Apps/Api/Controller/DynamicController.class.php 第 76 行.

[ 2017-08-06T11:58:24+08:00 ] 223.73.198.97 /api/user/login
INFO: [ app_begin ] --START--
INFO: Run Behavior\ReadHtmlCache [ RunTime:0.000057s ]
INFO: [ app_begin ] --END-- [ RunTime:0.000177s ]
SQL: SHOW COLUMNS FROM `xcx_user` [ RunTime:0.000676s ]
NOTIC: [8] Undefined index: openid /data/wwwroot/xcx.codems.cn/Apps/Api/Controller/UserController.class.php 第 12 行.
SQL: SELECT `id`,`avatarUrl`,`city`,`gender`,`nickName`,`province`,`county`,`phone`,`vehicle`,`name` FROM `xcx_user` WHERE ( id = "" or openid ="" ) LIMIT 1   [ RunTime:0.000106s ]
NOTIC: [8] Undefined index: session_key /data/wwwroot/xcx.codems.cn/Apps/Api/Controller/UserController.class.php 第 14 行.
NOTIC: [8] Undefined index: openid /data/wwwroot/xcx.codems.cn/Apps/Api/Controller/UserController.class.php 第 18 行.
SQL: SELECT `id`,`avatarUrl`,`city`,`gender`,`nickName`,`province`,`county`,`phone`,`vehicle`,`name` FROM `xcx_user` WHERE ( id = "" or openid ="" ) LIMIT 1   [ RunTime:0.000093s ]
NOTIC: [8] Undefined index: openid /data/wwwroot/xcx.codems.cn/Apps/Api/Controller/UserController.class.php 第 19 行.
NOTIC: [8] Undefined index: session_key /data/wwwroot/xcx.codems.cn/Apps/Api/Controller/UserController.class.php 第 19 行.
NOTIC: [2] unlink(/data/wwwroot/xcx.codems.cn/cache/Temp/c6c4d8b6390d9b62b936f038b804016b.php): No such file or directory /data/wwwroot/xcx.codems.cn/include/ThinkPHP/Library/Think/Cache/Driver/File.class.php 第 157 行.

[ 2017-08-06T11:58:45+08:00 ] 223.73.198.97 /api/user/login
INFO: [ app_begin ] --START--
INFO: Run Behavior\ReadHtmlCache [ RunTime:0.000060s ]
INFO: [ app_begin ] --END-- [ RunTime:0.000186s ]
SQL: SHOW COLUMNS FROM `xcx_user` [ RunTime:0.000590s ]
NOTIC: [8] Undefined index: openid /data/wwwroot/xcx.codems.cn/Apps/Api/Controller/UserController.class.php 第 12 行.
SQL: SELECT `id`,`avatarUrl`,`city`,`gender`,`nickName`,`province`,`county`,`phone`,`vehicle`,`name` FROM `xcx_user` WHERE ( id = "" or openid ="" ) LIMIT 1   [ RunTime:0.000058s ]
NOTIC: [8] Undefined index: session_key /data/wwwroot/xcx.codems.cn/Apps/Api/Controller/UserController.class.php 第 14 行.
NOTIC: [8] Undefined index: openid /data/wwwroot/xcx.codems.cn/Apps/Api/Controller/UserController.class.php 第 18 行.
SQL: SELECT `id`,`avatarUrl`,`city`,`gender`,`nickName`,`province`,`county`,`phone`,`vehicle`,`name` FROM `xcx_user` WHERE ( id = "" or openid ="" ) LIMIT 1   [ RunTime:0.000052s ]
NOTIC: [8] Undefined index: openid /data/wwwroot/xcx.codems.cn/Apps/Api/Controller/UserController.class.php 第 19 行.
NOTIC: [8] Undefined index: session_key /data/wwwroot/xcx.codems.cn/Apps/Api/Controller/UserController.class.php 第 19 行.
NOTIC: [2] unlink(/data/wwwroot/xcx.codems.cn/cache/Temp/4a6b3e9549bbf25ce25dfc4b5d3c3d30.php): No such file or directory /data/wwwroot/xcx.codems.cn/include/ThinkPHP/Library/Think/Cache/Driver/File.class.php 第 157 行.

[ 2017-08-06T11:59:16+08:00 ] 223.73.198.97 /api/user/login
INFO: [ app_begin ] --START--
INFO: Run Behavior\ReadHtmlCache [ RunTime:0.000090s ]
INFO: [ app_begin ] --END-- [ RunTime:0.000324s ]
SQL: SHOW COLUMNS FROM `xcx_user` [ RunTime:0.001513s ]
NOTIC: [8] Undefined index: openid /data/wwwroot/xcx.codems.cn/Apps/Api/Controller/UserController.class.php 第 12 行.
SQL: SELECT `id`,`avatarUrl`,`city`,`gender`,`nickName`,`province`,`county`,`phone`,`vehicle`,`name` FROM `xcx_user` WHERE ( id = "" or openid ="" ) LIMIT 1   [ RunTime:0.000084s ]
NOTIC: [8] Undefined index: session_key /data/wwwroot/xcx.codems.cn/Apps/Api/Controller/UserController.class.php 第 14 行.
NOTIC: [8] Undefined index: openid /data/wwwroot/xcx.codems.cn/Apps/Api/Controller/UserController.class.php 第 18 行.
SQL: SELECT `id`,`avatarUrl`,`city`,`gender`,`nickName`,`province`,`county`,`phone`,`vehicle`,`name` FROM `xcx_user` WHERE ( id = "" or openid ="" ) LIMIT 1   [ RunTime:0.000071s ]
NOTIC: [8] Undefined index: openid /data/wwwroot/xcx.codems.cn/Apps/Api/Controller/UserController.class.php 第 19 行.
NOTIC: [8] Undefined index: session_key /data/wwwroot/xcx.codems.cn/Apps/Api/Controller/UserController.class.php 第 19 行.
NOTIC: [2] unlink(/data/wwwroot/xcx.codems.cn/cache/Temp/5ba8610ef1abb45952d26654e4fbc934.php): No such file or directory /data/wwwroot/xcx.codems.cn/include/ThinkPHP/Library/Think/Cache/Driver/File.class.php 第 157 行.

[ 2017-08-06T11:59:18+08:00 ] 223.73.198.97 /api/user/login
INFO: [ app_begin ] --START--
INFO: Run Behavior\ReadHtmlCache [ RunTime:0.000066s ]
INFO: [ app_begin ] --END-- [ RunTime:0.000188s ]
SQL: SHOW COLUMNS FROM `xcx_user` [ RunTime:0.000674s ]
NOTIC: [8] Undefined index: openid /data/wwwroot/xcx.codems.cn/Apps/Api/Controller/UserController.class.php 第 12 行.
SQL: SELECT `id`,`avatarUrl`,`city`,`gender`,`nickName`,`province`,`county`,`phone`,`vehicle`,`name` FROM `xcx_user` WHERE ( id = "" or openid ="" ) LIMIT 1   [ RunTime:0.000080s ]
NOTIC: [8] Undefined index: session_key /data/wwwroot/xcx.codems.cn/Apps/Api/Controller/UserController.class.php 第 14 行.
NOTIC: [8] Undefined index: openid /data/wwwroot/xcx.codems.cn/Apps/Api/Controller/UserController.class.php 第 18 行.
SQL: SELECT `id`,`avatarUrl`,`city`,`gender`,`nickName`,`province`,`county`,`phone`,`vehicle`,`name` FROM `xcx_user` WHERE ( id = "" or openid ="" ) LIMIT 1   [ RunTime:0.000097s ]
NOTIC: [8] Undefined index: openid /data/wwwroot/xcx.codems.cn/Apps/Api/Controller/UserController.class.php 第 19 行.
NOTIC: [8] Undefined index: session_key /data/wwwroot/xcx.codems.cn/Apps/Api/Controller/UserController.class.php 第 19 行.
NOTIC: [2] unlink(/data/wwwroot/xcx.codems.cn/cache/Temp/e5c9400312505ca9d3a6f57aa7ce6c94.php): No such file or directory /data/wwwroot/xcx.codems.cn/include/ThinkPHP/Library/Think/Cache/Driver/File.class.php 第 157 行.

[ 2017-08-06T11:59:59+08:00 ] 223.73.198.97 /api/user/login
INFO: [ app_begin ] --START--
INFO: Run Behavior\ReadHtmlCache [ RunTime:0.000062s ]
INFO: [ app_begin ] --END-- [ RunTime:0.000185s ]
SQL: SHOW COLUMNS FROM `xcx_user` [ RunTime:0.000469s ]
NOTIC: [8] Undefined index: openid /data/wwwroot/xcx.codems.cn/Apps/Api/Controller/UserController.class.php 第 12 行.
SQL: SELECT `id`,`avatarUrl`,`city`,`gender`,`nickName`,`province`,`county`,`phone`,`vehicle`,`name` FROM `xcx_user` WHERE ( id = "" or openid ="" ) LIMIT 1   [ RunTime:0.000079s ]
NOTIC: [8] Undefined index: session_key /data/wwwroot/xcx.codems.cn/Apps/Api/Controller/UserController.class.php 第 14 行.
NOTIC: [8] Undefined index: openid /data/wwwroot/xcx.codems.cn/Apps/Api/Controller/UserController.class.php 第 18 行.
SQL: SELECT `id`,`avatarUrl`,`city`,`gender`,`nickName`,`province`,`county`,`phone`,`vehicle`,`name` FROM `xcx_user` WHERE ( id = "" or openid ="" ) LIMIT 1   [ RunTime:0.000069s ]
NOTIC: [8] Undefined index: openid /data/wwwroot/xcx.codems.cn/Apps/Api/Controller/UserController.class.php 第 19 行.
NOTIC: [8] Undefined index: session_key /data/wwwroot/xcx.codems.cn/Apps/Api/Controller/UserController.class.php 第 19 行.
NOTIC: [2] unlink(/data/wwwroot/xcx.codems.cn/cache/Temp/5c50695ab6858222160708d760de90a3.php): No such file or directory /data/wwwroot/xcx.codems.cn/include/ThinkPHP/Library/Think/Cache/Driver/File.class.php 第 157 行.

[ 2017-08-06T12:00:42+08:00 ] 223.73.198.97 /api/user/login
INFO: [ app_begin ] --START--
INFO: Run Behavior\ReadHtmlCache [ RunTime:0.000095s ]
INFO: [ app_begin ] --END-- [ RunTime:0.000337s ]
SQL: SHOW COLUMNS FROM `xcx_user` [ RunTime:0.000644s ]
NOTIC: [8] Undefined index: openid /data/wwwroot/xcx.codems.cn/Apps/Api/Controller/UserController.class.php 第 12 行.
SQL: SELECT `id`,`avatarUrl`,`city`,`gender`,`nickName`,`province`,`county`,`phone`,`vehicle`,`name` FROM `xcx_user` WHERE ( id = "" or openid ="" ) LIMIT 1   [ RunTime:0.000074s ]
NOTIC: [8] Undefined index: session_key /data/wwwroot/xcx.codems.cn/Apps/Api/Controller/UserController.class.php 第 14 行.
NOTIC: [8] Undefined index: openid /data/wwwroot/xcx.codems.cn/Apps/Api/Controller/UserController.class.php 第 18 行.
SQL: SELECT `id`,`avatarUrl`,`city`,`gender`,`nickName`,`province`,`county`,`phone`,`vehicle`,`name` FROM `xcx_user` WHERE ( id = "" or openid ="" ) LIMIT 1   [ RunTime:0.000070s ]
NOTIC: [8] Undefined index: openid /data/wwwroot/xcx.codems.cn/Apps/Api/Controller/UserController.class.php 第 19 行.
NOTIC: [8] Undefined index: session_key /data/wwwroot/xcx.codems.cn/Apps/Api/Controller/UserController.class.php 第 19 行.
NOTIC: [2] unlink(/data/wwwroot/xcx.codems.cn/cache/Temp/e5e86ad861d28f6a423a50091c1cad62.php): No such file or directory /data/wwwroot/xcx.codems.cn/include/ThinkPHP/Library/Think/Cache/Driver/File.class.php 第 157 行.

[ 2017-08-06T12:00:58+08:00 ] 223.73.198.97 /api/user/login
INFO: [ app_begin ] --START--
INFO: Run Behavior\ReadHtmlCache [ RunTime:0.000074s ]
INFO: [ app_begin ] --END-- [ RunTime:0.000233s ]
SQL: SHOW COLUMNS FROM `xcx_user` [ RunTime:0.000637s ]
NOTIC: [8] Undefined index: openid /data/wwwroot/xcx.codems.cn/Apps/Api/Controller/UserController.class.php 第 12 行.
SQL: SELECT `id`,`avatarUrl`,`city`,`gender`,`nickName`,`province`,`county`,`phone`,`vehicle`,`name` FROM `xcx_user` WHERE ( id = "" or openid ="" ) LIMIT 1   [ RunTime:0.000089s ]
NOTIC: [8] Undefined index: session_key /data/wwwroot/xcx.codems.cn/Apps/Api/Controller/UserController.class.php 第 14 行.
NOTIC: [8] Undefined index: openid /data/wwwroot/xcx.codems.cn/Apps/Api/Controller/UserController.class.php 第 18 行.
SQL: SELECT `id`,`avatarUrl`,`city`,`gender`,`nickName`,`province`,`county`,`phone`,`vehicle`,`name` FROM `xcx_user` WHERE ( id = "" or openid ="" ) LIMIT 1   [ RunTime:0.000053s ]
NOTIC: [8] Undefined index: openid /data/wwwroot/xcx.codems.cn/Apps/Api/Controller/UserController.class.php 第 19 行.
NOTIC: [8] Undefined index: session_key /data/wwwroot/xcx.codems.cn/Apps/Api/Controller/UserController.class.php 第 19 行.
NOTIC: [2] unlink(/data/wwwroot/xcx.codems.cn/cache/Temp/440a10e9d1cda3a6638e583a7a0a92e3.php): No such file or directory /data/wwwroot/xcx.codems.cn/include/ThinkPHP/Library/Think/Cache/Driver/File.class.php 第 157 行.

[ 2017-08-06T12:04:07+08:00 ] 223.73.198.97 /api/user/login
INFO: [ app_begin ] --START--
INFO: Run Behavior\ReadHtmlCache [ RunTime:0.000081s ]
INFO: [ app_begin ] --END-- [ RunTime:0.000216s ]
SQL: SHOW COLUMNS FROM `xcx_user` [ RunTime:0.000780s ]
NOTIC: [8] Undefined index: openid /data/wwwroot/xcx.codems.cn/Apps/Api/Controller/UserController.class.php 第 12 行.
SQL: SELECT `id`,`avatarUrl`,`city`,`gender`,`nickName`,`province`,`county`,`phone`,`vehicle`,`name` FROM `xcx_user` WHERE ( id = "" or openid ="" ) LIMIT 1   [ RunTime:0.000084s ]
NOTIC: [8] Undefined index: session_key /data/wwwroot/xcx.codems.cn/Apps/Api/Controller/UserController.class.php 第 14 行.
NOTIC: [8] Undefined index: openid /data/wwwroot/xcx.codems.cn/Apps/Api/Controller/UserController.class.php 第 18 行.
SQL: SELECT `id`,`avatarUrl`,`city`,`gender`,`nickName`,`province`,`county`,`phone`,`vehicle`,`name` FROM `xcx_user` WHERE ( id = "" or openid ="" ) LIMIT 1   [ RunTime:0.000088s ]
NOTIC: [8] Undefined index: openid /data/wwwroot/xcx.codems.cn/Apps/Api/Controller/UserController.class.php 第 19 行.
NOTIC: [8] Undefined index: session_key /data/wwwroot/xcx.codems.cn/Apps/Api/Controller/UserController.class.php 第 19 行.
NOTIC: [2] unlink(/data/wwwroot/xcx.codems.cn/cache/Temp/842b414a6af5e62c3187c5e9a4eaacb7.php): No such file or directory /data/wwwroot/xcx.codems.cn/include/ThinkPHP/Library/Think/Cache/Driver/File.class.php 第 157 行.

[ 2017-08-06T12:04:50+08:00 ] 223.73.198.97 /api/user/vaild_sk
INFO: [ app_begin ] --START--
INFO: Run Behavior\ReadHtmlCache [ RunTime:0.000061s ]
INFO: [ app_begin ] --END-- [ RunTime:0.000201s ]

[ 2017-08-06T19:28:02+08:00 ] 180.107.148.66 /api/info/lists
INFO: [ app_begin ] --START--
INFO: Run Behavior\ReadHtmlCache [ RunTime:0.000073s ]
INFO: [ app_begin ] --END-- [ RunTime:0.000196s ]
SQL: SHOW COLUMNS FROM `xcx_info` [ RunTime:0.000496s ]
SQL: SHOW COLUMNS FROM `xcx_info` [ RunTime:0.000372s ]
SQL: SELECT info.*,user.avatarUrl FROM xcx_info info LEFT JOIN xcx_user user ON user.id = info.uid  WHERE ( info.status = 1 and info.time >= "1502018882" and info.date <= "2017-08-13" ) ORDER BY time asc LIMIT 0,20   [ RunTime:0.000338s ]

[ 2017-08-06T19:28:02+08:00 ] 180.107.148.66 /api/info/lists
INFO: [ app_begin ] --START--
INFO: Run Behavior\ReadHtmlCache [ RunTime:0.000148s ]
INFO: [ app_begin ] --END-- [ RunTime:0.000292s ]
SQL: SHOW COLUMNS FROM `xcx_info` [ RunTime:0.000623s ]
SQL: SHOW COLUMNS FROM `xcx_info` [ RunTime:0.000430s ]
SQL: SELECT info.*,user.avatarUrl FROM xcx_info info LEFT JOIN xcx_user user ON user.id = info.uid  WHERE ( info.status = 1 and info.time >= "1502018882" and info.date <= "2017-08-13" and info.departure like "%苏州市%" ) ORDER BY time asc LIMIT 0,20   [ RunTime:0.000433s ]

[ 2017-08-06T19:28:10+08:00 ] 180.107.148.66 /api/info/lists
INFO: [ app_begin ] --START--
INFO: Run Behavior\ReadHtmlCache [ RunTime:0.000751s ]
INFO: [ app_begin ] --END-- [ RunTime:0.000868s ]
SQL: SHOW COLUMNS FROM `xcx_info` [ RunTime:0.000508s ]
SQL: SHOW COLUMNS FROM `xcx_info` [ RunTime:0.000514s ]
SQL: SELECT info.*,user.avatarUrl FROM xcx_info info LEFT JOIN xcx_user user ON user.id = info.uid  WHERE ( info.status = 1 and info.time >= "1502018890" and info.date <= "2017-08-13" and info.departure like "%苏州市%" ) ORDER BY time asc LIMIT 0,20   [ RunTime:0.000424s ]

[ 2017-08-06T19:28:26+08:00 ] 180.107.148.66 /api/info/lists
INFO: [ app_begin ] --START--
INFO: Run Behavior\ReadHtmlCache [ RunTime:0.000081s ]
INFO: [ app_begin ] --END-- [ RunTime:0.000231s ]
SQL: SHOW COLUMNS FROM `xcx_info` [ RunTime:0.000539s ]
SQL: SHOW COLUMNS FROM `xcx_info` [ RunTime:0.000315s ]
SQL: SELECT info.*,user.avatarUrl FROM xcx_info info LEFT JOIN xcx_user user ON user.id = info.uid  WHERE ( info.status = 1 and info.time >= "1502018906" and info.date <= "2017-08-13" and info.departure like "%苏州市%" ) ORDER BY time asc LIMIT 0,20   [ RunTime:0.000447s ]

[ 2017-08-06T19:28:28+08:00 ] 180.107.148.66 /api/info/lists
INFO: [ app_begin ] --START--
INFO: Run Behavior\ReadHtmlCache [ RunTime:0.000088s ]
INFO: [ app_begin ] --END-- [ RunTime:0.000235s ]
SQL: SHOW COLUMNS FROM `xcx_info` [ RunTime:0.000838s ]
SQL: SHOW COLUMNS FROM `xcx_info` [ RunTime:0.000559s ]
SQL: SELECT info.*,user.avatarUrl FROM xcx_info info LEFT JOIN xcx_user user ON user.id = info.uid  WHERE ( info.status = 1 and info.time >= "1502018908" and info.date <= "2017-08-13" and info.departure like "%苏州市%" ) ORDER BY time asc LIMIT 0,20   [ RunTime:0.000830s ]

[ 2017-08-06T19:38:23+08:00 ] 180.107.148.66 /api/user/login
INFO: [ app_begin ] --START--
INFO: Run Behavior\ReadHtmlCache [ RunTime:0.000123s ]
INFO: [ app_begin ] --END-- [ RunTime:0.000275s ]
SQL: SHOW COLUMNS FROM `xcx_user` [ RunTime:0.005716s ]
NOTIC: [8] Undefined index: openid /data/wwwroot/xcx.codems.cn/Apps/Api/Controller/UserController.class.php 第 12 行.
SQL: SELECT `id`,`avatarUrl`,`city`,`gender`,`nickName`,`province`,`county`,`phone`,`vehicle`,`name` FROM `xcx_user` WHERE ( id = "" or openid ="" ) LIMIT 1   [ RunTime:0.003296s ]
NOTIC: [8] Undefined index: session_key /data/wwwroot/xcx.codems.cn/Apps/Api/Controller/UserController.class.php 第 14 行.
NOTIC: [8] Undefined index: openid /data/wwwroot/xcx.codems.cn/Apps/Api/Controller/UserController.class.php 第 18 行.
SQL: SELECT `id`,`avatarUrl`,`city`,`gender`,`nickName`,`province`,`county`,`phone`,`vehicle`,`name` FROM `xcx_user` WHERE ( id = "" or openid ="" ) LIMIT 1   [ RunTime:0.000098s ]
NOTIC: [8] Undefined index: openid /data/wwwroot/xcx.codems.cn/Apps/Api/Controller/UserController.class.php 第 19 行.
NOTIC: [8] Undefined index: session_key /data/wwwroot/xcx.codems.cn/Apps/Api/Controller/UserController.class.php 第 19 行.
NOTIC: [2] unlink(/data/wwwroot/xcx.codems.cn/cache/Temp/48494b05ebc0ab968806de974a4b649c.php): No such file or directory /data/wwwroot/xcx.codems.cn/include/ThinkPHP/Library/Think/Cache/Driver/File.class.php 第 157 行.

[ 2017-08-06T19:38:46+08:00 ] 180.107.148.66 /api/user/login
INFO: [ app_begin ] --START--
INFO: Run Behavior\ReadHtmlCache [ RunTime:0.000058s ]
INFO: [ app_begin ] --END-- [ RunTime:0.000174s ]
SQL: SHOW COLUMNS FROM `xcx_user` [ RunTime:0.000602s ]
NOTIC: [8] Undefined index: openid /data/wwwroot/xcx.codems.cn/Apps/Api/Controller/UserController.class.php 第 12 行.
SQL: SELECT `id`,`avatarUrl`,`city`,`gender`,`nickName`,`province`,`county`,`phone`,`vehicle`,`name` FROM `xcx_user` WHERE ( id = "" or openid ="" ) LIMIT 1   [ RunTime:0.000058s ]
NOTIC: [8] Undefined index: session_key /data/wwwroot/xcx.codems.cn/Apps/Api/Controller/UserController.class.php 第 14 行.
NOTIC: [8] Undefined index: openid /data/wwwroot/xcx.codems.cn/Apps/Api/Controller/UserController.class.php 第 18 行.
SQL: SELECT `id`,`avatarUrl`,`city`,`gender`,`nickName`,`province`,`county`,`phone`,`vehicle`,`name` FROM `xcx_user` WHERE ( id = "" or openid ="" ) LIMIT 1   [ RunTime:0.000055s ]
NOTIC: [8] Undefined index: openid /data/wwwroot/xcx.codems.cn/Apps/Api/Controller/UserController.class.php 第 19 行.
NOTIC: [8] Undefined index: session_key /data/wwwroot/xcx.codems.cn/Apps/Api/Controller/UserController.class.php 第 19 行.
NOTIC: [2] unlink(/data/wwwroot/xcx.codems.cn/cache/Temp/a734867e110f11eafac1ee2e1c8a9845.php): No such file or directory /data/wwwroot/xcx.codems.cn/include/ThinkPHP/Library/Think/Cache/Driver/File.class.php 第 157 行.

