[ 2017-04-28T02:03:07+08:00 ] 180.97.106.162 /
INFO: [ app_begin ] --START--
INFO: Run Behavior\ReadHtmlCache [ RunTime:0.001320s ]
INFO: [ app_begin ] --END-- [ RunTime:0.001469s ]
INFO: [ app_end ] --START--
INFO: Run Behavior\ShowPageTrace [ RunTime:0.000088s ]
INFO: [ app_end ] --END-- [ RunTime:0.000139s ]

[ 2017-04-28T02:03:29+08:00 ] 180.97.106.161 /
INFO: [ app_begin ] --START--
INFO: Run Behavior\ReadHtmlCache [ RunTime:0.000094s ]
INFO: [ app_begin ] --END-- [ RunTime:0.000264s ]
INFO: [ app_end ] --START--
INFO: Run Behavior\ShowPageTrace [ RunTime:0.000084s ]
INFO: [ app_end ] --END-- [ RunTime:0.000149s ]

[ 2017-04-28T09:41:38+08:00 ] 59.53.29.213 /api/upload
INFO: [ app_begin ] --START--
INFO: Run Behavior\ReadHtmlCache [ RunTime:0.001011s ]
INFO: [ app_begin ] --END-- [ RunTime:0.001161s ]
NOTIC: [2] call_user_func() expects parameter 1 to be a valid callback, no array or string given /data/wwwroot/xcx.codems.cn/include/ThinkPHP/Library/Think/Upload.class.php 第 167 行.

[ 2017-04-28T10:12:54+08:00 ] 59.53.29.213 /api/upload
INFO: [ app_begin ] --START--
INFO: Run Behavior\ReadHtmlCache [ RunTime:0.000076s ]
INFO: [ app_begin ] --END-- [ RunTime:0.000203s ]
NOTIC: [2] call_user_func() expects parameter 1 to be a valid callback, no array or string given /data/wwwroot/xcx.codems.cn/include/ThinkPHP/Library/Think/Upload.class.php 第 167 行.

[ 2017-04-28T10:24:21+08:00 ] 59.53.29.213 /api/upload
INFO: [ app_begin ] --START--
INFO: Run Behavior\ReadHtmlCache [ RunTime:0.000072s ]
INFO: [ app_begin ] --END-- [ RunTime:0.000206s ]
NOTIC: [2] call_user_func() expects parameter 1 to be a valid callback, no array or string given /data/wwwroot/xcx.codems.cn/include/ThinkPHP/Library/Think/Upload.class.php 第 167 行.

[ 2017-04-28T10:27:13+08:00 ] 59.53.29.213 /api/user/login
INFO: [ app_begin ] --START--
INFO: Run Behavior\ReadHtmlCache [ RunTime:0.000075s ]
INFO: [ app_begin ] --END-- [ RunTime:0.000208s ]
SQL: SHOW COLUMNS FROM `xcx_user` [ RunTime:0.000602s ]
SQL: SELECT * FROM `xcx_user` WHERE ( `openId` = 'o0Jv50H2UUMf7oasVnbtZtBAwZ-U' ) LIMIT 1   [ RunTime:0.000224s ]
SQL: SELECT * FROM `xcx_user` WHERE ( `openId` = 'o0Jv50H2UUMf7oasVnbtZtBAwZ-U' ) LIMIT 1   [ RunTime:0.000068s ]

[ 2017-04-28T10:28:28+08:00 ] 59.53.29.213 /api/upload
INFO: [ app_begin ] --START--
INFO: Run Behavior\ReadHtmlCache [ RunTime:0.000084s ]
INFO: [ app_begin ] --END-- [ RunTime:0.000246s ]
NOTIC: [2] call_user_func() expects parameter 1 to be a valid callback, no array or string given /data/wwwroot/xcx.codems.cn/include/ThinkPHP/Library/Think/Upload.class.php 第 167 行.

[ 2017-04-28T10:49:37+08:00 ] 59.53.29.213 /api/user/editUser
INFO: [ app_begin ] --START--
INFO: Run Behavior\ReadHtmlCache [ RunTime:0.000075s ]
INFO: [ app_begin ] --END-- [ RunTime:0.000295s ]
INFO: [ app_end ] --START--
INFO: Run Behavior\ShowPageTrace [ RunTime:0.001893s ]
INFO: [ app_end ] --END-- [ RunTime:0.001973s ]

[ 2017-04-28T10:52:37+08:00 ] 59.53.29.213 /api/upload
INFO: [ app_begin ] --START--
INFO: Run Behavior\ReadHtmlCache [ RunTime:0.000119s ]
INFO: [ app_begin ] --END-- [ RunTime:0.000274s ]
NOTIC: [2] call_user_func() expects parameter 1 to be a valid callback, no array or string given /data/wwwroot/xcx.codems.cn/include/ThinkPHP/Library/Think/Upload.class.php 第 167 行.

[ 2017-04-28T10:53:13+08:00 ] 59.53.29.213 /api/user/editUser
INFO: [ app_begin ] --START--
INFO: Run Behavior\ReadHtmlCache [ RunTime:0.000080s ]
INFO: [ app_begin ] --END-- [ RunTime:0.000220s ]
INFO: [ app_end ] --START--
INFO: Run Behavior\ShowPageTrace [ RunTime:0.000101s ]
INFO: [ app_end ] --END-- [ RunTime:0.000151s ]

[ 2017-04-28T10:53:45+08:00 ] 59.53.29.213 /api/user/editUser
INFO: [ app_begin ] --START--
INFO: Run Behavior\ReadHtmlCache [ RunTime:0.000114s ]
INFO: [ app_begin ] --END-- [ RunTime:0.000269s ]
INFO: [ app_end ] --START--
INFO: Run Behavior\ShowPageTrace [ RunTime:0.000089s ]
INFO: [ app_end ] --END-- [ RunTime:0.000197s ]

[ 2017-04-28T10:53:56+08:00 ] 59.53.29.213 /api/user/editUser
INFO: [ app_begin ] --START--
INFO: Run Behavior\ReadHtmlCache [ RunTime:0.000080s ]
INFO: [ app_begin ] --END-- [ RunTime:0.000215s ]
INFO: [ app_end ] --START--
INFO: Run Behavior\ShowPageTrace [ RunTime:0.000060s ]
INFO: [ app_end ] --END-- [ RunTime:0.000107s ]

[ 2017-04-28T10:55:12+08:00 ] 59.53.29.213 /api/user/editUser
INFO: [ app_begin ] --START--
INFO: Run Behavior\ReadHtmlCache [ RunTime:0.000049s ]
INFO: [ app_begin ] --END-- [ RunTime:0.000164s ]
INFO: [ app_end ] --START--
INFO: Run Behavior\ShowPageTrace [ RunTime:0.000051s ]
INFO: [ app_end ] --END-- [ RunTime:0.000085s ]

[ 2017-04-28T10:55:22+08:00 ] 180.153.214.192 /api/user/editUser
INFO: [ app_begin ] --START--
INFO: Run Behavior\ReadHtmlCache [ RunTime:0.000061s ]
INFO: [ app_begin ] --END-- [ RunTime:0.000182s ]
INFO: [ app_end ] --START--
INFO: Run Behavior\ShowPageTrace [ RunTime:0.000068s ]
INFO: [ app_end ] --END-- [ RunTime:0.000164s ]

[ 2017-04-28T11:00:46+08:00 ] 59.53.29.213 /api/user/editUser
INFO: [ app_begin ] --START--
INFO: Run Behavior\ReadHtmlCache [ RunTime:0.000067s ]
INFO: [ app_begin ] --END-- [ RunTime:0.000196s ]
INFO: [ app_end ] --START--
INFO: Run Behavior\ShowPageTrace [ RunTime:0.000068s ]
INFO: [ app_end ] --END-- [ RunTime:0.000116s ]

[ 2017-04-28T11:01:41+08:00 ] 59.53.29.213 /api/user/editUser
INFO: [ app_begin ] --START--
INFO: Run Behavior\ReadHtmlCache [ RunTime:0.000083s ]
INFO: [ app_begin ] --END-- [ RunTime:0.000203s ]
INFO: [ app_end ] --START--
INFO: Run Behavior\ShowPageTrace [ RunTime:0.000065s ]
INFO: [ app_end ] --END-- [ RunTime:0.000119s ]

[ 2017-04-28T11:01:44+08:00 ] 59.53.29.213 /api/user/editUser
INFO: [ app_begin ] --START--
INFO: Run Behavior\ReadHtmlCache [ RunTime:0.000064s ]
INFO: [ app_begin ] --END-- [ RunTime:0.000191s ]
INFO: [ app_end ] --START--
INFO: Run Behavior\ShowPageTrace [ RunTime:0.000058s ]
INFO: [ app_end ] --END-- [ RunTime:0.000131s ]

[ 2017-04-28T11:01:48+08:00 ] 59.53.29.213 /api/user/editUser
INFO: [ app_begin ] --START--
INFO: Run Behavior\ReadHtmlCache [ RunTime:0.000084s ]
INFO: [ app_begin ] --END-- [ RunTime:0.000232s ]
INFO: [ app_end ] --START--
INFO: Run Behavior\ShowPageTrace [ RunTime:0.000087s ]
INFO: [ app_end ] --END-- [ RunTime:0.000140s ]

[ 2017-04-28T11:01:51+08:00 ] 59.53.29.213 /api/user/editUser
INFO: [ app_begin ] --START--
INFO: Run Behavior\ReadHtmlCache [ RunTime:0.000086s ]
INFO: [ app_begin ] --END-- [ RunTime:0.000235s ]
INFO: [ app_end ] --START--
INFO: Run Behavior\ShowPageTrace [ RunTime:0.000078s ]
INFO: [ app_end ] --END-- [ RunTime:0.000376s ]

[ 2017-04-28T11:02:39+08:00 ] 59.53.29.213 /api/user/editUser
INFO: [ app_begin ] --START--
INFO: Run Behavior\ReadHtmlCache [ RunTime:0.000074s ]
INFO: [ app_begin ] --END-- [ RunTime:0.000207s ]
INFO: [ app_end ] --START--
INFO: Run Behavior\ShowPageTrace [ RunTime:0.000066s ]
INFO: [ app_end ] --END-- [ RunTime:0.000117s ]

[ 2017-04-28T11:02:51+08:00 ] 59.53.29.213 /api/user/editUser
INFO: [ app_begin ] --START--
INFO: Run Behavior\ReadHtmlCache [ RunTime:0.000066s ]
INFO: [ app_begin ] --END-- [ RunTime:0.000175s ]
INFO: [ app_end ] --START--
INFO: Run Behavior\ShowPageTrace [ RunTime:0.000056s ]
INFO: [ app_end ] --END-- [ RunTime:0.000093s ]

[ 2017-04-28T11:03:24+08:00 ] 59.53.29.213 /api/user/editUser
INFO: [ app_begin ] --START--
INFO: Run Behavior\ReadHtmlCache [ RunTime:0.000073s ]
INFO: [ app_begin ] --END-- [ RunTime:0.000207s ]
INFO: [ app_end ] --START--
INFO: Run Behavior\ShowPageTrace [ RunTime:0.000070s ]
INFO: [ app_end ] --END-- [ RunTime:0.000130s ]

[ 2017-04-28T11:03:25+08:00 ] 59.53.29.213 /api/user/editUser
INFO: [ app_begin ] --START--
INFO: Run Behavior\ReadHtmlCache [ RunTime:0.000077s ]
INFO: [ app_begin ] --END-- [ RunTime:0.000200s ]
INFO: [ app_end ] --START--
INFO: Run Behavior\ShowPageTrace [ RunTime:0.000066s ]
INFO: [ app_end ] --END-- [ RunTime:0.000119s ]

[ 2017-04-28T11:03:25+08:00 ] 59.53.29.213 /api/user/editUser
INFO: [ app_begin ] --START--
INFO: Run Behavior\ReadHtmlCache [ RunTime:0.000075s ]
INFO: [ app_begin ] --END-- [ RunTime:0.000213s ]
INFO: [ app_end ] --START--
INFO: Run Behavior\ShowPageTrace [ RunTime:0.000092s ]
INFO: [ app_end ] --END-- [ RunTime:0.000151s ]

[ 2017-04-28T11:03:25+08:00 ] 59.53.29.213 /api/user/editUser
INFO: [ app_begin ] --START--
INFO: Run Behavior\ReadHtmlCache [ RunTime:0.000083s ]
INFO: [ app_begin ] --END-- [ RunTime:0.000227s ]
INFO: [ app_end ] --START--
INFO: Run Behavior\ShowPageTrace [ RunTime:0.000082s ]
INFO: [ app_end ] --END-- [ RunTime:0.000155s ]

[ 2017-04-28T11:03:25+08:00 ] 59.53.29.213 /api/user/editUser
INFO: [ app_begin ] --START--
INFO: Run Behavior\ReadHtmlCache [ RunTime:0.000071s ]
INFO: [ app_begin ] --END-- [ RunTime:0.000195s ]
INFO: [ app_end ] --START--
INFO: Run Behavior\ShowPageTrace [ RunTime:0.000069s ]
INFO: [ app_end ] --END-- [ RunTime:0.000123s ]

[ 2017-04-28T11:03:26+08:00 ] 59.53.29.213 /api/user/editUser
INFO: [ app_begin ] --START--
INFO: Run Behavior\ReadHtmlCache [ RunTime:0.000097s ]
INFO: [ app_begin ] --END-- [ RunTime:0.000223s ]
INFO: [ app_end ] --START--
INFO: Run Behavior\ShowPageTrace [ RunTime:0.000066s ]
INFO: [ app_end ] --END-- [ RunTime:0.000118s ]

[ 2017-04-28T11:03:34+08:00 ] 59.53.29.213 /api/user/editUser
INFO: [ app_begin ] --START--
INFO: Run Behavior\ReadHtmlCache [ RunTime:0.000077s ]
INFO: [ app_begin ] --END-- [ RunTime:0.000210s ]
INFO: [ app_end ] --START--
INFO: Run Behavior\ShowPageTrace [ RunTime:0.000095s ]
INFO: [ app_end ] --END-- [ RunTime:0.000156s ]

[ 2017-04-28T11:03:44+08:00 ] 59.53.29.213 /api/user/editUser
INFO: [ app_begin ] --START--
INFO: Run Behavior\ReadHtmlCache [ RunTime:0.000047s ]
INFO: [ app_begin ] --END-- [ RunTime:0.000141s ]
INFO: [ app_end ] --START--
INFO: Run Behavior\ShowPageTrace [ RunTime:0.000066s ]
INFO: [ app_end ] --END-- [ RunTime:0.000118s ]

[ 2017-04-28T11:03:44+08:00 ] 59.53.29.213 /api/user/editUser
INFO: [ app_begin ] --START--
INFO: Run Behavior\ReadHtmlCache [ RunTime:0.000053s ]
INFO: [ app_begin ] --END-- [ RunTime:0.000149s ]
INFO: [ app_end ] --START--
INFO: Run Behavior\ShowPageTrace [ RunTime:0.000043s ]
INFO: [ app_end ] --END-- [ RunTime:0.000082s ]

[ 2017-04-28T11:03:44+08:00 ] 59.53.29.213 /api/user/editUser
INFO: [ app_begin ] --START--
INFO: Run Behavior\ReadHtmlCache [ RunTime:0.000082s ]
INFO: [ app_begin ] --END-- [ RunTime:0.000233s ]
INFO: [ app_end ] --START--
INFO: Run Behavior\ShowPageTrace [ RunTime:0.000101s ]
INFO: [ app_end ] --END-- [ RunTime:0.000152s ]

[ 2017-04-28T11:03:44+08:00 ] 59.53.29.213 /api/user/editUser
INFO: [ app_begin ] --START--
INFO: Run Behavior\ReadHtmlCache [ RunTime:0.000078s ]
INFO: [ app_begin ] --END-- [ RunTime:0.000241s ]
INFO: [ app_end ] --START--
INFO: Run Behavior\ShowPageTrace [ RunTime:0.000070s ]
INFO: [ app_end ] --END-- [ RunTime:0.000130s ]

[ 2017-04-28T11:03:45+08:00 ] 59.53.29.213 /api/user/editUser
INFO: [ app_begin ] --START--
INFO: Run Behavior\ReadHtmlCache [ RunTime:0.000064s ]
INFO: [ app_begin ] --END-- [ RunTime:0.000208s ]
INFO: [ app_end ] --START--
INFO: Run Behavior\ShowPageTrace [ RunTime:0.000061s ]
INFO: [ app_end ] --END-- [ RunTime:0.000112s ]

[ 2017-04-28T11:03:47+08:00 ] 59.53.29.213 /api/user/editUser
INFO: [ app_begin ] --START--
INFO: Run Behavior\ReadHtmlCache [ RunTime:0.000056s ]
INFO: [ app_begin ] --END-- [ RunTime:0.000168s ]
INFO: [ app_end ] --START--
INFO: Run Behavior\ShowPageTrace [ RunTime:0.000061s ]
INFO: [ app_end ] --END-- [ RunTime:0.000108s ]

[ 2017-04-28T11:03:56+08:00 ] 59.53.29.213 /api/user/editUser
INFO: [ app_begin ] --START--
INFO: Run Behavior\ReadHtmlCache [ RunTime:0.000084s ]
INFO: [ app_begin ] --END-- [ RunTime:0.000366s ]
INFO: [ app_end ] --START--
INFO: Run Behavior\ShowPageTrace [ RunTime:0.000078s ]
INFO: [ app_end ] --END-- [ RunTime:0.000133s ]

[ 2017-04-28T11:10:13+08:00 ] 59.53.29.213 /api/user/editUser
INFO: [ app_begin ] --START--
INFO: Run Behavior\ReadHtmlCache [ RunTime:0.000080s ]
INFO: [ app_begin ] --END-- [ RunTime:0.000212s ]
SQL: SHOW COLUMNS FROM `xcx_user` [ RunTime:0.000517s ]
SQL: UPDATE `xcx_user` SET `avatarUrl`='http://wx.qlogo.cn/mmopen/vi_32/DYAIOgq83erzRibxmbXZib375iceEdszYuicvhxYNxC495YzNhlEQtGyNCbrL67K5ibqWMhxicg8t97SiaFiaceicdCYLiag/0',`city`='北京市',`country`='CN',`gender`='1',`language`='zh_CN',`nickName`='H。',`openId`='o0Jv50H2UUMf7oasVnbtZtBAwZ-U',`province`='北京',`county`='东城区',`phone`='15350406670' WHERE ( `id` = 10000 ) [ RunTime:0.000267s ]
SQL: SELECT * FROM `xcx_user` WHERE ( `id` = 10000 ) LIMIT 1   [ RunTime:0.000232s ]

[ 2017-04-28T11:11:20+08:00 ] 59.53.29.213 /api/user/login
INFO: [ app_begin ] --START--
INFO: Run Behavior\ReadHtmlCache [ RunTime:0.000058s ]
INFO: [ app_begin ] --END-- [ RunTime:0.000180s ]
SQL: SHOW COLUMNS FROM `xcx_user` [ RunTime:0.000730s ]
SQL: SELECT * FROM `xcx_user` WHERE ( `openId` = 'o0Jv50H2UUMf7oasVnbtZtBAwZ-U' ) LIMIT 1   [ RunTime:0.000282s ]
SQL: SELECT * FROM `xcx_user` WHERE ( `openId` = 'o0Jv50H2UUMf7oasVnbtZtBAwZ-U' ) LIMIT 1   [ RunTime:0.000074s ]

[ 2017-04-28T11:11:49+08:00 ] 59.53.29.213 /api/upload
INFO: [ app_begin ] --START--
INFO: Run Behavior\ReadHtmlCache [ RunTime:0.000069s ]
INFO: [ app_begin ] --END-- [ RunTime:0.000200s ]
NOTIC: [2] call_user_func() expects parameter 1 to be a valid callback, no array or string given /data/wwwroot/xcx.codems.cn/include/ThinkPHP/Library/Think/Upload.class.php 第 167 行.

[ 2017-04-28T11:11:51+08:00 ] 59.53.29.213 /api/user/editUser
INFO: [ app_begin ] --START--
INFO: Run Behavior\ReadHtmlCache [ RunTime:0.000423s ]
INFO: [ app_begin ] --END-- [ RunTime:0.000580s ]
SQL: SHOW COLUMNS FROM `xcx_user` [ RunTime:0.000648s ]
SQL: UPDATE `xcx_user` SET `avatarUrl`='https://xcx.codems.cn/Uploads/2017-04-28/5902b2f5f2d05.jpg',`city`='北京市',`country`='CN',`gender`='1',`language`='zh_CN',`nickName`='H。',`province`='北京',`county`='东城区',`phone`='15350406670' WHERE ( `id` = 10000 ) [ RunTime:0.000340s ]
SQL: SELECT * FROM `xcx_user` WHERE ( `id` = 10000 ) LIMIT 1   [ RunTime:0.000232s ]

[ 2017-04-28T11:13:01+08:00 ] 59.53.29.213 /api/user/editUser
INFO: [ app_begin ] --START--
INFO: Run Behavior\ReadHtmlCache [ RunTime:0.000055s ]
INFO: [ app_begin ] --END-- [ RunTime:0.000179s ]
SQL: SHOW COLUMNS FROM `xcx_user` [ RunTime:0.000469s ]
SQL: UPDATE `xcx_user` SET `avatarUrl`='http://wx.qlogo.cn/mmopen/vi_32/DYAIOgq83erzRibxmbXZib375iceEdszYuicvhxYNxC495YzNhlEQtGyNCbrL67K5ibqWMhxicg8t97SiaFiaceicdCYLiag/0',`city`='南昌市',`country`='CN',`gender`='1',`language`='zh_CN',`nickName`='H。',`province`='江西省',`county`='青山湖区',`phone`='15350406670' WHERE ( `id` = 10000 ) [ RunTime:0.000251s ]
SQL: SELECT * FROM `xcx_user` WHERE ( `id` = 10000 ) LIMIT 1   [ RunTime:0.000177s ]

[ 2017-04-28T11:13:51+08:00 ] 59.53.29.213 /api/user/editUser
INFO: [ app_begin ] --START--
INFO: Run Behavior\ReadHtmlCache [ RunTime:0.000076s ]
INFO: [ app_begin ] --END-- [ RunTime:0.000199s ]
SQL: SHOW COLUMNS FROM `xcx_user` [ RunTime:0.000526s ]
SQL: UPDATE `xcx_user` SET `avatarUrl`='http://wx.qlogo.cn/mmopen/vi_32/DYAIOgq83erzRibxmbXZib375iceEdszYuicvhxYNxC495YzNhlEQtGyNCbrL67K5ibqWMhxicg8t97SiaFiaceicdCYLiag/0',`city`='南昌市',`country`='CN',`gender`='1',`language`='zh_CN',`nickName`='H。',`province`='江西省',`county`='青山湖区',`phone`='15350406670' WHERE ( `id` = 10000 ) [ RunTime:0.000189s ]
SQL: SELECT * FROM `xcx_user` WHERE ( `id` = 10000 ) LIMIT 1   [ RunTime:0.000072s ]

[ 2017-04-28T11:25:21+08:00 ] 59.53.29.213 /api/user/login
INFO: [ app_begin ] --START--
INFO: Run Behavior\ReadHtmlCache [ RunTime:0.000076s ]
INFO: [ app_begin ] --END-- [ RunTime:0.000210s ]
SQL: SHOW COLUMNS FROM `xcx_user` [ RunTime:0.000592s ]
ERR: Think\Model:getUserInfo方法不存在！

[ 2017-04-28T11:27:38+08:00 ] 59.53.29.213 /api/user/login
INFO: [ app_begin ] --START--
INFO: Run Behavior\ReadHtmlCache [ RunTime:0.000066s ]
INFO: [ app_begin ] --END-- [ RunTime:0.000198s ]
SQL: SHOW COLUMNS FROM `xcx_user` [ RunTime:0.000547s ]
ERR: Think\Model:getUserInfo方法不存在！

[ 2017-04-28T11:27:46+08:00 ] 59.53.29.213 /api/user/editUser
INFO: [ app_begin ] --START--
INFO: Run Behavior\ReadHtmlCache [ RunTime:0.000074s ]
INFO: [ app_begin ] --END-- [ RunTime:0.000189s ]
SQL: SHOW COLUMNS FROM `xcx_user` [ RunTime:0.000560s ]
INFO: [ app_end ] --START--
INFO: Run Behavior\ShowPageTrace [ RunTime:0.000071s ]
INFO: [ app_end ] --END-- [ RunTime:0.000125s ]

[ 2017-04-28T11:29:26+08:00 ] 59.53.29.213 /api/user/editUser
INFO: [ app_begin ] --START--
INFO: Run Behavior\ReadHtmlCache [ RunTime:0.000562s ]
INFO: [ app_begin ] --END-- [ RunTime:0.000729s ]
SQL: SHOW COLUMNS FROM `xcx_user` [ RunTime:0.001914s ]
INFO: [ app_end ] --START--
INFO: Run Behavior\ShowPageTrace [ RunTime:0.000087s ]
INFO: [ app_end ] --END-- [ RunTime:0.000156s ]

[ 2017-04-28T11:29:30+08:00 ] 59.53.29.213 /api/user/login
INFO: [ app_begin ] --START--
INFO: Run Behavior\ReadHtmlCache [ RunTime:0.000063s ]
INFO: [ app_begin ] --END-- [ RunTime:0.000190s ]
SQL: SHOW COLUMNS FROM `xcx_user` [ RunTime:0.000552s ]
NOTIC: [8] Undefined index: openid /data/wwwroot/xcx.codems.cn/Apps/Api/Controller/UserController.class.php 第 11 行.
ERR: Think\Model:getUserInfo方法不存在！

[ 2017-04-28T11:29:39+08:00 ] 180.153.201.66 /api/user/login
INFO: [ app_begin ] --START--
INFO: Run Behavior\ReadHtmlCache [ RunTime:0.000084s ]
INFO: [ app_begin ] --END-- [ RunTime:0.000287s ]
SQL: SHOW COLUMNS FROM `xcx_user` [ RunTime:0.000619s ]
NOTIC: [8] Undefined index: openid /data/wwwroot/xcx.codems.cn/Apps/Api/Controller/UserController.class.php 第 11 行.
ERR: Think\Model:getUserInfo方法不存在！

[ 2017-04-28T11:30:12+08:00 ] 59.53.29.213 /api/user/login
INFO: [ app_begin ] --START--
INFO: Run Behavior\ReadHtmlCache [ RunTime:0.000070s ]
INFO: [ app_begin ] --END-- [ RunTime:0.000212s ]
SQL: SHOW COLUMNS FROM `xcx_user` [ RunTime:0.000651s ]
NOTIC: [8] Undefined index: openid /data/wwwroot/xcx.codems.cn/Apps/Api/Controller/UserController.class.php 第 11 行.
ERR: Think\Model:getUserInfo方法不存在！

[ 2017-04-28T11:30:12+08:00 ] 59.53.29.213 /api/user/login
INFO: [ app_begin ] --START--
INFO: Run Behavior\ReadHtmlCache [ RunTime:0.000117s ]
INFO: [ app_begin ] --END-- [ RunTime:0.000238s ]
SQL: SHOW COLUMNS FROM `xcx_user` [ RunTime:0.000620s ]
NOTIC: [8] Undefined index: openid /data/wwwroot/xcx.codems.cn/Apps/Api/Controller/UserController.class.php 第 11 行.
ERR: Think\Model:getUserInfo方法不存在！

[ 2017-04-28T11:30:12+08:00 ] 59.53.29.213 /api/user/login
INFO: [ app_begin ] --START--
INFO: Run Behavior\ReadHtmlCache [ RunTime:0.000063s ]
INFO: [ app_begin ] --END-- [ RunTime:0.000179s ]
SQL: SHOW COLUMNS FROM `xcx_user` [ RunTime:0.000629s ]
NOTIC: [8] Undefined index: openid /data/wwwroot/xcx.codems.cn/Apps/Api/Controller/UserController.class.php 第 11 行.
ERR: Think\Model:getUserInfo方法不存在！

[ 2017-04-28T11:30:13+08:00 ] 59.53.29.213 /api/user/login
INFO: [ app_begin ] --START--
INFO: Run Behavior\ReadHtmlCache [ RunTime:0.000076s ]
INFO: [ app_begin ] --END-- [ RunTime:0.000210s ]
SQL: SHOW COLUMNS FROM `xcx_user` [ RunTime:0.000681s ]
NOTIC: [8] Undefined index: openid /data/wwwroot/xcx.codems.cn/Apps/Api/Controller/UserController.class.php 第 11 行.
ERR: Think\Model:getUserInfo方法不存在！

[ 2017-04-28T11:30:13+08:00 ] 59.53.29.213 /api/user/login
INFO: [ app_begin ] --START--
INFO: Run Behavior\ReadHtmlCache [ RunTime:0.001506s ]
INFO: [ app_begin ] --END-- [ RunTime:0.001640s ]
SQL: SHOW COLUMNS FROM `xcx_user` [ RunTime:0.000762s ]
NOTIC: [8] Undefined index: openid /data/wwwroot/xcx.codems.cn/Apps/Api/Controller/UserController.class.php 第 11 行.
ERR: Think\Model:getUserInfo方法不存在！

[ 2017-04-28T11:30:13+08:00 ] 59.53.29.213 /api/user/login
INFO: [ app_begin ] --START--
INFO: Run Behavior\ReadHtmlCache [ RunTime:0.000084s ]
INFO: [ app_begin ] --END-- [ RunTime:0.000217s ]
SQL: SHOW COLUMNS FROM `xcx_user` [ RunTime:0.000773s ]
NOTIC: [8] Undefined index: openid /data/wwwroot/xcx.codems.cn/Apps/Api/Controller/UserController.class.php 第 11 行.
ERR: Think\Model:getUserInfo方法不存在！

[ 2017-04-28T11:30:28+08:00 ] 59.53.29.213 /api/user/login
INFO: [ app_begin ] --START--
INFO: Run Behavior\ReadHtmlCache [ RunTime:0.000087s ]
INFO: [ app_begin ] --END-- [ RunTime:0.000255s ]
SQL: SHOW COLUMNS FROM `xcx_user` [ RunTime:0.000617s ]
NOTIC: [8] Undefined index: openid /data/wwwroot/xcx.codems.cn/Apps/Api/Controller/UserController.class.php 第 11 行.
SQL: SELECT `id`,`avatarUrl`,`city`,`gender`,`nickName`,`province`,`county`,`phone` FROM `xcx_user` WHERE ( id = "" or openid ="" ) LIMIT 1   [ RunTime:0.000254s ]
NOTIC: [8] Undefined index: session_key /data/wwwroot/xcx.codems.cn/Apps/Api/Controller/UserController.class.php 第 13 行.
NOTIC: [8] Undefined index: openid /data/wwwroot/xcx.codems.cn/Apps/Api/Controller/UserController.class.php 第 18 行.
SQL: SELECT `id`,`avatarUrl`,`city`,`gender`,`nickName`,`province`,`county`,`phone` FROM `xcx_user` WHERE ( id = "" or openid ="" ) LIMIT 1   [ RunTime:0.000111s ]
NOTIC: [8] Undefined index: openid /data/wwwroot/xcx.codems.cn/Apps/Api/Controller/UserController.class.php 第 19 行.
NOTIC: [8] Undefined index: session_key /data/wwwroot/xcx.codems.cn/Apps/Api/Controller/UserController.class.php 第 19 行.

[ 2017-04-28T11:30:44+08:00 ] 59.53.29.213 /api/user/login
INFO: [ app_begin ] --START--
INFO: Run Behavior\ReadHtmlCache [ RunTime:0.000099s ]
INFO: [ app_begin ] --END-- [ RunTime:0.000245s ]
SQL: SHOW COLUMNS FROM `xcx_user` [ RunTime:0.000588s ]
SQL: SELECT `id`,`avatarUrl`,`city`,`gender`,`nickName`,`province`,`county`,`phone` FROM `xcx_user` WHERE ( id = "o0Jv50H2UUMf7oasVnbtZtBAwZ-U" or openid ="o0Jv50H2UUMf7oasVnbtZtBAwZ-U" ) LIMIT 1   [ RunTime:0.000239s ]
SQL: SELECT `id`,`avatarUrl`,`city`,`gender`,`nickName`,`province`,`county`,`phone` FROM `xcx_user` WHERE ( id = "o0Jv50H2UUMf7oasVnbtZtBAwZ-U" or openid ="o0Jv50H2UUMf7oasVnbtZtBAwZ-U" ) LIMIT 1   [ RunTime:0.000185s ]

[ 2017-04-28T11:33:37+08:00 ] 59.53.29.213 /api/user/login
INFO: [ app_begin ] --START--
INFO: Run Behavior\ReadHtmlCache [ RunTime:0.000080s ]
INFO: [ app_begin ] --END-- [ RunTime:0.000193s ]
SQL: SHOW COLUMNS FROM `xcx_user` [ RunTime:0.002466s ]
SQL: SELECT `id`,`avatarUrl`,`city`,`gender`,`nickName`,`province`,`county`,`phone` FROM `xcx_user` WHERE ( id = "o0Jv50H2UUMf7oasVnbtZtBAwZ-U" or openid ="o0Jv50H2UUMf7oasVnbtZtBAwZ-U" ) LIMIT 1   [ RunTime:0.000236s ]
SQL: SELECT `id`,`avatarUrl`,`city`,`gender`,`nickName`,`province`,`county`,`phone` FROM `xcx_user` WHERE ( id = "o0Jv50H2UUMf7oasVnbtZtBAwZ-U" or openid ="o0Jv50H2UUMf7oasVnbtZtBAwZ-U" ) LIMIT 1   [ RunTime:0.000167s ]

[ 2017-04-28T11:35:48+08:00 ] 59.53.29.213 /api/user/login
INFO: [ app_begin ] --START--
INFO: Run Behavior\ReadHtmlCache [ RunTime:0.000090s ]
INFO: [ app_begin ] --END-- [ RunTime:0.000213s ]
SQL: SHOW COLUMNS FROM `xcx_user` [ RunTime:0.000652s ]
SQL: SELECT `id`,`avatarUrl`,`city`,`gender`,`nickName`,`province`,`county`,`phone` FROM `xcx_user` WHERE ( id = "o0Jv50H2UUMf7oasVnbtZtBAwZ-U" or openid ="o0Jv50H2UUMf7oasVnbtZtBAwZ-U" ) LIMIT 1   [ RunTime:0.005116s ]
SQL: SELECT `id`,`avatarUrl`,`city`,`gender`,`nickName`,`province`,`county`,`phone` FROM `xcx_user` WHERE ( id = "o0Jv50H2UUMf7oasVnbtZtBAwZ-U" or openid ="o0Jv50H2UUMf7oasVnbtZtBAwZ-U" ) LIMIT 1   [ RunTime:0.000273s ]

[ 2017-04-28T11:37:16+08:00 ] 59.53.29.213 /api/user/login
INFO: [ app_begin ] --START--
INFO: Run Behavior\ReadHtmlCache [ RunTime:0.000061s ]
INFO: [ app_begin ] --END-- [ RunTime:0.000175s ]
SQL: SHOW COLUMNS FROM `xcx_user` [ RunTime:0.000618s ]
SQL: SELECT `id`,`avatarUrl`,`city`,`gender`,`nickName`,`province`,`county`,`phone` FROM `xcx_user` WHERE ( id = "o0Jv50H2UUMf7oasVnbtZtBAwZ-U" or openid ="o0Jv50H2UUMf7oasVnbtZtBAwZ-U" ) LIMIT 1   [ RunTime:0.000291s ]
SQL: SELECT `id`,`avatarUrl`,`city`,`gender`,`nickName`,`province`,`county`,`phone` FROM `xcx_user` WHERE ( id = "o0Jv50H2UUMf7oasVnbtZtBAwZ-U" or openid ="o0Jv50H2UUMf7oasVnbtZtBAwZ-U" ) LIMIT 1   [ RunTime:0.000188s ]

[ 2017-04-28T11:38:48+08:00 ] 59.53.29.213 /api/user/editUser
INFO: [ app_begin ] --START--
INFO: Run Behavior\ReadHtmlCache [ RunTime:0.000075s ]
INFO: [ app_begin ] --END-- [ RunTime:0.000222s ]
SQL: SHOW COLUMNS FROM `xcx_user` [ RunTime:0.001041s ]
NOTIC: [8] Undefined index: sk /data/wwwroot/xcx.codems.cn/Apps/Api/Controller/UserController.class.php 第 30 行.
INFO: [ app_end ] --START--
INFO: Run Behavior\ShowPageTrace [ RunTime:0.000103s ]
INFO: [ app_end ] --END-- [ RunTime:0.000168s ]

[ 2017-04-28T11:41:46+08:00 ] 59.53.29.213 /api/user/login
INFO: [ app_begin ] --START--
INFO: Run Behavior\ReadHtmlCache [ RunTime:0.000092s ]
INFO: [ app_begin ] --END-- [ RunTime:0.000241s ]
SQL: SHOW COLUMNS FROM `xcx_user` [ RunTime:0.000906s ]
SQL: SELECT `id`,`avatarUrl`,`city`,`gender`,`nickName`,`province`,`county`,`phone` FROM `xcx_user` WHERE ( id = "o0Jv50H2UUMf7oasVnbtZtBAwZ-U" or openid ="o0Jv50H2UUMf7oasVnbtZtBAwZ-U" ) LIMIT 1   [ RunTime:0.000356s ]
SQL: SELECT `id`,`avatarUrl`,`city`,`gender`,`nickName`,`province`,`county`,`phone` FROM `xcx_user` WHERE ( id = "o0Jv50H2UUMf7oasVnbtZtBAwZ-U" or openid ="o0Jv50H2UUMf7oasVnbtZtBAwZ-U" ) LIMIT 1   [ RunTime:0.000194s ]

[ 2017-04-28T11:42:02+08:00 ] 59.53.29.213 /api/user/login
INFO: [ app_begin ] --START--
INFO: Run Behavior\ReadHtmlCache [ RunTime:0.000044s ]
INFO: [ app_begin ] --END-- [ RunTime:0.000128s ]
SQL: SHOW COLUMNS FROM `xcx_user` [ RunTime:0.000618s ]
SQL: SELECT `id`,`avatarUrl`,`city`,`gender`,`nickName`,`province`,`county`,`phone` FROM `xcx_user` WHERE ( id = "o0Jv50H2UUMf7oasVnbtZtBAwZ-U" or openid ="o0Jv50H2UUMf7oasVnbtZtBAwZ-U" ) LIMIT 1   [ RunTime:0.000290s ]
SQL: SELECT `id`,`avatarUrl`,`city`,`gender`,`nickName`,`province`,`county`,`phone` FROM `xcx_user` WHERE ( id = "o0Jv50H2UUMf7oasVnbtZtBAwZ-U" or openid ="o0Jv50H2UUMf7oasVnbtZtBAwZ-U" ) LIMIT 1   [ RunTime:0.000185s ]

[ 2017-04-28T11:43:04+08:00 ] 59.53.29.213 /api/user/login
INFO: [ app_begin ] --START--
INFO: Run Behavior\ReadHtmlCache [ RunTime:0.000061s ]
INFO: [ app_begin ] --END-- [ RunTime:0.000185s ]
SQL: SHOW COLUMNS FROM `xcx_user` [ RunTime:0.000612s ]
SQL: SELECT `id`,`avatarUrl`,`city`,`gender`,`nickName`,`province`,`county`,`phone` FROM `xcx_user` WHERE ( id = "o0Jv50H2UUMf7oasVnbtZtBAwZ-U" or openid ="o0Jv50H2UUMf7oasVnbtZtBAwZ-U" ) LIMIT 1   [ RunTime:0.003041s ]
SQL: SELECT `id`,`avatarUrl`,`city`,`gender`,`nickName`,`province`,`county`,`phone` FROM `xcx_user` WHERE ( id = "o0Jv50H2UUMf7oasVnbtZtBAwZ-U" or openid ="o0Jv50H2UUMf7oasVnbtZtBAwZ-U" ) LIMIT 1   [ RunTime:0.000198s ]

[ 2017-04-28T11:44:16+08:00 ] 59.53.29.213 /api/user/editUser
INFO: [ app_begin ] --START--
INFO: Run Behavior\ReadHtmlCache [ RunTime:0.000085s ]
INFO: [ app_begin ] --END-- [ RunTime:0.000253s ]
SQL: SHOW COLUMNS FROM `xcx_user` [ RunTime:0.000601s ]
NOTIC: [8] Undefined variable: where /data/wwwroot/xcx.codems.cn/Apps/Api/Controller/UserController.class.php 第 34 行.
NOTIC: [8] Undefined index: id /data/wwwroot/xcx.codems.cn/Apps/Api/Controller/UserController.class.php 第 35 行.
SQL: SELECT `id`,`avatarUrl`,`city`,`gender`,`nickName`,`province`,`county`,`phone` FROM `xcx_user` WHERE ( id = "" or openid ="" ) LIMIT 1   [ RunTime:0.000085s ]

[ 2017-04-28T11:44:40+08:00 ] 59.53.29.213 /api/user/editUser
INFO: [ app_begin ] --START--
INFO: Run Behavior\ReadHtmlCache [ RunTime:0.000068s ]
INFO: [ app_begin ] --END-- [ RunTime:0.000184s ]
SQL: SHOW COLUMNS FROM `xcx_user` [ RunTime:0.000927s ]
NOTIC: [8] Undefined variable: where /data/wwwroot/xcx.codems.cn/Apps/Api/Controller/UserController.class.php 第 34 行.
NOTIC: [8] Undefined index: id /data/wwwroot/xcx.codems.cn/Apps/Api/Controller/UserController.class.php 第 35 行.
SQL: SELECT `id`,`avatarUrl`,`city`,`gender`,`nickName`,`province`,`county`,`phone` FROM `xcx_user` WHERE ( id = "" or openid ="" ) LIMIT 1   [ RunTime:0.000081s ]

[ 2017-04-28T11:45:33+08:00 ] 59.53.29.213 /api/user/editUser
INFO: [ app_begin ] --START--
INFO: Run Behavior\ReadHtmlCache [ RunTime:0.000076s ]
INFO: [ app_begin ] --END-- [ RunTime:0.000218s ]
SQL: SHOW COLUMNS FROM `xcx_user` [ RunTime:0.000626s ]
NOTIC: [8] Undefined variable: where /data/wwwroot/xcx.codems.cn/Apps/Api/Controller/UserController.class.php 第 34 行.
SQL: SELECT `id`,`avatarUrl`,`city`,`gender`,`nickName`,`province`,`county`,`phone` FROM `xcx_user` WHERE ( id = "10000" or openid ="10000" ) LIMIT 1   [ RunTime:0.000232s ]

[ 2017-04-28T11:48:57+08:00 ] 59.53.29.213 /api/upload
INFO: [ app_begin ] --START--
INFO: Run Behavior\ReadHtmlCache [ RunTime:0.000079s ]
INFO: [ app_begin ] --END-- [ RunTime:0.000232s ]
NOTIC: [2] call_user_func() expects parameter 1 to be a valid callback, no array or string given /data/wwwroot/xcx.codems.cn/include/ThinkPHP/Library/Think/Upload.class.php 第 167 行.

[ 2017-04-28T11:48:58+08:00 ] 59.53.29.213 /api/user/editUser
INFO: [ app_begin ] --START--
INFO: Run Behavior\ReadHtmlCache [ RunTime:0.000065s ]
INFO: [ app_begin ] --END-- [ RunTime:0.000391s ]
SQL: SHOW COLUMNS FROM `xcx_user` [ RunTime:0.000623s ]
NOTIC: [8] Undefined variable: where /data/wwwroot/xcx.codems.cn/Apps/Api/Controller/UserController.class.php 第 34 行.
SQL: SELECT `id`,`avatarUrl`,`city`,`gender`,`nickName`,`province`,`county`,`phone` FROM `xcx_user` WHERE ( id = "10000" or openid ="10000" ) LIMIT 1   [ RunTime:0.000075s ]
INFO: [ app_end ] --START--
INFO: Run Behavior\ShowPageTrace [ RunTime:0.000080s ]
INFO: [ app_end ] --END-- [ RunTime:0.000122s ]

[ 2017-04-28T11:56:09+08:00 ] 59.53.29.213 /api/user/login
INFO: [ app_begin ] --START--
INFO: Run Behavior\ReadHtmlCache [ RunTime:0.000084s ]
INFO: [ app_begin ] --END-- [ RunTime:0.000226s ]
SQL: SHOW COLUMNS FROM `xcx_user` [ RunTime:0.001852s ]
SQL: SELECT `id`,`avatarUrl`,`city`,`gender`,`nickName`,`province`,`county`,`phone` FROM `xcx_user` WHERE ( id = "o0Jv50H2UUMf7oasVnbtZtBAwZ-U" or openid ="o0Jv50H2UUMf7oasVnbtZtBAwZ-U" ) LIMIT 1   [ RunTime:0.000313s ]
SQL: SELECT `id`,`avatarUrl`,`city`,`gender`,`nickName`,`province`,`county`,`phone` FROM `xcx_user` WHERE ( id = "o0Jv50H2UUMf7oasVnbtZtBAwZ-U" or openid ="o0Jv50H2UUMf7oasVnbtZtBAwZ-U" ) LIMIT 1   [ RunTime:0.000206s ]

[ 2017-04-28T11:56:21+08:00 ] 59.53.29.213 /api/upload
INFO: [ app_begin ] --START--
INFO: Run Behavior\ReadHtmlCache [ RunTime:0.000059s ]
INFO: [ app_begin ] --END-- [ RunTime:0.000180s ]
NOTIC: [2] call_user_func() expects parameter 1 to be a valid callback, no array or string given /data/wwwroot/xcx.codems.cn/include/ThinkPHP/Library/Think/Upload.class.php 第 167 行.

[ 2017-04-28T11:56:23+08:00 ] 59.53.29.213 /api/user/editUser
INFO: [ app_begin ] --START--
INFO: Run Behavior\ReadHtmlCache [ RunTime:0.000057s ]
INFO: [ app_begin ] --END-- [ RunTime:0.000166s ]
SQL: SHOW COLUMNS FROM `xcx_user` [ RunTime:0.000562s ]
NOTIC: [8] Undefined variable: where /data/wwwroot/xcx.codems.cn/Apps/Api/Controller/UserController.class.php 第 34 行.
SQL: SELECT `id`,`avatarUrl`,`city`,`gender`,`nickName`,`province`,`county`,`phone` FROM `xcx_user` WHERE ( id = "10000" or openid ="10000" ) LIMIT 1   [ RunTime:0.000095s ]

[ 2017-04-28T11:58:41+08:00 ] 59.53.29.213 /api/user/login
INFO: [ app_begin ] --START--
INFO: Run Behavior\ReadHtmlCache [ RunTime:0.000105s ]
INFO: [ app_begin ] --END-- [ RunTime:0.000778s ]
SQL: SHOW COLUMNS FROM `xcx_user` [ RunTime:0.002640s ]
SQL: SELECT `id`,`avatarUrl`,`city`,`gender`,`nickName`,`province`,`county`,`phone` FROM `xcx_user` WHERE ( id = "o0Jv50H2UUMf7oasVnbtZtBAwZ-U" or openid ="o0Jv50H2UUMf7oasVnbtZtBAwZ-U" ) LIMIT 1   [ RunTime:0.000887s ]
SQL: SELECT `id`,`avatarUrl`,`city`,`gender`,`nickName`,`province`,`county`,`phone` FROM `xcx_user` WHERE ( id = "o0Jv50H2UUMf7oasVnbtZtBAwZ-U" or openid ="o0Jv50H2UUMf7oasVnbtZtBAwZ-U" ) LIMIT 1   [ RunTime:0.000235s ]

[ 2017-04-28T11:59:07+08:00 ] 59.53.29.213 /api/user/editUser
INFO: [ app_begin ] --START--
INFO: Run Behavior\ReadHtmlCache [ RunTime:0.000066s ]
INFO: [ app_begin ] --END-- [ RunTime:0.000196s ]
SQL: SHOW COLUMNS FROM `xcx_user` [ RunTime:0.000511s ]
NOTIC: [8] Undefined variable: where /data/wwwroot/xcx.codems.cn/Apps/Api/Controller/UserController.class.php 第 34 行.
SQL: SELECT `id`,`avatarUrl`,`city`,`gender`,`nickName`,`province`,`county`,`phone` FROM `xcx_user` WHERE ( id = "10000" or openid ="10000" ) LIMIT 1   [ RunTime:0.000063s ]

[ 2017-04-28T12:00:07+08:00 ] 59.53.29.213 /api/user/editUser
INFO: [ app_begin ] --START--
INFO: Run Behavior\ReadHtmlCache [ RunTime:0.000099s ]
INFO: [ app_begin ] --END-- [ RunTime:0.000261s ]
SQL: SHOW COLUMNS FROM `xcx_user` [ RunTime:0.004472s ]
NOTIC: [8] Undefined variable: where /data/wwwroot/xcx.codems.cn/Apps/Api/Controller/UserController.class.php 第 34 行.
SQL: SELECT `id`,`avatarUrl`,`city`,`gender`,`nickName`,`province`,`county`,`phone` FROM `xcx_user` WHERE ( id = "10000" or openid ="10000" ) LIMIT 1   [ RunTime:0.000108s ]

[ 2017-04-28T12:00:47+08:00 ] 59.53.29.213 /api/upload
INFO: [ app_begin ] --START--
INFO: Run Behavior\ReadHtmlCache [ RunTime:0.000063s ]
INFO: [ app_begin ] --END-- [ RunTime:0.000194s ]
NOTIC: [2] call_user_func() expects parameter 1 to be a valid callback, no array or string given /data/wwwroot/xcx.codems.cn/include/ThinkPHP/Library/Think/Upload.class.php 第 167 行.

[ 2017-04-28T12:00:56+08:00 ] 59.53.29.213 /api/user/editUser
INFO: [ app_begin ] --START--
INFO: Run Behavior\ReadHtmlCache [ RunTime:0.000076s ]
INFO: [ app_begin ] --END-- [ RunTime:0.000211s ]
SQL: SHOW COLUMNS FROM `xcx_user` [ RunTime:0.000616s ]
NOTIC: [8] Undefined variable: where /data/wwwroot/xcx.codems.cn/Apps/Api/Controller/UserController.class.php 第 34 行.
SQL: SELECT `id`,`avatarUrl`,`city`,`gender`,`nickName`,`province`,`county`,`phone` FROM `xcx_user` WHERE ( id = "10000" or openid ="10000" ) LIMIT 1   [ RunTime:0.000084s ]

[ 2017-04-28T12:01:36+08:00 ] 59.53.29.213 /api/user/editUser
INFO: [ app_begin ] --START--
INFO: Run Behavior\ReadHtmlCache [ RunTime:0.000081s ]
INFO: [ app_begin ] --END-- [ RunTime:0.000210s ]
SQL: SHOW COLUMNS FROM `xcx_user` [ RunTime:0.000614s ]
NOTIC: [8] Undefined variable: where /data/wwwroot/xcx.codems.cn/Apps/Api/Controller/UserController.class.php 第 34 行.
SQL: SELECT `id`,`avatarUrl`,`city`,`gender`,`nickName`,`province`,`county`,`phone` FROM `xcx_user` WHERE ( id = "10000" or openid ="10000" ) LIMIT 1   [ RunTime:0.000083s ]

[ 2017-04-28T12:03:12+08:00 ] 59.53.29.213 /api/user/editUser
INFO: [ app_begin ] --START--
INFO: Run Behavior\ReadHtmlCache [ RunTime:0.000110s ]
INFO: [ app_begin ] --END-- [ RunTime:0.000265s ]
SQL: SHOW COLUMNS FROM `xcx_user` [ RunTime:0.000539s ]
SQL: UPDATE `xcx_user` SET `avatarUrl`='http://wx.qlogo.cn/mmopen/vi_32/DYAIOgq83erzRibxmbXZib375iceEdszYuicvhxYNxC495YzNhlEQtGyNCbrL67K5ibqWMhxicg8t97SiaFiaceicdCYLiag/0',`city`='南昌市',`gender`='0',`nickName`='H。',`province`='江西省',`county`='青山湖区',`phone`='15350406670' WHERE ( `id` = 10000 ) [ RunTime:0.000243s ]
SQL: SELECT `id`,`avatarUrl`,`city`,`gender`,`nickName`,`province`,`county`,`phone` FROM `xcx_user` WHERE ( id = "10000" or openid ="10000" ) LIMIT 1   [ RunTime:0.000249s ]

[ 2017-04-28T12:03:20+08:00 ] 59.53.29.213 /api/upload
INFO: [ app_begin ] --START--
INFO: Run Behavior\ReadHtmlCache [ RunTime:0.000074s ]
INFO: [ app_begin ] --END-- [ RunTime:0.000263s ]
NOTIC: [2] call_user_func() expects parameter 1 to be a valid callback, no array or string given /data/wwwroot/xcx.codems.cn/include/ThinkPHP/Library/Think/Upload.class.php 第 167 行.

[ 2017-04-28T12:03:21+08:00 ] 59.53.29.213 /api/user/editUser
INFO: [ app_begin ] --START--
INFO: Run Behavior\ReadHtmlCache [ RunTime:0.000068s ]
INFO: [ app_begin ] --END-- [ RunTime:0.000199s ]
SQL: SHOW COLUMNS FROM `xcx_user` [ RunTime:0.000615s ]
SQL: UPDATE `xcx_user` SET `avatarUrl`='https://xcx.codems.cn/Uploads/2017-04-28/5902bf0838ca0.jpg',`city`='南昌市',`gender`='0',`nickName`='H。',`province`='江西省',`county`='青山湖区',`phone`='15350406670' WHERE ( `id` = 10000 ) [ RunTime:0.000316s ]
SQL: SELECT `id`,`avatarUrl`,`city`,`gender`,`nickName`,`province`,`county`,`phone` FROM `xcx_user` WHERE ( id = "10000" or openid ="10000" ) LIMIT 1   [ RunTime:0.000479s ]

[ 2017-04-28T12:06:03+08:00 ] 182.97.62.210 /api/user/login
INFO: [ app_begin ] --START--
INFO: Run Behavior\ReadHtmlCache [ RunTime:0.000083s ]
INFO: [ app_begin ] --END-- [ RunTime:0.000254s ]
SQL: SHOW COLUMNS FROM `xcx_user` [ RunTime:0.000664s ]
SQL: SELECT `id`,`avatarUrl`,`city`,`gender`,`nickName`,`province`,`county`,`phone` FROM `xcx_user` WHERE ( id = "o0Jv50H2UUMf7oasVnbtZtBAwZ-U" or openid ="o0Jv50H2UUMf7oasVnbtZtBAwZ-U" ) LIMIT 1   [ RunTime:0.000253s ]
SQL: SELECT `id`,`avatarUrl`,`city`,`gender`,`nickName`,`province`,`county`,`phone` FROM `xcx_user` WHERE ( id = "o0Jv50H2UUMf7oasVnbtZtBAwZ-U" or openid ="o0Jv50H2UUMf7oasVnbtZtBAwZ-U" ) LIMIT 1   [ RunTime:0.000205s ]

[ 2017-04-28T12:06:44+08:00 ] 59.53.29.213 /api/upload
INFO: [ app_begin ] --START--
INFO: Run Behavior\ReadHtmlCache [ RunTime:0.000055s ]
INFO: [ app_begin ] --END-- [ RunTime:0.000212s ]
NOTIC: [2] call_user_func() expects parameter 1 to be a valid callback, no array or string given /data/wwwroot/xcx.codems.cn/include/ThinkPHP/Library/Think/Upload.class.php 第 167 行.

[ 2017-04-28T12:07:11+08:00 ] 59.53.29.213 /api/user/login
INFO: [ app_begin ] --START--
INFO: Run Behavior\ReadHtmlCache [ RunTime:0.000081s ]
INFO: [ app_begin ] --END-- [ RunTime:0.000602s ]
SQL: SHOW COLUMNS FROM `xcx_user` [ RunTime:0.000670s ]
NOTIC: [8] Undefined index: openid /data/wwwroot/xcx.codems.cn/Apps/Api/Controller/UserController.class.php 第 11 行.
SQL: SELECT `id`,`avatarUrl`,`city`,`gender`,`nickName`,`province`,`county`,`phone` FROM `xcx_user` WHERE ( id = "" or openid ="" ) LIMIT 1   [ RunTime:0.000238s ]
NOTIC: [8] Undefined index: session_key /data/wwwroot/xcx.codems.cn/Apps/Api/Controller/UserController.class.php 第 13 行.
NOTIC: [8] Undefined index: openid /data/wwwroot/xcx.codems.cn/Apps/Api/Controller/UserController.class.php 第 18 行.
SQL: SELECT `id`,`avatarUrl`,`city`,`gender`,`nickName`,`province`,`county`,`phone` FROM `xcx_user` WHERE ( id = "" or openid ="" ) LIMIT 1   [ RunTime:0.000098s ]
NOTIC: [8] Undefined index: openid /data/wwwroot/xcx.codems.cn/Apps/Api/Controller/UserController.class.php 第 19 行.
NOTIC: [8] Undefined index: session_key /data/wwwroot/xcx.codems.cn/Apps/Api/Controller/UserController.class.php 第 19 行.

[ 2017-04-28T12:07:21+08:00 ] 101.226.125.111 /api/user/login
INFO: [ app_begin ] --START--
INFO: Run Behavior\ReadHtmlCache [ RunTime:0.000052s ]
INFO: [ app_begin ] --END-- [ RunTime:0.000195s ]
SQL: SHOW COLUMNS FROM `xcx_user` [ RunTime:0.001189s ]
NOTIC: [8] Undefined index: openid /data/wwwroot/xcx.codems.cn/Apps/Api/Controller/UserController.class.php 第 11 行.
SQL: SELECT `id`,`avatarUrl`,`city`,`gender`,`nickName`,`province`,`county`,`phone` FROM `xcx_user` WHERE ( id = "" or openid ="" ) LIMIT 1   [ RunTime:0.000073s ]
NOTIC: [8] Undefined index: session_key /data/wwwroot/xcx.codems.cn/Apps/Api/Controller/UserController.class.php 第 13 行.
NOTIC: [8] Undefined index: openid /data/wwwroot/xcx.codems.cn/Apps/Api/Controller/UserController.class.php 第 18 行.
SQL: SELECT `id`,`avatarUrl`,`city`,`gender`,`nickName`,`province`,`county`,`phone` FROM `xcx_user` WHERE ( id = "" or openid ="" ) LIMIT 1   [ RunTime:0.000070s ]
NOTIC: [8] Undefined index: openid /data/wwwroot/xcx.codems.cn/Apps/Api/Controller/UserController.class.php 第 19 行.
NOTIC: [8] Undefined index: session_key /data/wwwroot/xcx.codems.cn/Apps/Api/Controller/UserController.class.php 第 19 行.

[ 2017-04-28T12:18:55+08:00 ] 59.53.29.213 /api/user/editUser
INFO: [ app_begin ] --START--
INFO: Run Behavior\ReadHtmlCache [ RunTime:0.000082s ]
INFO: [ app_begin ] --END-- [ RunTime:0.000245s ]
SQL: SHOW COLUMNS FROM `xcx_user` [ RunTime:0.000535s ]
SQL: UPDATE `xcx_user` SET `avatarUrl`='https://xcx.codems.cn/Uploads/2017-04-28/5902bfd474169.jpg',`city`='南昌市',`gender`='1',`nickName`='H。',`province`='江西省',`county`='青山湖区',`phone`='15350406670' WHERE ( `id` = 10000 ) [ RunTime:0.000302s ]
SQL: SELECT `id`,`avatarUrl`,`city`,`gender`,`nickName`,`province`,`county`,`phone` FROM `xcx_user` WHERE ( id = "10000" or openid ="10000" ) LIMIT 1   [ RunTime:0.000268s ]

[ 2017-04-28T12:28:01+08:00 ] 59.53.29.213 /api/user/editUser
INFO: [ app_begin ] --START--
INFO: Run Behavior\ReadHtmlCache [ RunTime:0.000108s ]
INFO: [ app_begin ] --END-- [ RunTime:0.000310s ]
SQL: SHOW COLUMNS FROM `xcx_user` [ RunTime:0.001177s ]
SQL: UPDATE `xcx_user` SET `avatarUrl`='https://xcx.codems.cn/Uploads/2017-04-28/5902bfd474169.jpg',`city`='南昌市',`gender`='1',`nickName`='hsj',`province`='江西省',`county`='青山湖区',`phone`='15350406670' WHERE ( `id` = 10000 ) [ RunTime:0.000460s ]
SQL: SELECT `id`,`avatarUrl`,`city`,`gender`,`nickName`,`province`,`county`,`phone` FROM `xcx_user` WHERE ( id = "10000" or openid ="10000" ) LIMIT 1   [ RunTime:0.000330s ]

[ 2017-04-28T12:28:42+08:00 ] 59.53.29.213 /api/upload
INFO: [ app_begin ] --START--
INFO: Run Behavior\ReadHtmlCache [ RunTime:0.000071s ]
INFO: [ app_begin ] --END-- [ RunTime:0.000196s ]
NOTIC: [2] call_user_func() expects parameter 1 to be a valid callback, no array or string given /data/wwwroot/xcx.codems.cn/include/ThinkPHP/Library/Think/Upload.class.php 第 167 行.

[ 2017-04-28T12:28:46+08:00 ] 59.53.29.213 /api/user/editUser
INFO: [ app_begin ] --START--
INFO: Run Behavior\ReadHtmlCache [ RunTime:0.000071s ]
INFO: [ app_begin ] --END-- [ RunTime:0.000203s ]
SQL: SHOW COLUMNS FROM `xcx_user` [ RunTime:0.000621s ]
SQL: UPDATE `xcx_user` SET `avatarUrl`='https://xcx.codems.cn/Uploads/2017-04-28/5902c4faa9547.jpg',`city`='南昌市',`gender`='1',`nickName`='hsj',`province`='江西省',`county`='青山湖区',`phone`='15350406670' WHERE ( `id` = 10000 ) [ RunTime:0.000273s ]
SQL: SELECT `id`,`avatarUrl`,`city`,`gender`,`nickName`,`province`,`county`,`phone` FROM `xcx_user` WHERE ( id = "10000" or openid ="10000" ) LIMIT 1   [ RunTime:0.000227s ]

[ 2017-04-28T12:40:25+08:00 ] 59.53.29.213 /api/user/login
INFO: [ app_begin ] --START--
INFO: Run Behavior\ReadHtmlCache [ RunTime:0.000078s ]
INFO: [ app_begin ] --END-- [ RunTime:0.000212s ]
SQL: SHOW COLUMNS FROM `xcx_user` [ RunTime:0.001595s ]
NOTIC: [8] Undefined index: openid /data/wwwroot/xcx.codems.cn/Apps/Api/Controller/UserController.class.php 第 11 行.
SQL: SELECT `id`,`avatarUrl`,`city`,`gender`,`nickName`,`province`,`county`,`phone` FROM `xcx_user` WHERE ( id = "" or openid ="" ) LIMIT 1   [ RunTime:0.000353s ]
NOTIC: [8] Undefined index: session_key /data/wwwroot/xcx.codems.cn/Apps/Api/Controller/UserController.class.php 第 13 行.
NOTIC: [8] Undefined index: openid /data/wwwroot/xcx.codems.cn/Apps/Api/Controller/UserController.class.php 第 18 行.
SQL: SELECT `id`,`avatarUrl`,`city`,`gender`,`nickName`,`province`,`county`,`phone` FROM `xcx_user` WHERE ( id = "" or openid ="" ) LIMIT 1   [ RunTime:0.000114s ]
NOTIC: [8] Undefined index: openid /data/wwwroot/xcx.codems.cn/Apps/Api/Controller/UserController.class.php 第 19 行.
NOTIC: [8] Undefined index: session_key /data/wwwroot/xcx.codems.cn/Apps/Api/Controller/UserController.class.php 第 19 行.

[ 2017-04-28T12:40:59+08:00 ] 59.53.29.213 /api/user/login
INFO: [ app_begin ] --START--
INFO: Run Behavior\ReadHtmlCache [ RunTime:0.000046s ]
INFO: [ app_begin ] --END-- [ RunTime:0.000140s ]
SQL: SHOW COLUMNS FROM `xcx_user` [ RunTime:0.000518s ]
NOTIC: [8] Undefined index: openid /data/wwwroot/xcx.codems.cn/Apps/Api/Controller/UserController.class.php 第 11 行.
SQL: SELECT `id`,`avatarUrl`,`city`,`gender`,`nickName`,`province`,`county`,`phone` FROM `xcx_user` WHERE ( id = "" or openid ="" ) LIMIT 1   [ RunTime:0.000066s ]
NOTIC: [8] Undefined index: session_key /data/wwwroot/xcx.codems.cn/Apps/Api/Controller/UserController.class.php 第 13 行.
NOTIC: [8] Undefined index: openid /data/wwwroot/xcx.codems.cn/Apps/Api/Controller/UserController.class.php 第 18 行.
SQL: SELECT `id`,`avatarUrl`,`city`,`gender`,`nickName`,`province`,`county`,`phone` FROM `xcx_user` WHERE ( id = "" or openid ="" ) LIMIT 1   [ RunTime:0.000076s ]
NOTIC: [8] Undefined index: openid /data/wwwroot/xcx.codems.cn/Apps/Api/Controller/UserController.class.php 第 19 行.
NOTIC: [8] Undefined index: session_key /data/wwwroot/xcx.codems.cn/Apps/Api/Controller/UserController.class.php 第 19 行.

[ 2017-04-28T12:41:00+08:00 ] 59.53.29.213 /api/user/login
INFO: [ app_begin ] --START--
INFO: Run Behavior\ReadHtmlCache [ RunTime:0.000073s ]
INFO: [ app_begin ] --END-- [ RunTime:0.000184s ]
SQL: SHOW COLUMNS FROM `xcx_user` [ RunTime:0.000621s ]
NOTIC: [8] Undefined index: openid /data/wwwroot/xcx.codems.cn/Apps/Api/Controller/UserController.class.php 第 11 行.
SQL: SELECT `id`,`avatarUrl`,`city`,`gender`,`nickName`,`province`,`county`,`phone` FROM `xcx_user` WHERE ( id = "" or openid ="" ) LIMIT 1   [ RunTime:0.000108s ]
NOTIC: [8] Undefined index: session_key /data/wwwroot/xcx.codems.cn/Apps/Api/Controller/UserController.class.php 第 13 行.
NOTIC: [8] Undefined index: openid /data/wwwroot/xcx.codems.cn/Apps/Api/Controller/UserController.class.php 第 18 行.
SQL: SELECT `id`,`avatarUrl`,`city`,`gender`,`nickName`,`province`,`county`,`phone` FROM `xcx_user` WHERE ( id = "" or openid ="" ) LIMIT 1   [ RunTime:0.000073s ]
NOTIC: [8] Undefined index: openid /data/wwwroot/xcx.codems.cn/Apps/Api/Controller/UserController.class.php 第 19 行.
NOTIC: [8] Undefined index: session_key /data/wwwroot/xcx.codems.cn/Apps/Api/Controller/UserController.class.php 第 19 行.

[ 2017-04-28T12:41:00+08:00 ] 59.53.29.213 /api/user/login
INFO: [ app_begin ] --START--
INFO: Run Behavior\ReadHtmlCache [ RunTime:0.000049s ]
INFO: [ app_begin ] --END-- [ RunTime:0.000168s ]
SQL: SHOW COLUMNS FROM `xcx_user` [ RunTime:0.000658s ]
NOTIC: [8] Undefined index: openid /data/wwwroot/xcx.codems.cn/Apps/Api/Controller/UserController.class.php 第 11 行.
SQL: SELECT `id`,`avatarUrl`,`city`,`gender`,`nickName`,`province`,`county`,`phone` FROM `xcx_user` WHERE ( id = "" or openid ="" ) LIMIT 1   [ RunTime:0.000082s ]
NOTIC: [8] Undefined index: session_key /data/wwwroot/xcx.codems.cn/Apps/Api/Controller/UserController.class.php 第 13 行.
NOTIC: [8] Undefined index: openid /data/wwwroot/xcx.codems.cn/Apps/Api/Controller/UserController.class.php 第 18 行.
SQL: SELECT `id`,`avatarUrl`,`city`,`gender`,`nickName`,`province`,`county`,`phone` FROM `xcx_user` WHERE ( id = "" or openid ="" ) LIMIT 1   [ RunTime:0.000091s ]
NOTIC: [8] Undefined index: openid /data/wwwroot/xcx.codems.cn/Apps/Api/Controller/UserController.class.php 第 19 行.
NOTIC: [8] Undefined index: session_key /data/wwwroot/xcx.codems.cn/Apps/Api/Controller/UserController.class.php 第 19 行.

[ 2017-04-28T12:41:01+08:00 ] 59.53.29.213 /api/user/login
INFO: [ app_begin ] --START--
INFO: Run Behavior\ReadHtmlCache [ RunTime:0.000114s ]
INFO: [ app_begin ] --END-- [ RunTime:0.000316s ]
SQL: SHOW COLUMNS FROM `xcx_user` [ RunTime:0.004847s ]
NOTIC: [8] Undefined index: openid /data/wwwroot/xcx.codems.cn/Apps/Api/Controller/UserController.class.php 第 11 行.
SQL: SELECT `id`,`avatarUrl`,`city`,`gender`,`nickName`,`province`,`county`,`phone` FROM `xcx_user` WHERE ( id = "" or openid ="" ) LIMIT 1   [ RunTime:0.000158s ]
NOTIC: [8] Undefined index: session_key /data/wwwroot/xcx.codems.cn/Apps/Api/Controller/UserController.class.php 第 13 行.
NOTIC: [8] Undefined index: openid /data/wwwroot/xcx.codems.cn/Apps/Api/Controller/UserController.class.php 第 18 行.
SQL: SELECT `id`,`avatarUrl`,`city`,`gender`,`nickName`,`province`,`county`,`phone` FROM `xcx_user` WHERE ( id = "" or openid ="" ) LIMIT 1   [ RunTime:0.000118s ]
NOTIC: [8] Undefined index: openid /data/wwwroot/xcx.codems.cn/Apps/Api/Controller/UserController.class.php 第 19 行.
NOTIC: [8] Undefined index: session_key /data/wwwroot/xcx.codems.cn/Apps/Api/Controller/UserController.class.php 第 19 行.

[ 2017-04-28T12:41:01+08:00 ] 59.53.29.213 /api/user/login
INFO: [ app_begin ] --START--
INFO: Run Behavior\ReadHtmlCache [ RunTime:0.000885s ]
INFO: [ app_begin ] --END-- [ RunTime:0.001182s ]
SQL: SHOW COLUMNS FROM `xcx_user` [ RunTime:0.001667s ]
NOTIC: [8] Undefined index: openid /data/wwwroot/xcx.codems.cn/Apps/Api/Controller/UserController.class.php 第 11 行.
SQL: SELECT `id`,`avatarUrl`,`city`,`gender`,`nickName`,`province`,`county`,`phone` FROM `xcx_user` WHERE ( id = "" or openid ="" ) LIMIT 1   [ RunTime:0.000087s ]
NOTIC: [8] Undefined index: session_key /data/wwwroot/xcx.codems.cn/Apps/Api/Controller/UserController.class.php 第 13 行.
NOTIC: [8] Undefined index: openid /data/wwwroot/xcx.codems.cn/Apps/Api/Controller/UserController.class.php 第 18 行.
SQL: SELECT `id`,`avatarUrl`,`city`,`gender`,`nickName`,`province`,`county`,`phone` FROM `xcx_user` WHERE ( id = "" or openid ="" ) LIMIT 1   [ RunTime:0.000075s ]
NOTIC: [8] Undefined index: openid /data/wwwroot/xcx.codems.cn/Apps/Api/Controller/UserController.class.php 第 19 行.
NOTIC: [8] Undefined index: session_key /data/wwwroot/xcx.codems.cn/Apps/Api/Controller/UserController.class.php 第 19 行.

[ 2017-04-28T12:41:01+08:00 ] 59.53.29.213 /api/user/login
INFO: [ app_begin ] --START--
INFO: Run Behavior\ReadHtmlCache [ RunTime:0.000066s ]
INFO: [ app_begin ] --END-- [ RunTime:0.000187s ]
SQL: SHOW COLUMNS FROM `xcx_user` [ RunTime:0.000550s ]
NOTIC: [8] Undefined index: openid /data/wwwroot/xcx.codems.cn/Apps/Api/Controller/UserController.class.php 第 11 行.
SQL: SELECT `id`,`avatarUrl`,`city`,`gender`,`nickName`,`province`,`county`,`phone` FROM `xcx_user` WHERE ( id = "" or openid ="" ) LIMIT 1   [ RunTime:0.000150s ]
NOTIC: [8] Undefined index: session_key /data/wwwroot/xcx.codems.cn/Apps/Api/Controller/UserController.class.php 第 13 行.
NOTIC: [8] Undefined index: openid /data/wwwroot/xcx.codems.cn/Apps/Api/Controller/UserController.class.php 第 18 行.
SQL: SELECT `id`,`avatarUrl`,`city`,`gender`,`nickName`,`province`,`county`,`phone` FROM `xcx_user` WHERE ( id = "" or openid ="" ) LIMIT 1   [ RunTime:0.000079s ]
NOTIC: [8] Undefined index: openid /data/wwwroot/xcx.codems.cn/Apps/Api/Controller/UserController.class.php 第 19 行.
NOTIC: [8] Undefined index: session_key /data/wwwroot/xcx.codems.cn/Apps/Api/Controller/UserController.class.php 第 19 行.

[ 2017-04-28T12:41:01+08:00 ] 59.53.29.213 /api/user/login
INFO: [ app_begin ] --START--
INFO: Run Behavior\ReadHtmlCache [ RunTime:0.000072s ]
INFO: [ app_begin ] --END-- [ RunTime:0.000198s ]
SQL: SHOW COLUMNS FROM `xcx_user` [ RunTime:0.000682s ]
NOTIC: [8] Undefined index: openid /data/wwwroot/xcx.codems.cn/Apps/Api/Controller/UserController.class.php 第 11 行.
SQL: SELECT `id`,`avatarUrl`,`city`,`gender`,`nickName`,`province`,`county`,`phone` FROM `xcx_user` WHERE ( id = "" or openid ="" ) LIMIT 1   [ RunTime:0.000175s ]
NOTIC: [8] Undefined index: session_key /data/wwwroot/xcx.codems.cn/Apps/Api/Controller/UserController.class.php 第 13 行.
NOTIC: [8] Undefined index: openid /data/wwwroot/xcx.codems.cn/Apps/Api/Controller/UserController.class.php 第 18 行.
SQL: SELECT `id`,`avatarUrl`,`city`,`gender`,`nickName`,`province`,`county`,`phone` FROM `xcx_user` WHERE ( id = "" or openid ="" ) LIMIT 1   [ RunTime:0.000083s ]
NOTIC: [8] Undefined index: openid /data/wwwroot/xcx.codems.cn/Apps/Api/Controller/UserController.class.php 第 19 行.
NOTIC: [8] Undefined index: session_key /data/wwwroot/xcx.codems.cn/Apps/Api/Controller/UserController.class.php 第 19 行.

[ 2017-04-28T12:41:12+08:00 ] 59.53.29.213 /api/user/login
INFO: [ app_begin ] --START--
INFO: Run Behavior\ReadHtmlCache [ RunTime:0.000071s ]
INFO: [ app_begin ] --END-- [ RunTime:0.000491s ]
SQL: SHOW COLUMNS FROM `xcx_user` [ RunTime:0.000605s ]
NOTIC: [8] Undefined index: openid /data/wwwroot/xcx.codems.cn/Apps/Api/Controller/UserController.class.php 第 11 行.
SQL: SELECT `id`,`avatarUrl`,`city`,`gender`,`nickName`,`province`,`county`,`phone` FROM `xcx_user` WHERE ( id = "" or openid ="" ) LIMIT 1   [ RunTime:0.000074s ]
NOTIC: [8] Undefined index: session_key /data/wwwroot/xcx.codems.cn/Apps/Api/Controller/UserController.class.php 第 13 行.
NOTIC: [8] Undefined index: openid /data/wwwroot/xcx.codems.cn/Apps/Api/Controller/UserController.class.php 第 18 行.
SQL: SELECT `id`,`avatarUrl`,`city`,`gender`,`nickName`,`province`,`county`,`phone` FROM `xcx_user` WHERE ( id = "" or openid ="" ) LIMIT 1   [ RunTime:0.000068s ]
NOTIC: [8] Undefined index: openid /data/wwwroot/xcx.codems.cn/Apps/Api/Controller/UserController.class.php 第 19 行.
NOTIC: [8] Undefined index: session_key /data/wwwroot/xcx.codems.cn/Apps/Api/Controller/UserController.class.php 第 19 行.

[ 2017-04-28T12:41:12+08:00 ] 59.53.29.213 /api/user/login
INFO: [ app_begin ] --START--
INFO: Run Behavior\ReadHtmlCache [ RunTime:0.000060s ]
INFO: [ app_begin ] --END-- [ RunTime:0.000175s ]
SQL: SHOW COLUMNS FROM `xcx_user` [ RunTime:0.005832s ]
NOTIC: [8] Undefined index: openid /data/wwwroot/xcx.codems.cn/Apps/Api/Controller/UserController.class.php 第 11 行.
SQL: SELECT `id`,`avatarUrl`,`city`,`gender`,`nickName`,`province`,`county`,`phone` FROM `xcx_user` WHERE ( id = "" or openid ="" ) LIMIT 1   [ RunTime:0.000098s ]
NOTIC: [8] Undefined index: session_key /data/wwwroot/xcx.codems.cn/Apps/Api/Controller/UserController.class.php 第 13 行.
NOTIC: [8] Undefined index: openid /data/wwwroot/xcx.codems.cn/Apps/Api/Controller/UserController.class.php 第 18 行.
SQL: SELECT `id`,`avatarUrl`,`city`,`gender`,`nickName`,`province`,`county`,`phone` FROM `xcx_user` WHERE ( id = "" or openid ="" ) LIMIT 1   [ RunTime:0.000090s ]
NOTIC: [8] Undefined index: openid /data/wwwroot/xcx.codems.cn/Apps/Api/Controller/UserController.class.php 第 19 行.
NOTIC: [8] Undefined index: session_key /data/wwwroot/xcx.codems.cn/Apps/Api/Controller/UserController.class.php 第 19 行.

[ 2017-04-28T12:41:13+08:00 ] 59.53.29.213 /api/user/login
INFO: [ app_begin ] --START--
INFO: Run Behavior\ReadHtmlCache [ RunTime:0.000073s ]
INFO: [ app_begin ] --END-- [ RunTime:0.000229s ]
SQL: SHOW COLUMNS FROM `xcx_user` [ RunTime:0.000608s ]
NOTIC: [8] Undefined index: openid /data/wwwroot/xcx.codems.cn/Apps/Api/Controller/UserController.class.php 第 11 行.
SQL: SELECT `id`,`avatarUrl`,`city`,`gender`,`nickName`,`province`,`county`,`phone` FROM `xcx_user` WHERE ( id = "" or openid ="" ) LIMIT 1   [ RunTime:0.000071s ]
NOTIC: [8] Undefined index: session_key /data/wwwroot/xcx.codems.cn/Apps/Api/Controller/UserController.class.php 第 13 行.
NOTIC: [8] Undefined index: openid /data/wwwroot/xcx.codems.cn/Apps/Api/Controller/UserController.class.php 第 18 行.
SQL: SELECT `id`,`avatarUrl`,`city`,`gender`,`nickName`,`province`,`county`,`phone` FROM `xcx_user` WHERE ( id = "" or openid ="" ) LIMIT 1   [ RunTime:0.000075s ]
NOTIC: [8] Undefined index: openid /data/wwwroot/xcx.codems.cn/Apps/Api/Controller/UserController.class.php 第 19 行.
NOTIC: [8] Undefined index: session_key /data/wwwroot/xcx.codems.cn/Apps/Api/Controller/UserController.class.php 第 19 行.

[ 2017-04-28T12:41:13+08:00 ] 59.53.29.213 /api/user/login
INFO: [ app_begin ] --START--
INFO: Run Behavior\ReadHtmlCache [ RunTime:0.000067s ]
INFO: [ app_begin ] --END-- [ RunTime:0.000203s ]
SQL: SHOW COLUMNS FROM `xcx_user` [ RunTime:0.000634s ]
NOTIC: [8] Undefined index: openid /data/wwwroot/xcx.codems.cn/Apps/Api/Controller/UserController.class.php 第 11 行.
SQL: SELECT `id`,`avatarUrl`,`city`,`gender`,`nickName`,`province`,`county`,`phone` FROM `xcx_user` WHERE ( id = "" or openid ="" ) LIMIT 1   [ RunTime:0.000077s ]
NOTIC: [8] Undefined index: session_key /data/wwwroot/xcx.codems.cn/Apps/Api/Controller/UserController.class.php 第 13 行.
NOTIC: [8] Undefined index: openid /data/wwwroot/xcx.codems.cn/Apps/Api/Controller/UserController.class.php 第 18 行.
SQL: SELECT `id`,`avatarUrl`,`city`,`gender`,`nickName`,`province`,`county`,`phone` FROM `xcx_user` WHERE ( id = "" or openid ="" ) LIMIT 1   [ RunTime:0.000071s ]
NOTIC: [8] Undefined index: openid /data/wwwroot/xcx.codems.cn/Apps/Api/Controller/UserController.class.php 第 19 行.
NOTIC: [8] Undefined index: session_key /data/wwwroot/xcx.codems.cn/Apps/Api/Controller/UserController.class.php 第 19 行.

[ 2017-04-28T12:41:13+08:00 ] 59.53.29.213 /api/user/login
INFO: [ app_begin ] --START--
INFO: Run Behavior\ReadHtmlCache [ RunTime:0.000088s ]
INFO: [ app_begin ] --END-- [ RunTime:0.000226s ]
SQL: SHOW COLUMNS FROM `xcx_user` [ RunTime:0.000680s ]
NOTIC: [8] Undefined index: openid /data/wwwroot/xcx.codems.cn/Apps/Api/Controller/UserController.class.php 第 11 行.
SQL: SELECT `id`,`avatarUrl`,`city`,`gender`,`nickName`,`province`,`county`,`phone` FROM `xcx_user` WHERE ( id = "" or openid ="" ) LIMIT 1   [ RunTime:0.000071s ]
NOTIC: [8] Undefined index: session_key /data/wwwroot/xcx.codems.cn/Apps/Api/Controller/UserController.class.php 第 13 行.
NOTIC: [8] Undefined index: openid /data/wwwroot/xcx.codems.cn/Apps/Api/Controller/UserController.class.php 第 18 行.
SQL: SELECT `id`,`avatarUrl`,`city`,`gender`,`nickName`,`province`,`county`,`phone` FROM `xcx_user` WHERE ( id = "" or openid ="" ) LIMIT 1   [ RunTime:0.000052s ]
NOTIC: [8] Undefined index: openid /data/wwwroot/xcx.codems.cn/Apps/Api/Controller/UserController.class.php 第 19 行.
NOTIC: [8] Undefined index: session_key /data/wwwroot/xcx.codems.cn/Apps/Api/Controller/UserController.class.php 第 19 行.

[ 2017-04-28T12:41:13+08:00 ] 59.53.29.213 /api/user/login
INFO: [ app_begin ] --START--
INFO: Run Behavior\ReadHtmlCache [ RunTime:0.000060s ]
INFO: [ app_begin ] --END-- [ RunTime:0.000187s ]
SQL: SHOW COLUMNS FROM `xcx_user` [ RunTime:0.000464s ]
NOTIC: [8] Undefined index: openid /data/wwwroot/xcx.codems.cn/Apps/Api/Controller/UserController.class.php 第 11 行.
SQL: SELECT `id`,`avatarUrl`,`city`,`gender`,`nickName`,`province`,`county`,`phone` FROM `xcx_user` WHERE ( id = "" or openid ="" ) LIMIT 1   [ RunTime:0.000075s ]
NOTIC: [8] Undefined index: session_key /data/wwwroot/xcx.codems.cn/Apps/Api/Controller/UserController.class.php 第 13 行.
NOTIC: [8] Undefined index: openid /data/wwwroot/xcx.codems.cn/Apps/Api/Controller/UserController.class.php 第 18 行.
SQL: SELECT `id`,`avatarUrl`,`city`,`gender`,`nickName`,`province`,`county`,`phone` FROM `xcx_user` WHERE ( id = "" or openid ="" ) LIMIT 1   [ RunTime:0.000072s ]
NOTIC: [8] Undefined index: openid /data/wwwroot/xcx.codems.cn/Apps/Api/Controller/UserController.class.php 第 19 行.
NOTIC: [8] Undefined index: session_key /data/wwwroot/xcx.codems.cn/Apps/Api/Controller/UserController.class.php 第 19 行.

[ 2017-04-28T12:41:14+08:00 ] 59.53.29.213 /api/user/login
INFO: [ app_begin ] --START--
INFO: Run Behavior\ReadHtmlCache [ RunTime:0.000117s ]
INFO: [ app_begin ] --END-- [ RunTime:0.000248s ]
SQL: SHOW COLUMNS FROM `xcx_user` [ RunTime:0.000811s ]
NOTIC: [8] Undefined index: openid /data/wwwroot/xcx.codems.cn/Apps/Api/Controller/UserController.class.php 第 11 行.
SQL: SELECT `id`,`avatarUrl`,`city`,`gender`,`nickName`,`province`,`county`,`phone` FROM `xcx_user` WHERE ( id = "" or openid ="" ) LIMIT 1   [ RunTime:0.000076s ]
NOTIC: [8] Undefined index: session_key /data/wwwroot/xcx.codems.cn/Apps/Api/Controller/UserController.class.php 第 13 行.
NOTIC: [8] Undefined index: openid /data/wwwroot/xcx.codems.cn/Apps/Api/Controller/UserController.class.php 第 18 行.
SQL: SELECT `id`,`avatarUrl`,`city`,`gender`,`nickName`,`province`,`county`,`phone` FROM `xcx_user` WHERE ( id = "" or openid ="" ) LIMIT 1   [ RunTime:0.000079s ]
NOTIC: [8] Undefined index: openid /data/wwwroot/xcx.codems.cn/Apps/Api/Controller/UserController.class.php 第 19 行.
NOTIC: [8] Undefined index: session_key /data/wwwroot/xcx.codems.cn/Apps/Api/Controller/UserController.class.php 第 19 行.

[ 2017-04-28T12:41:35+08:00 ] 59.53.29.213 /api/user/login
INFO: [ app_begin ] --START--
INFO: Run Behavior\ReadHtmlCache [ RunTime:0.000070s ]
INFO: [ app_begin ] --END-- [ RunTime:0.000183s ]
INFO: [ app_end ] --START--
INFO: Run Behavior\ShowPageTrace [ RunTime:0.000093s ]
INFO: [ app_end ] --END-- [ RunTime:0.000143s ]

[ 2017-04-28T12:41:47+08:00 ] 59.53.29.213 /api/user/login
INFO: [ app_begin ] --START--
INFO: Run Behavior\ReadHtmlCache [ RunTime:0.000099s ]
INFO: [ app_begin ] --END-- [ RunTime:0.000267s ]
INFO: [ app_end ] --START--
INFO: Run Behavior\ShowPageTrace [ RunTime:0.000058s ]
INFO: [ app_end ] --END-- [ RunTime:0.000097s ]

[ 2017-04-28T12:41:48+08:00 ] 59.53.29.213 /api/user/login
INFO: [ app_begin ] --START--
INFO: Run Behavior\ReadHtmlCache [ RunTime:0.000048s ]
INFO: [ app_begin ] --END-- [ RunTime:0.000139s ]
INFO: [ app_end ] --START--
INFO: Run Behavior\ShowPageTrace [ RunTime:0.000044s ]
INFO: [ app_end ] --END-- [ RunTime:0.000087s ]

[ 2017-04-28T12:41:48+08:00 ] 59.53.29.213 /api/user/login
INFO: [ app_begin ] --START--
INFO: Run Behavior\ReadHtmlCache [ RunTime:0.000064s ]
INFO: [ app_begin ] --END-- [ RunTime:0.000182s ]
INFO: [ app_end ] --START--
INFO: Run Behavior\ShowPageTrace [ RunTime:0.000068s ]
INFO: [ app_end ] --END-- [ RunTime:0.000112s ]

[ 2017-04-28T12:41:48+08:00 ] 59.53.29.213 /api/user/login
INFO: [ app_begin ] --START--
INFO: Run Behavior\ReadHtmlCache [ RunTime:0.000080s ]
INFO: [ app_begin ] --END-- [ RunTime:0.000203s ]
INFO: [ app_end ] --START--
INFO: Run Behavior\ShowPageTrace [ RunTime:0.000089s ]
INFO: [ app_end ] --END-- [ RunTime:0.000147s ]

[ 2017-04-28T12:41:48+08:00 ] 59.53.29.213 /api/user/login
INFO: [ app_begin ] --START--
INFO: Run Behavior\ReadHtmlCache [ RunTime:0.000043s ]
INFO: [ app_begin ] --END-- [ RunTime:0.000142s ]
INFO: [ app_end ] --START--
INFO: Run Behavior\ShowPageTrace [ RunTime:0.000049s ]
INFO: [ app_end ] --END-- [ RunTime:0.000086s ]

[ 2017-04-28T12:41:48+08:00 ] 59.53.29.213 /api/user/login
INFO: [ app_begin ] --START--
INFO: Run Behavior\ReadHtmlCache [ RunTime:0.000063s ]
INFO: [ app_begin ] --END-- [ RunTime:0.000185s ]
INFO: [ app_end ] --START--
INFO: Run Behavior\ShowPageTrace [ RunTime:0.000070s ]
INFO: [ app_end ] --END-- [ RunTime:0.000124s ]

[ 2017-04-28T12:41:49+08:00 ] 59.53.29.213 /api/user/login
INFO: [ app_begin ] --START--
INFO: Run Behavior\ReadHtmlCache [ RunTime:0.000072s ]
INFO: [ app_begin ] --END-- [ RunTime:0.000206s ]
INFO: [ app_end ] --START--
INFO: Run Behavior\ShowPageTrace [ RunTime:0.000067s ]
INFO: [ app_end ] --END-- [ RunTime:0.000128s ]

[ 2017-04-28T12:41:49+08:00 ] 59.53.29.213 /api/user/login
INFO: [ app_begin ] --START--
INFO: Run Behavior\ReadHtmlCache [ RunTime:0.000060s ]
INFO: [ app_begin ] --END-- [ RunTime:0.000159s ]
INFO: [ app_end ] --START--
INFO: Run Behavior\ShowPageTrace [ RunTime:0.000045s ]
INFO: [ app_end ] --END-- [ RunTime:0.000082s ]

[ 2017-04-28T12:41:49+08:00 ] 59.53.29.213 /api/user/login
INFO: [ app_begin ] --START--
INFO: Run Behavior\ReadHtmlCache [ RunTime:0.000098s ]
INFO: [ app_begin ] --END-- [ RunTime:0.000243s ]
INFO: [ app_end ] --START--
INFO: Run Behavior\ShowPageTrace [ RunTime:0.000066s ]
INFO: [ app_end ] --END-- [ RunTime:0.000118s ]

[ 2017-04-28T12:41:50+08:00 ] 59.53.29.213 /api/user/login
INFO: [ app_begin ] --START--
INFO: Run Behavior\ReadHtmlCache [ RunTime:0.000071s ]
INFO: [ app_begin ] --END-- [ RunTime:0.000230s ]
INFO: [ app_end ] --START--
INFO: Run Behavior\ShowPageTrace [ RunTime:0.000060s ]
INFO: [ app_end ] --END-- [ RunTime:0.000113s ]

[ 2017-04-28T12:41:50+08:00 ] 59.53.29.213 /api/user/login
INFO: [ app_begin ] --START--
INFO: Run Behavior\ReadHtmlCache [ RunTime:0.000059s ]
INFO: [ app_begin ] --END-- [ RunTime:0.000200s ]
INFO: [ app_end ] --START--
INFO: Run Behavior\ShowPageTrace [ RunTime:0.000066s ]
INFO: [ app_end ] --END-- [ RunTime:0.000114s ]

[ 2017-04-28T12:41:50+08:00 ] 59.53.29.213 /api/user/login
INFO: [ app_begin ] --START--
INFO: Run Behavior\ReadHtmlCache [ RunTime:0.000398s ]
INFO: [ app_begin ] --END-- [ RunTime:0.000716s ]
INFO: [ app_end ] --START--
INFO: Run Behavior\ShowPageTrace [ RunTime:0.000105s ]
INFO: [ app_end ] --END-- [ RunTime:0.000168s ]

[ 2017-04-28T12:41:57+08:00 ] 59.53.29.213 /api/user/login
INFO: [ app_begin ] --START--
INFO: Run Behavior\ReadHtmlCache [ RunTime:0.000062s ]
INFO: [ app_begin ] --END-- [ RunTime:0.000163s ]
INFO: [ app_end ] --START--
INFO: Run Behavior\ShowPageTrace [ RunTime:0.000065s ]
INFO: [ app_end ] --END-- [ RunTime:0.000102s ]

[ 2017-04-28T12:41:57+08:00 ] 59.53.29.213 /api/user/login
INFO: [ app_begin ] --START--
INFO: Run Behavior\ReadHtmlCache [ RunTime:0.000637s ]
INFO: [ app_begin ] --END-- [ RunTime:0.001139s ]
INFO: [ app_end ] --START--
INFO: Run Behavior\ShowPageTrace [ RunTime:0.000076s ]
INFO: [ app_end ] --END-- [ RunTime:0.000139s ]

[ 2017-04-28T12:50:46+08:00 ] 59.53.29.213 /api/user/editUser
INFO: [ app_begin ] --START--
INFO: Run Behavior\ReadHtmlCache [ RunTime:0.000057s ]
INFO: [ app_begin ] --END-- [ RunTime:0.000202s ]
SQL: SHOW COLUMNS FROM `xcx_user` [ RunTime:0.000524s ]
SQL: UPDATE `xcx_user` SET `avatarUrl`='https://xcx.codems.cn/Uploads/2017-04-28/5902c4faa9547.jpg',`city`='南昌市',`gender`='1',`nickName`='hsj',`province`='江西省',`county`='青山湖区',`phone`='15350406670' WHERE ( `id` = 10000 ) [ RunTime:0.000209s ]
SQL: SELECT `id`,`avatarUrl`,`city`,`gender`,`nickName`,`province`,`county`,`phone` FROM `xcx_user` WHERE ( id = "10000" or openid ="10000" ) LIMIT 1   [ RunTime:0.000062s ]

[ 2017-04-28T12:54:01+08:00 ] 59.53.29.213 /api/user/editUser
INFO: [ app_begin ] --START--
INFO: Run Behavior\ReadHtmlCache [ RunTime:0.000068s ]
INFO: [ app_begin ] --END-- [ RunTime:0.000180s ]
SQL: SHOW COLUMNS FROM `xcx_user` [ RunTime:0.000574s ]
SQL: UPDATE `xcx_user` SET `avatarUrl`='https://xcx.codems.cn/Uploads/2017-04-28/5902bf0838ca0.jpg',`city`='南昌市',`gender`='0',`nickName`='hsj',`province`='江西省',`county`='青山湖区',`phone`='15350406670' WHERE ( `id` = 10000 ) [ RunTime:0.000541s ]
SQL: SELECT `id`,`avatarUrl`,`city`,`gender`,`nickName`,`province`,`county`,`phone` FROM `xcx_user` WHERE ( id = "10000" or openid ="10000" ) LIMIT 1   [ RunTime:0.000215s ]

[ 2017-04-28T12:57:14+08:00 ] 59.53.29.213 /api/upload
INFO: [ app_begin ] --START--
INFO: Run Behavior\ReadHtmlCache [ RunTime:0.000086s ]
INFO: [ app_begin ] --END-- [ RunTime:0.000241s ]
NOTIC: [2] call_user_func() expects parameter 1 to be a valid callback, no array or string given /data/wwwroot/xcx.codems.cn/include/ThinkPHP/Library/Think/Upload.class.php 第 167 行.

[ 2017-04-28T12:57:15+08:00 ] 59.53.29.213 /api/user/editUser
INFO: [ app_begin ] --START--
INFO: Run Behavior\ReadHtmlCache [ RunTime:0.000094s ]
INFO: [ app_begin ] --END-- [ RunTime:0.000221s ]
SQL: SHOW COLUMNS FROM `xcx_user` [ RunTime:0.000820s ]
SQL: UPDATE `xcx_user` SET `avatarUrl`='https://xcx.codems.cn/Uploads/2017-04-28/5902cbaa16ed0.jpg',`city`='南昌市',`gender`='0',`nickName`='hsj',`province`='江西省',`county`='青山湖区',`phone`='15350406670' WHERE ( `id` = 10000 ) [ RunTime:0.000250s ]
SQL: SELECT `id`,`avatarUrl`,`city`,`gender`,`nickName`,`province`,`county`,`phone` FROM `xcx_user` WHERE ( id = "10000" or openid ="10000" ) LIMIT 1   [ RunTime:0.000217s ]

[ 2017-04-28T12:57:19+08:00 ] 59.53.29.213 /api/user/editUser
INFO: [ app_begin ] --START--
INFO: Run Behavior\ReadHtmlCache [ RunTime:0.000066s ]
INFO: [ app_begin ] --END-- [ RunTime:0.000190s ]
SQL: SHOW COLUMNS FROM `xcx_user` [ RunTime:0.000484s ]
SQL: UPDATE `xcx_user` SET `avatarUrl`='https://xcx.codems.cn/Uploads/2017-04-28/5902cbaa16ed0.jpg',`city`='南昌市',`gender`='0',`nickName`='hsj',`province`='江西省',`county`='青山湖区',`phone`='15350406670' WHERE ( `id` = 10000 ) [ RunTime:0.000975s ]
SQL: SELECT `id`,`avatarUrl`,`city`,`gender`,`nickName`,`province`,`county`,`phone` FROM `xcx_user` WHERE ( id = "10000" or openid ="10000" ) LIMIT 1   [ RunTime:0.000085s ]

[ 2017-04-28T12:58:08+08:00 ] 59.53.29.213 /api/user/editUser
INFO: [ app_begin ] --START--
INFO: Run Behavior\ReadHtmlCache [ RunTime:0.000074s ]
INFO: [ app_begin ] --END-- [ RunTime:0.000211s ]
SQL: SHOW COLUMNS FROM `xcx_user` [ RunTime:0.000606s ]
SQL: UPDATE `xcx_user` SET `avatarUrl`='https://xcx.codems.cn/Uploads/2017-04-28/5902cbaa16ed0.jpg',`city`='南昌市',`gender`='0',`nickName`='12',`province`='江西省',`county`='青山湖区',`phone`='15350406670' WHERE ( `id` = 10000 ) [ RunTime:0.000279s ]
SQL: SELECT `id`,`avatarUrl`,`city`,`gender`,`nickName`,`province`,`county`,`phone` FROM `xcx_user` WHERE ( id = "10000" or openid ="10000" ) LIMIT 1   [ RunTime:0.000205s ]

[ 2017-04-28T12:58:35+08:00 ] 59.53.29.213 /api/user/editUser
INFO: [ app_begin ] --START--
INFO: Run Behavior\ReadHtmlCache [ RunTime:0.000070s ]
INFO: [ app_begin ] --END-- [ RunTime:0.000205s ]
SQL: SHOW COLUMNS FROM `xcx_user` [ RunTime:0.000534s ]
SQL: UPDATE `xcx_user` SET `avatarUrl`='https://xcx.codems.cn/Uploads/2017-04-28/5902cbaa16ed0.jpg',`city`='南昌市',`gender`='0',`nickName`='123',`province`='江西省',`county`='青山湖区',`phone`='15350406670' WHERE ( `id` = 10000 ) [ RunTime:0.000213s ]
SQL: SELECT `id`,`avatarUrl`,`city`,`gender`,`nickName`,`province`,`county`,`phone` FROM `xcx_user` WHERE ( id = "10000" or openid ="10000" ) LIMIT 1   [ RunTime:0.000205s ]

[ 2017-04-28T12:58:41+08:00 ] 59.53.29.213 /api/user/editUser
INFO: [ app_begin ] --START--
INFO: Run Behavior\ReadHtmlCache [ RunTime:0.000045s ]
INFO: [ app_begin ] --END-- [ RunTime:0.000133s ]
SQL: SHOW COLUMNS FROM `xcx_user` [ RunTime:0.000502s ]
SQL: UPDATE `xcx_user` SET `avatarUrl`='https://xcx.codems.cn/Uploads/2017-04-28/5902cbaa16ed0.jpg',`city`='南昌市',`gender`='0',`nickName`='123',`province`='江西省',`county`='青山湖区',`phone`='15350406670' WHERE ( `id` = 10000 ) [ RunTime:0.000272s ]
SQL: SELECT `id`,`avatarUrl`,`city`,`gender`,`nickName`,`province`,`county`,`phone` FROM `xcx_user` WHERE ( id = "10000" or openid ="10000" ) LIMIT 1   [ RunTime:0.000065s ]

[ 2017-04-28T12:58:42+08:00 ] 59.53.29.213 /api/user/editUser
INFO: [ app_begin ] --START--
INFO: Run Behavior\ReadHtmlCache [ RunTime:0.000064s ]
INFO: [ app_begin ] --END-- [ RunTime:0.000157s ]
SQL: SHOW COLUMNS FROM `xcx_user` [ RunTime:0.000797s ]
SQL: UPDATE `xcx_user` SET `avatarUrl`='https://xcx.codems.cn/Uploads/2017-04-28/5902cbaa16ed0.jpg',`city`='南昌市',`gender`='0',`nickName`='123',`province`='江西省',`county`='青山湖区',`phone`='15350406670' WHERE ( `id` = 10000 ) [ RunTime:0.000231s ]
SQL: SELECT `id`,`avatarUrl`,`city`,`gender`,`nickName`,`province`,`county`,`phone` FROM `xcx_user` WHERE ( id = "10000" or openid ="10000" ) LIMIT 1   [ RunTime:0.000088s ]

[ 2017-04-28T12:58:44+08:00 ] 59.53.29.213 /api/user/editUser
INFO: [ app_begin ] --START--
INFO: Run Behavior\ReadHtmlCache [ RunTime:0.000066s ]
INFO: [ app_begin ] --END-- [ RunTime:0.000217s ]
SQL: SHOW COLUMNS FROM `xcx_user` [ RunTime:0.001071s ]
SQL: UPDATE `xcx_user` SET `avatarUrl`='https://xcx.codems.cn/Uploads/2017-04-28/5902cbaa16ed0.jpg',`city`='南昌市',`gender`='0',`nickName`='123',`province`='江西省',`county`='青山湖区',`phone`='15350406670' WHERE ( `id` = 10000 ) [ RunTime:0.000267s ]
SQL: SELECT `id`,`avatarUrl`,`city`,`gender`,`nickName`,`province`,`county`,`phone` FROM `xcx_user` WHERE ( id = "10000" or openid ="10000" ) LIMIT 1   [ RunTime:0.000081s ]

[ 2017-04-28T12:58:45+08:00 ] 59.53.29.213 /api/user/editUser
INFO: [ app_begin ] --START--
INFO: Run Behavior\ReadHtmlCache [ RunTime:0.000080s ]
INFO: [ app_begin ] --END-- [ RunTime:0.000282s ]
SQL: SHOW COLUMNS FROM `xcx_user` [ RunTime:0.000667s ]
SQL: UPDATE `xcx_user` SET `avatarUrl`='https://xcx.codems.cn/Uploads/2017-04-28/5902cbaa16ed0.jpg',`city`='南昌市',`gender`='0',`nickName`='123',`province`='江西省',`county`='青山湖区',`phone`='15350406670' WHERE ( `id` = 10000 ) [ RunTime:0.000254s ]
SQL: SELECT `id`,`avatarUrl`,`city`,`gender`,`nickName`,`province`,`county`,`phone` FROM `xcx_user` WHERE ( id = "10000" or openid ="10000" ) LIMIT 1   [ RunTime:0.000127s ]

[ 2017-04-28T12:58:45+08:00 ] 59.53.29.213 /api/user/editUser
INFO: [ app_begin ] --START--
INFO: Run Behavior\ReadHtmlCache [ RunTime:0.000082s ]
INFO: [ app_begin ] --END-- [ RunTime:0.000211s ]
SQL: SHOW COLUMNS FROM `xcx_user` [ RunTime:0.000573s ]
SQL: UPDATE `xcx_user` SET `avatarUrl`='https://xcx.codems.cn/Uploads/2017-04-28/5902cbaa16ed0.jpg',`city`='南昌市',`gender`='0',`nickName`='123',`province`='江西省',`county`='青山湖区',`phone`='15350406670' WHERE ( `id` = 10000 ) [ RunTime:0.000228s ]
SQL: SELECT `id`,`avatarUrl`,`city`,`gender`,`nickName`,`province`,`county`,`phone` FROM `xcx_user` WHERE ( id = "10000" or openid ="10000" ) LIMIT 1   [ RunTime:0.000069s ]

[ 2017-04-28T12:58:46+08:00 ] 59.53.29.213 /api/user/editUser
INFO: [ app_begin ] --START--
INFO: Run Behavior\ReadHtmlCache [ RunTime:0.000090s ]
INFO: [ app_begin ] --END-- [ RunTime:0.000412s ]
SQL: SHOW COLUMNS FROM `xcx_user` [ RunTime:0.000580s ]
SQL: UPDATE `xcx_user` SET `avatarUrl`='https://xcx.codems.cn/Uploads/2017-04-28/5902cbaa16ed0.jpg',`city`='南昌市',`gender`='0',`nickName`='123',`province`='江西省',`county`='青山湖区',`phone`='15350406670' WHERE ( `id` = 10000 ) [ RunTime:0.026736s ]
SQL: SELECT `id`,`avatarUrl`,`city`,`gender`,`nickName`,`province`,`county`,`phone` FROM `xcx_user` WHERE ( id = "10000" or openid ="10000" ) LIMIT 1   [ RunTime:0.000144s ]

[ 2017-04-28T12:59:23+08:00 ] 59.53.29.213 /api/user/editUser
INFO: [ app_begin ] --START--
INFO: Run Behavior\ReadHtmlCache [ RunTime:0.000073s ]
INFO: [ app_begin ] --END-- [ RunTime:0.000669s ]
SQL: SHOW COLUMNS FROM `xcx_user` [ RunTime:0.000579s ]
SQL: UPDATE `xcx_user` SET `avatarUrl`='https://xcx.codems.cn/Uploads/2017-04-28/5902cbaa16ed0.jpg',`city`='南昌市',`gender`='0',`nickName`='1234',`province`='江西省',`county`='青山湖区',`phone`='15350406670' WHERE ( `id` = 10000 ) [ RunTime:0.000260s ]
SQL: SELECT `id`,`avatarUrl`,`city`,`gender`,`nickName`,`province`,`county`,`phone` FROM `xcx_user` WHERE ( id = "10000" or openid ="10000" ) LIMIT 1   [ RunTime:0.000214s ]

[ 2017-04-28T12:59:32+08:00 ] 59.53.29.213 /api/user/editUser
INFO: [ app_begin ] --START--
INFO: Run Behavior\ReadHtmlCache [ RunTime:0.000067s ]
INFO: [ app_begin ] --END-- [ RunTime:0.000259s ]
SQL: SHOW COLUMNS FROM `xcx_user` [ RunTime:0.000578s ]
SQL: UPDATE `xcx_user` SET `avatarUrl`='https://xcx.codems.cn/Uploads/2017-04-28/5902cbaa16ed0.jpg',`city`='南昌市',`gender`='0',`nickName`='1234',`province`='江西省',`county`='青山湖区',`phone`='15350406670' WHERE ( `id` = 10000 ) [ RunTime:0.000332s ]
SQL: SELECT `id`,`avatarUrl`,`city`,`gender`,`nickName`,`province`,`county`,`phone` FROM `xcx_user` WHERE ( id = "10000" or openid ="10000" ) LIMIT 1   [ RunTime:0.000075s ]

[ 2017-04-28T12:59:32+08:00 ] 59.53.29.213 /api/user/editUser
INFO: [ app_begin ] --START--
INFO: Run Behavior\ReadHtmlCache [ RunTime:0.000053s ]
INFO: [ app_begin ] --END-- [ RunTime:0.000198s ]
SQL: SHOW COLUMNS FROM `xcx_user` [ RunTime:0.000449s ]
SQL: UPDATE `xcx_user` SET `avatarUrl`='https://xcx.codems.cn/Uploads/2017-04-28/5902cbaa16ed0.jpg',`city`='南昌市',`gender`='0',`nickName`='1234',`province`='江西省',`county`='青山湖区',`phone`='15350406670' WHERE ( `id` = 10000 ) [ RunTime:0.000229s ]
SQL: SELECT `id`,`avatarUrl`,`city`,`gender`,`nickName`,`province`,`county`,`phone` FROM `xcx_user` WHERE ( id = "10000" or openid ="10000" ) LIMIT 1   [ RunTime:0.000077s ]

[ 2017-04-28T12:59:32+08:00 ] 59.53.29.213 /api/user/editUser
INFO: [ app_begin ] --START--
INFO: Run Behavior\ReadHtmlCache [ RunTime:0.000065s ]
INFO: [ app_begin ] --END-- [ RunTime:0.000190s ]
SQL: SHOW COLUMNS FROM `xcx_user` [ RunTime:0.000691s ]
SQL: UPDATE `xcx_user` SET `avatarUrl`='https://xcx.codems.cn/Uploads/2017-04-28/5902cbaa16ed0.jpg',`city`='南昌市',`gender`='0',`nickName`='1234',`province`='江西省',`county`='青山湖区',`phone`='15350406670' WHERE ( `id` = 10000 ) [ RunTime:0.000277s ]
SQL: SELECT `id`,`avatarUrl`,`city`,`gender`,`nickName`,`province`,`county`,`phone` FROM `xcx_user` WHERE ( id = "10000" or openid ="10000" ) LIMIT 1   [ RunTime:0.000080s ]

[ 2017-04-28T12:59:32+08:00 ] 59.53.29.213 /api/user/editUser
INFO: [ app_begin ] --START--
INFO: Run Behavior\ReadHtmlCache [ RunTime:0.000046s ]
INFO: [ app_begin ] --END-- [ RunTime:0.000153s ]
SQL: SHOW COLUMNS FROM `xcx_user` [ RunTime:0.000448s ]
SQL: UPDATE `xcx_user` SET `avatarUrl`='https://xcx.codems.cn/Uploads/2017-04-28/5902cbaa16ed0.jpg',`city`='南昌市',`gender`='0',`nickName`='1234',`province`='江西省',`county`='青山湖区',`phone`='15350406670' WHERE ( `id` = 10000 ) [ RunTime:0.000213s ]
SQL: SELECT `id`,`avatarUrl`,`city`,`gender`,`nickName`,`province`,`county`,`phone` FROM `xcx_user` WHERE ( id = "10000" or openid ="10000" ) LIMIT 1   [ RunTime:0.000056s ]

[ 2017-04-28T12:59:32+08:00 ] 59.53.29.213 /api/user/editUser
INFO: [ app_begin ] --START--
INFO: Run Behavior\ReadHtmlCache [ RunTime:0.000059s ]
INFO: [ app_begin ] --END-- [ RunTime:0.000178s ]
SQL: SHOW COLUMNS FROM `xcx_user` [ RunTime:0.000735s ]
SQL: UPDATE `xcx_user` SET `avatarUrl`='https://xcx.codems.cn/Uploads/2017-04-28/5902cbaa16ed0.jpg',`city`='南昌市',`gender`='0',`nickName`='1234',`province`='江西省',`county`='青山湖区',`phone`='15350406670' WHERE ( `id` = 10000 ) [ RunTime:0.000214s ]
SQL: SELECT `id`,`avatarUrl`,`city`,`gender`,`nickName`,`province`,`county`,`phone` FROM `xcx_user` WHERE ( id = "10000" or openid ="10000" ) LIMIT 1   [ RunTime:0.000119s ]

[ 2017-04-28T12:59:33+08:00 ] 59.53.29.213 /api/user/editUser
INFO: [ app_begin ] --START--
INFO: Run Behavior\ReadHtmlCache [ RunTime:0.000073s ]
INFO: [ app_begin ] --END-- [ RunTime:0.000194s ]
SQL: SHOW COLUMNS FROM `xcx_user` [ RunTime:0.000508s ]
SQL: UPDATE `xcx_user` SET `avatarUrl`='https://xcx.codems.cn/Uploads/2017-04-28/5902cbaa16ed0.jpg',`city`='南昌市',`gender`='0',`nickName`='1234',`province`='江西省',`county`='青山湖区',`phone`='15350406670' WHERE ( `id` = 10000 ) [ RunTime:0.000210s ]
SQL: SELECT `id`,`avatarUrl`,`city`,`gender`,`nickName`,`province`,`county`,`phone` FROM `xcx_user` WHERE ( id = "10000" or openid ="10000" ) LIMIT 1   [ RunTime:0.000102s ]

[ 2017-04-28T12:59:33+08:00 ] 59.53.29.213 /api/user/editUser
INFO: [ app_begin ] --START--
INFO: Run Behavior\ReadHtmlCache [ RunTime:0.000089s ]
INFO: [ app_begin ] --END-- [ RunTime:0.000226s ]
SQL: SHOW COLUMNS FROM `xcx_user` [ RunTime:0.000666s ]
SQL: UPDATE `xcx_user` SET `avatarUrl`='https://xcx.codems.cn/Uploads/2017-04-28/5902cbaa16ed0.jpg',`city`='南昌市',`gender`='0',`nickName`='1234',`province`='江西省',`county`='青山湖区',`phone`='15350406670' WHERE ( `id` = 10000 ) [ RunTime:0.000270s ]
SQL: SELECT `id`,`avatarUrl`,`city`,`gender`,`nickName`,`province`,`county`,`phone` FROM `xcx_user` WHERE ( id = "10000" or openid ="10000" ) LIMIT 1   [ RunTime:0.000094s ]

[ 2017-04-28T12:59:33+08:00 ] 59.53.29.213 /api/user/editUser
INFO: [ app_begin ] --START--
INFO: Run Behavior\ReadHtmlCache [ RunTime:0.000057s ]
INFO: [ app_begin ] --END-- [ RunTime:0.000157s ]
SQL: SHOW COLUMNS FROM `xcx_user` [ RunTime:0.000457s ]
SQL: UPDATE `xcx_user` SET `avatarUrl`='https://xcx.codems.cn/Uploads/2017-04-28/5902cbaa16ed0.jpg',`city`='南昌市',`gender`='0',`nickName`='1234',`province`='江西省',`county`='青山湖区',`phone`='15350406670' WHERE ( `id` = 10000 ) [ RunTime:0.000216s ]
SQL: SELECT `id`,`avatarUrl`,`city`,`gender`,`nickName`,`province`,`county`,`phone` FROM `xcx_user` WHERE ( id = "10000" or openid ="10000" ) LIMIT 1   [ RunTime:0.000058s ]

[ 2017-04-28T12:59:33+08:00 ] 59.53.29.213 /api/user/editUser
INFO: [ app_begin ] --START--
INFO: Run Behavior\ReadHtmlCache [ RunTime:0.000056s ]
INFO: [ app_begin ] --END-- [ RunTime:0.000173s ]
SQL: SHOW COLUMNS FROM `xcx_user` [ RunTime:0.000671s ]
SQL: UPDATE `xcx_user` SET `avatarUrl`='https://xcx.codems.cn/Uploads/2017-04-28/5902cbaa16ed0.jpg',`city`='南昌市',`gender`='0',`nickName`='1234',`province`='江西省',`county`='青山湖区',`phone`='15350406670' WHERE ( `id` = 10000 ) [ RunTime:0.000267s ]
SQL: SELECT `id`,`avatarUrl`,`city`,`gender`,`nickName`,`province`,`county`,`phone` FROM `xcx_user` WHERE ( id = "10000" or openid ="10000" ) LIMIT 1   [ RunTime:0.000078s ]

[ 2017-04-28T12:59:33+08:00 ] 59.53.29.213 /api/user/editUser
INFO: [ app_begin ] --START--
INFO: Run Behavior\ReadHtmlCache [ RunTime:0.000066s ]
INFO: [ app_begin ] --END-- [ RunTime:0.000188s ]
SQL: SHOW COLUMNS FROM `xcx_user` [ RunTime:0.000769s ]
SQL: UPDATE `xcx_user` SET `avatarUrl`='https://xcx.codems.cn/Uploads/2017-04-28/5902cbaa16ed0.jpg',`city`='南昌市',`gender`='0',`nickName`='1234',`province`='江西省',`county`='青山湖区',`phone`='15350406670' WHERE ( `id` = 10000 ) [ RunTime:0.000270s ]
SQL: SELECT `id`,`avatarUrl`,`city`,`gender`,`nickName`,`province`,`county`,`phone` FROM `xcx_user` WHERE ( id = "10000" or openid ="10000" ) LIMIT 1   [ RunTime:0.000078s ]

[ 2017-04-28T12:59:34+08:00 ] 59.53.29.213 /api/user/editUser
INFO: [ app_begin ] --START--
INFO: Run Behavior\ReadHtmlCache [ RunTime:0.000078s ]
INFO: [ app_begin ] --END-- [ RunTime:0.000220s ]
SQL: SHOW COLUMNS FROM `xcx_user` [ RunTime:0.000655s ]
SQL: UPDATE `xcx_user` SET `avatarUrl`='https://xcx.codems.cn/Uploads/2017-04-28/5902cbaa16ed0.jpg',`city`='南昌市',`gender`='0',`nickName`='1234',`province`='江西省',`county`='青山湖区',`phone`='15350406670' WHERE ( `id` = 10000 ) [ RunTime:0.000269s ]
SQL: SELECT `id`,`avatarUrl`,`city`,`gender`,`nickName`,`province`,`county`,`phone` FROM `xcx_user` WHERE ( id = "10000" or openid ="10000" ) LIMIT 1   [ RunTime:0.000100s ]

[ 2017-04-28T13:36:50+08:00 ] 59.53.29.213 /api/user/editUser
INFO: [ app_begin ] --START--
INFO: Run Behavior\ReadHtmlCache [ RunTime:0.000092s ]
INFO: [ app_begin ] --END-- [ RunTime:0.000241s ]
SQL: SHOW COLUMNS FROM `xcx_user` [ RunTime:0.000737s ]
SQL: UPDATE `xcx_user` SET `avatarUrl`='https://xcx.codems.cn/Uploads/2017-04-28/5902cbaa16ed0.jpg',`city`='南昌市',`gender`='0',`nickName`='1234',`province`='江西省',`county`='青山湖区',`phone`='15350406670' WHERE ( `id` = 10000 ) [ RunTime:0.000260s ]
SQL: SELECT `id`,`avatarUrl`,`city`,`gender`,`nickName`,`province`,`county`,`phone` FROM `xcx_user` WHERE ( id = "10000" or openid ="10000" ) LIMIT 1   [ RunTime:0.000085s ]

[ 2017-04-28T13:37:40+08:00 ] 59.53.29.213 /api/user/editUser
INFO: [ app_begin ] --START--
INFO: Run Behavior\ReadHtmlCache [ RunTime:0.000070s ]
INFO: [ app_begin ] --END-- [ RunTime:0.000199s ]
SQL: SHOW COLUMNS FROM `xcx_user` [ RunTime:0.000700s ]
SQL: UPDATE `xcx_user` SET `avatarUrl`='https://xcx.codems.cn/Uploads/2017-04-28/5902cbaa16ed0.jpg',`city`='南昌市',`gender`='0',`nickName`='1234',`province`='江西省',`county`='青山湖区',`phone`='15350406670' WHERE ( `id` = 10000 ) [ RunTime:0.000244s ]
SQL: SELECT `id`,`avatarUrl`,`city`,`gender`,`nickName`,`province`,`county`,`phone` FROM `xcx_user` WHERE ( id = "10000" or openid ="10000" ) LIMIT 1   [ RunTime:0.000078s ]

[ 2017-04-28T13:38:17+08:00 ] 59.53.29.213 /api/user/editUser
INFO: [ app_begin ] --START--
INFO: Run Behavior\ReadHtmlCache [ RunTime:0.000086s ]
INFO: [ app_begin ] --END-- [ RunTime:0.000228s ]
SQL: SHOW COLUMNS FROM `xcx_user` [ RunTime:0.000900s ]
SQL: UPDATE `xcx_user` SET `avatarUrl`='https://xcx.codems.cn/Uploads/2017-04-28/5902cbaa16ed0.jpg',`city`='南昌市',`gender`='0',`nickName`='12345',`province`='江西省',`county`='青山湖区',`phone`='15350406670' WHERE ( `id` = 10000 ) [ RunTime:0.001758s ]
SQL: SELECT `id`,`avatarUrl`,`city`,`gender`,`nickName`,`province`,`county`,`phone` FROM `xcx_user` WHERE ( id = "10000" or openid ="10000" ) LIMIT 1   [ RunTime:0.000225s ]

[ 2017-04-28T13:38:26+08:00 ] 59.53.29.213 /api/upload
INFO: [ app_begin ] --START--
INFO: Run Behavior\ReadHtmlCache [ RunTime:0.000066s ]
INFO: [ app_begin ] --END-- [ RunTime:0.000188s ]
NOTIC: [2] call_user_func() expects parameter 1 to be a valid callback, no array or string given /data/wwwroot/xcx.codems.cn/include/ThinkPHP/Library/Think/Upload.class.php 第 167 行.

[ 2017-04-28T13:38:28+08:00 ] 59.53.29.213 /api/user/editUser
INFO: [ app_begin ] --START--
INFO: Run Behavior\ReadHtmlCache [ RunTime:0.000071s ]
INFO: [ app_begin ] --END-- [ RunTime:0.000199s ]
SQL: SHOW COLUMNS FROM `xcx_user` [ RunTime:0.001019s ]
SQL: UPDATE `xcx_user` SET `avatarUrl`='https://xcx.codems.cn/Uploads/2017-04-28/5902d5527d321.jpg',`city`='南昌市',`gender`='0',`nickName`='12345',`province`='江西省',`county`='青山湖区',`phone`='15350406670' WHERE ( `id` = 10000 ) [ RunTime:0.000371s ]
SQL: SELECT `id`,`avatarUrl`,`city`,`gender`,`nickName`,`province`,`county`,`phone` FROM `xcx_user` WHERE ( id = "10000" or openid ="10000" ) LIMIT 1   [ RunTime:0.000233s ]

[ 2017-04-28T13:40:01+08:00 ] 59.53.29.213 /api/user/login
INFO: [ app_begin ] --START--
INFO: Run Behavior\ReadHtmlCache [ RunTime:0.000073s ]
INFO: [ app_begin ] --END-- [ RunTime:0.000211s ]
SQL: SHOW COLUMNS FROM `xcx_user` [ RunTime:0.000626s ]
SQL: SELECT `id`,`avatarUrl`,`city`,`gender`,`nickName`,`province`,`county`,`phone` FROM `xcx_user` WHERE ( id = "o0Jv50H2UUMf7oasVnbtZtBAwZ-U" or openid ="o0Jv50H2UUMf7oasVnbtZtBAwZ-U" ) LIMIT 1   [ RunTime:0.000413s ]
SQL: SELECT `id`,`avatarUrl`,`city`,`gender`,`nickName`,`province`,`county`,`phone` FROM `xcx_user` WHERE ( id = "o0Jv50H2UUMf7oasVnbtZtBAwZ-U" or openid ="o0Jv50H2UUMf7oasVnbtZtBAwZ-U" ) LIMIT 1   [ RunTime:0.000217s ]

[ 2017-04-28T13:40:01+08:00 ] 59.53.29.213 /api/user/login
INFO: [ app_begin ] --START--
INFO: Run Behavior\ReadHtmlCache [ RunTime:0.001300s ]
INFO: [ app_begin ] --END-- [ RunTime:0.001440s ]
SQL: SHOW COLUMNS FROM `xcx_user` [ RunTime:0.000631s ]
SQL: SELECT `id`,`avatarUrl`,`city`,`gender`,`nickName`,`province`,`county`,`phone` FROM `xcx_user` WHERE ( id = "o0Jv50H2UUMf7oasVnbtZtBAwZ-U" or openid ="o0Jv50H2UUMf7oasVnbtZtBAwZ-U" ) LIMIT 1   [ RunTime:0.000259s ]
SQL: SELECT `id`,`avatarUrl`,`city`,`gender`,`nickName`,`province`,`county`,`phone` FROM `xcx_user` WHERE ( id = "o0Jv50H2UUMf7oasVnbtZtBAwZ-U" or openid ="o0Jv50H2UUMf7oasVnbtZtBAwZ-U" ) LIMIT 1   [ RunTime:0.000186s ]

[ 2017-04-28T13:40:30+08:00 ] 59.53.29.213 /api/user/login
INFO: [ app_begin ] --START--
INFO: Run Behavior\ReadHtmlCache [ RunTime:0.000065s ]
INFO: [ app_begin ] --END-- [ RunTime:0.000190s ]
SQL: SHOW COLUMNS FROM `xcx_user` [ RunTime:0.000690s ]
SQL: SELECT `id`,`avatarUrl`,`city`,`gender`,`nickName`,`province`,`county`,`phone` FROM `xcx_user` WHERE ( id = "o0Jv50H2UUMf7oasVnbtZtBAwZ-U" or openid ="o0Jv50H2UUMf7oasVnbtZtBAwZ-U" ) LIMIT 1   [ RunTime:0.000266s ]
SQL: SELECT `id`,`avatarUrl`,`city`,`gender`,`nickName`,`province`,`county`,`phone` FROM `xcx_user` WHERE ( id = "o0Jv50H2UUMf7oasVnbtZtBAwZ-U" or openid ="o0Jv50H2UUMf7oasVnbtZtBAwZ-U" ) LIMIT 1   [ RunTime:0.000165s ]

[ 2017-04-28T13:40:31+08:00 ] 59.53.29.213 /api/user/login
INFO: [ app_begin ] --START--
INFO: Run Behavior\ReadHtmlCache [ RunTime:0.000043s ]
INFO: [ app_begin ] --END-- [ RunTime:0.000133s ]
SQL: SHOW COLUMNS FROM `xcx_user` [ RunTime:0.000698s ]
SQL: SELECT `id`,`avatarUrl`,`city`,`gender`,`nickName`,`province`,`county`,`phone` FROM `xcx_user` WHERE ( id = "o0Jv50H2UUMf7oasVnbtZtBAwZ-U" or openid ="o0Jv50H2UUMf7oasVnbtZtBAwZ-U" ) LIMIT 1   [ RunTime:0.000231s ]
SQL: SELECT `id`,`avatarUrl`,`city`,`gender`,`nickName`,`province`,`county`,`phone` FROM `xcx_user` WHERE ( id = "o0Jv50H2UUMf7oasVnbtZtBAwZ-U" or openid ="o0Jv50H2UUMf7oasVnbtZtBAwZ-U" ) LIMIT 1   [ RunTime:0.000147s ]

[ 2017-04-28T13:41:02+08:00 ] 59.53.29.213 /api/user/editUser
INFO: [ app_begin ] --START--
INFO: Run Behavior\ReadHtmlCache [ RunTime:0.000067s ]
INFO: [ app_begin ] --END-- [ RunTime:0.000318s ]
SQL: SHOW COLUMNS FROM `xcx_user` [ RunTime:0.000726s ]
SQL: UPDATE `xcx_user` SET `avatarUrl`='https://xcx.codems.cn/Uploads/2017-04-28/5902d5527d321.jpg',`city`='南昌市',`gender`='1',`nickName`='12345',`province`='江西省',`county`='青山湖区',`phone`='15350406670' WHERE ( `id` = 10000 ) [ RunTime:0.000483s ]
SQL: SELECT `id`,`avatarUrl`,`city`,`gender`,`nickName`,`province`,`county`,`phone` FROM `xcx_user` WHERE ( id = "10000" or openid ="10000" ) LIMIT 1   [ RunTime:0.000257s ]

[ 2017-04-28T16:04:14+08:00 ] 59.53.18.241 /api/user/editUser
INFO: [ app_begin ] --START--
INFO: Run Behavior\ReadHtmlCache [ RunTime:0.000098s ]
INFO: [ app_begin ] --END-- [ RunTime:0.000324s ]
SQL: SHOW COLUMNS FROM `xcx_user` [ RunTime:0.014094s ]
SQL: UPDATE `xcx_user` SET `avatarUrl`='https://xcx.codems.cn/Uploads/2017-04-28/5902c4faa9547.jpg',`city`='南昌市',`gender`='1',`nickName`='hsj',`province`='江西省',`county`='青山湖区',`phone`='1535040667' WHERE ( `id` = 10000 ) [ RunTime:0.000372s ]
SQL: SELECT `id`,`avatarUrl`,`city`,`gender`,`nickName`,`province`,`county`,`phone` FROM `xcx_user` WHERE ( id = "10000" or openid ="10000" ) LIMIT 1   [ RunTime:0.014690s ]

[ 2017-04-28T16:07:19+08:00 ] 59.53.18.241 /api/user/editUser
INFO: [ app_begin ] --START--
INFO: Run Behavior\ReadHtmlCache [ RunTime:0.000275s ]
INFO: [ app_begin ] --END-- [ RunTime:0.000420s ]
SQL: SHOW COLUMNS FROM `xcx_user` [ RunTime:0.000781s ]
SQL: UPDATE `xcx_user` SET `avatarUrl`='https://xcx.codems.cn/Uploads/2017-04-28/5902c4faa9547.jpg',`city`='南昌市',`gender`='1',`nickName`='hsj',`province`='江西省',`county`='青山湖区',`phone`='15350406670' WHERE ( `id` = 10000 ) [ RunTime:0.000538s ]
SQL: SELECT `id`,`avatarUrl`,`city`,`gender`,`nickName`,`province`,`county`,`phone` FROM `xcx_user` WHERE ( id = "10000" or openid ="10000" ) LIMIT 1   [ RunTime:0.000265s ]

[ 2017-04-28T16:13:09+08:00 ] 59.53.18.241 /api/user/editUser
INFO: [ app_begin ] --START--
INFO: Run Behavior\ReadHtmlCache [ RunTime:0.000118s ]
INFO: [ app_begin ] --END-- [ RunTime:0.000268s ]
SQL: SHOW COLUMNS FROM `xcx_user` [ RunTime:0.000632s ]
SQL: UPDATE `xcx_user` SET `avatarUrl`='https://xcx.codems.cn/Uploads/2017-04-28/5902d5527d321.jpg',`city`='南昌市',`gender`='1',`nickName`='12345',`province`='江西省',`county`='青山湖区',`phone`='15350406670' WHERE ( `id` = 10000 ) [ RunTime:0.000432s ]
SQL: SELECT `id`,`avatarUrl`,`city`,`gender`,`nickName`,`province`,`county`,`phone` FROM `xcx_user` WHERE ( id = "10000" or openid ="10000" ) LIMIT 1   [ RunTime:0.000226s ]

[ 2017-04-28T16:28:51+08:00 ] 184.105.139.70 /
INFO: [ app_begin ] --START--
INFO: Run Behavior\ReadHtmlCache [ RunTime:0.000107s ]
INFO: [ app_begin ] --END-- [ RunTime:0.000244s ]
INFO: [ app_end ] --START--
INFO: Run Behavior\ShowPageTrace [ RunTime:0.000091s ]
INFO: [ app_end ] --END-- [ RunTime:0.000181s ]

