[ 2017-06-14T00:26:43+08:00 ] 40.77.167.102 /
INFO: [ app_begin ] --START--
INFO: Run Behavior\ReadHtmlCache [ RunTime:0.000068s ]
INFO: [ app_begin ] --END-- [ RunTime:0.000196s ]
INFO: [ app_end ] --START--
INFO: Run Behavior\ShowPageTrace [ RunTime:0.000095s ]
INFO: [ app_end ] --END-- [ RunTime:0.000141s ]

[ 2017-06-14T09:18:19+08:00 ] 101.37.160.73 /
INFO: [ app_begin ] --START--
INFO: Run Behavior\ReadHtmlCache [ RunTime:0.000854s ]
INFO: [ app_begin ] --END-- [ RunTime:0.001479s ]
INFO: [ app_end ] --START--
INFO: Run Behavior\ShowPageTrace [ RunTime:0.000876s ]
INFO: [ app_end ] --END-- [ RunTime:0.000940s ]

[ 2017-06-14T11:56:30+08:00 ] 183.37.111.46 /api/user/vaild_sk
INFO: [ app_begin ] --START--
INFO: Run Behavior\ReadHtmlCache [ RunTime:0.000098s ]
INFO: [ app_begin ] --END-- [ RunTime:0.000253s ]

[ 2017-06-14T11:56:31+08:00 ] 183.37.111.46 /api/info/lists
INFO: [ app_begin ] --START--
INFO: Run Behavior\ReadHtmlCache [ RunTime:0.000054s ]
INFO: [ app_begin ] --END-- [ RunTime:0.000150s ]
SQL: SHOW COLUMNS FROM `xcx_info` [ RunTime:0.000573s ]
SQL: SHOW COLUMNS FROM `xcx_info` [ RunTime:0.000369s ]
SQL: SELECT info.*,user.avatarUrl FROM xcx_info info LEFT JOIN xcx_user user ON user.id = info.uid  WHERE ( info.status = 1 and info.time >= "1497412591" and info.date <= "2017-06-21" and info.departure like "%深圳市%" ) ORDER BY time asc LIMIT 0,20   [ RunTime:0.000406s ]

[ 2017-06-14T11:56:31+08:00 ] 183.37.111.46 /api/info/lists
INFO: [ app_begin ] --START--
INFO: Run Behavior\ReadHtmlCache [ RunTime:0.000069s ]
INFO: [ app_begin ] --END-- [ RunTime:0.000213s ]
SQL: SHOW COLUMNS FROM `xcx_info` [ RunTime:0.000661s ]
SQL: SHOW COLUMNS FROM `xcx_info` [ RunTime:0.000493s ]
SQL: SELECT info.*,user.avatarUrl FROM xcx_info info LEFT JOIN xcx_user user ON user.id = info.uid  WHERE ( info.status = 1 and info.time >= "1497412591" and info.date <= "2017-06-21" and info.departure like "%深圳市%" ) ORDER BY time asc LIMIT 0,20   [ RunTime:0.000084s ]

[ 2017-06-14T11:56:32+08:00 ] 183.37.111.46 /api/dynamic/getlist
INFO: [ app_begin ] --START--
INFO: Run Behavior\ReadHtmlCache [ RunTime:0.000069s ]
INFO: [ app_begin ] --END-- [ RunTime:0.000243s ]
SQL: SHOW COLUMNS FROM `xcx_dynamic` [ RunTime:0.000609s ]
SQL: SHOW COLUMNS FROM `xcx_dynamic` [ RunTime:0.001084s ]
SQL: SELECT dynamic.*,user.avatarUrl,user.nickName FROM xcx_dynamic dynamic LEFT JOIN xcx_user user ON user.id = dynamic.uid  WHERE ( 1=1 ) ORDER BY dynamic.time desc LIMIT 0,20   [ RunTime:0.000095s ]
SQL: SHOW COLUMNS FROM `xcx_comment` [ RunTime:0.000494s ]
SQL: SHOW COLUMNS FROM `xcx_comment` [ RunTime:0.000419s ]
SQL: SELECT comment.id,comment.iid,comment.reply,comment.content,user.nickName FROM xcx_comment comment LEFT JOIN xcx_user user ON user.id = comment.uid  WHERE ( iid in (7,6,5,3,4,2,1) and type = "dynamic" ) ORDER BY comment.time desc  [ RunTime:0.000085s ]
NOTIC: [8] Undefined offset: 6 /data/wwwroot/xcx.codems.cn/Apps/Api/Controller/DynamicController.class.php 第 71 行.
NOTIC: [8] Undefined offset: 5 /data/wwwroot/xcx.codems.cn/Apps/Api/Controller/DynamicController.class.php 第 71 行.
NOTIC: [2] json_encode(): Invalid UTF-8 sequence in argument /data/wwwroot/xcx.codems.cn/Apps/Api/Controller/DynamicController.class.php 第 76 行.

[ 2017-06-14T11:56:34+08:00 ] 183.37.111.46 /api/msg/getall
INFO: [ app_begin ] --START--
INFO: Run Behavior\ReadHtmlCache [ RunTime:0.000070s ]
INFO: [ app_begin ] --END-- [ RunTime:0.000300s ]
NOTIC: [2048] Declaration of Api\Controller\MsgController::get() should be compatible with Think\Controller::get($name = '') /data/wwwroot/xcx.codems.cn/Apps/Api/Controller/MsgController.class.php 第 0 行.
SQL: SHOW COLUMNS FROM `xcx_user` [ RunTime:0.000783s ]
SQL: SELECT `id`,`avatarUrl`,`city`,`gender`,`nickName`,`province`,`county`,`phone`,`vehicle`,`name` FROM `xcx_user` WHERE ( id = "o0Jv50H2UUMf7oasVnbtZtBAwZ-U" or openid ="o0Jv50H2UUMf7oasVnbtZtBAwZ-U" ) LIMIT 1   [ RunTime:0.000354s ]
SQL: SHOW COLUMNS FROM `xcx_msg` [ RunTime:0.000471s ]
SQL: SELECT `type`,count(*) as count FROM `xcx_msg` WHERE ( `uid` = 10001 ) AND ( `see` = 0 ) GROUP BY type  [ RunTime:0.000258s ]

[ 2017-06-14T11:56:34+08:00 ] 183.37.111.46 /api/dynamic/getlist
INFO: [ app_begin ] --START--
INFO: Run Behavior\ReadHtmlCache [ RunTime:0.000073s ]
INFO: [ app_begin ] --END-- [ RunTime:0.000205s ]
SQL: SHOW COLUMNS FROM `xcx_dynamic` [ RunTime:0.000554s ]
SQL: SHOW COLUMNS FROM `xcx_dynamic` [ RunTime:0.000503s ]
SQL: SELECT dynamic.*,user.avatarUrl,user.nickName FROM xcx_dynamic dynamic LEFT JOIN xcx_user user ON user.id = dynamic.uid  WHERE ( 1=1 ) ORDER BY dynamic.time desc LIMIT 0,20   [ RunTime:0.000108s ]
SQL: SHOW COLUMNS FROM `xcx_comment` [ RunTime:0.000488s ]
SQL: SHOW COLUMNS FROM `xcx_comment` [ RunTime:0.000396s ]
SQL: SELECT comment.id,comment.iid,comment.reply,comment.content,user.nickName FROM xcx_comment comment LEFT JOIN xcx_user user ON user.id = comment.uid  WHERE ( iid in (7,6,5,3,4,2,1) and type = "dynamic" ) ORDER BY comment.time desc  [ RunTime:0.000062s ]
NOTIC: [8] Undefined offset: 6 /data/wwwroot/xcx.codems.cn/Apps/Api/Controller/DynamicController.class.php 第 71 行.
NOTIC: [8] Undefined offset: 5 /data/wwwroot/xcx.codems.cn/Apps/Api/Controller/DynamicController.class.php 第 71 行.
NOTIC: [2] json_encode(): Invalid UTF-8 sequence in argument /data/wwwroot/xcx.codems.cn/Apps/Api/Controller/DynamicController.class.php 第 76 行.

[ 2017-06-14T11:56:47+08:00 ] 183.37.111.46 /api/upload
INFO: [ app_begin ] --START--
INFO: Run Behavior\ReadHtmlCache [ RunTime:0.000091s ]
INFO: [ app_begin ] --END-- [ RunTime:0.000348s ]
NOTIC: [2] call_user_func() expects parameter 1 to be a valid callback, no array or string given /data/wwwroot/xcx.codems.cn/include/ThinkPHP/Library/Think/Upload.class.php 第 167 行.

[ 2017-06-14T11:56:49+08:00 ] 183.37.111.46 /api/dynamic/add
INFO: [ app_begin ] --START--
INFO: Run Behavior\ReadHtmlCache [ RunTime:0.000056s ]
INFO: [ app_begin ] --END-- [ RunTime:0.000169s ]
SQL: SHOW COLUMNS FROM `xcx_user` [ RunTime:0.000577s ]
SQL: SELECT `id`,`avatarUrl`,`city`,`gender`,`nickName`,`province`,`county`,`phone`,`vehicle`,`name` FROM `xcx_user` WHERE ( id = "o0Jv50H2UUMf7oasVnbtZtBAwZ-U" or openid ="o0Jv50H2UUMf7oasVnbtZtBAwZ-U" ) LIMIT 1   [ RunTime:0.000292s ]
SQL: SHOW COLUMNS FROM `xcx_dynamic` [ RunTime:0.000389s ]
NOTIC: [8] Undefined index: date /data/wwwroot/xcx.codems.cn/Apps/Api/Model/DynamicModel.class.php 第 11 行.
NOTIC: [8] Undefined index: time /data/wwwroot/xcx.codems.cn/Apps/Api/Model/DynamicModel.class.php 第 11 行.
SQL: INSERT INTO `xcx_dynamic` (`uid`,`content`,`img`,`time`) VALUES (10001,'6666666','[\"https://xcx.codems.cn/Uploads/2017-06-14/5940b3ff1dcf1.jpg\"]',1497412608) [ RunTime:0.198346s ]
NOTIC: [2] json_encode(): Invalid UTF-8 sequence in argument /data/wwwroot/xcx.codems.cn/Apps/Api/Controller/DynamicController.class.php 第 21 行.

[ 2017-06-14T11:56:49+08:00 ] 183.37.111.46 /api/dynamic/getlist
INFO: [ app_begin ] --START--
INFO: Run Behavior\ReadHtmlCache [ RunTime:0.000062s ]
INFO: [ app_begin ] --END-- [ RunTime:0.000175s ]
SQL: SHOW COLUMNS FROM `xcx_dynamic` [ RunTime:0.000588s ]
SQL: SHOW COLUMNS FROM `xcx_dynamic` [ RunTime:0.001126s ]
SQL: SELECT dynamic.*,user.avatarUrl,user.nickName FROM xcx_dynamic dynamic LEFT JOIN xcx_user user ON user.id = dynamic.uid  WHERE ( 1=1 ) ORDER BY dynamic.time desc LIMIT 0,20   [ RunTime:0.000407s ]
SQL: SHOW COLUMNS FROM `xcx_comment` [ RunTime:0.000409s ]
SQL: SHOW COLUMNS FROM `xcx_comment` [ RunTime:0.000393s ]
SQL: SELECT comment.id,comment.iid,comment.reply,comment.content,user.nickName FROM xcx_comment comment LEFT JOIN xcx_user user ON user.id = comment.uid  WHERE ( iid in (9,7,6,5,3,4,2,1) and type = "dynamic" ) ORDER BY comment.time desc  [ RunTime:0.000498s ]
NOTIC: [8] Undefined offset: 9 /data/wwwroot/xcx.codems.cn/Apps/Api/Controller/DynamicController.class.php 第 71 行.
NOTIC: [8] Undefined offset: 6 /data/wwwroot/xcx.codems.cn/Apps/Api/Controller/DynamicController.class.php 第 71 行.
NOTIC: [8] Undefined offset: 5 /data/wwwroot/xcx.codems.cn/Apps/Api/Controller/DynamicController.class.php 第 71 行.
NOTIC: [2] json_encode(): Invalid UTF-8 sequence in argument /data/wwwroot/xcx.codems.cn/Apps/Api/Controller/DynamicController.class.php 第 76 行.

[ 2017-06-14T11:56:59+08:00 ] 183.37.111.46 /api/msg/getall
INFO: [ app_begin ] --START--
INFO: Run Behavior\ReadHtmlCache [ RunTime:0.000049s ]
INFO: [ app_begin ] --END-- [ RunTime:0.000163s ]
NOTIC: [2048] Declaration of Api\Controller\MsgController::get() should be compatible with Think\Controller::get($name = '') /data/wwwroot/xcx.codems.cn/Apps/Api/Controller/MsgController.class.php 第 0 行.
SQL: SHOW COLUMNS FROM `xcx_user` [ RunTime:0.000533s ]
SQL: SELECT `id`,`avatarUrl`,`city`,`gender`,`nickName`,`province`,`county`,`phone`,`vehicle`,`name` FROM `xcx_user` WHERE ( id = "o0Jv50H2UUMf7oasVnbtZtBAwZ-U" or openid ="o0Jv50H2UUMf7oasVnbtZtBAwZ-U" ) LIMIT 1   [ RunTime:0.000211s ]
SQL: SHOW COLUMNS FROM `xcx_msg` [ RunTime:0.000313s ]
SQL: SELECT `type`,count(*) as count FROM `xcx_msg` WHERE ( `uid` = 10001 ) AND ( `see` = 0 ) GROUP BY type  [ RunTime:0.000051s ]

[ 2017-06-14T11:57:00+08:00 ] 183.37.111.46 /api/info/mycount
INFO: [ app_begin ] --START--
INFO: Run Behavior\ReadHtmlCache [ RunTime:0.000070s ]
INFO: [ app_begin ] --END-- [ RunTime:0.000204s ]
SQL: SHOW COLUMNS FROM `xcx_user` [ RunTime:0.000591s ]
SQL: SELECT `id`,`avatarUrl`,`city`,`gender`,`nickName`,`province`,`county`,`phone`,`vehicle`,`name` FROM `xcx_user` WHERE ( id = "o0Jv50H2UUMf7oasVnbtZtBAwZ-U" or openid ="o0Jv50H2UUMf7oasVnbtZtBAwZ-U" ) LIMIT 1   [ RunTime:0.000382s ]
SQL: SHOW COLUMNS FROM `xcx_info` [ RunTime:0.000377s ]
SQL: SELECT COUNT(*) AS tp_count FROM `xcx_info` WHERE ( `uid` = 10001 ) LIMIT 1   [ RunTime:0.000049s ]

[ 2017-06-14T11:57:00+08:00 ] 183.37.111.46 /api/appointment/mycount
INFO: [ app_begin ] --START--
INFO: Run Behavior\ReadHtmlCache [ RunTime:0.000056s ]
INFO: [ app_begin ] --END-- [ RunTime:0.000186s ]
SQL: SHOW COLUMNS FROM `xcx_user` [ RunTime:0.000519s ]
SQL: SELECT `id`,`avatarUrl`,`city`,`gender`,`nickName`,`province`,`county`,`phone`,`vehicle`,`name` FROM `xcx_user` WHERE ( id = "o0Jv50H2UUMf7oasVnbtZtBAwZ-U" or openid ="o0Jv50H2UUMf7oasVnbtZtBAwZ-U" ) LIMIT 1   [ RunTime:0.000299s ]
SQL: SHOW COLUMNS FROM `xcx_info` [ RunTime:0.000525s ]
SQL: SHOW COLUMNS FROM `xcx_info` [ RunTime:0.000456s ]
SQL: SELECT COUNT(*) AS tp_count FROM xcx_info info RIGHT JOIN xcx_appointment appointment on info.id=appointment.iid  WHERE ( info.uid = "10001" and appointment.status = 0 ) LIMIT 1   [ RunTime:0.000062s ]

[ 2017-06-14T11:57:03+08:00 ] 183.37.111.46 /api/appointment/getPassenger
INFO: [ app_begin ] --START--
INFO: Run Behavior\ReadHtmlCache [ RunTime:0.000081s ]
INFO: [ app_begin ] --END-- [ RunTime:0.000231s ]
SQL: SHOW COLUMNS FROM `xcx_user` [ RunTime:0.000799s ]
SQL: SELECT `id`,`avatarUrl`,`city`,`gender`,`nickName`,`province`,`county`,`phone`,`vehicle`,`name` FROM `xcx_user` WHERE ( id = "o0Jv50H2UUMf7oasVnbtZtBAwZ-U" or openid ="o0Jv50H2UUMf7oasVnbtZtBAwZ-U" ) LIMIT 1   [ RunTime:0.000272s ]
SQL: SHOW COLUMNS FROM `xcx_info` [ RunTime:0.001132s ]
SQL: SHOW COLUMNS FROM `xcx_info` [ RunTime:0.002053s ]
SQL: SELECT info.id,info.phone,info.departure,info.destination,info.time,appointment.status FROM xcx_info info RIGHT JOIN xcx_appointment appointment on info.id=appointment.iid  WHERE ( appointment.uid = "10001" ) ORDER BY appointment.time desc  [ RunTime:0.000323s ]

[ 2017-06-14T11:57:03+08:00 ] 183.37.111.46 /api/appointment/my
INFO: [ app_begin ] --START--
INFO: Run Behavior\ReadHtmlCache [ RunTime:0.000069s ]
INFO: [ app_begin ] --END-- [ RunTime:0.000205s ]
SQL: SHOW COLUMNS FROM `xcx_user` [ RunTime:0.000754s ]
SQL: SELECT `id`,`avatarUrl`,`city`,`gender`,`nickName`,`province`,`county`,`phone`,`vehicle`,`name` FROM `xcx_user` WHERE ( id = "o0Jv50H2UUMf7oasVnbtZtBAwZ-U" or openid ="o0Jv50H2UUMf7oasVnbtZtBAwZ-U" ) LIMIT 1   [ RunTime:0.001750s ]
SQL: SHOW COLUMNS FROM `xcx_info` [ RunTime:0.000468s ]
SQL: SHOW COLUMNS FROM `xcx_info` [ RunTime:0.000905s ]
SQL: SELECT info.id,appointment.* FROM xcx_info info RIGHT JOIN xcx_appointment appointment on info.id=appointment.iid  WHERE ( info.uid = "10001" ) ORDER BY appointment.time desc  [ RunTime:0.000431s ]

[ 2017-06-14T11:57:05+08:00 ] 183.37.111.46 /api/appointment/detail
INFO: [ app_begin ] --START--
INFO: Run Behavior\ReadHtmlCache [ RunTime:0.000076s ]
INFO: [ app_begin ] --END-- [ RunTime:0.000262s ]
SQL: SHOW COLUMNS FROM `xcx_user` [ RunTime:0.000670s ]
SQL: SELECT `id`,`avatarUrl`,`city`,`gender`,`nickName`,`province`,`county`,`phone`,`vehicle`,`name` FROM `xcx_user` WHERE ( id = "o0Jv50H2UUMf7oasVnbtZtBAwZ-U" or openid ="o0Jv50H2UUMf7oasVnbtZtBAwZ-U" ) LIMIT 1   [ RunTime:0.000267s ]
SQL: SHOW COLUMNS FROM `xcx_info` [ RunTime:0.000446s ]
SQL: SHOW COLUMNS FROM `xcx_info` [ RunTime:0.000410s ]
SQL: SELECT info.id,info.departure,info.destination,info.time,appointment.* FROM xcx_info info RIGHT JOIN xcx_appointment appointment on info.id=appointment.iid  WHERE ( appointment.id = "2" and info.uid = "10001" ) LIMIT 1   [ RunTime:0.000379s ]

[ 2017-06-14T11:57:07+08:00 ] 183.37.111.46 /api/appointment/my
INFO: [ app_begin ] --START--
INFO: Run Behavior\ReadHtmlCache [ RunTime:0.000061s ]
INFO: [ app_begin ] --END-- [ RunTime:0.000248s ]
SQL: SHOW COLUMNS FROM `xcx_user` [ RunTime:0.000585s ]
SQL: SELECT `id`,`avatarUrl`,`city`,`gender`,`nickName`,`province`,`county`,`phone`,`vehicle`,`name` FROM `xcx_user` WHERE ( id = "o0Jv50H2UUMf7oasVnbtZtBAwZ-U" or openid ="o0Jv50H2UUMf7oasVnbtZtBAwZ-U" ) LIMIT 1   [ RunTime:0.001808s ]
SQL: SHOW COLUMNS FROM `xcx_info` [ RunTime:0.000513s ]
SQL: SHOW COLUMNS FROM `xcx_info` [ RunTime:0.001172s ]
SQL: SELECT info.id,appointment.* FROM xcx_info info RIGHT JOIN xcx_appointment appointment on info.id=appointment.iid  WHERE ( info.uid = "10001" ) ORDER BY appointment.time desc  [ RunTime:0.000984s ]

[ 2017-06-14T11:57:07+08:00 ] 183.37.111.46 /api/appointment/getPassenger
INFO: [ app_begin ] --START--
INFO: Run Behavior\ReadHtmlCache [ RunTime:0.000096s ]
INFO: [ app_begin ] --END-- [ RunTime:0.000215s ]
SQL: SHOW COLUMNS FROM `xcx_user` [ RunTime:0.000490s ]
SQL: SELECT `id`,`avatarUrl`,`city`,`gender`,`nickName`,`province`,`county`,`phone`,`vehicle`,`name` FROM `xcx_user` WHERE ( id = "o0Jv50H2UUMf7oasVnbtZtBAwZ-U" or openid ="o0Jv50H2UUMf7oasVnbtZtBAwZ-U" ) LIMIT 1   [ RunTime:0.001706s ]
SQL: SHOW COLUMNS FROM `xcx_info` [ RunTime:0.000875s ]
SQL: SHOW COLUMNS FROM `xcx_info` [ RunTime:0.001031s ]
SQL: SELECT info.id,info.phone,info.departure,info.destination,info.time,appointment.status FROM xcx_info info RIGHT JOIN xcx_appointment appointment on info.id=appointment.iid  WHERE ( appointment.uid = "10001" ) ORDER BY appointment.time desc  [ RunTime:0.000069s ]

[ 2017-06-14T11:57:12+08:00 ] 183.37.111.46 /api/appointment/mycount
INFO: [ app_begin ] --START--
INFO: Run Behavior\ReadHtmlCache [ RunTime:0.000061s ]
INFO: [ app_begin ] --END-- [ RunTime:0.000183s ]
SQL: SHOW COLUMNS FROM `xcx_user` [ RunTime:0.000659s ]
SQL: SELECT `id`,`avatarUrl`,`city`,`gender`,`nickName`,`province`,`county`,`phone`,`vehicle`,`name` FROM `xcx_user` WHERE ( id = "o0Jv50H2UUMf7oasVnbtZtBAwZ-U" or openid ="o0Jv50H2UUMf7oasVnbtZtBAwZ-U" ) LIMIT 1   [ RunTime:0.002170s ]
SQL: SHOW COLUMNS FROM `xcx_info` [ RunTime:0.000735s ]
SQL: SHOW COLUMNS FROM `xcx_info` [ RunTime:0.001280s ]
SQL: SELECT COUNT(*) AS tp_count FROM xcx_info info RIGHT JOIN xcx_appointment appointment on info.id=appointment.iid  WHERE ( info.uid = "10001" and appointment.status = 0 ) LIMIT 1   [ RunTime:0.000502s ]

[ 2017-06-14T11:57:12+08:00 ] 183.37.111.46 /api/info/mycount
INFO: [ app_begin ] --START--
INFO: Run Behavior\ReadHtmlCache [ RunTime:0.003111s ]
INFO: [ app_begin ] --END-- [ RunTime:0.003246s ]
SQL: SHOW COLUMNS FROM `xcx_user` [ RunTime:0.000676s ]
SQL: SELECT `id`,`avatarUrl`,`city`,`gender`,`nickName`,`province`,`county`,`phone`,`vehicle`,`name` FROM `xcx_user` WHERE ( id = "o0Jv50H2UUMf7oasVnbtZtBAwZ-U" or openid ="o0Jv50H2UUMf7oasVnbtZtBAwZ-U" ) LIMIT 1   [ RunTime:0.002114s ]
SQL: SHOW COLUMNS FROM `xcx_info` [ RunTime:0.000874s ]
SQL: SELECT COUNT(*) AS tp_count FROM `xcx_info` WHERE ( `uid` = 10001 ) LIMIT 1   [ RunTime:0.000459s ]

[ 2017-06-14T11:58:02+08:00 ] 183.37.111.46 /api/notice/index
INFO: [ app_begin ] --START--
INFO: Run Behavior\ReadHtmlCache [ RunTime:0.000081s ]
INFO: [ app_begin ] --END-- [ RunTime:0.000221s ]
SQL: SHOW COLUMNS FROM `xcx_notice` [ RunTime:0.271470s ]
SQL: SELECT * FROM `xcx_notice` WHERE ( `id` = 1 ) LIMIT 1   [ RunTime:0.000344s ]

[ 2017-06-14T11:58:10+08:00 ] 183.37.111.46 /api/info/add
INFO: [ app_begin ] --START--
INFO: Run Behavior\ReadHtmlCache [ RunTime:0.000075s ]
INFO: [ app_begin ] --END-- [ RunTime:0.000196s ]
SQL: SHOW COLUMNS FROM `xcx_user` [ RunTime:0.000602s ]
SQL: SELECT `id`,`avatarUrl`,`city`,`gender`,`nickName`,`province`,`county`,`phone`,`vehicle`,`name` FROM `xcx_user` WHERE ( id = "o0Jv50H2UUMf7oasVnbtZtBAwZ-U" or openid ="o0Jv50H2UUMf7oasVnbtZtBAwZ-U" ) LIMIT 1   [ RunTime:0.000281s ]
SQL: SHOW COLUMNS FROM `xcx_info` [ RunTime:0.000495s ]
SQL: INSERT INTO `xcx_info` (`name`,`gender`,`phone`,`type`,`date`,`time`,`price`,`vehicle`,`surplus`,`remark`,`departure`,`destination`,`uid`) VALUES ('黄先生',1,'15350406670',1,'2017-06-15',1497542340,'','比亚迪s7',2,'','深圳市南山区西丽石鼓路早安商务中心附近','江西省吉安市万安县仁德路16号',10001) [ RunTime:0.062403s ]
SQL: UPDATE `xcx_user` SET `avatarUrl`='http://wx.qlogo.cn/mmopen/vi_32/DYAIOgq83erzRibxmbXZib375iceEdszYuicvhxYNxC495YzNhlEQtGyNCbrL67K5ibqWMhxicg8t97SiaFiaceicdCYLiag/0',`city`='Jian',`gender`='1',`nickName`='h。',`province`='Jiangxi',`county`='',`phone`='15350406670',`vehicle`='比亚迪s7',`name`='黄先生' WHERE ( `id` = 10001 ) [ RunTime:0.000332s ]

[ 2017-06-14T11:58:10+08:00 ] 183.37.111.46 /api/fav/isfav
INFO: [ app_begin ] --START--
INFO: Run Behavior\ReadHtmlCache [ RunTime:0.000085s ]
INFO: [ app_begin ] --END-- [ RunTime:0.000204s ]
SQL: SHOW COLUMNS FROM `xcx_user` [ RunTime:0.000747s ]
SQL: SELECT `id`,`avatarUrl`,`city`,`gender`,`nickName`,`province`,`county`,`phone`,`vehicle`,`name` FROM `xcx_user` WHERE ( id = "o0Jv50H2UUMf7oasVnbtZtBAwZ-U" or openid ="o0Jv50H2UUMf7oasVnbtZtBAwZ-U" ) LIMIT 1   [ RunTime:0.000335s ]
SQL: SHOW COLUMNS FROM `xcx_fav` [ RunTime:0.000464s ]
SQL: SELECT * FROM `xcx_fav` WHERE ( `uid` = 10001 ) AND ( `iid` = 9 ) LIMIT 1   [ RunTime:0.000250s ]

[ 2017-06-14T11:58:10+08:00 ] 183.37.111.46 /api/comment/get_count
INFO: [ app_begin ] --START--
INFO: Run Behavior\ReadHtmlCache [ RunTime:0.000069s ]
INFO: [ app_begin ] --END-- [ RunTime:0.000174s ]
NOTIC: [2048] Declaration of Api\Controller\CommentController::get() should be compatible with Think\Controller::get($name = '') /data/wwwroot/xcx.codems.cn/Apps/Api/Controller/CommentController.class.php 第 0 行.
SQL: SHOW COLUMNS FROM `xcx_comment` [ RunTime:0.000756s ]
SQL: SELECT COUNT(*) AS tp_count FROM `xcx_comment` WHERE ( `iid` = 9 ) AND ( `type` = 'info' ) LIMIT 1   [ RunTime:0.000530s ]

[ 2017-06-14T11:58:10+08:00 ] 183.37.111.46 /api/info/index
INFO: [ app_begin ] --START--
INFO: Run Behavior\ReadHtmlCache [ RunTime:0.000071s ]
INFO: [ app_begin ] --END-- [ RunTime:0.000200s ]
SQL: SHOW COLUMNS FROM `xcx_info` [ RunTime:0.000757s ]
SQL: UPDATE `xcx_info` SET `see`=see+1 WHERE ( id = "9" ) [ RunTime:0.001802s ]
SQL: SHOW COLUMNS FROM `xcx_info` [ RunTime:0.001605s ]
SQL: SELECT info.*,user.nickName,user.avatarUrl FROM xcx_info info,xcx_user user WHERE ( info.uid=user.id and info.id = "9" ) LIMIT 1   [ RunTime:0.000406s ]

[ 2017-06-14T11:58:10+08:00 ] 183.37.111.46 /api/comment/get
INFO: [ app_begin ] --START--
INFO: Run Behavior\ReadHtmlCache [ RunTime:0.000103s ]
INFO: [ app_begin ] --END-- [ RunTime:0.000250s ]
NOTIC: [2048] Declaration of Api\Controller\CommentController::get() should be compatible with Think\Controller::get($name = '') /data/wwwroot/xcx.codems.cn/Apps/Api/Controller/CommentController.class.php 第 0 行.
SQL: SHOW COLUMNS FROM `xcx_comment` [ RunTime:0.000553s ]
SQL: SHOW COLUMNS FROM `xcx_comment` [ RunTime:0.001411s ]
SQL: SELECT comment.*,user.nickName,user.avatarUrl FROM xcx_comment comment LEFT JOIN xcx_user user ON user.id = comment.uid  WHERE ( `iid` = '9' ) AND ( `type` = 'info' ) ORDER BY comment.time desc LIMIT 100000   [ RunTime:0.001744s ]

[ 2017-06-14T11:58:14+08:00 ] 183.37.111.46 /api/info/lists
INFO: [ app_begin ] --START--
INFO: Run Behavior\ReadHtmlCache [ RunTime:0.000050s ]
INFO: [ app_begin ] --END-- [ RunTime:0.000174s ]
SQL: SHOW COLUMNS FROM `xcx_info` [ RunTime:0.000565s ]
SQL: SHOW COLUMNS FROM `xcx_info` [ RunTime:0.000462s ]
SQL: SELECT info.*,user.avatarUrl FROM xcx_info info LEFT JOIN xcx_user user ON user.id = info.uid  WHERE ( info.status = 1 and info.time >= "1497412694" and info.date <= "2017-06-21" and info.departure like "%深圳市%" ) ORDER BY time asc LIMIT 0,20   [ RunTime:0.000476s ]

[ 2017-06-14T11:58:19+08:00 ] 183.37.111.46 /api/fav/isfav
INFO: [ app_begin ] --START--
INFO: Run Behavior\ReadHtmlCache [ RunTime:0.000071s ]
INFO: [ app_begin ] --END-- [ RunTime:0.000203s ]
SQL: SHOW COLUMNS FROM `xcx_user` [ RunTime:0.000731s ]
SQL: SELECT `id`,`avatarUrl`,`city`,`gender`,`nickName`,`province`,`county`,`phone`,`vehicle`,`name` FROM `xcx_user` WHERE ( id = "o0Jv50H2UUMf7oasVnbtZtBAwZ-U" or openid ="o0Jv50H2UUMf7oasVnbtZtBAwZ-U" ) LIMIT 1   [ RunTime:0.000316s ]
SQL: SHOW COLUMNS FROM `xcx_fav` [ RunTime:0.000442s ]
SQL: SELECT * FROM `xcx_fav` WHERE ( `uid` = 10001 ) AND ( `iid` = 9 ) LIMIT 1   [ RunTime:0.000101s ]

[ 2017-06-14T11:58:19+08:00 ] 183.37.111.46 /api/info/index
INFO: [ app_begin ] --START--
INFO: Run Behavior\ReadHtmlCache [ RunTime:0.000070s ]
INFO: [ app_begin ] --END-- [ RunTime:0.000338s ]
SQL: SHOW COLUMNS FROM `xcx_info` [ RunTime:0.000788s ]
SQL: UPDATE `xcx_info` SET `see`=see+1 WHERE ( id = "9" ) [ RunTime:0.000411s ]
SQL: SHOW COLUMNS FROM `xcx_info` [ RunTime:0.002573s ]
SQL: SELECT info.*,user.nickName,user.avatarUrl FROM xcx_info info,xcx_user user WHERE ( info.uid=user.id and info.id = "9" ) LIMIT 1   [ RunTime:0.000409s ]

[ 2017-06-14T11:58:19+08:00 ] 183.37.111.46 /api/comment/get_count
INFO: [ app_begin ] --START--
INFO: Run Behavior\ReadHtmlCache [ RunTime:0.000079s ]
INFO: [ app_begin ] --END-- [ RunTime:0.000241s ]
NOTIC: [2048] Declaration of Api\Controller\CommentController::get() should be compatible with Think\Controller::get($name = '') /data/wwwroot/xcx.codems.cn/Apps/Api/Controller/CommentController.class.php 第 0 行.
SQL: SHOW COLUMNS FROM `xcx_comment` [ RunTime:0.000614s ]
SQL: SELECT COUNT(*) AS tp_count FROM `xcx_comment` WHERE ( `iid` = 9 ) AND ( `type` = 'info' ) LIMIT 1   [ RunTime:0.003415s ]

[ 2017-06-14T11:58:19+08:00 ] 183.37.111.46 /api/comment/get
INFO: [ app_begin ] --START--
INFO: Run Behavior\ReadHtmlCache [ RunTime:0.000080s ]
INFO: [ app_begin ] --END-- [ RunTime:0.000249s ]
NOTIC: [2048] Declaration of Api\Controller\CommentController::get() should be compatible with Think\Controller::get($name = '') /data/wwwroot/xcx.codems.cn/Apps/Api/Controller/CommentController.class.php 第 0 行.
SQL: SHOW COLUMNS FROM `xcx_comment` [ RunTime:0.000629s ]
SQL: SHOW COLUMNS FROM `xcx_comment` [ RunTime:0.000666s ]
SQL: SELECT comment.*,user.nickName,user.avatarUrl FROM xcx_comment comment LEFT JOIN xcx_user user ON user.id = comment.uid  WHERE ( `iid` = '9' ) AND ( `type` = 'info' ) ORDER BY comment.time desc LIMIT 100000   [ RunTime:0.000116s ]

[ 2017-06-14T11:58:23+08:00 ] 183.37.111.46 /api/fav/addfav
INFO: [ app_begin ] --START--
INFO: Run Behavior\ReadHtmlCache [ RunTime:0.000056s ]
INFO: [ app_begin ] --END-- [ RunTime:0.000177s ]
SQL: SHOW COLUMNS FROM `xcx_user` [ RunTime:0.000680s ]
SQL: SELECT `id`,`avatarUrl`,`city`,`gender`,`nickName`,`province`,`county`,`phone`,`vehicle`,`name` FROM `xcx_user` WHERE ( id = "o0Jv50H2UUMf7oasVnbtZtBAwZ-U" or openid ="o0Jv50H2UUMf7oasVnbtZtBAwZ-U" ) LIMIT 1   [ RunTime:0.000290s ]
SQL: SHOW COLUMNS FROM `xcx_fav` [ RunTime:0.000423s ]
SQL: INSERT INTO `xcx_fav` (`uid`,`iid`,`time`) VALUES (10001,9,1497412703) [ RunTime:0.000270s ]

[ 2017-06-14T11:58:29+08:00 ] 183.37.111.46 /api/comment/add
INFO: [ app_begin ] --START--
INFO: Run Behavior\ReadHtmlCache [ RunTime:0.000068s ]
INFO: [ app_begin ] --END-- [ RunTime:0.000205s ]
NOTIC: [2048] Declaration of Api\Controller\CommentController::get() should be compatible with Think\Controller::get($name = '') /data/wwwroot/xcx.codems.cn/Apps/Api/Controller/CommentController.class.php 第 0 行.
SQL: SHOW COLUMNS FROM `xcx_user` [ RunTime:0.000724s ]
SQL: SELECT `id`,`avatarUrl`,`city`,`gender`,`nickName`,`province`,`county`,`phone`,`vehicle`,`name` FROM `xcx_user` WHERE ( id = "o0Jv50H2UUMf7oasVnbtZtBAwZ-U" or openid ="o0Jv50H2UUMf7oasVnbtZtBAwZ-U" ) LIMIT 1   [ RunTime:0.000281s ]
SQL: SHOW COLUMNS FROM `xcx_comment` [ RunTime:0.000467s ]
NOTIC: [8] Undefined index: date /data/wwwroot/xcx.codems.cn/Apps/Api/Model/CommentModel.class.php 第 21 行.
NOTIC: [8] Undefined index: time /data/wwwroot/xcx.codems.cn/Apps/Api/Model/CommentModel.class.php 第 21 行.
SQL: INSERT INTO `xcx_comment` (`uid`,`iid`,`type`,`content`,`reply`,`img`,`time`) VALUES (10001,9,'info','哈哈哈哈哈','','[]',1497412709) [ RunTime:0.000871s ]
SQL: SHOW COLUMNS FROM `xcx_info` [ RunTime:0.000604s ]
SQL: UPDATE `xcx_info` SET `see`=see+1 WHERE ( id = "9" ) [ RunTime:0.000311s ]
SQL: SHOW COLUMNS FROM `xcx_info` [ RunTime:0.000468s ]
SQL: SELECT info.*,user.nickName,user.avatarUrl FROM xcx_info info,xcx_user user WHERE ( info.uid=user.id and info.id = "9" ) LIMIT 1   [ RunTime:0.000349s ]

[ 2017-06-14T11:58:29+08:00 ] 183.37.111.46 /api/comment/get_count
INFO: [ app_begin ] --START--
INFO: Run Behavior\ReadHtmlCache [ RunTime:0.000063s ]
INFO: [ app_begin ] --END-- [ RunTime:0.000184s ]
NOTIC: [2048] Declaration of Api\Controller\CommentController::get() should be compatible with Think\Controller::get($name = '') /data/wwwroot/xcx.codems.cn/Apps/Api/Controller/CommentController.class.php 第 0 行.
SQL: SHOW COLUMNS FROM `xcx_comment` [ RunTime:0.000677s ]
SQL: SELECT COUNT(*) AS tp_count FROM `xcx_comment` WHERE ( `iid` = 9 ) AND ( `type` = 'info' ) LIMIT 1   [ RunTime:0.000311s ]

[ 2017-06-14T11:58:29+08:00 ] 183.37.111.46 /api/comment/get
INFO: [ app_begin ] --START--
INFO: Run Behavior\ReadHtmlCache [ RunTime:0.000043s ]
INFO: [ app_begin ] --END-- [ RunTime:0.000138s ]
NOTIC: [2048] Declaration of Api\Controller\CommentController::get() should be compatible with Think\Controller::get($name = '') /data/wwwroot/xcx.codems.cn/Apps/Api/Controller/CommentController.class.php 第 0 行.
SQL: SHOW COLUMNS FROM `xcx_comment` [ RunTime:0.000546s ]
SQL: SHOW COLUMNS FROM `xcx_comment` [ RunTime:0.000431s ]
SQL: SELECT comment.*,user.nickName,user.avatarUrl FROM xcx_comment comment LEFT JOIN xcx_user user ON user.id = comment.uid  WHERE ( `iid` = '9' ) AND ( `type` = 'info' ) ORDER BY comment.time desc LIMIT 100000   [ RunTime:0.000455s ]

[ 2017-06-14T11:58:35+08:00 ] 183.37.111.46 /api/info/lists
INFO: [ app_begin ] --START--
INFO: Run Behavior\ReadHtmlCache [ RunTime:0.000064s ]
INFO: [ app_begin ] --END-- [ RunTime:0.000192s ]
SQL: SHOW COLUMNS FROM `xcx_info` [ RunTime:0.000877s ]
SQL: SHOW COLUMNS FROM `xcx_info` [ RunTime:0.000529s ]
SQL: SELECT info.*,user.avatarUrl FROM xcx_info info LEFT JOIN xcx_user user ON user.id = info.uid  WHERE ( info.status = 1 and info.time >= "1497412715" and info.date <= "2017-06-21" and info.departure like "%深圳市%" ) ORDER BY time asc LIMIT 0,20   [ RunTime:0.000578s ]

[ 2017-06-14T11:58:36+08:00 ] 183.37.111.46 /api/info/lists
INFO: [ app_begin ] --START--
INFO: Run Behavior\ReadHtmlCache [ RunTime:0.000065s ]
INFO: [ app_begin ] --END-- [ RunTime:0.000194s ]
SQL: SHOW COLUMNS FROM `xcx_info` [ RunTime:0.000568s ]
SQL: SHOW COLUMNS FROM `xcx_info` [ RunTime:0.000495s ]
SQL: SELECT info.*,user.avatarUrl FROM xcx_info info LEFT JOIN xcx_user user ON user.id = info.uid  WHERE ( info.status = 1 and info.time >= "1497412716" and info.date <= "2017-06-21" and info.departure like "%深圳市%" ) ORDER BY time asc LIMIT 0,20   [ RunTime:0.000668s ]

[ 2017-06-14T11:58:37+08:00 ] 183.37.111.46 /api/dynamic/getlist
INFO: [ app_begin ] --START--
INFO: Run Behavior\ReadHtmlCache [ RunTime:0.000049s ]
INFO: [ app_begin ] --END-- [ RunTime:0.000153s ]
SQL: SHOW COLUMNS FROM `xcx_dynamic` [ RunTime:0.000508s ]
SQL: SHOW COLUMNS FROM `xcx_dynamic` [ RunTime:0.000297s ]
SQL: SELECT dynamic.*,user.avatarUrl,user.nickName FROM xcx_dynamic dynamic LEFT JOIN xcx_user user ON user.id = dynamic.uid  WHERE ( 1=1 ) ORDER BY dynamic.time desc LIMIT 0,20   [ RunTime:0.000064s ]
SQL: SHOW COLUMNS FROM `xcx_comment` [ RunTime:0.000400s ]
SQL: SHOW COLUMNS FROM `xcx_comment` [ RunTime:0.000290s ]
SQL: SELECT comment.id,comment.iid,comment.reply,comment.content,user.nickName FROM xcx_comment comment LEFT JOIN xcx_user user ON user.id = comment.uid  WHERE ( iid in (9,7,6,5,3,4,2,1) and type = "dynamic" ) ORDER BY comment.time desc  [ RunTime:0.000432s ]
NOTIC: [8] Undefined offset: 9 /data/wwwroot/xcx.codems.cn/Apps/Api/Controller/DynamicController.class.php 第 71 行.
NOTIC: [8] Undefined offset: 6 /data/wwwroot/xcx.codems.cn/Apps/Api/Controller/DynamicController.class.php 第 71 行.
NOTIC: [8] Undefined offset: 5 /data/wwwroot/xcx.codems.cn/Apps/Api/Controller/DynamicController.class.php 第 71 行.
NOTIC: [2] json_encode(): Invalid UTF-8 sequence in argument /data/wwwroot/xcx.codems.cn/Apps/Api/Controller/DynamicController.class.php 第 76 行.

[ 2017-06-14T11:58:39+08:00 ] 183.37.111.46 /api/dynamic/getlist
INFO: [ app_begin ] --START--
INFO: Run Behavior\ReadHtmlCache [ RunTime:0.000046s ]
INFO: [ app_begin ] --END-- [ RunTime:0.000139s ]
SQL: SHOW COLUMNS FROM `xcx_dynamic` [ RunTime:0.000877s ]
SQL: SHOW COLUMNS FROM `xcx_dynamic` [ RunTime:0.000350s ]
SQL: SELECT dynamic.*,user.avatarUrl,user.nickName FROM xcx_dynamic dynamic LEFT JOIN xcx_user user ON user.id = dynamic.uid  WHERE ( 1=1 ) ORDER BY dynamic.time desc LIMIT 0,20   [ RunTime:0.000086s ]
SQL: SHOW COLUMNS FROM `xcx_comment` [ RunTime:0.000383s ]
SQL: SHOW COLUMNS FROM `xcx_comment` [ RunTime:0.000461s ]
SQL: SELECT comment.id,comment.iid,comment.reply,comment.content,user.nickName FROM xcx_comment comment LEFT JOIN xcx_user user ON user.id = comment.uid  WHERE ( iid in (9,7,6,5,3,4,2,1) and type = "dynamic" ) ORDER BY comment.time desc  [ RunTime:0.000054s ]
NOTIC: [8] Undefined offset: 9 /data/wwwroot/xcx.codems.cn/Apps/Api/Controller/DynamicController.class.php 第 71 行.
NOTIC: [8] Undefined offset: 6 /data/wwwroot/xcx.codems.cn/Apps/Api/Controller/DynamicController.class.php 第 71 行.
NOTIC: [8] Undefined offset: 5 /data/wwwroot/xcx.codems.cn/Apps/Api/Controller/DynamicController.class.php 第 71 行.
NOTIC: [2] json_encode(): Invalid UTF-8 sequence in argument /data/wwwroot/xcx.codems.cn/Apps/Api/Controller/DynamicController.class.php 第 76 行.

[ 2017-06-14T11:58:40+08:00 ] 183.37.111.46 /api/msg/getall
INFO: [ app_begin ] --START--
INFO: Run Behavior\ReadHtmlCache [ RunTime:0.000044s ]
INFO: [ app_begin ] --END-- [ RunTime:0.000136s ]
NOTIC: [2048] Declaration of Api\Controller\MsgController::get() should be compatible with Think\Controller::get($name = '') /data/wwwroot/xcx.codems.cn/Apps/Api/Controller/MsgController.class.php 第 0 行.
SQL: SHOW COLUMNS FROM `xcx_user` [ RunTime:0.000474s ]
SQL: SELECT `id`,`avatarUrl`,`city`,`gender`,`nickName`,`province`,`county`,`phone`,`vehicle`,`name` FROM `xcx_user` WHERE ( id = "o0Jv50H2UUMf7oasVnbtZtBAwZ-U" or openid ="o0Jv50H2UUMf7oasVnbtZtBAwZ-U" ) LIMIT 1   [ RunTime:0.000261s ]
SQL: SHOW COLUMNS FROM `xcx_msg` [ RunTime:0.000320s ]
SQL: SELECT `type`,count(*) as count FROM `xcx_msg` WHERE ( `uid` = 10001 ) AND ( `see` = 0 ) GROUP BY type  [ RunTime:0.000072s ]

[ 2017-06-14T11:58:41+08:00 ] 183.37.111.46 /api/info/mycount
INFO: [ app_begin ] --START--
INFO: Run Behavior\ReadHtmlCache [ RunTime:0.000057s ]
INFO: [ app_begin ] --END-- [ RunTime:0.000147s ]
SQL: SHOW COLUMNS FROM `xcx_user` [ RunTime:0.000571s ]
SQL: SELECT `id`,`avatarUrl`,`city`,`gender`,`nickName`,`province`,`county`,`phone`,`vehicle`,`name` FROM `xcx_user` WHERE ( id = "o0Jv50H2UUMf7oasVnbtZtBAwZ-U" or openid ="o0Jv50H2UUMf7oasVnbtZtBAwZ-U" ) LIMIT 1   [ RunTime:0.000259s ]
SQL: SHOW COLUMNS FROM `xcx_info` [ RunTime:0.000495s ]
SQL: SELECT COUNT(*) AS tp_count FROM `xcx_info` WHERE ( `uid` = 10001 ) LIMIT 1   [ RunTime:0.000275s ]

[ 2017-06-14T11:58:41+08:00 ] 183.37.111.46 /api/appointment/mycount
INFO: [ app_begin ] --START--
INFO: Run Behavior\ReadHtmlCache [ RunTime:0.000061s ]
INFO: [ app_begin ] --END-- [ RunTime:0.000188s ]
SQL: SHOW COLUMNS FROM `xcx_user` [ RunTime:0.000685s ]
SQL: SELECT `id`,`avatarUrl`,`city`,`gender`,`nickName`,`province`,`county`,`phone`,`vehicle`,`name` FROM `xcx_user` WHERE ( id = "o0Jv50H2UUMf7oasVnbtZtBAwZ-U" or openid ="o0Jv50H2UUMf7oasVnbtZtBAwZ-U" ) LIMIT 1   [ RunTime:0.000300s ]
SQL: SHOW COLUMNS FROM `xcx_info` [ RunTime:0.000538s ]
SQL: SHOW COLUMNS FROM `xcx_info` [ RunTime:0.000396s ]
SQL: SELECT COUNT(*) AS tp_count FROM xcx_info info RIGHT JOIN xcx_appointment appointment on info.id=appointment.iid  WHERE ( info.uid = "10001" and appointment.status = 0 ) LIMIT 1   [ RunTime:0.000309s ]

[ 2017-06-14T11:58:41+08:00 ] 183.37.111.46 /api/msg/getall
INFO: [ app_begin ] --START--
INFO: Run Behavior\ReadHtmlCache [ RunTime:0.000065s ]
INFO: [ app_begin ] --END-- [ RunTime:0.000188s ]
NOTIC: [2048] Declaration of Api\Controller\MsgController::get() should be compatible with Think\Controller::get($name = '') /data/wwwroot/xcx.codems.cn/Apps/Api/Controller/MsgController.class.php 第 0 行.
SQL: SHOW COLUMNS FROM `xcx_user` [ RunTime:0.000723s ]
SQL: SELECT `id`,`avatarUrl`,`city`,`gender`,`nickName`,`province`,`county`,`phone`,`vehicle`,`name` FROM `xcx_user` WHERE ( id = "o0Jv50H2UUMf7oasVnbtZtBAwZ-U" or openid ="o0Jv50H2UUMf7oasVnbtZtBAwZ-U" ) LIMIT 1   [ RunTime:0.000326s ]
SQL: SHOW COLUMNS FROM `xcx_msg` [ RunTime:0.000443s ]
SQL: SELECT `type`,count(*) as count FROM `xcx_msg` WHERE ( `uid` = 10001 ) AND ( `see` = 0 ) GROUP BY type  [ RunTime:0.000065s ]

[ 2017-06-14T11:58:42+08:00 ] 183.37.111.46 /api/msg/get
INFO: [ app_begin ] --START--
INFO: Run Behavior\ReadHtmlCache [ RunTime:0.000080s ]
INFO: [ app_begin ] --END-- [ RunTime:0.000626s ]
NOTIC: [2048] Declaration of Api\Controller\MsgController::get() should be compatible with Think\Controller::get($name = '') /data/wwwroot/xcx.codems.cn/Apps/Api/Controller/MsgController.class.php 第 0 行.
SQL: SHOW COLUMNS FROM `xcx_user` [ RunTime:0.000547s ]
SQL: SELECT `id`,`avatarUrl`,`city`,`gender`,`nickName`,`province`,`county`,`phone`,`vehicle`,`name` FROM `xcx_user` WHERE ( id = "o0Jv50H2UUMf7oasVnbtZtBAwZ-U" or openid ="o0Jv50H2UUMf7oasVnbtZtBAwZ-U" ) LIMIT 1   [ RunTime:0.000298s ]
SQL: SHOW COLUMNS FROM `xcx_msg` [ RunTime:0.000502s ]
SQL: SHOW COLUMNS FROM `xcx_msg` [ RunTime:0.000446s ]
SQL: SELECT msg.*,user.avatarUrl,user.nickName FROM xcx_msg msg LEFT JOIN xcx_user user on msg.fid=user.id  WHERE ( msg.uid = '10001' ) AND ( msg.type = 'zan' ) ORDER BY msg.time desc LIMIT 0,20   [ RunTime:0.000380s ]
NOTIC: [2] Invalid argument supplied for foreach() /data/wwwroot/xcx.codems.cn/Apps/Api/Controller/MsgController.class.php 第 15 行.
NOTIC: [8] Undefined variable: arr /data/wwwroot/xcx.codems.cn/Apps/Api/Controller/MsgController.class.php 第 18 行.
NOTIC: [2] implode(): Invalid arguments passed /data/wwwroot/xcx.codems.cn/Apps/Api/Controller/MsgController.class.php 第 18 行.
SQL: UPDATE `xcx_msg` SET `see`=1 WHERE ( id in () ) [ RunTime:0.049177s ]
ERR: 1064:You have an error in your SQL syntax; check the manual that corresponds to your MySQL server version for the right syntax to use near ') )' at line 1
 [ SQL语句 ] : UPDATE `xcx_msg` SET `see`=1 WHERE ( id in () )

[ 2017-06-14T11:58:43+08:00 ] 183.37.111.46 /api/msg/getall
INFO: [ app_begin ] --START--
INFO: Run Behavior\ReadHtmlCache [ RunTime:0.000069s ]
INFO: [ app_begin ] --END-- [ RunTime:0.000313s ]
NOTIC: [2048] Declaration of Api\Controller\MsgController::get() should be compatible with Think\Controller::get($name = '') /data/wwwroot/xcx.codems.cn/Apps/Api/Controller/MsgController.class.php 第 0 行.
SQL: SHOW COLUMNS FROM `xcx_user` [ RunTime:0.000549s ]
SQL: SELECT `id`,`avatarUrl`,`city`,`gender`,`nickName`,`province`,`county`,`phone`,`vehicle`,`name` FROM `xcx_user` WHERE ( id = "o0Jv50H2UUMf7oasVnbtZtBAwZ-U" or openid ="o0Jv50H2UUMf7oasVnbtZtBAwZ-U" ) LIMIT 1   [ RunTime:0.000258s ]
SQL: SHOW COLUMNS FROM `xcx_msg` [ RunTime:0.000346s ]
SQL: SELECT `type`,count(*) as count FROM `xcx_msg` WHERE ( `uid` = 10001 ) AND ( `see` = 0 ) GROUP BY type  [ RunTime:0.000067s ]

[ 2017-06-14T11:58:44+08:00 ] 183.37.111.46 /api/msg/get
INFO: [ app_begin ] --START--
INFO: Run Behavior\ReadHtmlCache [ RunTime:0.000071s ]
INFO: [ app_begin ] --END-- [ RunTime:0.000201s ]
NOTIC: [2048] Declaration of Api\Controller\MsgController::get() should be compatible with Think\Controller::get($name = '') /data/wwwroot/xcx.codems.cn/Apps/Api/Controller/MsgController.class.php 第 0 行.
SQL: SHOW COLUMNS FROM `xcx_user` [ RunTime:0.000698s ]
SQL: SELECT `id`,`avatarUrl`,`city`,`gender`,`nickName`,`province`,`county`,`phone`,`vehicle`,`name` FROM `xcx_user` WHERE ( id = "o0Jv50H2UUMf7oasVnbtZtBAwZ-U" or openid ="o0Jv50H2UUMf7oasVnbtZtBAwZ-U" ) LIMIT 1   [ RunTime:0.000320s ]
SQL: SHOW COLUMNS FROM `xcx_msg` [ RunTime:0.000466s ]
SQL: SHOW COLUMNS FROM `xcx_msg` [ RunTime:0.000450s ]
SQL: SELECT msg.*,user.avatarUrl,user.nickName FROM xcx_msg msg LEFT JOIN xcx_user user on msg.fid=user.id  WHERE ( msg.uid = '10001' ) AND ( msg.type = 'comment' ) ORDER BY msg.time desc LIMIT 0,20   [ RunTime:0.000467s ]
SQL: UPDATE `xcx_msg` SET `see`=1 WHERE ( id in (6,2,1) ) [ RunTime:0.016225s ]

[ 2017-06-14T11:58:50+08:00 ] 183.37.111.46 /api/msg/getall
INFO: [ app_begin ] --START--
INFO: Run Behavior\ReadHtmlCache [ RunTime:0.000056s ]
INFO: [ app_begin ] --END-- [ RunTime:0.000164s ]
NOTIC: [2048] Declaration of Api\Controller\MsgController::get() should be compatible with Think\Controller::get($name = '') /data/wwwroot/xcx.codems.cn/Apps/Api/Controller/MsgController.class.php 第 0 行.
SQL: SHOW COLUMNS FROM `xcx_user` [ RunTime:0.000583s ]
SQL: SELECT `id`,`avatarUrl`,`city`,`gender`,`nickName`,`province`,`county`,`phone`,`vehicle`,`name` FROM `xcx_user` WHERE ( id = "o0Jv50H2UUMf7oasVnbtZtBAwZ-U" or openid ="o0Jv50H2UUMf7oasVnbtZtBAwZ-U" ) LIMIT 1   [ RunTime:0.000250s ]
SQL: SHOW COLUMNS FROM `xcx_msg` [ RunTime:0.000334s ]
SQL: SELECT `type`,count(*) as count FROM `xcx_msg` WHERE ( `uid` = 10001 ) AND ( `see` = 0 ) GROUP BY type  [ RunTime:0.000053s ]

[ 2017-06-14T11:58:50+08:00 ] 183.37.111.46 /api/msg/get
INFO: [ app_begin ] --START--
INFO: Run Behavior\ReadHtmlCache [ RunTime:0.000078s ]
INFO: [ app_begin ] --END-- [ RunTime:0.000203s ]
NOTIC: [2048] Declaration of Api\Controller\MsgController::get() should be compatible with Think\Controller::get($name = '') /data/wwwroot/xcx.codems.cn/Apps/Api/Controller/MsgController.class.php 第 0 行.
SQL: SHOW COLUMNS FROM `xcx_user` [ RunTime:0.000959s ]
SQL: SELECT `id`,`avatarUrl`,`city`,`gender`,`nickName`,`province`,`county`,`phone`,`vehicle`,`name` FROM `xcx_user` WHERE ( id = "o0Jv50H2UUMf7oasVnbtZtBAwZ-U" or openid ="o0Jv50H2UUMf7oasVnbtZtBAwZ-U" ) LIMIT 1   [ RunTime:0.000579s ]
SQL: SHOW COLUMNS FROM `xcx_msg` [ RunTime:0.000561s ]
SQL: SHOW COLUMNS FROM `xcx_msg` [ RunTime:0.000843s ]
SQL: SELECT msg.*,user.avatarUrl,user.nickName FROM xcx_msg msg LEFT JOIN xcx_user user on msg.fid=user.id  WHERE ( msg.uid = '10001' ) AND ( msg.type = 'notice' ) ORDER BY msg.time desc LIMIT 0,20   [ RunTime:0.000729s ]
SQL: UPDATE `xcx_msg` SET `see`=1 WHERE ( id in (7,3) ) [ RunTime:0.000745s ]

[ 2017-06-14T11:58:52+08:00 ] 183.37.111.46 /api/msg/getall
INFO: [ app_begin ] --START--
INFO: Run Behavior\ReadHtmlCache [ RunTime:0.000057s ]
INFO: [ app_begin ] --END-- [ RunTime:0.000176s ]
NOTIC: [2048] Declaration of Api\Controller\MsgController::get() should be compatible with Think\Controller::get($name = '') /data/wwwroot/xcx.codems.cn/Apps/Api/Controller/MsgController.class.php 第 0 行.
SQL: SHOW COLUMNS FROM `xcx_user` [ RunTime:0.000526s ]
SQL: SELECT `id`,`avatarUrl`,`city`,`gender`,`nickName`,`province`,`county`,`phone`,`vehicle`,`name` FROM `xcx_user` WHERE ( id = "o0Jv50H2UUMf7oasVnbtZtBAwZ-U" or openid ="o0Jv50H2UUMf7oasVnbtZtBAwZ-U" ) LIMIT 1   [ RunTime:0.000247s ]
SQL: SHOW COLUMNS FROM `xcx_msg` [ RunTime:0.000366s ]
SQL: SELECT `type`,count(*) as count FROM `xcx_msg` WHERE ( `uid` = 10001 ) AND ( `see` = 0 ) GROUP BY type  [ RunTime:0.000054s ]

[ 2017-06-14T11:58:53+08:00 ] 183.37.111.46 /api/dynamic/getlist
INFO: [ app_begin ] --START--
INFO: Run Behavior\ReadHtmlCache [ RunTime:0.000067s ]
INFO: [ app_begin ] --END-- [ RunTime:0.000175s ]
SQL: SHOW COLUMNS FROM `xcx_dynamic` [ RunTime:0.000543s ]
SQL: SHOW COLUMNS FROM `xcx_dynamic` [ RunTime:0.000419s ]
SQL: SELECT dynamic.*,user.avatarUrl,user.nickName FROM xcx_dynamic dynamic LEFT JOIN xcx_user user ON user.id = dynamic.uid  WHERE ( 1=1 ) ORDER BY dynamic.time desc LIMIT 0,20   [ RunTime:0.000199s ]
SQL: SHOW COLUMNS FROM `xcx_comment` [ RunTime:0.000445s ]
SQL: SHOW COLUMNS FROM `xcx_comment` [ RunTime:0.000308s ]
SQL: SELECT comment.id,comment.iid,comment.reply,comment.content,user.nickName FROM xcx_comment comment LEFT JOIN xcx_user user ON user.id = comment.uid  WHERE ( iid in (9,7,6,5,3,4,2,1) and type = "dynamic" ) ORDER BY comment.time desc  [ RunTime:0.000074s ]
NOTIC: [8] Undefined offset: 9 /data/wwwroot/xcx.codems.cn/Apps/Api/Controller/DynamicController.class.php 第 71 行.
NOTIC: [8] Undefined offset: 6 /data/wwwroot/xcx.codems.cn/Apps/Api/Controller/DynamicController.class.php 第 71 行.
NOTIC: [8] Undefined offset: 5 /data/wwwroot/xcx.codems.cn/Apps/Api/Controller/DynamicController.class.php 第 71 行.
NOTIC: [2] json_encode(): Invalid UTF-8 sequence in argument /data/wwwroot/xcx.codems.cn/Apps/Api/Controller/DynamicController.class.php 第 76 行.

[ 2017-06-14T12:07:04+08:00 ] 180.163.8.254 /
INFO: [ app_begin ] --START--
INFO: Run Behavior\ReadHtmlCache [ RunTime:0.000064s ]
INFO: [ app_begin ] --END-- [ RunTime:0.000176s ]
INFO: [ app_end ] --START--
INFO: Run Behavior\ShowPageTrace [ RunTime:0.000083s ]
INFO: [ app_end ] --END-- [ RunTime:0.000138s ]

[ 2017-06-14T12:32:13+08:00 ] 139.162.78.135 /
INFO: [ app_begin ] --START--
INFO: Run Behavior\ReadHtmlCache [ RunTime:0.000075s ]
INFO: [ app_begin ] --END-- [ RunTime:0.000191s ]
INFO: [ app_end ] --START--
INFO: Run Behavior\ShowPageTrace [ RunTime:0.000080s ]
INFO: [ app_end ] --END-- [ RunTime:0.000125s ]

[ 2017-06-14T12:41:10+08:00 ] 157.55.39.96 /
INFO: [ app_begin ] --START--
INFO: Run Behavior\ReadHtmlCache [ RunTime:0.000083s ]
INFO: [ app_begin ] --END-- [ RunTime:0.000217s ]
INFO: [ app_end ] --START--
INFO: Run Behavior\ShowPageTrace [ RunTime:0.000074s ]
INFO: [ app_end ] --END-- [ RunTime:0.000131s ]

[ 2017-06-14T17:17:29+08:00 ] 184.105.247.194 /
INFO: [ app_begin ] --START--
INFO: Run Behavior\ReadHtmlCache [ RunTime:0.000089s ]
INFO: [ app_begin ] --END-- [ RunTime:0.000233s ]
INFO: [ app_end ] --START--
INFO: Run Behavior\ShowPageTrace [ RunTime:0.000087s ]
INFO: [ app_end ] --END-- [ RunTime:0.000175s ]

[ 2017-06-14T23:13:01+08:00 ] 139.162.113.204 /
INFO: [ app_begin ] --START--
INFO: Run Behavior\ReadHtmlCache [ RunTime:0.000073s ]
INFO: [ app_begin ] --END-- [ RunTime:0.000192s ]
INFO: [ app_end ] --START--
INFO: Run Behavior\ShowPageTrace [ RunTime:0.000054s ]
INFO: [ app_end ] --END-- [ RunTime:0.000094s ]

