[ 2017-10-05T13:32:57+08:00 ] 169.54.233.123 /
INFO: [ app_begin ] --START--
INFO: Run Behavior\ReadHtmlCache [ RunTime:0.025448s ]
INFO: [ app_begin ] --END-- [ RunTime:0.025710s ]
INFO: [ app_end ] --START--
INFO: Run Behavior\ShowPageTrace [ RunTime:0.000726s ]
INFO: [ app_end ] --END-- [ RunTime:0.000799s ]

[ 2017-10-05T15:29:47+08:00 ] 115.190.249.25 /api/user/login
INFO: [ app_begin ] --START--
INFO: Run Behavior\ReadHtmlCache [ RunTime:0.000315s ]
INFO: [ app_begin ] --END-- [ RunTime:0.000557s ]
SQL: SHOW COLUMNS FROM `xcx_user` [ RunTime:0.000530s ]
NOTIC: [8] Undefined index: openid /data/wwwroot/xcx.codems.cn/Apps/Api/Controller/UserController.class.php 第 9 行.
SQL: SELECT `id`,`avatarUrl`,`city`,`gender`,`nickName`,`province`,`county`,`phone`,`vehicle`,`name` FROM `xcx_user` WHERE ( id = "" or openid ="" ) LIMIT 1   [ RunTime:0.000060s ]
NOTIC: [8] Undefined index: session_key /data/wwwroot/xcx.codems.cn/Apps/Api/Controller/UserController.class.php 第 11 行.
NOTIC: [8] Undefined index: openid /data/wwwroot/xcx.codems.cn/Apps/Api/Controller/UserController.class.php 第 15 行.
SQL: SELECT `id`,`avatarUrl`,`city`,`gender`,`nickName`,`province`,`county`,`phone`,`vehicle`,`name` FROM `xcx_user` WHERE ( id = "" or openid ="" ) LIMIT 1   [ RunTime:0.000058s ]
NOTIC: [8] Undefined index: openid /data/wwwroot/xcx.codems.cn/Apps/Api/Controller/UserController.class.php 第 16 行.
NOTIC: [8] Undefined index: session_key /data/wwwroot/xcx.codems.cn/Apps/Api/Controller/UserController.class.php 第 16 行.
NOTIC: [2] unlink(/data/wwwroot/xcx.codems.cn/cache/Temp/eefd218713bde870b721cc68bc82b7f5.php): No such file or directory /data/wwwroot/xcx.codems.cn/include/ThinkPHP/Library/Think/Cache/Driver/File.class.php 第 157 行.

[ 2017-10-05T15:29:50+08:00 ] 115.190.249.25 /api/user/login
INFO: [ app_begin ] --START--
INFO: Run Behavior\ReadHtmlCache [ RunTime:0.000281s ]
INFO: [ app_begin ] --END-- [ RunTime:0.000519s ]
SQL: SHOW COLUMNS FROM `xcx_user` [ RunTime:0.000502s ]
NOTIC: [8] Undefined index: openid /data/wwwroot/xcx.codems.cn/Apps/Api/Controller/UserController.class.php 第 9 行.
SQL: SELECT `id`,`avatarUrl`,`city`,`gender`,`nickName`,`province`,`county`,`phone`,`vehicle`,`name` FROM `xcx_user` WHERE ( id = "" or openid ="" ) LIMIT 1   [ RunTime:0.000055s ]
NOTIC: [8] Undefined index: session_key /data/wwwroot/xcx.codems.cn/Apps/Api/Controller/UserController.class.php 第 11 行.
NOTIC: [8] Undefined index: openid /data/wwwroot/xcx.codems.cn/Apps/Api/Controller/UserController.class.php 第 15 行.
SQL: SELECT `id`,`avatarUrl`,`city`,`gender`,`nickName`,`province`,`county`,`phone`,`vehicle`,`name` FROM `xcx_user` WHERE ( id = "" or openid ="" ) LIMIT 1   [ RunTime:0.000057s ]
NOTIC: [8] Undefined index: openid /data/wwwroot/xcx.codems.cn/Apps/Api/Controller/UserController.class.php 第 16 行.
NOTIC: [8] Undefined index: session_key /data/wwwroot/xcx.codems.cn/Apps/Api/Controller/UserController.class.php 第 16 行.
NOTIC: [2] unlink(/data/wwwroot/xcx.codems.cn/cache/Temp/5d7f7506e2466da217a508f6b5a66d22.php): No such file or directory /data/wwwroot/xcx.codems.cn/include/ThinkPHP/Library/Think/Cache/Driver/File.class.php 第 157 行.

[ 2017-10-05T15:31:30+08:00 ] 115.190.249.25 /api/user/login
INFO: [ app_begin ] --START--
INFO: Run Behavior\ReadHtmlCache [ RunTime:0.000294s ]
INFO: [ app_begin ] --END-- [ RunTime:0.000567s ]
SQL: SHOW COLUMNS FROM `xcx_user` [ RunTime:0.000491s ]
NOTIC: [8] Undefined index: openid /data/wwwroot/xcx.codems.cn/Apps/Api/Controller/UserController.class.php 第 9 行.
SQL: SELECT `id`,`avatarUrl`,`city`,`gender`,`nickName`,`province`,`county`,`phone`,`vehicle`,`name` FROM `xcx_user` WHERE ( id = "" or openid ="" ) LIMIT 1   [ RunTime:0.000057s ]
NOTIC: [8] Undefined index: session_key /data/wwwroot/xcx.codems.cn/Apps/Api/Controller/UserController.class.php 第 11 行.
NOTIC: [8] Undefined index: openid /data/wwwroot/xcx.codems.cn/Apps/Api/Controller/UserController.class.php 第 15 行.
SQL: SELECT `id`,`avatarUrl`,`city`,`gender`,`nickName`,`province`,`county`,`phone`,`vehicle`,`name` FROM `xcx_user` WHERE ( id = "" or openid ="" ) LIMIT 1   [ RunTime:0.000057s ]
NOTIC: [8] Undefined index: openid /data/wwwroot/xcx.codems.cn/Apps/Api/Controller/UserController.class.php 第 16 行.
NOTIC: [8] Undefined index: session_key /data/wwwroot/xcx.codems.cn/Apps/Api/Controller/UserController.class.php 第 16 行.
NOTIC: [2] unlink(/data/wwwroot/xcx.codems.cn/cache/Temp/71ab401c8d5bc8bda26ebe8e55be1c94.php): No such file or directory /data/wwwroot/xcx.codems.cn/include/ThinkPHP/Library/Think/Cache/Driver/File.class.php 第 157 行.

[ 2017-10-05T15:31:30+08:00 ] 115.190.249.25 /api/info/lists
INFO: [ app_begin ] --START--
INFO: Run Behavior\ReadHtmlCache [ RunTime:0.000281s ]
INFO: [ app_begin ] --END-- [ RunTime:0.000530s ]
SQL: SHOW COLUMNS FROM `xcx_info` [ RunTime:0.000517s ]
SQL: SHOW COLUMNS FROM `xcx_info` [ RunTime:0.000342s ]
SQL: SELECT info.*,user.avatarUrl FROM xcx_info info LEFT JOIN xcx_user user ON user.id = info.uid  WHERE ( info.status = 1 and info.time >= "1507188690" and info.date <= "2017-10-12" and info.departure like "%武汉市%" ) ORDER BY time asc LIMIT 0,20   [ RunTime:0.000381s ]

[ 2017-10-05T15:31:41+08:00 ] 115.190.249.25 /api/user/login
INFO: [ app_begin ] --START--
INFO: Run Behavior\ReadHtmlCache [ RunTime:0.000284s ]
INFO: [ app_begin ] --END-- [ RunTime:0.000528s ]
SQL: SHOW COLUMNS FROM `xcx_user` [ RunTime:0.000485s ]
NOTIC: [8] Undefined index: openid /data/wwwroot/xcx.codems.cn/Apps/Api/Controller/UserController.class.php 第 9 行.
SQL: SELECT `id`,`avatarUrl`,`city`,`gender`,`nickName`,`province`,`county`,`phone`,`vehicle`,`name` FROM `xcx_user` WHERE ( id = "" or openid ="" ) LIMIT 1   [ RunTime:0.000057s ]
NOTIC: [8] Undefined index: session_key /data/wwwroot/xcx.codems.cn/Apps/Api/Controller/UserController.class.php 第 11 行.
NOTIC: [8] Undefined index: openid /data/wwwroot/xcx.codems.cn/Apps/Api/Controller/UserController.class.php 第 15 行.
SQL: SELECT `id`,`avatarUrl`,`city`,`gender`,`nickName`,`province`,`county`,`phone`,`vehicle`,`name` FROM `xcx_user` WHERE ( id = "" or openid ="" ) LIMIT 1   [ RunTime:0.000056s ]
NOTIC: [8] Undefined index: openid /data/wwwroot/xcx.codems.cn/Apps/Api/Controller/UserController.class.php 第 16 行.
NOTIC: [8] Undefined index: session_key /data/wwwroot/xcx.codems.cn/Apps/Api/Controller/UserController.class.php 第 16 行.
NOTIC: [2] unlink(/data/wwwroot/xcx.codems.cn/cache/Temp/d2de4b89c136fccb0a7e22b046b73f06.php): No such file or directory /data/wwwroot/xcx.codems.cn/include/ThinkPHP/Library/Think/Cache/Driver/File.class.php 第 157 行.

[ 2017-10-05T15:31:41+08:00 ] 115.190.249.25 /api/info/lists
INFO: [ app_begin ] --START--
INFO: Run Behavior\ReadHtmlCache [ RunTime:0.000326s ]
INFO: [ app_begin ] --END-- [ RunTime:0.000594s ]
SQL: SHOW COLUMNS FROM `xcx_info` [ RunTime:0.000529s ]
SQL: SHOW COLUMNS FROM `xcx_info` [ RunTime:0.000348s ]
SQL: SELECT info.*,user.avatarUrl FROM xcx_info info LEFT JOIN xcx_user user ON user.id = info.uid  WHERE ( info.status = 1 and info.time >= "1507188701" and info.date <= "2017-10-12" and info.departure like "%武汉市%" ) ORDER BY time asc LIMIT 0,20   [ RunTime:0.000370s ]

[ 2017-10-05T15:31:45+08:00 ] 115.190.249.25 /api/user/login
INFO: [ app_begin ] --START--
INFO: Run Behavior\ReadHtmlCache [ RunTime:0.000287s ]
INFO: [ app_begin ] --END-- [ RunTime:0.000539s ]
SQL: SHOW COLUMNS FROM `xcx_user` [ RunTime:0.000501s ]
NOTIC: [8] Undefined index: openid /data/wwwroot/xcx.codems.cn/Apps/Api/Controller/UserController.class.php 第 9 行.
SQL: SELECT `id`,`avatarUrl`,`city`,`gender`,`nickName`,`province`,`county`,`phone`,`vehicle`,`name` FROM `xcx_user` WHERE ( id = "" or openid ="" ) LIMIT 1   [ RunTime:0.000056s ]
NOTIC: [8] Undefined index: session_key /data/wwwroot/xcx.codems.cn/Apps/Api/Controller/UserController.class.php 第 11 行.
NOTIC: [8] Undefined index: openid /data/wwwroot/xcx.codems.cn/Apps/Api/Controller/UserController.class.php 第 15 行.
SQL: SELECT `id`,`avatarUrl`,`city`,`gender`,`nickName`,`province`,`county`,`phone`,`vehicle`,`name` FROM `xcx_user` WHERE ( id = "" or openid ="" ) LIMIT 1   [ RunTime:0.000054s ]
NOTIC: [8] Undefined index: openid /data/wwwroot/xcx.codems.cn/Apps/Api/Controller/UserController.class.php 第 16 行.
NOTIC: [8] Undefined index: session_key /data/wwwroot/xcx.codems.cn/Apps/Api/Controller/UserController.class.php 第 16 行.
NOTIC: [2] unlink(/data/wwwroot/xcx.codems.cn/cache/Temp/d9564bfdaf6b157c506f890b43cdceea.php): No such file or directory /data/wwwroot/xcx.codems.cn/include/ThinkPHP/Library/Think/Cache/Driver/File.class.php 第 157 行.

[ 2017-10-05T15:31:45+08:00 ] 115.190.249.25 /api/info/lists
INFO: [ app_begin ] --START--
INFO: Run Behavior\ReadHtmlCache [ RunTime:0.000291s ]
INFO: [ app_begin ] --END-- [ RunTime:0.000557s ]
SQL: SHOW COLUMNS FROM `xcx_info` [ RunTime:0.000545s ]
SQL: SHOW COLUMNS FROM `xcx_info` [ RunTime:0.000372s ]
SQL: SELECT info.*,user.avatarUrl FROM xcx_info info LEFT JOIN xcx_user user ON user.id = info.uid  WHERE ( info.status = 1 and info.time >= "1507188705" and info.date <= "2017-10-12" and info.departure like "%武汉市%" ) ORDER BY time asc LIMIT 0,20   [ RunTime:0.000352s ]

[ 2017-10-05T15:31:50+08:00 ] 115.190.249.25 /api/user/login
INFO: [ app_begin ] --START--
INFO: Run Behavior\ReadHtmlCache [ RunTime:0.000280s ]
INFO: [ app_begin ] --END-- [ RunTime:0.000540s ]
SQL: SHOW COLUMNS FROM `xcx_user` [ RunTime:0.000505s ]
NOTIC: [8] Undefined index: openid /data/wwwroot/xcx.codems.cn/Apps/Api/Controller/UserController.class.php 第 9 行.
SQL: SELECT `id`,`avatarUrl`,`city`,`gender`,`nickName`,`province`,`county`,`phone`,`vehicle`,`name` FROM `xcx_user` WHERE ( id = "" or openid ="" ) LIMIT 1   [ RunTime:0.000083s ]
NOTIC: [8] Undefined index: session_key /data/wwwroot/xcx.codems.cn/Apps/Api/Controller/UserController.class.php 第 11 行.
NOTIC: [8] Undefined index: openid /data/wwwroot/xcx.codems.cn/Apps/Api/Controller/UserController.class.php 第 15 行.
SQL: SELECT `id`,`avatarUrl`,`city`,`gender`,`nickName`,`province`,`county`,`phone`,`vehicle`,`name` FROM `xcx_user` WHERE ( id = "" or openid ="" ) LIMIT 1   [ RunTime:0.000056s ]
NOTIC: [8] Undefined index: openid /data/wwwroot/xcx.codems.cn/Apps/Api/Controller/UserController.class.php 第 16 行.
NOTIC: [8] Undefined index: session_key /data/wwwroot/xcx.codems.cn/Apps/Api/Controller/UserController.class.php 第 16 行.
NOTIC: [2] unlink(/data/wwwroot/xcx.codems.cn/cache/Temp/d49041746461ee86355b4f3b7e918736.php): No such file or directory /data/wwwroot/xcx.codems.cn/include/ThinkPHP/Library/Think/Cache/Driver/File.class.php 第 157 行.

[ 2017-10-05T15:31:50+08:00 ] 115.190.249.25 /api/info/lists
INFO: [ app_begin ] --START--
INFO: Run Behavior\ReadHtmlCache [ RunTime:0.000468s ]
INFO: [ app_begin ] --END-- [ RunTime:0.000820s ]
SQL: SHOW COLUMNS FROM `xcx_info` [ RunTime:0.000741s ]
SQL: SHOW COLUMNS FROM `xcx_info` [ RunTime:0.000533s ]
SQL: SELECT info.*,user.avatarUrl FROM xcx_info info LEFT JOIN xcx_user user ON user.id = info.uid  WHERE ( info.status = 1 and info.time >= "1507188710" and info.date <= "2017-10-12" and info.departure like "%武汉市%" ) ORDER BY time asc LIMIT 0,20   [ RunTime:0.000524s ]

[ 2017-10-05T23:08:59+08:00 ] 119.99.33.26 /
INFO: [ app_begin ] --START--
INFO: Run Behavior\ReadHtmlCache [ RunTime:0.000319s ]
INFO: [ app_begin ] --END-- [ RunTime:0.000551s ]
INFO: [ app_end ] --START--
INFO: Run Behavior\ShowPageTrace [ RunTime:0.000311s ]
INFO: [ app_end ] --END-- [ RunTime:0.000355s ]

[ 2017-10-05T23:09:07+08:00 ] 119.99.33.26 /api
INFO: [ app_begin ] --START--
INFO: Run Behavior\ReadHtmlCache [ RunTime:0.000345s ]
INFO: [ app_begin ] --END-- [ RunTime:0.000584s ]
ERR: 无法加载控制器:Index

[ 2017-10-05T23:12:17+08:00 ] 119.99.33.26 /
INFO: [ app_begin ] --START--
INFO: Run Behavior\ReadHtmlCache [ RunTime:0.000324s ]
INFO: [ app_begin ] --END-- [ RunTime:0.000555s ]
INFO: [ app_end ] --START--
INFO: Run Behavior\ShowPageTrace [ RunTime:0.000337s ]
INFO: [ app_end ] --END-- [ RunTime:0.000379s ]

