[ 2017-10-04T00:02:55+08:00 ] 61.158.149.38 /api/info/lists
INFO: [ app_begin ] --START--
INFO: Run Behavior\ReadHtmlCache [ RunTime:0.000297s ]
INFO: [ app_begin ] --END-- [ RunTime:0.000593s ]
SQL: SHOW COLUMNS FROM `xcx_info` [ RunTime:0.000490s ]
SQL: SHOW COLUMNS FROM `xcx_info` [ RunTime:0.000362s ]
SQL: SELECT info.*,user.avatarUrl FROM xcx_info info LEFT JOIN xcx_user user ON user.id = info.uid  WHERE ( info.status = 1 and info.time >= "1507046575" and info.date <= "2017-10-11" and info.departure like "%郑州市%" ) ORDER BY time asc LIMIT 0,20   [ RunTime:0.000388s ]

[ 2017-10-04T21:25:14+08:00 ] 60.223.136.175 /api/user/login
INFO: [ app_begin ] --START--
INFO: Run Behavior\ReadHtmlCache [ RunTime:0.000390s ]
INFO: [ app_begin ] --END-- [ RunTime:0.000647s ]
SQL: SHOW COLUMNS FROM `xcx_user` [ RunTime:0.000611s ]
NOTIC: [8] Undefined index: openid /data/wwwroot/xcx.codems.cn/Apps/Api/Controller/UserController.class.php 第 9 行.
SQL: SELECT `id`,`avatarUrl`,`city`,`gender`,`nickName`,`province`,`county`,`phone`,`vehicle`,`name` FROM `xcx_user` WHERE ( id = "" or openid ="" ) LIMIT 1   [ RunTime:0.000058s ]
NOTIC: [8] Undefined index: session_key /data/wwwroot/xcx.codems.cn/Apps/Api/Controller/UserController.class.php 第 11 行.
NOTIC: [8] Undefined index: openid /data/wwwroot/xcx.codems.cn/Apps/Api/Controller/UserController.class.php 第 15 行.
SQL: SELECT `id`,`avatarUrl`,`city`,`gender`,`nickName`,`province`,`county`,`phone`,`vehicle`,`name` FROM `xcx_user` WHERE ( id = "" or openid ="" ) LIMIT 1   [ RunTime:0.000056s ]
NOTIC: [8] Undefined index: openid /data/wwwroot/xcx.codems.cn/Apps/Api/Controller/UserController.class.php 第 16 行.
NOTIC: [8] Undefined index: session_key /data/wwwroot/xcx.codems.cn/Apps/Api/Controller/UserController.class.php 第 16 行.
NOTIC: [2] unlink(/data/wwwroot/xcx.codems.cn/cache/Temp/592ca62315f06f7c1f86e13c4a7ae32e.php): No such file or directory /data/wwwroot/xcx.codems.cn/include/ThinkPHP/Library/Think/Cache/Driver/File.class.php 第 157 行.

[ 2017-10-04T21:25:42+08:00 ] 60.223.136.175 /api/user/login
INFO: [ app_begin ] --START--
INFO: Run Behavior\ReadHtmlCache [ RunTime:0.000332s ]
INFO: [ app_begin ] --END-- [ RunTime:0.000624s ]
SQL: SHOW COLUMNS FROM `xcx_user` [ RunTime:0.000500s ]
NOTIC: [8] Undefined index: openid /data/wwwroot/xcx.codems.cn/Apps/Api/Controller/UserController.class.php 第 9 行.
SQL: SELECT `id`,`avatarUrl`,`city`,`gender`,`nickName`,`province`,`county`,`phone`,`vehicle`,`name` FROM `xcx_user` WHERE ( id = "" or openid ="" ) LIMIT 1   [ RunTime:0.000055s ]
NOTIC: [8] Undefined index: session_key /data/wwwroot/xcx.codems.cn/Apps/Api/Controller/UserController.class.php 第 11 行.
NOTIC: [8] Undefined index: openid /data/wwwroot/xcx.codems.cn/Apps/Api/Controller/UserController.class.php 第 15 行.
SQL: SELECT `id`,`avatarUrl`,`city`,`gender`,`nickName`,`province`,`county`,`phone`,`vehicle`,`name` FROM `xcx_user` WHERE ( id = "" or openid ="" ) LIMIT 1   [ RunTime:0.000067s ]
NOTIC: [8] Undefined index: openid /data/wwwroot/xcx.codems.cn/Apps/Api/Controller/UserController.class.php 第 16 行.
NOTIC: [8] Undefined index: session_key /data/wwwroot/xcx.codems.cn/Apps/Api/Controller/UserController.class.php 第 16 行.
NOTIC: [2] unlink(/data/wwwroot/xcx.codems.cn/cache/Temp/ce470245045e7a8bc80930df97364df9.php): No such file or directory /data/wwwroot/xcx.codems.cn/include/ThinkPHP/Library/Think/Cache/Driver/File.class.php 第 157 行.

[ 2017-10-04T21:25:48+08:00 ] 60.223.136.175 /api/user/login
INFO: [ app_begin ] --START--
INFO: Run Behavior\ReadHtmlCache [ RunTime:0.000323s ]
INFO: [ app_begin ] --END-- [ RunTime:0.000611s ]
SQL: SHOW COLUMNS FROM `xcx_user` [ RunTime:0.000744s ]
NOTIC: [8] Undefined index: openid /data/wwwroot/xcx.codems.cn/Apps/Api/Controller/UserController.class.php 第 9 行.
SQL: SELECT `id`,`avatarUrl`,`city`,`gender`,`nickName`,`province`,`county`,`phone`,`vehicle`,`name` FROM `xcx_user` WHERE ( id = "" or openid ="" ) LIMIT 1   [ RunTime:0.000077s ]
NOTIC: [8] Undefined index: session_key /data/wwwroot/xcx.codems.cn/Apps/Api/Controller/UserController.class.php 第 11 行.
NOTIC: [8] Undefined index: openid /data/wwwroot/xcx.codems.cn/Apps/Api/Controller/UserController.class.php 第 15 行.
SQL: SELECT `id`,`avatarUrl`,`city`,`gender`,`nickName`,`province`,`county`,`phone`,`vehicle`,`name` FROM `xcx_user` WHERE ( id = "" or openid ="" ) LIMIT 1   [ RunTime:0.000077s ]
NOTIC: [8] Undefined index: openid /data/wwwroot/xcx.codems.cn/Apps/Api/Controller/UserController.class.php 第 16 行.
NOTIC: [8] Undefined index: session_key /data/wwwroot/xcx.codems.cn/Apps/Api/Controller/UserController.class.php 第 16 行.
NOTIC: [2] unlink(/data/wwwroot/xcx.codems.cn/cache/Temp/819be7b74afcd7ebd08c43365a0d3e4f.php): No such file or directory /data/wwwroot/xcx.codems.cn/include/ThinkPHP/Library/Think/Cache/Driver/File.class.php 第 157 行.

[ 2017-10-04T23:09:04+08:00 ] 60.17.109.132 /api/user/login
INFO: [ app_begin ] --START--
INFO: Run Behavior\ReadHtmlCache [ RunTime:0.000318s ]
INFO: [ app_begin ] --END-- [ RunTime:0.000569s ]
NOTIC: [2] file_get_contents(https://api.weixin.qq.com/sns/jscode2session?appid=wx61f7708fbb157848&amp;secret=57556a858121fae443f59863f9cb1cdb&amp;js_code=the code is a mock one&amp;grant_type=authorization_code): failed to open stream: HTTP request failed! code 200 OK
 /data/wwwroot/xcx.codems.cn/Apps/Api/Controller/UserController.class.php 第 56 行.
SQL: SHOW COLUMNS FROM `xcx_user` [ RunTime:0.000497s ]
SQL: SELECT `id`,`avatarUrl`,`city`,`gender`,`nickName`,`province`,`county`,`phone`,`vehicle`,`name` FROM `xcx_user` WHERE ( id = "" or openid ="" ) LIMIT 1   [ RunTime:0.000056s ]
SQL: SELECT `id`,`avatarUrl`,`city`,`gender`,`nickName`,`province`,`county`,`phone`,`vehicle`,`name` FROM `xcx_user` WHERE ( id = "" or openid ="" ) LIMIT 1   [ RunTime:0.000056s ]
NOTIC: [2] unlink(/data/wwwroot/xcx.codems.cn/cache/Temp/f6ca707e91b66ebe7afc55c90d954af8.php): No such file or directory /data/wwwroot/xcx.codems.cn/include/ThinkPHP/Library/Think/Cache/Driver/File.class.php 第 157 行.

[ 2017-10-04T23:09:04+08:00 ] 60.17.109.132 /api/info/lists
INFO: [ app_begin ] --START--
INFO: Run Behavior\ReadHtmlCache [ RunTime:0.000308s ]
INFO: [ app_begin ] --END-- [ RunTime:0.000564s ]
SQL: SHOW COLUMNS FROM `xcx_info` [ RunTime:0.000506s ]
SQL: SHOW COLUMNS FROM `xcx_info` [ RunTime:0.000400s ]
SQL: SELECT info.*,user.avatarUrl FROM xcx_info info LEFT JOIN xcx_user user ON user.id = info.uid  WHERE ( info.status = 1 and info.time >= "1507129744" and info.date <= "2017-10-11" and info.departure like "%沈阳市%" ) ORDER BY time asc LIMIT 0,20   [ RunTime:0.000369s ]

[ 2017-10-04T23:09:14+08:00 ] 60.17.109.132 /api/user/login
INFO: [ app_begin ] --START--
INFO: Run Behavior\ReadHtmlCache [ RunTime:0.000305s ]
INFO: [ app_begin ] --END-- [ RunTime:0.000585s ]
NOTIC: [2] file_get_contents(https://api.weixin.qq.com/sns/jscode2session?appid=wx61f7708fbb157848&amp;secret=57556a858121fae443f59863f9cb1cdb&amp;js_code=the code is a mock one&amp;grant_type=authorization_code): failed to open stream: HTTP request failed! code 200 OK
 /data/wwwroot/xcx.codems.cn/Apps/Api/Controller/UserController.class.php 第 56 行.
SQL: SHOW COLUMNS FROM `xcx_user` [ RunTime:0.000557s ]
SQL: SELECT `id`,`avatarUrl`,`city`,`gender`,`nickName`,`province`,`county`,`phone`,`vehicle`,`name` FROM `xcx_user` WHERE ( id = "" or openid ="" ) LIMIT 1   [ RunTime:0.000055s ]
SQL: SELECT `id`,`avatarUrl`,`city`,`gender`,`nickName`,`province`,`county`,`phone`,`vehicle`,`name` FROM `xcx_user` WHERE ( id = "" or openid ="" ) LIMIT 1   [ RunTime:0.000071s ]
NOTIC: [2] unlink(/data/wwwroot/xcx.codems.cn/cache/Temp/7142049ad31ca12d1fc58fe406f761c2.php): No such file or directory /data/wwwroot/xcx.codems.cn/include/ThinkPHP/Library/Think/Cache/Driver/File.class.php 第 157 行.

[ 2017-10-04T23:09:41+08:00 ] 60.17.109.132 /api/user/login
INFO: [ app_begin ] --START--
INFO: Run Behavior\ReadHtmlCache [ RunTime:0.000340s ]
INFO: [ app_begin ] --END-- [ RunTime:0.000599s ]
NOTIC: [2] file_get_contents(https://api.weixin.qq.com/sns/jscode2session?appid=wx61f7708fbb157848&amp;secret=57556a858121fae443f59863f9cb1cdb&amp;js_code=the code is a mock one&amp;grant_type=authorization_code): failed to open stream: HTTP request failed! code 200 OK
 /data/wwwroot/xcx.codems.cn/Apps/Api/Controller/UserController.class.php 第 56 行.
SQL: SHOW COLUMNS FROM `xcx_user` [ RunTime:0.000546s ]
SQL: SELECT `id`,`avatarUrl`,`city`,`gender`,`nickName`,`province`,`county`,`phone`,`vehicle`,`name` FROM `xcx_user` WHERE ( id = "" or openid ="" ) LIMIT 1   [ RunTime:0.000058s ]
SQL: SELECT `id`,`avatarUrl`,`city`,`gender`,`nickName`,`province`,`county`,`phone`,`vehicle`,`name` FROM `xcx_user` WHERE ( id = "" or openid ="" ) LIMIT 1   [ RunTime:0.000058s ]
NOTIC: [2] unlink(/data/wwwroot/xcx.codems.cn/cache/Temp/6301005f574042e2321dc3056546e49e.php): No such file or directory /data/wwwroot/xcx.codems.cn/include/ThinkPHP/Library/Think/Cache/Driver/File.class.php 第 157 行.

[ 2017-10-04T23:09:42+08:00 ] 60.17.109.132 /api/info/lists
INFO: [ app_begin ] --START--
INFO: Run Behavior\ReadHtmlCache [ RunTime:0.000302s ]
INFO: [ app_begin ] --END-- [ RunTime:0.000536s ]
SQL: SHOW COLUMNS FROM `xcx_info` [ RunTime:0.000497s ]
SQL: SHOW COLUMNS FROM `xcx_info` [ RunTime:0.000371s ]
SQL: SELECT info.*,user.avatarUrl FROM xcx_info info LEFT JOIN xcx_user user ON user.id = info.uid  WHERE ( info.status = 1 and info.time >= "1507129782" and info.date <= "2017-10-11" and info.departure like "%沈阳市%" ) ORDER BY time asc LIMIT 0,20   [ RunTime:0.000347s ]

[ 2017-10-04T23:09:47+08:00 ] 60.17.109.132 /api/info/lists
INFO: [ app_begin ] --START--
INFO: Run Behavior\ReadHtmlCache [ RunTime:0.000323s ]
INFO: [ app_begin ] --END-- [ RunTime:0.000572s ]
SQL: SHOW COLUMNS FROM `xcx_info` [ RunTime:0.000498s ]
SQL: SHOW COLUMNS FROM `xcx_info` [ RunTime:0.000359s ]
SQL: SELECT info.*,user.avatarUrl FROM xcx_info info LEFT JOIN xcx_user user ON user.id = info.uid  WHERE ( info.status = 1 and info.time >= "1507129787" and info.date <= "2017-10-11" and info.departure like "%沈阳市%" ) ORDER BY time asc LIMIT 0,20   [ RunTime:0.000362s ]

[ 2017-10-04T23:09:49+08:00 ] 60.17.109.132 /api/info/lists
INFO: [ app_begin ] --START--
INFO: Run Behavior\ReadHtmlCache [ RunTime:0.000300s ]
INFO: [ app_begin ] --END-- [ RunTime:0.000536s ]
SQL: SHOW COLUMNS FROM `xcx_info` [ RunTime:0.000508s ]
SQL: SHOW COLUMNS FROM `xcx_info` [ RunTime:0.000375s ]
SQL: SELECT info.*,user.avatarUrl FROM xcx_info info LEFT JOIN xcx_user user ON user.id = info.uid  WHERE ( info.status = 1 and info.time >= "1507129789" and info.date <= "2017-10-11" and info.departure like "%沈阳市%" ) ORDER BY time asc LIMIT 0,20   [ RunTime:0.000343s ]

[ 2017-10-04T23:09:50+08:00 ] 60.17.109.132 /api/info/lists
INFO: [ app_begin ] --START--
INFO: Run Behavior\ReadHtmlCache [ RunTime:0.000317s ]
INFO: [ app_begin ] --END-- [ RunTime:0.000546s ]
SQL: SHOW COLUMNS FROM `xcx_info` [ RunTime:0.000529s ]
SQL: SHOW COLUMNS FROM `xcx_info` [ RunTime:0.000340s ]
SQL: SELECT info.*,user.avatarUrl FROM xcx_info info LEFT JOIN xcx_user user ON user.id = info.uid  WHERE ( info.status = 1 and info.time >= "1507129790" and info.date <= "2017-10-11" and info.departure like "%沈阳市%" ) ORDER BY time asc LIMIT 0,20   [ RunTime:0.000345s ]

[ 2017-10-04T23:09:54+08:00 ] 60.17.109.132 /api/info/lists
INFO: [ app_begin ] --START--
INFO: Run Behavior\ReadHtmlCache [ RunTime:0.000322s ]
INFO: [ app_begin ] --END-- [ RunTime:0.000565s ]
SQL: SHOW COLUMNS FROM `xcx_info` [ RunTime:0.000550s ]
SQL: SHOW COLUMNS FROM `xcx_info` [ RunTime:0.000399s ]
SQL: SELECT info.*,user.avatarUrl FROM xcx_info info LEFT JOIN xcx_user user ON user.id = info.uid  WHERE ( info.status = 1 and info.time >= "1507129794" and info.date <= "2017-10-11" and info.departure like "%沈阳市%" ) ORDER BY time asc LIMIT 0,20   [ RunTime:0.000372s ]

[ 2017-10-04T23:09:55+08:00 ] 60.17.109.132 /api/info/lists
INFO: [ app_begin ] --START--
INFO: Run Behavior\ReadHtmlCache [ RunTime:0.000471s ]
INFO: [ app_begin ] --END-- [ RunTime:0.000839s ]
SQL: SHOW COLUMNS FROM `xcx_info` [ RunTime:0.000778s ]
SQL: SHOW COLUMNS FROM `xcx_info` [ RunTime:0.000375s ]
SQL: SELECT info.*,user.avatarUrl FROM xcx_info info LEFT JOIN xcx_user user ON user.id = info.uid  WHERE ( info.status = 1 and info.time >= "1507129795" and info.date <= "2017-10-11" and info.departure like "%沈阳市%" ) ORDER BY time asc LIMIT 0,20   [ RunTime:0.000458s ]

[ 2017-10-04T23:10:19+08:00 ] 60.17.109.132 /api/dynamic/getlist
INFO: [ app_begin ] --START--
INFO: Run Behavior\ReadHtmlCache [ RunTime:0.000282s ]
INFO: [ app_begin ] --END-- [ RunTime:0.000542s ]
SQL: SHOW COLUMNS FROM `xcx_dynamic` [ RunTime:0.000423s ]
SQL: SHOW COLUMNS FROM `xcx_dynamic` [ RunTime:0.000311s ]
SQL: SELECT dynamic.*,user.avatarUrl,user.nickName FROM xcx_dynamic dynamic LEFT JOIN xcx_user user ON user.id = dynamic.uid  WHERE ( 1=1 ) ORDER BY dynamic.time desc LIMIT 0,20   [ RunTime:0.000350s ]
SQL: SHOW COLUMNS FROM `xcx_comment` [ RunTime:0.000298s ]
SQL: SHOW COLUMNS FROM `xcx_comment` [ RunTime:0.000282s ]
SQL: SELECT comment.id,comment.iid,comment.reply,comment.content,user.nickName FROM xcx_comment comment LEFT JOIN xcx_user user ON user.id = comment.uid  WHERE ( iid in (17,16,15,14,12,10,9,7,6,3,4,2) and type = "dynamic" ) ORDER BY comment.time desc  [ RunTime:0.035050s ]
NOTIC: [8] Undefined offset: 17 /data/wwwroot/xcx.codems.cn/Apps/Api/Controller/DynamicController.class.php 第 71 行.
NOTIC: [8] Undefined offset: 16 /data/wwwroot/xcx.codems.cn/Apps/Api/Controller/DynamicController.class.php 第 71 行.
NOTIC: [8] Undefined offset: 15 /data/wwwroot/xcx.codems.cn/Apps/Api/Controller/DynamicController.class.php 第 71 行.
NOTIC: [8] Undefined offset: 14 /data/wwwroot/xcx.codems.cn/Apps/Api/Controller/DynamicController.class.php 第 71 行.
NOTIC: [8] Undefined offset: 6 /data/wwwroot/xcx.codems.cn/Apps/Api/Controller/DynamicController.class.php 第 71 行.
NOTIC: [2] json_encode(): Invalid UTF-8 sequence in argument /data/wwwroot/xcx.codems.cn/Apps/Api/Controller/DynamicController.class.php 第 76 行.

[ 2017-10-04T23:10:27+08:00 ] 60.17.109.132 /api/dynamic/getlist
INFO: [ app_begin ] --START--
INFO: Run Behavior\ReadHtmlCache [ RunTime:0.000441s ]
INFO: [ app_begin ] --END-- [ RunTime:0.000703s ]
SQL: SHOW COLUMNS FROM `xcx_dynamic` [ RunTime:0.000482s ]
SQL: SHOW COLUMNS FROM `xcx_dynamic` [ RunTime:0.000319s ]
SQL: SELECT dynamic.*,user.avatarUrl,user.nickName FROM xcx_dynamic dynamic LEFT JOIN xcx_user user ON user.id = dynamic.uid  WHERE ( 1=1 ) ORDER BY dynamic.time desc LIMIT 0,20   [ RunTime:0.000068s ]
SQL: SHOW COLUMNS FROM `xcx_comment` [ RunTime:0.000338s ]
SQL: SHOW COLUMNS FROM `xcx_comment` [ RunTime:0.000314s ]
SQL: SELECT comment.id,comment.iid,comment.reply,comment.content,user.nickName FROM xcx_comment comment LEFT JOIN xcx_user user ON user.id = comment.uid  WHERE ( iid in (17,16,15,14,12,10,9,7,6,3,4,2) and type = "dynamic" ) ORDER BY comment.time desc  [ RunTime:0.000054s ]
NOTIC: [8] Undefined offset: 17 /data/wwwroot/xcx.codems.cn/Apps/Api/Controller/DynamicController.class.php 第 71 行.
NOTIC: [8] Undefined offset: 16 /data/wwwroot/xcx.codems.cn/Apps/Api/Controller/DynamicController.class.php 第 71 行.
NOTIC: [8] Undefined offset: 15 /data/wwwroot/xcx.codems.cn/Apps/Api/Controller/DynamicController.class.php 第 71 行.
NOTIC: [8] Undefined offset: 14 /data/wwwroot/xcx.codems.cn/Apps/Api/Controller/DynamicController.class.php 第 71 行.
NOTIC: [8] Undefined offset: 6 /data/wwwroot/xcx.codems.cn/Apps/Api/Controller/DynamicController.class.php 第 71 行.
NOTIC: [2] json_encode(): Invalid UTF-8 sequence in argument /data/wwwroot/xcx.codems.cn/Apps/Api/Controller/DynamicController.class.php 第 76 行.

[ 2017-10-04T23:10:30+08:00 ] 60.17.109.132 /api/dynamic/getlist
INFO: [ app_begin ] --START--
INFO: Run Behavior\ReadHtmlCache [ RunTime:0.000311s ]
INFO: [ app_begin ] --END-- [ RunTime:0.000630s ]
SQL: SHOW COLUMNS FROM `xcx_dynamic` [ RunTime:0.000486s ]
SQL: SHOW COLUMNS FROM `xcx_dynamic` [ RunTime:0.000306s ]
SQL: SELECT dynamic.*,user.avatarUrl,user.nickName FROM xcx_dynamic dynamic LEFT JOIN xcx_user user ON user.id = dynamic.uid  WHERE ( 1=1 ) ORDER BY dynamic.time desc LIMIT 20,20   [ RunTime:0.000330s ]
NOTIC: [2] Invalid argument supplied for foreach() /data/wwwroot/xcx.codems.cn/Apps/Api/Controller/DynamicController.class.php 第 57 行.
NOTIC: [8] Undefined variable: arr /data/wwwroot/xcx.codems.cn/Apps/Api/Controller/DynamicController.class.php 第 60 行.
NOTIC: [2] implode(): Invalid arguments passed /data/wwwroot/xcx.codems.cn/Apps/Api/Controller/DynamicController.class.php 第 60 行.
SQL: SHOW COLUMNS FROM `xcx_comment` [ RunTime:0.000367s ]
SQL: SHOW COLUMNS FROM `xcx_comment` [ RunTime:0.000320s ]
SQL: SELECT comment.id,comment.iid,comment.reply,comment.content,user.nickName FROM xcx_comment comment LEFT JOIN xcx_user user ON user.id = comment.uid  WHERE ( iid in () and type = "dynamic" ) ORDER BY comment.time desc  [ RunTime:0.000077s ]
ERR: 1064:You have an error in your SQL syntax; check the manual that corresponds to your MySQL server version for the right syntax to use near ') and type = "dynamic" ) ORDER BY comment.time desc' at line 1
 [ SQL语句 ] : SELECT comment.id,comment.iid,comment.reply,comment.content,user.nickName FROM xcx_comment comment LEFT JOIN xcx_user user ON user.id = comment.uid  WHERE ( iid in () and type = "dynamic" ) ORDER BY comment.time desc 
NOTIC: [2] Invalid argument supplied for foreach() /data/wwwroot/xcx.codems.cn/Apps/Api/Controller/DynamicController.class.php 第 67 行.
NOTIC: [2] Invalid argument supplied for foreach() /data/wwwroot/xcx.codems.cn/Apps/Api/Controller/DynamicController.class.php 第 70 行.
NOTIC: [2] json_encode(): Invalid UTF-8 sequence in argument /data/wwwroot/xcx.codems.cn/Apps/Api/Controller/DynamicController.class.php 第 76 行.

[ 2017-10-04T23:10:39+08:00 ] 60.17.109.132 /api/msg/getall
INFO: [ app_begin ] --START--
INFO: Run Behavior\ReadHtmlCache [ RunTime:0.000288s ]
INFO: [ app_begin ] --END-- [ RunTime:0.000573s ]
NOTIC: [2048] Declaration of Api\Controller\MsgController::get() should be compatible with Think\Controller::get($name = '') /data/wwwroot/xcx.codems.cn/Apps/Api/Controller/MsgController.class.php 第 38 行.
SQL: SHOW COLUMNS FROM `xcx_user` [ RunTime:0.000496s ]

[ 2017-10-04T23:10:41+08:00 ] 60.17.109.132 /api/msg/get
INFO: [ app_begin ] --START--
INFO: Run Behavior\ReadHtmlCache [ RunTime:0.000289s ]
INFO: [ app_begin ] --END-- [ RunTime:0.000574s ]
NOTIC: [2048] Declaration of Api\Controller\MsgController::get() should be compatible with Think\Controller::get($name = '') /data/wwwroot/xcx.codems.cn/Apps/Api/Controller/MsgController.class.php 第 38 行.
SQL: SHOW COLUMNS FROM `xcx_user` [ RunTime:0.000491s ]

[ 2017-10-04T23:10:43+08:00 ] 60.17.109.132 /api/msg/getall
INFO: [ app_begin ] --START--
INFO: Run Behavior\ReadHtmlCache [ RunTime:0.000283s ]
INFO: [ app_begin ] --END-- [ RunTime:0.000519s ]
NOTIC: [2048] Declaration of Api\Controller\MsgController::get() should be compatible with Think\Controller::get($name = '') /data/wwwroot/xcx.codems.cn/Apps/Api/Controller/MsgController.class.php 第 38 行.
SQL: SHOW COLUMNS FROM `xcx_user` [ RunTime:0.000467s ]

[ 2017-10-04T23:10:44+08:00 ] 60.17.109.132 /api/msg/get
INFO: [ app_begin ] --START--
INFO: Run Behavior\ReadHtmlCache [ RunTime:0.000335s ]
INFO: [ app_begin ] --END-- [ RunTime:0.000577s ]
NOTIC: [2048] Declaration of Api\Controller\MsgController::get() should be compatible with Think\Controller::get($name = '') /data/wwwroot/xcx.codems.cn/Apps/Api/Controller/MsgController.class.php 第 38 行.
SQL: SHOW COLUMNS FROM `xcx_user` [ RunTime:0.000487s ]

[ 2017-10-04T23:10:45+08:00 ] 60.17.109.132 /api/msg/getall
INFO: [ app_begin ] --START--
INFO: Run Behavior\ReadHtmlCache [ RunTime:0.000320s ]
INFO: [ app_begin ] --END-- [ RunTime:0.000567s ]
NOTIC: [2048] Declaration of Api\Controller\MsgController::get() should be compatible with Think\Controller::get($name = '') /data/wwwroot/xcx.codems.cn/Apps/Api/Controller/MsgController.class.php 第 38 行.
SQL: SHOW COLUMNS FROM `xcx_user` [ RunTime:0.000479s ]

[ 2017-10-04T23:10:46+08:00 ] 60.17.109.132 /api/info/mycount
INFO: [ app_begin ] --START--
INFO: Run Behavior\ReadHtmlCache [ RunTime:0.000333s ]
INFO: [ app_begin ] --END-- [ RunTime:0.000581s ]
SQL: SHOW COLUMNS FROM `xcx_user` [ RunTime:0.000488s ]

[ 2017-10-04T23:10:46+08:00 ] 60.17.109.132 /api/appointment/mycount
INFO: [ app_begin ] --START--
INFO: Run Behavior\ReadHtmlCache [ RunTime:0.000478s ]
INFO: [ app_begin ] --END-- [ RunTime:0.000828s ]
SQL: SHOW COLUMNS FROM `xcx_user` [ RunTime:0.000481s ]

[ 2017-10-04T23:10:56+08:00 ] 60.17.109.132 /api/appointment/mycount
INFO: [ app_begin ] --START--
INFO: Run Behavior\ReadHtmlCache [ RunTime:0.001336s ]
INFO: [ app_begin ] --END-- [ RunTime:0.001599s ]
SQL: SHOW COLUMNS FROM `xcx_user` [ RunTime:0.000497s ]

[ 2017-10-04T23:10:56+08:00 ] 60.17.109.132 /api/info/mycount
INFO: [ app_begin ] --START--
INFO: Run Behavior\ReadHtmlCache [ RunTime:0.000319s ]
INFO: [ app_begin ] --END-- [ RunTime:0.000548s ]
SQL: SHOW COLUMNS FROM `xcx_user` [ RunTime:0.000356s ]

[ 2017-10-04T23:10:57+08:00 ] 60.17.109.132 /api/fav/myFav
INFO: [ app_begin ] --START--
INFO: Run Behavior\ReadHtmlCache [ RunTime:0.000319s ]
INFO: [ app_begin ] --END-- [ RunTime:0.000614s ]
SQL: SHOW COLUMNS FROM `xcx_user` [ RunTime:0.000503s ]

[ 2017-10-04T23:10:58+08:00 ] 60.17.109.132 /api/appointment/mycount
INFO: [ app_begin ] --START--
INFO: Run Behavior\ReadHtmlCache [ RunTime:0.000287s ]
INFO: [ app_begin ] --END-- [ RunTime:0.001579s ]
SQL: SHOW COLUMNS FROM `xcx_user` [ RunTime:0.000466s ]

[ 2017-10-04T23:10:58+08:00 ] 60.17.109.132 /api/info/mycount
INFO: [ app_begin ] --START--
INFO: Run Behavior\ReadHtmlCache [ RunTime:0.001348s ]
INFO: [ app_begin ] --END-- [ RunTime:0.001596s ]
SQL: SHOW COLUMNS FROM `xcx_user` [ RunTime:0.000346s ]

[ 2017-10-04T23:10:59+08:00 ] 60.17.109.132 /api/info/mylist
INFO: [ app_begin ] --START--
INFO: Run Behavior\ReadHtmlCache [ RunTime:0.000283s ]
INFO: [ app_begin ] --END-- [ RunTime:0.000515s ]
SQL: SHOW COLUMNS FROM `xcx_user` [ RunTime:0.000519s ]

[ 2017-10-04T23:11:01+08:00 ] 60.17.109.132 /api/info/mycount
INFO: [ app_begin ] --START--
INFO: Run Behavior\ReadHtmlCache [ RunTime:0.000297s ]
INFO: [ app_begin ] --END-- [ RunTime:0.000529s ]
SQL: SHOW COLUMNS FROM `xcx_user` [ RunTime:0.000474s ]

[ 2017-10-04T23:11:01+08:00 ] 60.17.109.132 /api/appointment/mycount
INFO: [ app_begin ] --START--
INFO: Run Behavior\ReadHtmlCache [ RunTime:0.000317s ]
INFO: [ app_begin ] --END-- [ RunTime:0.000583s ]
SQL: SHOW COLUMNS FROM `xcx_user` [ RunTime:0.000452s ]

[ 2017-10-04T23:11:02+08:00 ] 60.17.109.132 /api/fav/myFav
INFO: [ app_begin ] --START--
INFO: Run Behavior\ReadHtmlCache [ RunTime:0.000307s ]
INFO: [ app_begin ] --END-- [ RunTime:0.000598s ]
SQL: SHOW COLUMNS FROM `xcx_user` [ RunTime:0.000507s ]

[ 2017-10-04T23:11:04+08:00 ] 60.17.109.132 /api/info/mycount
INFO: [ app_begin ] --START--
INFO: Run Behavior\ReadHtmlCache [ RunTime:0.000318s ]
INFO: [ app_begin ] --END-- [ RunTime:0.000562s ]
SQL: SHOW COLUMNS FROM `xcx_user` [ RunTime:0.000474s ]

[ 2017-10-04T23:11:04+08:00 ] 60.17.109.132 /api/appointment/mycount
INFO: [ app_begin ] --START--
INFO: Run Behavior\ReadHtmlCache [ RunTime:0.000277s ]
INFO: [ app_begin ] --END-- [ RunTime:0.000503s ]
SQL: SHOW COLUMNS FROM `xcx_user` [ RunTime:0.000406s ]

[ 2017-10-04T23:11:05+08:00 ] 60.17.109.132 /api/dynamic/getList
INFO: [ app_begin ] --START--
INFO: Run Behavior\ReadHtmlCache [ RunTime:0.000314s ]
INFO: [ app_begin ] --END-- [ RunTime:0.000611s ]
SQL: SHOW COLUMNS FROM `xcx_dynamic` [ RunTime:0.000484s ]
SQL: SHOW COLUMNS FROM `xcx_user` [ RunTime:0.000430s ]

[ 2017-10-04T23:11:06+08:00 ] 60.17.109.132 /api/appointment/mycount
INFO: [ app_begin ] --START--
INFO: Run Behavior\ReadHtmlCache [ RunTime:0.000298s ]
INFO: [ app_begin ] --END-- [ RunTime:0.000541s ]
SQL: SHOW COLUMNS FROM `xcx_user` [ RunTime:0.000879s ]

[ 2017-10-04T23:11:06+08:00 ] 60.17.109.132 /api/info/mycount
INFO: [ app_begin ] --START--
INFO: Run Behavior\ReadHtmlCache [ RunTime:0.000290s ]
INFO: [ app_begin ] --END-- [ RunTime:0.001573s ]
SQL: SHOW COLUMNS FROM `xcx_user` [ RunTime:0.001007s ]

[ 2017-10-04T23:11:08+08:00 ] 60.17.109.132 /api/dynamic/getList
INFO: [ app_begin ] --START--
INFO: Run Behavior\ReadHtmlCache [ RunTime:0.000318s ]
INFO: [ app_begin ] --END-- [ RunTime:0.000551s ]
SQL: SHOW COLUMNS FROM `xcx_dynamic` [ RunTime:0.000426s ]
SQL: SHOW COLUMNS FROM `xcx_user` [ RunTime:0.000351s ]

[ 2017-10-04T23:11:34+08:00 ] 60.17.109.132 /api/dynamic/add
INFO: [ app_begin ] --START--
INFO: Run Behavior\ReadHtmlCache [ RunTime:0.000353s ]
INFO: [ app_begin ] --END-- [ RunTime:0.000656s ]
SQL: SHOW COLUMNS FROM `xcx_user` [ RunTime:0.000585s ]

[ 2017-10-04T23:11:35+08:00 ] 60.17.109.132 /api/dynamic/add
INFO: [ app_begin ] --START--
INFO: Run Behavior\ReadHtmlCache [ RunTime:0.000291s ]
INFO: [ app_begin ] --END-- [ RunTime:0.000565s ]
SQL: SHOW COLUMNS FROM `xcx_user` [ RunTime:0.000491s ]

[ 2017-10-04T23:11:37+08:00 ] 60.17.109.132 /api/dynamic/add
INFO: [ app_begin ] --START--
INFO: Run Behavior\ReadHtmlCache [ RunTime:0.000520s ]
INFO: [ app_begin ] --END-- [ RunTime:0.000876s ]
SQL: SHOW COLUMNS FROM `xcx_user` [ RunTime:0.000707s ]

[ 2017-10-04T23:11:40+08:00 ] 60.17.109.132 /api/appointment/mycount
INFO: [ app_begin ] --START--
INFO: Run Behavior\ReadHtmlCache [ RunTime:0.001320s ]
INFO: [ app_begin ] --END-- [ RunTime:0.001550s ]
SQL: SHOW COLUMNS FROM `xcx_user` [ RunTime:0.000512s ]

[ 2017-10-04T23:11:40+08:00 ] 60.17.109.132 /api/info/mycount
INFO: [ app_begin ] --START--
INFO: Run Behavior\ReadHtmlCache [ RunTime:0.001319s ]
INFO: [ app_begin ] --END-- [ RunTime:0.001549s ]
SQL: SHOW COLUMNS FROM `xcx_user` [ RunTime:0.000336s ]

[ 2017-10-04T23:11:48+08:00 ] 60.17.109.132 /api/dynamic/getlist
INFO: [ app_begin ] --START--
INFO: Run Behavior\ReadHtmlCache [ RunTime:0.000322s ]
INFO: [ app_begin ] --END-- [ RunTime:0.000574s ]
SQL: SHOW COLUMNS FROM `xcx_dynamic` [ RunTime:0.000457s ]
SQL: SHOW COLUMNS FROM `xcx_dynamic` [ RunTime:0.000317s ]
SQL: SELECT dynamic.*,user.avatarUrl,user.nickName FROM xcx_dynamic dynamic LEFT JOIN xcx_user user ON user.id = dynamic.uid  WHERE ( 1=1 ) ORDER BY dynamic.time desc LIMIT 20,20   [ RunTime:0.000055s ]
NOTIC: [2] Invalid argument supplied for foreach() /data/wwwroot/xcx.codems.cn/Apps/Api/Controller/DynamicController.class.php 第 57 行.
NOTIC: [8] Undefined variable: arr /data/wwwroot/xcx.codems.cn/Apps/Api/Controller/DynamicController.class.php 第 60 行.
NOTIC: [2] implode(): Invalid arguments passed /data/wwwroot/xcx.codems.cn/Apps/Api/Controller/DynamicController.class.php 第 60 行.
SQL: SHOW COLUMNS FROM `xcx_comment` [ RunTime:0.000346s ]
SQL: SHOW COLUMNS FROM `xcx_comment` [ RunTime:0.000317s ]
SQL: SELECT comment.id,comment.iid,comment.reply,comment.content,user.nickName FROM xcx_comment comment LEFT JOIN xcx_user user ON user.id = comment.uid  WHERE ( iid in () and type = "dynamic" ) ORDER BY comment.time desc  [ RunTime:0.000100s ]
ERR: 1064:You have an error in your SQL syntax; check the manual that corresponds to your MySQL server version for the right syntax to use near ') and type = "dynamic" ) ORDER BY comment.time desc' at line 1
 [ SQL语句 ] : SELECT comment.id,comment.iid,comment.reply,comment.content,user.nickName FROM xcx_comment comment LEFT JOIN xcx_user user ON user.id = comment.uid  WHERE ( iid in () and type = "dynamic" ) ORDER BY comment.time desc 
NOTIC: [2] Invalid argument supplied for foreach() /data/wwwroot/xcx.codems.cn/Apps/Api/Controller/DynamicController.class.php 第 67 行.
NOTIC: [2] Invalid argument supplied for foreach() /data/wwwroot/xcx.codems.cn/Apps/Api/Controller/DynamicController.class.php 第 70 行.
NOTIC: [2] json_encode(): Invalid UTF-8 sequence in argument /data/wwwroot/xcx.codems.cn/Apps/Api/Controller/DynamicController.class.php 第 76 行.

[ 2017-10-04T23:13:04+08:00 ] 60.17.109.132 /api/dynamic/getlist
INFO: [ app_begin ] --START--
INFO: Run Behavior\ReadHtmlCache [ RunTime:0.000286s ]
INFO: [ app_begin ] --END-- [ RunTime:0.000530s ]
SQL: SHOW COLUMNS FROM `xcx_dynamic` [ RunTime:0.000461s ]
SQL: SHOW COLUMNS FROM `xcx_dynamic` [ RunTime:0.000304s ]
SQL: SELECT dynamic.*,user.avatarUrl,user.nickName FROM xcx_dynamic dynamic LEFT JOIN xcx_user user ON user.id = dynamic.uid  WHERE ( 1=1 ) ORDER BY dynamic.time desc LIMIT 40,20   [ RunTime:0.000338s ]
NOTIC: [2] Invalid argument supplied for foreach() /data/wwwroot/xcx.codems.cn/Apps/Api/Controller/DynamicController.class.php 第 57 行.
NOTIC: [8] Undefined variable: arr /data/wwwroot/xcx.codems.cn/Apps/Api/Controller/DynamicController.class.php 第 60 行.
NOTIC: [2] implode(): Invalid arguments passed /data/wwwroot/xcx.codems.cn/Apps/Api/Controller/DynamicController.class.php 第 60 行.
SQL: SHOW COLUMNS FROM `xcx_comment` [ RunTime:0.000323s ]
SQL: SHOW COLUMNS FROM `xcx_comment` [ RunTime:0.000314s ]
SQL: SELECT comment.id,comment.iid,comment.reply,comment.content,user.nickName FROM xcx_comment comment LEFT JOIN xcx_user user ON user.id = comment.uid  WHERE ( iid in () and type = "dynamic" ) ORDER BY comment.time desc  [ RunTime:0.000075s ]
ERR: 1064:You have an error in your SQL syntax; check the manual that corresponds to your MySQL server version for the right syntax to use near ') and type = "dynamic" ) ORDER BY comment.time desc' at line 1
 [ SQL语句 ] : SELECT comment.id,comment.iid,comment.reply,comment.content,user.nickName FROM xcx_comment comment LEFT JOIN xcx_user user ON user.id = comment.uid  WHERE ( iid in () and type = "dynamic" ) ORDER BY comment.time desc 
NOTIC: [2] Invalid argument supplied for foreach() /data/wwwroot/xcx.codems.cn/Apps/Api/Controller/DynamicController.class.php 第 67 行.
NOTIC: [2] Invalid argument supplied for foreach() /data/wwwroot/xcx.codems.cn/Apps/Api/Controller/DynamicController.class.php 第 70 行.
NOTIC: [2] json_encode(): Invalid UTF-8 sequence in argument /data/wwwroot/xcx.codems.cn/Apps/Api/Controller/DynamicController.class.php 第 76 行.

[ 2017-10-04T23:13:57+08:00 ] 60.17.109.132 /api/dynamic/getlist
INFO: [ app_begin ] --START--
INFO: Run Behavior\ReadHtmlCache [ RunTime:0.000312s ]
INFO: [ app_begin ] --END-- [ RunTime:0.000586s ]
SQL: SHOW COLUMNS FROM `xcx_dynamic` [ RunTime:0.000481s ]
SQL: SHOW COLUMNS FROM `xcx_dynamic` [ RunTime:0.000302s ]
SQL: SELECT dynamic.*,user.avatarUrl,user.nickName FROM xcx_dynamic dynamic LEFT JOIN xcx_user user ON user.id = dynamic.uid  WHERE ( 1=1 ) ORDER BY dynamic.time desc LIMIT 40,20   [ RunTime:0.000079s ]
NOTIC: [2] Invalid argument supplied for foreach() /data/wwwroot/xcx.codems.cn/Apps/Api/Controller/DynamicController.class.php 第 57 行.
NOTIC: [8] Undefined variable: arr /data/wwwroot/xcx.codems.cn/Apps/Api/Controller/DynamicController.class.php 第 60 行.
NOTIC: [2] implode(): Invalid arguments passed /data/wwwroot/xcx.codems.cn/Apps/Api/Controller/DynamicController.class.php 第 60 行.
SQL: SHOW COLUMNS FROM `xcx_comment` [ RunTime:0.000321s ]
SQL: SHOW COLUMNS FROM `xcx_comment` [ RunTime:0.000345s ]
SQL: SELECT comment.id,comment.iid,comment.reply,comment.content,user.nickName FROM xcx_comment comment LEFT JOIN xcx_user user ON user.id = comment.uid  WHERE ( iid in () and type = "dynamic" ) ORDER BY comment.time desc  [ RunTime:0.000088s ]
ERR: 1064:You have an error in your SQL syntax; check the manual that corresponds to your MySQL server version for the right syntax to use near ') and type = "dynamic" ) ORDER BY comment.time desc' at line 1
 [ SQL语句 ] : SELECT comment.id,comment.iid,comment.reply,comment.content,user.nickName FROM xcx_comment comment LEFT JOIN xcx_user user ON user.id = comment.uid  WHERE ( iid in () and type = "dynamic" ) ORDER BY comment.time desc 
NOTIC: [2] Invalid argument supplied for foreach() /data/wwwroot/xcx.codems.cn/Apps/Api/Controller/DynamicController.class.php 第 67 行.
NOTIC: [2] Invalid argument supplied for foreach() /data/wwwroot/xcx.codems.cn/Apps/Api/Controller/DynamicController.class.php 第 70 行.
NOTIC: [2] json_encode(): Invalid UTF-8 sequence in argument /data/wwwroot/xcx.codems.cn/Apps/Api/Controller/DynamicController.class.php 第 76 行.

[ 2017-10-04T23:14:01+08:00 ] 60.17.109.132 /api/msg/getall
INFO: [ app_begin ] --START--
INFO: Run Behavior\ReadHtmlCache [ RunTime:0.000307s ]
INFO: [ app_begin ] --END-- [ RunTime:0.000555s ]
NOTIC: [2048] Declaration of Api\Controller\MsgController::get() should be compatible with Think\Controller::get($name = '') /data/wwwroot/xcx.codems.cn/Apps/Api/Controller/MsgController.class.php 第 38 行.
SQL: SHOW COLUMNS FROM `xcx_user` [ RunTime:0.000481s ]

[ 2017-10-04T23:14:02+08:00 ] 60.17.109.132 /api/info/mycount
INFO: [ app_begin ] --START--
INFO: Run Behavior\ReadHtmlCache [ RunTime:0.000307s ]
INFO: [ app_begin ] --END-- [ RunTime:0.000574s ]
SQL: SHOW COLUMNS FROM `xcx_user` [ RunTime:0.000483s ]

[ 2017-10-04T23:14:02+08:00 ] 60.17.109.132 /api/appointment/mycount
INFO: [ app_begin ] --START--
INFO: Run Behavior\ReadHtmlCache [ RunTime:0.000419s ]
INFO: [ app_begin ] --END-- [ RunTime:0.000658s ]
SQL: SHOW COLUMNS FROM `xcx_user` [ RunTime:0.000517s ]

[ 2017-10-04T23:14:04+08:00 ] 60.17.109.132 /api/msg/getall
INFO: [ app_begin ] --START--
INFO: Run Behavior\ReadHtmlCache [ RunTime:0.000321s ]
INFO: [ app_begin ] --END-- [ RunTime:0.000562s ]
NOTIC: [2048] Declaration of Api\Controller\MsgController::get() should be compatible with Think\Controller::get($name = '') /data/wwwroot/xcx.codems.cn/Apps/Api/Controller/MsgController.class.php 第 38 行.
SQL: SHOW COLUMNS FROM `xcx_user` [ RunTime:0.000464s ]

[ 2017-10-04T23:14:05+08:00 ] 60.17.109.132 /api/dynamic/getlist
INFO: [ app_begin ] --START--
INFO: Run Behavior\ReadHtmlCache [ RunTime:0.000324s ]
INFO: [ app_begin ] --END-- [ RunTime:0.000569s ]
SQL: SHOW COLUMNS FROM `xcx_dynamic` [ RunTime:0.000435s ]
SQL: SHOW COLUMNS FROM `xcx_dynamic` [ RunTime:0.000309s ]
SQL: SELECT dynamic.*,user.avatarUrl,user.nickName FROM xcx_dynamic dynamic LEFT JOIN xcx_user user ON user.id = dynamic.uid  WHERE ( 1=1 ) ORDER BY dynamic.time desc LIMIT 40,20   [ RunTime:0.000053s ]
NOTIC: [2] Invalid argument supplied for foreach() /data/wwwroot/xcx.codems.cn/Apps/Api/Controller/DynamicController.class.php 第 57 行.
NOTIC: [8] Undefined variable: arr /data/wwwroot/xcx.codems.cn/Apps/Api/Controller/DynamicController.class.php 第 60 行.
NOTIC: [2] implode(): Invalid arguments passed /data/wwwroot/xcx.codems.cn/Apps/Api/Controller/DynamicController.class.php 第 60 行.
SQL: SHOW COLUMNS FROM `xcx_comment` [ RunTime:0.000345s ]
SQL: SHOW COLUMNS FROM `xcx_comment` [ RunTime:0.000292s ]
SQL: SELECT comment.id,comment.iid,comment.reply,comment.content,user.nickName FROM xcx_comment comment LEFT JOIN xcx_user user ON user.id = comment.uid  WHERE ( iid in () and type = "dynamic" ) ORDER BY comment.time desc  [ RunTime:0.000109s ]
ERR: 1064:You have an error in your SQL syntax; check the manual that corresponds to your MySQL server version for the right syntax to use near ') and type = "dynamic" ) ORDER BY comment.time desc' at line 1
 [ SQL语句 ] : SELECT comment.id,comment.iid,comment.reply,comment.content,user.nickName FROM xcx_comment comment LEFT JOIN xcx_user user ON user.id = comment.uid  WHERE ( iid in () and type = "dynamic" ) ORDER BY comment.time desc 
NOTIC: [2] Invalid argument supplied for foreach() /data/wwwroot/xcx.codems.cn/Apps/Api/Controller/DynamicController.class.php 第 67 行.
NOTIC: [2] Invalid argument supplied for foreach() /data/wwwroot/xcx.codems.cn/Apps/Api/Controller/DynamicController.class.php 第 70 行.
NOTIC: [2] json_encode(): Invalid UTF-8 sequence in argument /data/wwwroot/xcx.codems.cn/Apps/Api/Controller/DynamicController.class.php 第 76 行.

[ 2017-10-04T23:14:10+08:00 ] 60.17.109.132 /api/info/lists
INFO: [ app_begin ] --START--
INFO: Run Behavior\ReadHtmlCache [ RunTime:0.000363s ]
INFO: [ app_begin ] --END-- [ RunTime:0.000654s ]
SQL: SHOW COLUMNS FROM `xcx_info` [ RunTime:0.000556s ]
SQL: SHOW COLUMNS FROM `xcx_info` [ RunTime:0.000386s ]
SQL: SELECT info.*,user.avatarUrl FROM xcx_info info LEFT JOIN xcx_user user ON user.id = info.uid  WHERE ( info.status = 1 and info.time >= "1507130050" and info.date <= "2017-10-11" and info.departure like "%沈阳市%" ) ORDER BY time asc LIMIT 0,20   [ RunTime:0.000401s ]

[ 2017-10-04T23:14:58+08:00 ] 60.17.109.132 /api/info/add
INFO: [ app_begin ] --START--
INFO: Run Behavior\ReadHtmlCache [ RunTime:0.000475s ]
INFO: [ app_begin ] --END-- [ RunTime:0.000841s ]
SQL: SHOW COLUMNS FROM `xcx_user` [ RunTime:0.000713s ]

[ 2017-10-04T23:15:33+08:00 ] 60.17.109.132 /api/info/mycount
INFO: [ app_begin ] --START--
INFO: Run Behavior\ReadHtmlCache [ RunTime:0.000302s ]
INFO: [ app_begin ] --END-- [ RunTime:0.000864s ]
SQL: SHOW COLUMNS FROM `xcx_user` [ RunTime:0.000574s ]

[ 2017-10-04T23:15:33+08:00 ] 60.17.109.132 /api/appointment/mycount
INFO: [ app_begin ] --START--
INFO: Run Behavior\ReadHtmlCache [ RunTime:0.001337s ]
INFO: [ app_begin ] --END-- [ RunTime:0.001581s ]
SQL: SHOW COLUMNS FROM `xcx_user` [ RunTime:0.000803s ]

[ 2017-10-04T23:16:18+08:00 ] 60.17.109.132 /api/user/login
INFO: [ app_begin ] --START--
INFO: Run Behavior\ReadHtmlCache [ RunTime:0.000340s ]
INFO: [ app_begin ] --END-- [ RunTime:0.000588s ]
NOTIC: [2] file_get_contents(https://api.weixin.qq.com/sns/jscode2session?appid=wx61f7708fbb157848&amp;secret=57556a858121fae443f59863f9cb1cdb&amp;js_code=the code is a mock one&amp;grant_type=authorization_code): failed to open stream: HTTP request failed! code 200 OK
 /data/wwwroot/xcx.codems.cn/Apps/Api/Controller/UserController.class.php 第 56 行.
SQL: SHOW COLUMNS FROM `xcx_user` [ RunTime:0.000486s ]
SQL: SELECT `id`,`avatarUrl`,`city`,`gender`,`nickName`,`province`,`county`,`phone`,`vehicle`,`name` FROM `xcx_user` WHERE ( id = "" or openid ="" ) LIMIT 1   [ RunTime:0.000056s ]
SQL: SELECT `id`,`avatarUrl`,`city`,`gender`,`nickName`,`province`,`county`,`phone`,`vehicle`,`name` FROM `xcx_user` WHERE ( id = "" or openid ="" ) LIMIT 1   [ RunTime:0.000059s ]
NOTIC: [2] unlink(/data/wwwroot/xcx.codems.cn/cache/Temp/755f26e8fd130a6c5b067b39e871738a.php): No such file or directory /data/wwwroot/xcx.codems.cn/include/ThinkPHP/Library/Think/Cache/Driver/File.class.php 第 157 行.

[ 2017-10-04T23:16:20+08:00 ] 60.17.109.132 /api/info/lists
INFO: [ app_begin ] --START--
INFO: Run Behavior\ReadHtmlCache [ RunTime:0.000310s ]
INFO: [ app_begin ] --END-- [ RunTime:0.000595s ]
SQL: SHOW COLUMNS FROM `xcx_info` [ RunTime:0.000528s ]
SQL: SHOW COLUMNS FROM `xcx_info` [ RunTime:0.000375s ]
SQL: SELECT info.*,user.avatarUrl FROM xcx_info info LEFT JOIN xcx_user user ON user.id = info.uid  WHERE ( info.status = 1 and info.time >= "1507130180" and info.date <= "2017-10-11" and info.departure like "%沈阳市%" ) ORDER BY time asc LIMIT 0,20   [ RunTime:0.000354s ]

[ 2017-10-04T23:16:24+08:00 ] 60.17.109.132 /api/info/lists
INFO: [ app_begin ] --START--
INFO: Run Behavior\ReadHtmlCache [ RunTime:0.000287s ]
INFO: [ app_begin ] --END-- [ RunTime:0.000522s ]
SQL: SHOW COLUMNS FROM `xcx_info` [ RunTime:0.000519s ]
SQL: SHOW COLUMNS FROM `xcx_info` [ RunTime:0.000344s ]
SQL: SELECT info.*,user.avatarUrl FROM xcx_info info LEFT JOIN xcx_user user ON user.id = info.uid  WHERE ( info.status = 1 and info.time >= "1507130184" and info.date <= "2017-10-11" and info.departure like "%沈阳市%" ) ORDER BY time asc LIMIT 0,20   [ RunTime:0.000370s ]

[ 2017-10-04T23:16:27+08:00 ] 60.17.109.132 /api/info/mycount
INFO: [ app_begin ] --START--
INFO: Run Behavior\ReadHtmlCache [ RunTime:0.000332s ]
INFO: [ app_begin ] --END-- [ RunTime:0.000598s ]
SQL: SHOW COLUMNS FROM `xcx_user` [ RunTime:0.000518s ]

[ 2017-10-04T23:16:27+08:00 ] 60.17.109.132 /api/appointment/mycount
INFO: [ app_begin ] --START--
INFO: Run Behavior\ReadHtmlCache [ RunTime:0.000310s ]
INFO: [ app_begin ] --END-- [ RunTime:0.000602s ]
SQL: SHOW COLUMNS FROM `xcx_user` [ RunTime:0.000518s ]

[ 2017-10-04T23:16:37+08:00 ] 60.17.109.132 /api/dynamic/getlist
INFO: [ app_begin ] --START--
INFO: Run Behavior\ReadHtmlCache [ RunTime:0.000481s ]
INFO: [ app_begin ] --END-- [ RunTime:0.000853s ]
SQL: SHOW COLUMNS FROM `xcx_dynamic` [ RunTime:0.000693s ]
SQL: SHOW COLUMNS FROM `xcx_dynamic` [ RunTime:0.000424s ]
SQL: SELECT dynamic.*,user.avatarUrl,user.nickName FROM xcx_dynamic dynamic LEFT JOIN xcx_user user ON user.id = dynamic.uid  WHERE ( 1=1 ) ORDER BY dynamic.time desc LIMIT 0,20   [ RunTime:0.000091s ]
SQL: SHOW COLUMNS FROM `xcx_comment` [ RunTime:0.000472s ]
SQL: SHOW COLUMNS FROM `xcx_comment` [ RunTime:0.000432s ]
SQL: SELECT comment.id,comment.iid,comment.reply,comment.content,user.nickName FROM xcx_comment comment LEFT JOIN xcx_user user ON user.id = comment.uid  WHERE ( iid in (17,16,15,14,12,10,9,7,6,3,4,2) and type = "dynamic" ) ORDER BY comment.time desc  [ RunTime:0.000074s ]
NOTIC: [8] Undefined offset: 17 /data/wwwroot/xcx.codems.cn/Apps/Api/Controller/DynamicController.class.php 第 71 行.
NOTIC: [8] Undefined offset: 16 /data/wwwroot/xcx.codems.cn/Apps/Api/Controller/DynamicController.class.php 第 71 行.
NOTIC: [8] Undefined offset: 15 /data/wwwroot/xcx.codems.cn/Apps/Api/Controller/DynamicController.class.php 第 71 行.
NOTIC: [8] Undefined offset: 14 /data/wwwroot/xcx.codems.cn/Apps/Api/Controller/DynamicController.class.php 第 71 行.
NOTIC: [8] Undefined offset: 6 /data/wwwroot/xcx.codems.cn/Apps/Api/Controller/DynamicController.class.php 第 71 行.
NOTIC: [2] json_encode(): Invalid UTF-8 sequence in argument /data/wwwroot/xcx.codems.cn/Apps/Api/Controller/DynamicController.class.php 第 76 行.

[ 2017-10-04T23:16:40+08:00 ] 60.17.109.132 /api/dynamic/add
INFO: [ app_begin ] --START--
INFO: Run Behavior\ReadHtmlCache [ RunTime:0.000298s ]
INFO: [ app_begin ] --END-- [ RunTime:0.000560s ]
SQL: SHOW COLUMNS FROM `xcx_user` [ RunTime:0.000480s ]

[ 2017-10-04T23:16:42+08:00 ] 60.17.109.132 /api/dynamic/add
INFO: [ app_begin ] --START--
INFO: Run Behavior\ReadHtmlCache [ RunTime:0.000309s ]
INFO: [ app_begin ] --END-- [ RunTime:0.000541s ]
SQL: SHOW COLUMNS FROM `xcx_user` [ RunTime:0.000466s ]

[ 2017-10-04T23:20:16+08:00 ] 60.17.109.132 /api/user/login
INFO: [ app_begin ] --START--
INFO: Run Behavior\ReadHtmlCache [ RunTime:0.001361s ]
INFO: [ app_begin ] --END-- [ RunTime:0.001641s ]
SQL: SHOW COLUMNS FROM `xcx_user` [ RunTime:0.000542s ]
NOTIC: [8] Undefined index: openid /data/wwwroot/xcx.codems.cn/Apps/Api/Controller/UserController.class.php 第 9 行.
SQL: SELECT `id`,`avatarUrl`,`city`,`gender`,`nickName`,`province`,`county`,`phone`,`vehicle`,`name` FROM `xcx_user` WHERE ( id = "" or openid ="" ) LIMIT 1   [ RunTime:0.000056s ]
NOTIC: [8] Undefined index: session_key /data/wwwroot/xcx.codems.cn/Apps/Api/Controller/UserController.class.php 第 11 行.
NOTIC: [8] Undefined index: openid /data/wwwroot/xcx.codems.cn/Apps/Api/Controller/UserController.class.php 第 15 行.
SQL: SELECT `id`,`avatarUrl`,`city`,`gender`,`nickName`,`province`,`county`,`phone`,`vehicle`,`name` FROM `xcx_user` WHERE ( id = "" or openid ="" ) LIMIT 1   [ RunTime:0.000055s ]
NOTIC: [8] Undefined index: openid /data/wwwroot/xcx.codems.cn/Apps/Api/Controller/UserController.class.php 第 16 行.
NOTIC: [8] Undefined index: session_key /data/wwwroot/xcx.codems.cn/Apps/Api/Controller/UserController.class.php 第 16 行.
NOTIC: [2] unlink(/data/wwwroot/xcx.codems.cn/cache/Temp/82f0b96b77e52f1c12af04a575d14294.php): No such file or directory /data/wwwroot/xcx.codems.cn/include/ThinkPHP/Library/Think/Cache/Driver/File.class.php 第 157 行.

[ 2017-10-04T23:20:16+08:00 ] 60.17.109.132 /api/user/login
INFO: [ app_begin ] --START--
INFO: Run Behavior\ReadHtmlCache [ RunTime:0.000300s ]
INFO: [ app_begin ] --END-- [ RunTime:0.000588s ]
SQL: SHOW COLUMNS FROM `xcx_user` [ RunTime:0.000513s ]
NOTIC: [8] Undefined index: openid /data/wwwroot/xcx.codems.cn/Apps/Api/Controller/UserController.class.php 第 9 行.
SQL: SELECT `id`,`avatarUrl`,`city`,`gender`,`nickName`,`province`,`county`,`phone`,`vehicle`,`name` FROM `xcx_user` WHERE ( id = "" or openid ="" ) LIMIT 1   [ RunTime:0.000055s ]
NOTIC: [8] Undefined index: session_key /data/wwwroot/xcx.codems.cn/Apps/Api/Controller/UserController.class.php 第 11 行.
NOTIC: [8] Undefined index: openid /data/wwwroot/xcx.codems.cn/Apps/Api/Controller/UserController.class.php 第 15 行.
SQL: SELECT `id`,`avatarUrl`,`city`,`gender`,`nickName`,`province`,`county`,`phone`,`vehicle`,`name` FROM `xcx_user` WHERE ( id = "" or openid ="" ) LIMIT 1   [ RunTime:0.000057s ]
NOTIC: [8] Undefined index: openid /data/wwwroot/xcx.codems.cn/Apps/Api/Controller/UserController.class.php 第 16 行.
NOTIC: [8] Undefined index: session_key /data/wwwroot/xcx.codems.cn/Apps/Api/Controller/UserController.class.php 第 16 行.
NOTIC: [2] unlink(/data/wwwroot/xcx.codems.cn/cache/Temp/46735d645916419f274b580de669fb25.php): No such file or directory /data/wwwroot/xcx.codems.cn/include/ThinkPHP/Library/Think/Cache/Driver/File.class.php 第 157 行.

[ 2017-10-04T23:20:18+08:00 ] 60.17.109.132 /api/info/lists
INFO: [ app_begin ] --START--
INFO: Run Behavior\ReadHtmlCache [ RunTime:0.000336s ]
INFO: [ app_begin ] --END-- [ RunTime:0.000580s ]
SQL: SHOW COLUMNS FROM `xcx_info` [ RunTime:0.000527s ]
SQL: SHOW COLUMNS FROM `xcx_info` [ RunTime:0.000333s ]
SQL: SELECT info.*,user.avatarUrl FROM xcx_info info LEFT JOIN xcx_user user ON user.id = info.uid  WHERE ( info.status = 1 and info.time >= "1507130418" and info.date <= "2017-10-11" and info.departure like "%沈阳市%" ) ORDER BY time asc LIMIT 0,20   [ RunTime:0.000370s ]

[ 2017-10-04T23:20:34+08:00 ] 60.17.109.132 /api/msg/getall
INFO: [ app_begin ] --START--
INFO: Run Behavior\ReadHtmlCache [ RunTime:0.000279s ]
INFO: [ app_begin ] --END-- [ RunTime:0.000564s ]
NOTIC: [2048] Declaration of Api\Controller\MsgController::get() should be compatible with Think\Controller::get($name = '') /data/wwwroot/xcx.codems.cn/Apps/Api/Controller/MsgController.class.php 第 38 行.
SQL: SHOW COLUMNS FROM `xcx_user` [ RunTime:0.000499s ]

[ 2017-10-04T23:20:58+08:00 ] 60.17.109.132 /api/user/vaild_sk
INFO: [ app_begin ] --START--
INFO: Run Behavior\ReadHtmlCache [ RunTime:0.000291s ]
INFO: [ app_begin ] --END-- [ RunTime:0.000531s ]

[ 2017-10-04T23:20:59+08:00 ] 60.17.109.132 /api/user/login
INFO: [ app_begin ] --START--
INFO: Run Behavior\ReadHtmlCache [ RunTime:0.000322s ]
INFO: [ app_begin ] --END-- [ RunTime:0.000571s ]
SQL: SHOW COLUMNS FROM `xcx_user` [ RunTime:0.000501s ]
NOTIC: [8] Undefined index: openid /data/wwwroot/xcx.codems.cn/Apps/Api/Controller/UserController.class.php 第 9 行.
SQL: SELECT `id`,`avatarUrl`,`city`,`gender`,`nickName`,`province`,`county`,`phone`,`vehicle`,`name` FROM `xcx_user` WHERE ( id = "" or openid ="" ) LIMIT 1   [ RunTime:0.000057s ]
NOTIC: [8] Undefined index: session_key /data/wwwroot/xcx.codems.cn/Apps/Api/Controller/UserController.class.php 第 11 行.
NOTIC: [8] Undefined index: openid /data/wwwroot/xcx.codems.cn/Apps/Api/Controller/UserController.class.php 第 15 行.
SQL: SELECT `id`,`avatarUrl`,`city`,`gender`,`nickName`,`province`,`county`,`phone`,`vehicle`,`name` FROM `xcx_user` WHERE ( id = "" or openid ="" ) LIMIT 1   [ RunTime:0.000055s ]
NOTIC: [8] Undefined index: openid /data/wwwroot/xcx.codems.cn/Apps/Api/Controller/UserController.class.php 第 16 行.
NOTIC: [8] Undefined index: session_key /data/wwwroot/xcx.codems.cn/Apps/Api/Controller/UserController.class.php 第 16 行.
NOTIC: [2] unlink(/data/wwwroot/xcx.codems.cn/cache/Temp/d74b3a194290fefb7f78a4a38cb6af48.php): No such file or directory /data/wwwroot/xcx.codems.cn/include/ThinkPHP/Library/Think/Cache/Driver/File.class.php 第 157 行.

[ 2017-10-04T23:20:59+08:00 ] 60.17.109.132 /api/info/lists
INFO: [ app_begin ] --START--
INFO: Run Behavior\ReadHtmlCache [ RunTime:0.000327s ]
INFO: [ app_begin ] --END-- [ RunTime:0.001263s ]
SQL: SHOW COLUMNS FROM `xcx_info` [ RunTime:0.000411s ]
SQL: SHOW COLUMNS FROM `xcx_info` [ RunTime:0.000366s ]
SQL: SELECT info.*,user.avatarUrl FROM xcx_info info LEFT JOIN xcx_user user ON user.id = info.uid  WHERE ( info.status = 1 and info.time >= "1507130459" and info.date <= "2017-10-11" and info.departure like "%沈阳市%" ) ORDER BY time asc LIMIT 0,20   [ RunTime:0.000366s ]

[ 2017-10-04T23:21:06+08:00 ] 60.17.109.132 /api/msg/getall
INFO: [ app_begin ] --START--
INFO: Run Behavior\ReadHtmlCache [ RunTime:0.000275s ]
INFO: [ app_begin ] --END-- [ RunTime:0.000514s ]
NOTIC: [2048] Declaration of Api\Controller\MsgController::get() should be compatible with Think\Controller::get($name = '') /data/wwwroot/xcx.codems.cn/Apps/Api/Controller/MsgController.class.php 第 38 行.
SQL: SHOW COLUMNS FROM `xcx_user` [ RunTime:0.000487s ]

[ 2017-10-04T23:21:11+08:00 ] 60.17.109.132 /api/msg/getall
INFO: [ app_begin ] --START--
INFO: Run Behavior\ReadHtmlCache [ RunTime:0.000285s ]
INFO: [ app_begin ] --END-- [ RunTime:0.000526s ]
NOTIC: [2048] Declaration of Api\Controller\MsgController::get() should be compatible with Think\Controller::get($name = '') /data/wwwroot/xcx.codems.cn/Apps/Api/Controller/MsgController.class.php 第 38 行.
SQL: SHOW COLUMNS FROM `xcx_user` [ RunTime:0.000508s ]

[ 2017-10-04T23:21:13+08:00 ] 60.17.109.132 /api/user/vaild_sk
INFO: [ app_begin ] --START--
INFO: Run Behavior\ReadHtmlCache [ RunTime:0.000363s ]
INFO: [ app_begin ] --END-- [ RunTime:0.000609s ]

[ 2017-10-04T23:21:13+08:00 ] 60.17.109.132 /api/info/lists
INFO: [ app_begin ] --START--
INFO: Run Behavior\ReadHtmlCache [ RunTime:0.000351s ]
INFO: [ app_begin ] --END-- [ RunTime:0.000592s ]
SQL: SHOW COLUMNS FROM `xcx_info` [ RunTime:0.000543s ]
SQL: SHOW COLUMNS FROM `xcx_info` [ RunTime:0.000348s ]
SQL: SELECT info.*,user.avatarUrl FROM xcx_info info LEFT JOIN xcx_user user ON user.id = info.uid  WHERE ( info.status = 1 and info.time >= "1507130473" and info.date <= "2017-10-11" and info.departure like "%沈阳市%" ) ORDER BY time asc LIMIT 0,20   [ RunTime:0.000391s ]

[ 2017-10-04T23:21:14+08:00 ] 60.17.109.132 /api/user/login
INFO: [ app_begin ] --START--
INFO: Run Behavior\ReadHtmlCache [ RunTime:0.000329s ]
INFO: [ app_begin ] --END-- [ RunTime:0.000578s ]
SQL: SHOW COLUMNS FROM `xcx_user` [ RunTime:0.000675s ]
NOTIC: [8] Undefined index: openid /data/wwwroot/xcx.codems.cn/Apps/Api/Controller/UserController.class.php 第 9 行.
SQL: SELECT `id`,`avatarUrl`,`city`,`gender`,`nickName`,`province`,`county`,`phone`,`vehicle`,`name` FROM `xcx_user` WHERE ( id = "" or openid ="" ) LIMIT 1   [ RunTime:0.000073s ]
NOTIC: [8] Undefined index: session_key /data/wwwroot/xcx.codems.cn/Apps/Api/Controller/UserController.class.php 第 11 行.
NOTIC: [8] Undefined index: openid /data/wwwroot/xcx.codems.cn/Apps/Api/Controller/UserController.class.php 第 15 行.
SQL: SELECT `id`,`avatarUrl`,`city`,`gender`,`nickName`,`province`,`county`,`phone`,`vehicle`,`name` FROM `xcx_user` WHERE ( id = "" or openid ="" ) LIMIT 1   [ RunTime:0.000071s ]
NOTIC: [8] Undefined index: openid /data/wwwroot/xcx.codems.cn/Apps/Api/Controller/UserController.class.php 第 16 行.
NOTIC: [8] Undefined index: session_key /data/wwwroot/xcx.codems.cn/Apps/Api/Controller/UserController.class.php 第 16 行.
NOTIC: [2] unlink(/data/wwwroot/xcx.codems.cn/cache/Temp/33d175e5322552784f8c34d3a225e6b1.php): No such file or directory /data/wwwroot/xcx.codems.cn/include/ThinkPHP/Library/Think/Cache/Driver/File.class.php 第 157 行.

[ 2017-10-04T23:21:15+08:00 ] 60.17.109.132 /api/info/mycount
INFO: [ app_begin ] --START--
INFO: Run Behavior\ReadHtmlCache [ RunTime:0.000284s ]
INFO: [ app_begin ] --END-- [ RunTime:0.000535s ]
SQL: SHOW COLUMNS FROM `xcx_user` [ RunTime:0.000510s ]

[ 2017-10-04T23:21:15+08:00 ] 60.17.109.132 /api/appointment/mycount
INFO: [ app_begin ] --START--
INFO: Run Behavior\ReadHtmlCache [ RunTime:0.000293s ]
INFO: [ app_begin ] --END-- [ RunTime:0.000531s ]
SQL: SHOW COLUMNS FROM `xcx_user` [ RunTime:0.000478s ]

[ 2017-10-04T23:22:16+08:00 ] 60.17.109.132 /api/info/mylist
INFO: [ app_begin ] --START--
INFO: Run Behavior\ReadHtmlCache [ RunTime:0.000320s ]
INFO: [ app_begin ] --END-- [ RunTime:0.000640s ]
SQL: SHOW COLUMNS FROM `xcx_user` [ RunTime:0.000548s ]

[ 2017-10-04T23:22:18+08:00 ] 60.17.109.132 /api/info/mycount
INFO: [ app_begin ] --START--
INFO: Run Behavior\ReadHtmlCache [ RunTime:0.000294s ]
INFO: [ app_begin ] --END-- [ RunTime:0.000536s ]
SQL: SHOW COLUMNS FROM `xcx_user` [ RunTime:0.000468s ]

[ 2017-10-04T23:22:18+08:00 ] 60.17.109.132 /api/appointment/mycount
INFO: [ app_begin ] --START--
INFO: Run Behavior\ReadHtmlCache [ RunTime:0.000253s ]
INFO: [ app_begin ] --END-- [ RunTime:0.000473s ]
SQL: SHOW COLUMNS FROM `xcx_user` [ RunTime:0.000330s ]

[ 2017-10-04T23:22:49+08:00 ] 60.17.109.132 /api/user/editUser
INFO: [ app_begin ] --START--
INFO: Run Behavior\ReadHtmlCache [ RunTime:0.000316s ]
INFO: [ app_begin ] --END-- [ RunTime:0.000581s ]
SQL: SHOW COLUMNS FROM `xcx_user` [ RunTime:0.000503s ]

[ 2017-10-04T23:22:52+08:00 ] 60.17.109.132 /api/user/editUser
INFO: [ app_begin ] --START--
INFO: Run Behavior\ReadHtmlCache [ RunTime:0.000299s ]
INFO: [ app_begin ] --END-- [ RunTime:0.000566s ]
SQL: SHOW COLUMNS FROM `xcx_user` [ RunTime:0.000486s ]

[ 2017-10-04T23:23:09+08:00 ] 60.17.109.132 /api/user/vaild_sk
INFO: [ app_begin ] --START--
INFO: Run Behavior\ReadHtmlCache [ RunTime:0.000287s ]
INFO: [ app_begin ] --END-- [ RunTime:0.000532s ]

[ 2017-10-04T23:23:10+08:00 ] 60.17.109.132 /api/user/login
INFO: [ app_begin ] --START--
INFO: Run Behavior\ReadHtmlCache [ RunTime:0.000289s ]
INFO: [ app_begin ] --END-- [ RunTime:0.000611s ]
SQL: SHOW COLUMNS FROM `xcx_user` [ RunTime:0.000508s ]
NOTIC: [8] Undefined index: openid /data/wwwroot/xcx.codems.cn/Apps/Api/Controller/UserController.class.php 第 9 行.
SQL: SELECT `id`,`avatarUrl`,`city`,`gender`,`nickName`,`province`,`county`,`phone`,`vehicle`,`name` FROM `xcx_user` WHERE ( id = "" or openid ="" ) LIMIT 1   [ RunTime:0.000057s ]
NOTIC: [8] Undefined index: session_key /data/wwwroot/xcx.codems.cn/Apps/Api/Controller/UserController.class.php 第 11 行.
NOTIC: [8] Undefined index: openid /data/wwwroot/xcx.codems.cn/Apps/Api/Controller/UserController.class.php 第 15 行.
SQL: SELECT `id`,`avatarUrl`,`city`,`gender`,`nickName`,`province`,`county`,`phone`,`vehicle`,`name` FROM `xcx_user` WHERE ( id = "" or openid ="" ) LIMIT 1   [ RunTime:0.000057s ]
NOTIC: [8] Undefined index: openid /data/wwwroot/xcx.codems.cn/Apps/Api/Controller/UserController.class.php 第 16 行.
NOTIC: [8] Undefined index: session_key /data/wwwroot/xcx.codems.cn/Apps/Api/Controller/UserController.class.php 第 16 行.
NOTIC: [2] unlink(/data/wwwroot/xcx.codems.cn/cache/Temp/4bcbbc3f1fa7c1438eb64baa64b8759c.php): No such file or directory /data/wwwroot/xcx.codems.cn/include/ThinkPHP/Library/Think/Cache/Driver/File.class.php 第 157 行.

[ 2017-10-04T23:23:10+08:00 ] 60.17.109.132 /api/info/lists
INFO: [ app_begin ] --START--
INFO: Run Behavior\ReadHtmlCache [ RunTime:0.000285s ]
INFO: [ app_begin ] --END-- [ RunTime:0.000516s ]
SQL: SHOW COLUMNS FROM `xcx_info` [ RunTime:0.000504s ]
SQL: SHOW COLUMNS FROM `xcx_info` [ RunTime:0.000365s ]
SQL: SELECT info.*,user.avatarUrl FROM xcx_info info LEFT JOIN xcx_user user ON user.id = info.uid  WHERE ( info.status = 1 and info.time >= "1507130590" and info.date <= "2017-10-11" and info.departure like "%沈阳市%" ) ORDER BY time asc LIMIT 0,20   [ RunTime:0.000341s ]

[ 2017-10-04T23:23:12+08:00 ] 60.17.109.132 /api/info/lists
INFO: [ app_begin ] --START--
INFO: Run Behavior\ReadHtmlCache [ RunTime:0.000281s ]
INFO: [ app_begin ] --END-- [ RunTime:0.000521s ]
SQL: SHOW COLUMNS FROM `xcx_info` [ RunTime:0.000541s ]
SQL: SHOW COLUMNS FROM `xcx_info` [ RunTime:0.000394s ]
SQL: SELECT info.*,user.avatarUrl FROM xcx_info info LEFT JOIN xcx_user user ON user.id = info.uid  WHERE ( info.status = 1 and info.time >= "1507130592" and info.date <= "2017-10-11" and info.departure like "%沈阳市%" ) ORDER BY time asc LIMIT 0,20   [ RunTime:0.000407s ]

[ 2017-10-04T23:23:37+08:00 ] 60.17.109.132 /api/info/add
INFO: [ app_begin ] --START--
INFO: Run Behavior\ReadHtmlCache [ RunTime:0.000293s ]
INFO: [ app_begin ] --END-- [ RunTime:0.000613s ]
SQL: SHOW COLUMNS FROM `xcx_user` [ RunTime:0.000494s ]

[ 2017-10-04T23:23:39+08:00 ] 60.17.109.132 /api/info/add
INFO: [ app_begin ] --START--
INFO: Run Behavior\ReadHtmlCache [ RunTime:0.000309s ]
INFO: [ app_begin ] --END-- [ RunTime:0.000551s ]
SQL: SHOW COLUMNS FROM `xcx_user` [ RunTime:0.000453s ]

[ 2017-10-04T23:23:55+08:00 ] 60.17.109.132 /api/info/lists
INFO: [ app_begin ] --START--
INFO: Run Behavior\ReadHtmlCache [ RunTime:0.000291s ]
INFO: [ app_begin ] --END-- [ RunTime:0.000550s ]
SQL: SHOW COLUMNS FROM `xcx_info` [ RunTime:0.000516s ]
SQL: SHOW COLUMNS FROM `xcx_info` [ RunTime:0.000331s ]
SQL: SELECT info.*,user.avatarUrl FROM xcx_info info LEFT JOIN xcx_user user ON user.id = info.uid  WHERE ( info.status = 1 and info.time >= "1507130635" and info.date <= "2017-10-11" and info.departure like "%沈阳市%" ) ORDER BY time asc LIMIT 0,20   [ RunTime:0.000412s ]

[ 2017-10-04T23:24:01+08:00 ] 60.17.109.132 /api/info/lists
INFO: [ app_begin ] --START--
INFO: Run Behavior\ReadHtmlCache [ RunTime:0.000293s ]
INFO: [ app_begin ] --END-- [ RunTime:0.000531s ]
SQL: SHOW COLUMNS FROM `xcx_info` [ RunTime:0.000493s ]
SQL: SHOW COLUMNS FROM `xcx_info` [ RunTime:0.000392s ]
SQL: SELECT info.*,user.avatarUrl FROM xcx_info info LEFT JOIN xcx_user user ON user.id = info.uid  WHERE ( info.status = 1 and info.time >= "1507130641" and info.date <= "2017-10-11" and info.departure like "%沈阳市%" ) ORDER BY time asc LIMIT 0,20   [ RunTime:0.000360s ]

[ 2017-10-04T23:24:04+08:00 ] 60.17.109.132 /api/info/lists
INFO: [ app_begin ] --START--
INFO: Run Behavior\ReadHtmlCache [ RunTime:0.000451s ]
INFO: [ app_begin ] --END-- [ RunTime:0.000850s ]
SQL: SHOW COLUMNS FROM `xcx_info` [ RunTime:0.000754s ]
SQL: SHOW COLUMNS FROM `xcx_info` [ RunTime:0.000481s ]
SQL: SELECT info.*,user.avatarUrl FROM xcx_info info LEFT JOIN xcx_user user ON user.id = info.uid  WHERE ( info.status = 1 and info.time >= "1507130644" and info.date <= "2017-10-11" and info.departure like "%沈阳市%" ) ORDER BY time asc LIMIT 0,20   [ RunTime:0.000494s ]

[ 2017-10-04T23:24:07+08:00 ] 60.17.109.132 /api/dynamic/getlist
INFO: [ app_begin ] --START--
INFO: Run Behavior\ReadHtmlCache [ RunTime:0.000294s ]
INFO: [ app_begin ] --END-- [ RunTime:0.000530s ]
SQL: SHOW COLUMNS FROM `xcx_dynamic` [ RunTime:0.000460s ]
SQL: SHOW COLUMNS FROM `xcx_dynamic` [ RunTime:0.000303s ]
SQL: SELECT dynamic.*,user.avatarUrl,user.nickName FROM xcx_dynamic dynamic LEFT JOIN xcx_user user ON user.id = dynamic.uid  WHERE ( 1=1 ) ORDER BY dynamic.time desc LIMIT 0,20   [ RunTime:0.000092s ]
SQL: SHOW COLUMNS FROM `xcx_comment` [ RunTime:0.000315s ]
SQL: SHOW COLUMNS FROM `xcx_comment` [ RunTime:0.000333s ]
SQL: SELECT comment.id,comment.iid,comment.reply,comment.content,user.nickName FROM xcx_comment comment LEFT JOIN xcx_user user ON user.id = comment.uid  WHERE ( iid in (17,16,15,14,12,10,9,7,6,3,4,2) and type = "dynamic" ) ORDER BY comment.time desc  [ RunTime:0.000054s ]
NOTIC: [8] Undefined offset: 17 /data/wwwroot/xcx.codems.cn/Apps/Api/Controller/DynamicController.class.php 第 71 行.
NOTIC: [8] Undefined offset: 16 /data/wwwroot/xcx.codems.cn/Apps/Api/Controller/DynamicController.class.php 第 71 行.
NOTIC: [8] Undefined offset: 15 /data/wwwroot/xcx.codems.cn/Apps/Api/Controller/DynamicController.class.php 第 71 行.
NOTIC: [8] Undefined offset: 14 /data/wwwroot/xcx.codems.cn/Apps/Api/Controller/DynamicController.class.php 第 71 行.
NOTIC: [8] Undefined offset: 6 /data/wwwroot/xcx.codems.cn/Apps/Api/Controller/DynamicController.class.php 第 71 行.
NOTIC: [2] json_encode(): Invalid UTF-8 sequence in argument /data/wwwroot/xcx.codems.cn/Apps/Api/Controller/DynamicController.class.php 第 76 行.

[ 2017-10-04T23:24:10+08:00 ] 60.17.109.132 /api/dynamic/getlist
INFO: [ app_begin ] --START--
INFO: Run Behavior\ReadHtmlCache [ RunTime:0.000350s ]
INFO: [ app_begin ] --END-- [ RunTime:0.000605s ]
SQL: SHOW COLUMNS FROM `xcx_dynamic` [ RunTime:0.000437s ]
SQL: SHOW COLUMNS FROM `xcx_dynamic` [ RunTime:0.000359s ]
SQL: SELECT dynamic.*,user.avatarUrl,user.nickName FROM xcx_dynamic dynamic LEFT JOIN xcx_user user ON user.id = dynamic.uid  WHERE ( 1=1 ) ORDER BY dynamic.time desc LIMIT 20,20   [ RunTime:0.000054s ]
NOTIC: [2] Invalid argument supplied for foreach() /data/wwwroot/xcx.codems.cn/Apps/Api/Controller/DynamicController.class.php 第 57 行.
NOTIC: [8] Undefined variable: arr /data/wwwroot/xcx.codems.cn/Apps/Api/Controller/DynamicController.class.php 第 60 行.
NOTIC: [2] implode(): Invalid arguments passed /data/wwwroot/xcx.codems.cn/Apps/Api/Controller/DynamicController.class.php 第 60 行.
SQL: SHOW COLUMNS FROM `xcx_comment` [ RunTime:0.000316s ]
SQL: SHOW COLUMNS FROM `xcx_comment` [ RunTime:0.000296s ]
SQL: SELECT comment.id,comment.iid,comment.reply,comment.content,user.nickName FROM xcx_comment comment LEFT JOIN xcx_user user ON user.id = comment.uid  WHERE ( iid in () and type = "dynamic" ) ORDER BY comment.time desc  [ RunTime:0.000101s ]
ERR: 1064:You have an error in your SQL syntax; check the manual that corresponds to your MySQL server version for the right syntax to use near ') and type = "dynamic" ) ORDER BY comment.time desc' at line 1
 [ SQL语句 ] : SELECT comment.id,comment.iid,comment.reply,comment.content,user.nickName FROM xcx_comment comment LEFT JOIN xcx_user user ON user.id = comment.uid  WHERE ( iid in () and type = "dynamic" ) ORDER BY comment.time desc 
NOTIC: [2] Invalid argument supplied for foreach() /data/wwwroot/xcx.codems.cn/Apps/Api/Controller/DynamicController.class.php 第 67 行.
NOTIC: [2] Invalid argument supplied for foreach() /data/wwwroot/xcx.codems.cn/Apps/Api/Controller/DynamicController.class.php 第 70 行.
NOTIC: [2] json_encode(): Invalid UTF-8 sequence in argument /data/wwwroot/xcx.codems.cn/Apps/Api/Controller/DynamicController.class.php 第 76 行.

[ 2017-10-04T23:24:12+08:00 ] 60.17.109.132 /api/msg/getall
INFO: [ app_begin ] --START--
INFO: Run Behavior\ReadHtmlCache [ RunTime:0.000281s ]
INFO: [ app_begin ] --END-- [ RunTime:0.000565s ]
NOTIC: [2048] Declaration of Api\Controller\MsgController::get() should be compatible with Think\Controller::get($name = '') /data/wwwroot/xcx.codems.cn/Apps/Api/Controller/MsgController.class.php 第 38 行.
SQL: SHOW COLUMNS FROM `xcx_user` [ RunTime:0.000461s ]

[ 2017-10-04T23:24:13+08:00 ] 60.17.109.132 /api/msg/get
INFO: [ app_begin ] --START--
INFO: Run Behavior\ReadHtmlCache [ RunTime:0.000295s ]
INFO: [ app_begin ] --END-- [ RunTime:0.000543s ]
NOTIC: [2048] Declaration of Api\Controller\MsgController::get() should be compatible with Think\Controller::get($name = '') /data/wwwroot/xcx.codems.cn/Apps/Api/Controller/MsgController.class.php 第 38 行.
SQL: SHOW COLUMNS FROM `xcx_user` [ RunTime:0.000531s ]

[ 2017-10-04T23:24:15+08:00 ] 60.17.109.132 /api/msg/getall
INFO: [ app_begin ] --START--
INFO: Run Behavior\ReadHtmlCache [ RunTime:0.000284s ]
INFO: [ app_begin ] --END-- [ RunTime:0.000550s ]
NOTIC: [2048] Declaration of Api\Controller\MsgController::get() should be compatible with Think\Controller::get($name = '') /data/wwwroot/xcx.codems.cn/Apps/Api/Controller/MsgController.class.php 第 38 行.
SQL: SHOW COLUMNS FROM `xcx_user` [ RunTime:0.000475s ]

[ 2017-10-04T23:41:30+08:00 ] 138.246.253.15 /
INFO: [ app_begin ] --START--
INFO: Run Behavior\ReadHtmlCache [ RunTime:0.000345s ]
INFO: [ app_begin ] --END-- [ RunTime:0.000666s ]
INFO: [ app_end ] --START--
INFO: Run Behavior\ShowPageTrace [ RunTime:0.000436s ]
INFO: [ app_end ] --END-- [ RunTime:0.000483s ]

