[ 2017-10-03T00:09:11+08:00 ] 117.174.74.12 /api/user/login
INFO: [ app_begin ] --START--
INFO: Run Behavior\ReadHtmlCache [ RunTime:0.000307s ]
INFO: [ app_begin ] --END-- [ RunTime:0.000592s ]
NOTIC: [2] file_get_contents(https://api.weixin.qq.com/sns/jscode2session?appid=wx61f7708fbb157848&amp;secret=57556a858121fae443f59863f9cb1cdb&amp;js_code=the code is a mock one&amp;grant_type=authorization_code): failed to open stream: HTTP request failed! code 200 OK
 /data/wwwroot/xcx.codems.cn/Apps/Api/Controller/UserController.class.php 第 56 行.
SQL: SHOW COLUMNS FROM `xcx_user` [ RunTime:0.000506s ]
SQL: SELECT `id`,`avatarUrl`,`city`,`gender`,`nickName`,`province`,`county`,`phone`,`vehicle`,`name` FROM `xcx_user` WHERE ( id = "" or openid ="" ) LIMIT 1   [ RunTime:0.000060s ]
SQL: SELECT `id`,`avatarUrl`,`city`,`gender`,`nickName`,`province`,`county`,`phone`,`vehicle`,`name` FROM `xcx_user` WHERE ( id = "" or openid ="" ) LIMIT 1   [ RunTime:0.000056s ]
NOTIC: [2] unlink(/data/wwwroot/xcx.codems.cn/cache/Temp/6ca692db5af8cc263e8495825130a7b6.php): No such file or directory /data/wwwroot/xcx.codems.cn/include/ThinkPHP/Library/Think/Cache/Driver/File.class.php 第 157 行.

[ 2017-10-03T00:09:12+08:00 ] 117.174.74.12 /api/info/lists
INFO: [ app_begin ] --START--
INFO: Run Behavior\ReadHtmlCache [ RunTime:0.000314s ]
INFO: [ app_begin ] --END-- [ RunTime:0.000546s ]
SQL: SHOW COLUMNS FROM `xcx_info` [ RunTime:0.000570s ]
SQL: SHOW COLUMNS FROM `xcx_info` [ RunTime:0.000339s ]
SQL: SELECT info.*,user.avatarUrl FROM xcx_info info LEFT JOIN xcx_user user ON user.id = info.uid  WHERE ( info.status = 1 and info.time >= "1506960552" and info.date <= "2017-10-10" and info.departure like "%成都市%" ) ORDER BY time asc LIMIT 0,20   [ RunTime:0.000381s ]

[ 2017-10-03T00:17:26+08:00 ] 117.174.74.12 /api/info/lists
INFO: [ app_begin ] --START--
INFO: Run Behavior\ReadHtmlCache [ RunTime:0.000298s ]
INFO: [ app_begin ] --END-- [ RunTime:0.000561s ]
SQL: SHOW COLUMNS FROM `xcx_info` [ RunTime:0.000574s ]
SQL: SHOW COLUMNS FROM `xcx_info` [ RunTime:0.000378s ]
SQL: SELECT info.*,user.avatarUrl FROM xcx_info info LEFT JOIN xcx_user user ON user.id = info.uid  WHERE ( info.status = 1 and info.time >= "1506961046" and info.date <= "2017-10-10" and info.departure like "%成都市%" ) ORDER BY time asc LIMIT 0,20   [ RunTime:0.000359s ]

[ 2017-10-03T00:17:30+08:00 ] 117.174.74.12 /api/msg/getall
INFO: [ app_begin ] --START--
INFO: Run Behavior\ReadHtmlCache [ RunTime:0.000306s ]
INFO: [ app_begin ] --END-- [ RunTime:0.000578s ]
NOTIC: [2048] Declaration of Api\Controller\MsgController::get() should be compatible with Think\Controller::get($name = '') /data/wwwroot/xcx.codems.cn/Apps/Api/Controller/MsgController.class.php 第 38 行.
SQL: SHOW COLUMNS FROM `xcx_user` [ RunTime:0.000455s ]

[ 2017-10-03T00:17:32+08:00 ] 117.174.74.12 /api/info/mycount
INFO: [ app_begin ] --START--
INFO: Run Behavior\ReadHtmlCache [ RunTime:0.000338s ]
INFO: [ app_begin ] --END-- [ RunTime:0.000628s ]
SQL: SHOW COLUMNS FROM `xcx_user` [ RunTime:0.000453s ]

[ 2017-10-03T00:17:32+08:00 ] 117.174.74.12 /api/appointment/mycount
INFO: [ app_begin ] --START--
INFO: Run Behavior\ReadHtmlCache [ RunTime:0.000318s ]
INFO: [ app_begin ] --END-- [ RunTime:0.000563s ]
SQL: SHOW COLUMNS FROM `xcx_user` [ RunTime:0.000474s ]

[ 2017-10-03T00:17:35+08:00 ] 117.174.74.12 /api/appointment/getPassenger
INFO: [ app_begin ] --START--
INFO: Run Behavior\ReadHtmlCache [ RunTime:0.000367s ]
INFO: [ app_begin ] --END-- [ RunTime:0.000601s ]
SQL: SHOW COLUMNS FROM `xcx_user` [ RunTime:0.000453s ]

[ 2017-10-03T00:17:35+08:00 ] 117.174.74.12 /api/appointment/my
INFO: [ app_begin ] --START--
INFO: Run Behavior\ReadHtmlCache [ RunTime:0.000324s ]
INFO: [ app_begin ] --END-- [ RunTime:0.000610s ]
SQL: SHOW COLUMNS FROM `xcx_user` [ RunTime:0.000438s ]

[ 2017-10-03T07:17:10+08:00 ] 117.22.249.239 /api/user/login
INFO: [ app_begin ] --START--
INFO: Run Behavior\ReadHtmlCache [ RunTime:0.000333s ]
INFO: [ app_begin ] --END-- [ RunTime:0.000569s ]
NOTIC: [2] file_get_contents(https://api.weixin.qq.com/sns/jscode2session?appid=wx61f7708fbb157848&amp;secret=57556a858121fae443f59863f9cb1cdb&amp;js_code=the code is a mock one&amp;grant_type=authorization_code): failed to open stream: HTTP request failed! code 200 OK
 /data/wwwroot/xcx.codems.cn/Apps/Api/Controller/UserController.class.php 第 56 行.
SQL: SHOW COLUMNS FROM `xcx_user` [ RunTime:0.000483s ]
SQL: SELECT `id`,`avatarUrl`,`city`,`gender`,`nickName`,`province`,`county`,`phone`,`vehicle`,`name` FROM `xcx_user` WHERE ( id = "" or openid ="" ) LIMIT 1   [ RunTime:0.000055s ]
SQL: SELECT `id`,`avatarUrl`,`city`,`gender`,`nickName`,`province`,`county`,`phone`,`vehicle`,`name` FROM `xcx_user` WHERE ( id = "" or openid ="" ) LIMIT 1   [ RunTime:0.000056s ]
NOTIC: [2] unlink(/data/wwwroot/xcx.codems.cn/cache/Temp/c005d8560d2de84c91f52ad7f67fc199.php): No such file or directory /data/wwwroot/xcx.codems.cn/include/ThinkPHP/Library/Think/Cache/Driver/File.class.php 第 157 行.

[ 2017-10-03T07:17:11+08:00 ] 117.22.249.239 /api/info/lists
INFO: [ app_begin ] --START--
INFO: Run Behavior\ReadHtmlCache [ RunTime:0.000289s ]
INFO: [ app_begin ] --END-- [ RunTime:0.000555s ]
SQL: SHOW COLUMNS FROM `xcx_info` [ RunTime:0.000542s ]
SQL: SHOW COLUMNS FROM `xcx_info` [ RunTime:0.000382s ]
SQL: SELECT info.*,user.avatarUrl FROM xcx_info info LEFT JOIN xcx_user user ON user.id = info.uid  WHERE ( info.status = 1 and info.time >= "1506986231" and info.date <= "2017-10-10" and info.departure like "%西安市%" ) ORDER BY time asc LIMIT 0,20   [ RunTime:0.000392s ]

[ 2017-10-03T07:17:20+08:00 ] 117.22.249.239 /api/info/lists
INFO: [ app_begin ] --START--
INFO: Run Behavior\ReadHtmlCache [ RunTime:0.000341s ]
INFO: [ app_begin ] --END-- [ RunTime:0.000608s ]
SQL: SHOW COLUMNS FROM `xcx_info` [ RunTime:0.000523s ]
SQL: SHOW COLUMNS FROM `xcx_info` [ RunTime:0.000342s ]
SQL: SELECT info.*,user.avatarUrl FROM xcx_info info LEFT JOIN xcx_user user ON user.id = info.uid  WHERE ( info.status = 1 and info.time >= "1506986240" and info.date <= "2017-10-10" and info.departure like "%西安市%" ) ORDER BY time asc LIMIT 0,20   [ RunTime:0.000468s ]

[ 2017-10-03T07:17:21+08:00 ] 117.22.249.239 /api/info/lists
INFO: [ app_begin ] --START--
INFO: Run Behavior\ReadHtmlCache [ RunTime:0.000281s ]
INFO: [ app_begin ] --END-- [ RunTime:0.000510s ]
SQL: SHOW COLUMNS FROM `xcx_info` [ RunTime:0.000484s ]
SQL: SHOW COLUMNS FROM `xcx_info` [ RunTime:0.000398s ]
SQL: SELECT info.*,user.avatarUrl FROM xcx_info info LEFT JOIN xcx_user user ON user.id = info.uid  WHERE ( info.status = 1 and info.time >= "1506986241" and info.date <= "2017-10-10" and info.departure like "%西安市%" ) ORDER BY time asc LIMIT 0,20   [ RunTime:0.000360s ]

[ 2017-10-03T07:17:25+08:00 ] 117.22.249.239 /api/info/lists
INFO: [ app_begin ] --START--
INFO: Run Behavior\ReadHtmlCache [ RunTime:0.000310s ]
INFO: [ app_begin ] --END-- [ RunTime:0.000550s ]
SQL: SHOW COLUMNS FROM `xcx_info` [ RunTime:0.000497s ]
SQL: SHOW COLUMNS FROM `xcx_info` [ RunTime:0.000375s ]
SQL: SELECT info.*,user.avatarUrl FROM xcx_info info LEFT JOIN xcx_user user ON user.id = info.uid  WHERE ( info.status = 1 and info.time >= "1506986245" and info.date <= "2017-10-10" and info.departure like "%西安市%" ) ORDER BY time asc LIMIT 0,20   [ RunTime:0.000368s ]

[ 2017-10-03T07:17:25+08:00 ] 117.22.249.239 /api/info/lists
INFO: [ app_begin ] --START--
INFO: Run Behavior\ReadHtmlCache [ RunTime:0.000364s ]
INFO: [ app_begin ] --END-- [ RunTime:0.000597s ]
SQL: SHOW COLUMNS FROM `xcx_info` [ RunTime:0.000597s ]
SQL: SHOW COLUMNS FROM `xcx_info` [ RunTime:0.000343s ]
SQL: SELECT info.*,user.avatarUrl FROM xcx_info info LEFT JOIN xcx_user user ON user.id = info.uid  WHERE ( info.status = 1 and info.time >= "1506986245" and info.date <= "2017-10-10" and info.departure like "%西安市%" ) ORDER BY time asc LIMIT 0,20   [ RunTime:0.000064s ]

[ 2017-10-03T07:17:27+08:00 ] 117.22.249.239 /api/info/lists
INFO: [ app_begin ] --START--
INFO: Run Behavior\ReadHtmlCache [ RunTime:0.000298s ]
INFO: [ app_begin ] --END-- [ RunTime:0.000591s ]
SQL: SHOW COLUMNS FROM `xcx_info` [ RunTime:0.000582s ]
SQL: SHOW COLUMNS FROM `xcx_info` [ RunTime:0.000363s ]
SQL: SELECT info.*,user.avatarUrl FROM xcx_info info LEFT JOIN xcx_user user ON user.id = info.uid  WHERE ( info.status = 1 and info.time >= "1506986247" and info.date <= "2017-10-10" and info.departure like "%西安市%" ) ORDER BY time asc LIMIT 0,20   [ RunTime:0.000378s ]

[ 2017-10-03T07:17:42+08:00 ] 117.22.249.239 /api/info/lists
INFO: [ app_begin ] --START--
INFO: Run Behavior\ReadHtmlCache [ RunTime:0.000299s ]
INFO: [ app_begin ] --END-- [ RunTime:0.000582s ]
SQL: SHOW COLUMNS FROM `xcx_info` [ RunTime:0.000553s ]
SQL: SHOW COLUMNS FROM `xcx_info` [ RunTime:0.000387s ]
SQL: SELECT info.*,user.avatarUrl FROM xcx_info info LEFT JOIN xcx_user user ON user.id = info.uid  WHERE ( info.status = 1 and info.time >= "1506986262" and info.date <= "2017-10-10" and info.departure like "%西安市%" ) ORDER BY time asc LIMIT 0,20   [ RunTime:0.000387s ]

[ 2017-10-03T08:31:19+08:00 ] 222.79.160.253 /api/user/vaild_sk
INFO: [ app_begin ] --START--
INFO: Run Behavior\ReadHtmlCache [ RunTime:0.000321s ]
INFO: [ app_begin ] --END-- [ RunTime:0.000580s ]

[ 2017-10-03T08:31:20+08:00 ] 222.79.160.253 /api/info/lists
INFO: [ app_begin ] --START--
INFO: Run Behavior\ReadHtmlCache [ RunTime:0.000275s ]
INFO: [ app_begin ] --END-- [ RunTime:0.000521s ]
SQL: SHOW COLUMNS FROM `xcx_info` [ RunTime:0.000584s ]
SQL: SHOW COLUMNS FROM `xcx_info` [ RunTime:0.000335s ]
SQL: SELECT info.*,user.avatarUrl FROM xcx_info info LEFT JOIN xcx_user user ON user.id = info.uid  WHERE ( info.status = 1 and info.time >= "1506990680" and info.date <= "2017-10-10" and info.departure like "%泉州市%" ) ORDER BY time asc LIMIT 0,20   [ RunTime:0.000376s ]

[ 2017-10-03T08:31:24+08:00 ] 222.79.160.253 /api/info/lists
INFO: [ app_begin ] --START--
INFO: Run Behavior\ReadHtmlCache [ RunTime:0.000386s ]
INFO: [ app_begin ] --END-- [ RunTime:0.000628s ]
SQL: SHOW COLUMNS FROM `xcx_info` [ RunTime:0.000585s ]
SQL: SHOW COLUMNS FROM `xcx_info` [ RunTime:0.000336s ]
SQL: SELECT info.*,user.avatarUrl FROM xcx_info info LEFT JOIN xcx_user user ON user.id = info.uid  WHERE ( info.status = 1 and info.time >= "1506990684" and info.date <= "2017-10-10" and info.departure like "%泉州市%" ) ORDER BY time asc LIMIT 0,20   [ RunTime:0.000374s ]

[ 2017-10-03T12:11:06+08:00 ] 120.92.32.156 /
INFO: [ app_begin ] --START--
INFO: Run Behavior\ReadHtmlCache [ RunTime:0.000298s ]
INFO: [ app_begin ] --END-- [ RunTime:0.000571s ]
INFO: [ app_end ] --START--
INFO: Run Behavior\ShowPageTrace [ RunTime:0.000762s ]
INFO: [ app_end ] --END-- [ RunTime:0.000854s ]

[ 2017-10-03T16:32:39+08:00 ] 196.52.43.51 /
INFO: [ app_begin ] --START--
INFO: Run Behavior\ReadHtmlCache [ RunTime:0.000330s ]
INFO: [ app_begin ] --END-- [ RunTime:0.000573s ]
INFO: [ app_end ] --START--
INFO: Run Behavior\ShowPageTrace [ RunTime:0.000361s ]
INFO: [ app_end ] --END-- [ RunTime:0.000412s ]

[ 2017-10-03T16:33:41+08:00 ] 196.52.43.51 /
INFO: [ app_begin ] --START--
INFO: Run Behavior\ReadHtmlCache [ RunTime:0.000294s ]
INFO: [ app_begin ] --END-- [ RunTime:0.000564s ]
INFO: [ app_end ] --START--
INFO: Run Behavior\ShowPageTrace [ RunTime:0.000361s ]
INFO: [ app_end ] --END-- [ RunTime:0.000407s ]

[ 2017-10-03T17:54:29+08:00 ] 61.158.148.123 /api/info/lists
INFO: [ app_begin ] --START--
INFO: Run Behavior\ReadHtmlCache [ RunTime:0.000451s ]
INFO: [ app_begin ] --END-- [ RunTime:0.001848s ]
SQL: SHOW COLUMNS FROM `xcx_info` [ RunTime:0.000711s ]
SQL: SHOW COLUMNS FROM `xcx_info` [ RunTime:0.000558s ]
SQL: SELECT info.*,user.avatarUrl FROM xcx_info info LEFT JOIN xcx_user user ON user.id = info.uid  WHERE ( info.status = 1 and info.time >= "1507024469" and info.date <= "2017-10-10" and info.departure like "%郑州市%" ) ORDER BY time asc LIMIT 0,20   [ RunTime:0.000518s ]

[ 2017-10-03T17:54:30+08:00 ] 61.158.148.123 /api/user/login
INFO: [ app_begin ] --START--
INFO: Run Behavior\ReadHtmlCache [ RunTime:0.000436s ]
INFO: [ app_begin ] --END-- [ RunTime:0.000841s ]
SQL: SHOW COLUMNS FROM `xcx_user` [ RunTime:0.000567s ]
NOTIC: [8] Undefined index: openid /data/wwwroot/xcx.codems.cn/Apps/Api/Controller/UserController.class.php 第 9 行.
SQL: SELECT `id`,`avatarUrl`,`city`,`gender`,`nickName`,`province`,`county`,`phone`,`vehicle`,`name` FROM `xcx_user` WHERE ( id = "" or openid ="" ) LIMIT 1   [ RunTime:0.000434s ]
NOTIC: [8] Undefined index: session_key /data/wwwroot/xcx.codems.cn/Apps/Api/Controller/UserController.class.php 第 11 行.
NOTIC: [8] Undefined index: openid /data/wwwroot/xcx.codems.cn/Apps/Api/Controller/UserController.class.php 第 15 行.
SQL: SELECT `id`,`avatarUrl`,`city`,`gender`,`nickName`,`province`,`county`,`phone`,`vehicle`,`name` FROM `xcx_user` WHERE ( id = "" or openid ="" ) LIMIT 1   [ RunTime:0.000064s ]
NOTIC: [8] Undefined index: openid /data/wwwroot/xcx.codems.cn/Apps/Api/Controller/UserController.class.php 第 16 行.
NOTIC: [8] Undefined index: session_key /data/wwwroot/xcx.codems.cn/Apps/Api/Controller/UserController.class.php 第 16 行.
NOTIC: [2] unlink(/data/wwwroot/xcx.codems.cn/cache/Temp/d1fc23a7efa3a11b3f3bddbe5ac7d140.php): No such file or directory /data/wwwroot/xcx.codems.cn/include/ThinkPHP/Library/Think/Cache/Driver/File.class.php 第 157 行.

[ 2017-10-03T17:54:30+08:00 ] 61.158.148.123 /api/user/login
INFO: [ app_begin ] --START--
INFO: Run Behavior\ReadHtmlCache [ RunTime:0.001486s ]
INFO: [ app_begin ] --END-- [ RunTime:0.001836s ]
SQL: SHOW COLUMNS FROM `xcx_user` [ RunTime:0.000508s ]
NOTIC: [8] Undefined index: openid /data/wwwroot/xcx.codems.cn/Apps/Api/Controller/UserController.class.php 第 9 行.
SQL: SELECT `id`,`avatarUrl`,`city`,`gender`,`nickName`,`province`,`county`,`phone`,`vehicle`,`name` FROM `xcx_user` WHERE ( id = "" or openid ="" ) LIMIT 1   [ RunTime:0.000589s ]
NOTIC: [8] Undefined index: session_key /data/wwwroot/xcx.codems.cn/Apps/Api/Controller/UserController.class.php 第 11 行.
NOTIC: [8] Undefined index: openid /data/wwwroot/xcx.codems.cn/Apps/Api/Controller/UserController.class.php 第 15 行.
SQL: SELECT `id`,`avatarUrl`,`city`,`gender`,`nickName`,`province`,`county`,`phone`,`vehicle`,`name` FROM `xcx_user` WHERE ( id = "" or openid ="" ) LIMIT 1   [ RunTime:0.000075s ]
NOTIC: [8] Undefined index: openid /data/wwwroot/xcx.codems.cn/Apps/Api/Controller/UserController.class.php 第 16 行.
NOTIC: [8] Undefined index: session_key /data/wwwroot/xcx.codems.cn/Apps/Api/Controller/UserController.class.php 第 16 行.
NOTIC: [2] unlink(/data/wwwroot/xcx.codems.cn/cache/Temp/8429304a49972598c16a5eaa6e318ccb.php): No such file or directory /data/wwwroot/xcx.codems.cn/include/ThinkPHP/Library/Think/Cache/Driver/File.class.php 第 157 行.

[ 2017-10-03T17:54:53+08:00 ] 61.158.148.123 /api/info/lists
INFO: [ app_begin ] --START--
INFO: Run Behavior\ReadHtmlCache [ RunTime:0.000294s ]
INFO: [ app_begin ] --END-- [ RunTime:0.000532s ]
SQL: SHOW COLUMNS FROM `xcx_info` [ RunTime:0.000481s ]
SQL: SHOW COLUMNS FROM `xcx_info` [ RunTime:0.000394s ]
SQL: SELECT info.*,user.avatarUrl FROM xcx_info info LEFT JOIN xcx_user user ON user.id = info.uid  WHERE ( info.status = 1 and info.time >= "1507024493" and info.date <= "2017-10-10" and info.departure like "%郑州市%" ) ORDER BY time asc LIMIT 0,20   [ RunTime:0.000382s ]

[ 2017-10-03T17:56:13+08:00 ] 61.158.148.123 /api/info/lists
INFO: [ app_begin ] --START--
INFO: Run Behavior\ReadHtmlCache [ RunTime:0.000297s ]
INFO: [ app_begin ] --END-- [ RunTime:0.000566s ]
SQL: SHOW COLUMNS FROM `xcx_info` [ RunTime:0.000560s ]
SQL: SHOW COLUMNS FROM `xcx_info` [ RunTime:0.000336s ]
SQL: SELECT info.*,user.avatarUrl FROM xcx_info info LEFT JOIN xcx_user user ON user.id = info.uid  WHERE ( info.status = 1 and info.time >= "1507024573" and info.date <= "2017-10-10" and info.departure like "%郑州市%" ) ORDER BY time asc LIMIT 0,20   [ RunTime:0.000382s ]

[ 2017-10-03T17:58:57+08:00 ] 61.158.148.123 /api/info/lists
INFO: [ app_begin ] --START--
INFO: Run Behavior\ReadHtmlCache [ RunTime:0.000504s ]
INFO: [ app_begin ] --END-- [ RunTime:0.000842s ]
SQL: SHOW COLUMNS FROM `xcx_info` [ RunTime:0.000790s ]
SQL: SHOW COLUMNS FROM `xcx_info` [ RunTime:0.000540s ]
SQL: SELECT info.*,user.avatarUrl FROM xcx_info info LEFT JOIN xcx_user user ON user.id = info.uid  WHERE ( info.status = 1 and info.time >= "1507024737" and info.date <= "2017-10-10" and info.departure like "%郑州市%" ) ORDER BY time asc LIMIT 0,20   [ RunTime:0.000557s ]

[ 2017-10-03T18:01:42+08:00 ] 61.158.148.123 /api/info/lists
INFO: [ app_begin ] --START--
INFO: Run Behavior\ReadHtmlCache [ RunTime:0.000298s ]
INFO: [ app_begin ] --END-- [ RunTime:0.000581s ]
SQL: SHOW COLUMNS FROM `xcx_info` [ RunTime:0.000537s ]
SQL: SHOW COLUMNS FROM `xcx_info` [ RunTime:0.000345s ]
SQL: SELECT info.*,user.avatarUrl FROM xcx_info info LEFT JOIN xcx_user user ON user.id = info.uid  WHERE ( info.status = 1 and info.time >= "1507024902" and info.date <= "2017-10-10" and info.departure like "%郑州市%" ) ORDER BY time asc LIMIT 0,20   [ RunTime:0.000419s ]

[ 2017-10-03T18:01:53+08:00 ] 61.158.148.123 /api/info/lists
INFO: [ app_begin ] --START--
INFO: Run Behavior\ReadHtmlCache [ RunTime:0.000331s ]
INFO: [ app_begin ] --END-- [ RunTime:0.000569s ]
SQL: SHOW COLUMNS FROM `xcx_info` [ RunTime:0.000497s ]
SQL: SHOW COLUMNS FROM `xcx_info` [ RunTime:0.000372s ]
SQL: SELECT info.*,user.avatarUrl FROM xcx_info info LEFT JOIN xcx_user user ON user.id = info.uid  WHERE ( info.status = 1 and info.time >= "1507024913" and info.date <= "2017-10-10" and info.departure like "%郑州市%" ) ORDER BY time asc LIMIT 0,20   [ RunTime:0.000352s ]

[ 2017-10-03T18:02:35+08:00 ] 61.158.148.123 /api/info/lists
INFO: [ app_begin ] --START--
INFO: Run Behavior\ReadHtmlCache [ RunTime:0.000317s ]
INFO: [ app_begin ] --END-- [ RunTime:0.000550s ]
SQL: SHOW COLUMNS FROM `xcx_info` [ RunTime:0.000487s ]
SQL: SHOW COLUMNS FROM `xcx_info` [ RunTime:0.000362s ]
SQL: SELECT info.*,user.avatarUrl FROM xcx_info info LEFT JOIN xcx_user user ON user.id = info.uid  WHERE ( info.status = 1 and info.time >= "1507024955" and info.date <= "2017-10-10" and info.departure like "%郑州市%" ) ORDER BY time asc LIMIT 0,20   [ RunTime:0.000350s ]

